[2025-07-04T06:14:08.595+0000] {processor.py:161} INFO - Started process (PID=76) to work on /home/airflow/.local/lib/python3.12/site-packages/airflow/example_dags/example_complex.py
[2025-07-04T06:14:08.596+0000] {processor.py:830} INFO - Processing file /home/airflow/.local/lib/python3.12/site-packages/airflow/example_dags/example_complex.py for tasks to queue
[2025-07-04T06:14:08.599+0000] {logging_mixin.py:188} INFO - [2025-07-04T06:14:08.599+0000] {dagbag.py:545} INFO - Filling up the DagBag from /home/airflow/.local/lib/python3.12/site-packages/airflow/example_dags/example_complex.py
[2025-07-04T06:14:08.618+0000] {processor.py:840} INFO - DAG(s) 'example_complex' retrieved from /home/airflow/.local/lib/python3.12/site-packages/airflow/example_dags/example_complex.py
[2025-07-04T06:14:08.912+0000] {logging_mixin.py:188} INFO - [2025-07-04T06:14:08.912+0000] {dag.py:3096} INFO - Sync 1 DAGs
[2025-07-04T06:14:08.935+0000] {logging_mixin.py:188} INFO - [2025-07-04T06:14:08.935+0000] {dag.py:3954} INFO - Setting next_dagrun for example_complex to None, run_after=None
[2025-07-04T06:14:08.976+0000] {processor.py:183} INFO - Processing /home/airflow/.local/lib/python3.12/site-packages/airflow/example_dags/example_complex.py took 0.388 seconds
[2025-07-04T06:14:39.870+0000] {processor.py:161} INFO - Started process (PID=142) to work on /home/airflow/.local/lib/python3.12/site-packages/airflow/example_dags/example_complex.py
[2025-07-04T06:14:39.871+0000] {processor.py:830} INFO - Processing file /home/airflow/.local/lib/python3.12/site-packages/airflow/example_dags/example_complex.py for tasks to queue
[2025-07-04T06:14:39.874+0000] {logging_mixin.py:188} INFO - [2025-07-04T06:14:39.873+0000] {dagbag.py:545} INFO - Filling up the DagBag from /home/airflow/.local/lib/python3.12/site-packages/airflow/example_dags/example_complex.py
[2025-07-04T06:14:39.884+0000] {processor.py:840} INFO - DAG(s) 'example_complex' retrieved from /home/airflow/.local/lib/python3.12/site-packages/airflow/example_dags/example_complex.py
[2025-07-04T06:14:39.921+0000] {logging_mixin.py:188} INFO - [2025-07-04T06:14:39.920+0000] {dag.py:3096} INFO - Sync 1 DAGs
[2025-07-04T06:14:39.934+0000] {logging_mixin.py:188} INFO - [2025-07-04T06:14:39.933+0000] {dag.py:3954} INFO - Setting next_dagrun for example_complex to None, run_after=None
[2025-07-04T06:14:39.953+0000] {processor.py:183} INFO - Processing /home/airflow/.local/lib/python3.12/site-packages/airflow/example_dags/example_complex.py took 0.089 seconds
[2025-07-04T06:15:10.018+0000] {processor.py:161} INFO - Started process (PID=202) to work on /home/airflow/.local/lib/python3.12/site-packages/airflow/example_dags/example_complex.py
[2025-07-04T06:15:10.020+0000] {processor.py:830} INFO - Processing file /home/airflow/.local/lib/python3.12/site-packages/airflow/example_dags/example_complex.py for tasks to queue
[2025-07-04T06:15:10.022+0000] {logging_mixin.py:188} INFO - [2025-07-04T06:15:10.021+0000] {dagbag.py:545} INFO - Filling up the DagBag from /home/airflow/.local/lib/python3.12/site-packages/airflow/example_dags/example_complex.py
[2025-07-04T06:15:10.034+0000] {processor.py:840} INFO - DAG(s) 'example_complex' retrieved from /home/airflow/.local/lib/python3.12/site-packages/airflow/example_dags/example_complex.py
[2025-07-04T06:15:10.073+0000] {logging_mixin.py:188} INFO - [2025-07-04T06:15:10.073+0000] {dag.py:3096} INFO - Sync 1 DAGs
[2025-07-04T06:15:10.089+0000] {logging_mixin.py:188} INFO - [2025-07-04T06:15:10.089+0000] {dag.py:3954} INFO - Setting next_dagrun for example_complex to None, run_after=None
[2025-07-04T06:15:10.114+0000] {processor.py:183} INFO - Processing /home/airflow/.local/lib/python3.12/site-packages/airflow/example_dags/example_complex.py took 0.102 seconds
[2025-07-04T06:15:41.088+0000] {processor.py:161} INFO - Started process (PID=262) to work on /home/airflow/.local/lib/python3.12/site-packages/airflow/example_dags/example_complex.py
[2025-07-04T06:15:41.089+0000] {processor.py:830} INFO - Processing file /home/airflow/.local/lib/python3.12/site-packages/airflow/example_dags/example_complex.py for tasks to queue
[2025-07-04T06:15:41.091+0000] {logging_mixin.py:188} INFO - [2025-07-04T06:15:41.091+0000] {dagbag.py:545} INFO - Filling up the DagBag from /home/airflow/.local/lib/python3.12/site-packages/airflow/example_dags/example_complex.py
[2025-07-04T06:15:41.102+0000] {processor.py:840} INFO - DAG(s) 'example_complex' retrieved from /home/airflow/.local/lib/python3.12/site-packages/airflow/example_dags/example_complex.py
[2025-07-04T06:15:41.138+0000] {logging_mixin.py:188} INFO - [2025-07-04T06:15:41.138+0000] {dag.py:3096} INFO - Sync 1 DAGs
[2025-07-04T06:15:41.153+0000] {logging_mixin.py:188} INFO - [2025-07-04T06:15:41.153+0000] {dag.py:3954} INFO - Setting next_dagrun for example_complex to None, run_after=None
[2025-07-04T06:15:41.172+0000] {processor.py:183} INFO - Processing /home/airflow/.local/lib/python3.12/site-packages/airflow/example_dags/example_complex.py took 0.090 seconds
[2025-07-04T06:16:11.250+0000] {processor.py:161} INFO - Started process (PID=320) to work on /home/airflow/.local/lib/python3.12/site-packages/airflow/example_dags/example_complex.py
[2025-07-04T06:16:11.250+0000] {processor.py:830} INFO - Processing file /home/airflow/.local/lib/python3.12/site-packages/airflow/example_dags/example_complex.py for tasks to queue
[2025-07-04T06:16:11.252+0000] {logging_mixin.py:188} INFO - [2025-07-04T06:16:11.252+0000] {dagbag.py:545} INFO - Filling up the DagBag from /home/airflow/.local/lib/python3.12/site-packages/airflow/example_dags/example_complex.py
[2025-07-04T06:16:11.262+0000] {processor.py:840} INFO - DAG(s) 'example_complex' retrieved from /home/airflow/.local/lib/python3.12/site-packages/airflow/example_dags/example_complex.py
[2025-07-04T06:16:11.295+0000] {logging_mixin.py:188} INFO - [2025-07-04T06:16:11.294+0000] {dag.py:3096} INFO - Sync 1 DAGs
[2025-07-04T06:16:11.308+0000] {logging_mixin.py:188} INFO - [2025-07-04T06:16:11.307+0000] {dag.py:3954} INFO - Setting next_dagrun for example_complex to None, run_after=None
[2025-07-04T06:16:11.325+0000] {processor.py:183} INFO - Processing /home/airflow/.local/lib/python3.12/site-packages/airflow/example_dags/example_complex.py took 0.080 seconds
[2025-07-04T06:16:41.518+0000] {processor.py:161} INFO - Started process (PID=380) to work on /home/airflow/.local/lib/python3.12/site-packages/airflow/example_dags/example_complex.py
[2025-07-04T06:16:41.518+0000] {processor.py:830} INFO - Processing file /home/airflow/.local/lib/python3.12/site-packages/airflow/example_dags/example_complex.py for tasks to queue
[2025-07-04T06:16:41.520+0000] {logging_mixin.py:188} INFO - [2025-07-04T06:16:41.520+0000] {dagbag.py:545} INFO - Filling up the DagBag from /home/airflow/.local/lib/python3.12/site-packages/airflow/example_dags/example_complex.py
[2025-07-04T06:16:41.530+0000] {processor.py:840} INFO - DAG(s) 'example_complex' retrieved from /home/airflow/.local/lib/python3.12/site-packages/airflow/example_dags/example_complex.py
[2025-07-04T06:16:41.561+0000] {logging_mixin.py:188} INFO - [2025-07-04T06:16:41.560+0000] {dag.py:3096} INFO - Sync 1 DAGs
[2025-07-04T06:16:41.573+0000] {logging_mixin.py:188} INFO - [2025-07-04T06:16:41.572+0000] {dag.py:3954} INFO - Setting next_dagrun for example_complex to None, run_after=None
[2025-07-04T06:16:41.590+0000] {processor.py:183} INFO - Processing /home/airflow/.local/lib/python3.12/site-packages/airflow/example_dags/example_complex.py took 0.077 seconds
[2025-07-04T06:17:11.903+0000] {processor.py:161} INFO - Started process (PID=440) to work on /home/airflow/.local/lib/python3.12/site-packages/airflow/example_dags/example_complex.py
[2025-07-04T06:17:11.904+0000] {processor.py:830} INFO - Processing file /home/airflow/.local/lib/python3.12/site-packages/airflow/example_dags/example_complex.py for tasks to queue
[2025-07-04T06:17:11.906+0000] {logging_mixin.py:188} INFO - [2025-07-04T06:17:11.905+0000] {dagbag.py:545} INFO - Filling up the DagBag from /home/airflow/.local/lib/python3.12/site-packages/airflow/example_dags/example_complex.py
[2025-07-04T06:17:11.917+0000] {processor.py:840} INFO - DAG(s) 'example_complex' retrieved from /home/airflow/.local/lib/python3.12/site-packages/airflow/example_dags/example_complex.py
[2025-07-04T06:17:11.953+0000] {logging_mixin.py:188} INFO - [2025-07-04T06:17:11.953+0000] {dag.py:3096} INFO - Sync 1 DAGs
[2025-07-04T06:17:11.967+0000] {logging_mixin.py:188} INFO - [2025-07-04T06:17:11.966+0000] {dag.py:3954} INFO - Setting next_dagrun for example_complex to None, run_after=None
[2025-07-04T06:17:11.986+0000] {processor.py:183} INFO - Processing /home/airflow/.local/lib/python3.12/site-packages/airflow/example_dags/example_complex.py took 0.090 seconds
[2025-07-04T06:17:42.068+0000] {processor.py:161} INFO - Started process (PID=500) to work on /home/airflow/.local/lib/python3.12/site-packages/airflow/example_dags/example_complex.py
[2025-07-04T06:17:42.069+0000] {processor.py:830} INFO - Processing file /home/airflow/.local/lib/python3.12/site-packages/airflow/example_dags/example_complex.py for tasks to queue
[2025-07-04T06:17:42.071+0000] {logging_mixin.py:188} INFO - [2025-07-04T06:17:42.070+0000] {dagbag.py:545} INFO - Filling up the DagBag from /home/airflow/.local/lib/python3.12/site-packages/airflow/example_dags/example_complex.py
[2025-07-04T06:17:42.084+0000] {processor.py:840} INFO - DAG(s) 'example_complex' retrieved from /home/airflow/.local/lib/python3.12/site-packages/airflow/example_dags/example_complex.py
[2025-07-04T06:17:42.121+0000] {logging_mixin.py:188} INFO - [2025-07-04T06:17:42.120+0000] {dag.py:3096} INFO - Sync 1 DAGs
[2025-07-04T06:17:42.138+0000] {logging_mixin.py:188} INFO - [2025-07-04T06:17:42.138+0000] {dag.py:3954} INFO - Setting next_dagrun for example_complex to None, run_after=None
[2025-07-04T06:17:42.168+0000] {processor.py:183} INFO - Processing /home/airflow/.local/lib/python3.12/site-packages/airflow/example_dags/example_complex.py took 0.105 seconds
[2025-07-04T06:18:12.318+0000] {processor.py:161} INFO - Started process (PID=560) to work on /home/airflow/.local/lib/python3.12/site-packages/airflow/example_dags/example_complex.py
[2025-07-04T06:18:12.319+0000] {processor.py:830} INFO - Processing file /home/airflow/.local/lib/python3.12/site-packages/airflow/example_dags/example_complex.py for tasks to queue
[2025-07-04T06:18:12.321+0000] {logging_mixin.py:188} INFO - [2025-07-04T06:18:12.321+0000] {dagbag.py:545} INFO - Filling up the DagBag from /home/airflow/.local/lib/python3.12/site-packages/airflow/example_dags/example_complex.py
[2025-07-04T06:18:12.330+0000] {processor.py:840} INFO - DAG(s) 'example_complex' retrieved from /home/airflow/.local/lib/python3.12/site-packages/airflow/example_dags/example_complex.py
[2025-07-04T06:18:12.363+0000] {logging_mixin.py:188} INFO - [2025-07-04T06:18:12.362+0000] {dag.py:3096} INFO - Sync 1 DAGs
[2025-07-04T06:18:12.375+0000] {logging_mixin.py:188} INFO - [2025-07-04T06:18:12.374+0000] {dag.py:3954} INFO - Setting next_dagrun for example_complex to None, run_after=None
[2025-07-04T06:18:12.392+0000] {processor.py:183} INFO - Processing /home/airflow/.local/lib/python3.12/site-packages/airflow/example_dags/example_complex.py took 0.079 seconds
[2025-07-04T06:18:42.980+0000] {processor.py:161} INFO - Started process (PID=620) to work on /home/airflow/.local/lib/python3.12/site-packages/airflow/example_dags/example_complex.py
[2025-07-04T06:18:42.981+0000] {processor.py:830} INFO - Processing file /home/airflow/.local/lib/python3.12/site-packages/airflow/example_dags/example_complex.py for tasks to queue
[2025-07-04T06:18:42.983+0000] {logging_mixin.py:188} INFO - [2025-07-04T06:18:42.983+0000] {dagbag.py:545} INFO - Filling up the DagBag from /home/airflow/.local/lib/python3.12/site-packages/airflow/example_dags/example_complex.py
[2025-07-04T06:18:42.994+0000] {processor.py:840} INFO - DAG(s) 'example_complex' retrieved from /home/airflow/.local/lib/python3.12/site-packages/airflow/example_dags/example_complex.py
[2025-07-04T06:18:43.032+0000] {logging_mixin.py:188} INFO - [2025-07-04T06:18:43.031+0000] {dag.py:3096} INFO - Sync 1 DAGs
[2025-07-04T06:18:43.047+0000] {logging_mixin.py:188} INFO - [2025-07-04T06:18:43.047+0000] {dag.py:3954} INFO - Setting next_dagrun for example_complex to None, run_after=None
[2025-07-04T06:18:43.068+0000] {processor.py:183} INFO - Processing /home/airflow/.local/lib/python3.12/site-packages/airflow/example_dags/example_complex.py took 0.094 seconds
[2025-07-04T06:19:13.290+0000] {processor.py:161} INFO - Started process (PID=680) to work on /home/airflow/.local/lib/python3.12/site-packages/airflow/example_dags/example_complex.py
[2025-07-04T06:19:13.291+0000] {processor.py:830} INFO - Processing file /home/airflow/.local/lib/python3.12/site-packages/airflow/example_dags/example_complex.py for tasks to queue
[2025-07-04T06:19:13.293+0000] {logging_mixin.py:188} INFO - [2025-07-04T06:19:13.293+0000] {dagbag.py:545} INFO - Filling up the DagBag from /home/airflow/.local/lib/python3.12/site-packages/airflow/example_dags/example_complex.py
[2025-07-04T06:19:13.303+0000] {processor.py:840} INFO - DAG(s) 'example_complex' retrieved from /home/airflow/.local/lib/python3.12/site-packages/airflow/example_dags/example_complex.py
[2025-07-04T06:19:13.335+0000] {logging_mixin.py:188} INFO - [2025-07-04T06:19:13.335+0000] {dag.py:3096} INFO - Sync 1 DAGs
[2025-07-04T06:19:13.348+0000] {logging_mixin.py:188} INFO - [2025-07-04T06:19:13.347+0000] {dag.py:3954} INFO - Setting next_dagrun for example_complex to None, run_after=None
[2025-07-04T06:19:13.367+0000] {processor.py:183} INFO - Processing /home/airflow/.local/lib/python3.12/site-packages/airflow/example_dags/example_complex.py took 0.082 seconds
[2025-07-04T06:19:43.546+0000] {processor.py:161} INFO - Started process (PID=740) to work on /home/airflow/.local/lib/python3.12/site-packages/airflow/example_dags/example_complex.py
[2025-07-04T06:19:43.547+0000] {processor.py:830} INFO - Processing file /home/airflow/.local/lib/python3.12/site-packages/airflow/example_dags/example_complex.py for tasks to queue
[2025-07-04T06:19:43.549+0000] {logging_mixin.py:188} INFO - [2025-07-04T06:19:43.548+0000] {dagbag.py:545} INFO - Filling up the DagBag from /home/airflow/.local/lib/python3.12/site-packages/airflow/example_dags/example_complex.py
[2025-07-04T06:19:43.558+0000] {processor.py:840} INFO - DAG(s) 'example_complex' retrieved from /home/airflow/.local/lib/python3.12/site-packages/airflow/example_dags/example_complex.py
[2025-07-04T06:19:43.590+0000] {logging_mixin.py:188} INFO - [2025-07-04T06:19:43.590+0000] {dag.py:3096} INFO - Sync 1 DAGs
[2025-07-04T06:19:43.602+0000] {logging_mixin.py:188} INFO - [2025-07-04T06:19:43.601+0000] {dag.py:3954} INFO - Setting next_dagrun for example_complex to None, run_after=None
[2025-07-04T06:19:43.620+0000] {processor.py:183} INFO - Processing /home/airflow/.local/lib/python3.12/site-packages/airflow/example_dags/example_complex.py took 0.079 seconds
[2025-07-04T06:20:14.032+0000] {processor.py:161} INFO - Started process (PID=800) to work on /home/airflow/.local/lib/python3.12/site-packages/airflow/example_dags/example_complex.py
[2025-07-04T06:20:14.033+0000] {processor.py:830} INFO - Processing file /home/airflow/.local/lib/python3.12/site-packages/airflow/example_dags/example_complex.py for tasks to queue
[2025-07-04T06:20:14.035+0000] {logging_mixin.py:188} INFO - [2025-07-04T06:20:14.035+0000] {dagbag.py:545} INFO - Filling up the DagBag from /home/airflow/.local/lib/python3.12/site-packages/airflow/example_dags/example_complex.py
[2025-07-04T06:20:14.045+0000] {processor.py:840} INFO - DAG(s) 'example_complex' retrieved from /home/airflow/.local/lib/python3.12/site-packages/airflow/example_dags/example_complex.py
[2025-07-04T06:20:14.082+0000] {logging_mixin.py:188} INFO - [2025-07-04T06:20:14.082+0000] {dag.py:3096} INFO - Sync 1 DAGs
[2025-07-04T06:20:14.095+0000] {logging_mixin.py:188} INFO - [2025-07-04T06:20:14.095+0000] {dag.py:3954} INFO - Setting next_dagrun for example_complex to None, run_after=None
[2025-07-04T06:20:14.118+0000] {processor.py:183} INFO - Processing /home/airflow/.local/lib/python3.12/site-packages/airflow/example_dags/example_complex.py took 0.091 seconds
[2025-07-04T06:20:44.676+0000] {processor.py:161} INFO - Started process (PID=860) to work on /home/airflow/.local/lib/python3.12/site-packages/airflow/example_dags/example_complex.py
[2025-07-04T06:20:44.677+0000] {processor.py:830} INFO - Processing file /home/airflow/.local/lib/python3.12/site-packages/airflow/example_dags/example_complex.py for tasks to queue
[2025-07-04T06:20:44.679+0000] {logging_mixin.py:188} INFO - [2025-07-04T06:20:44.679+0000] {dagbag.py:545} INFO - Filling up the DagBag from /home/airflow/.local/lib/python3.12/site-packages/airflow/example_dags/example_complex.py
[2025-07-04T06:20:44.691+0000] {processor.py:840} INFO - DAG(s) 'example_complex' retrieved from /home/airflow/.local/lib/python3.12/site-packages/airflow/example_dags/example_complex.py
[2025-07-04T06:20:44.735+0000] {logging_mixin.py:188} INFO - [2025-07-04T06:20:44.734+0000] {dag.py:3096} INFO - Sync 1 DAGs
[2025-07-04T06:20:44.751+0000] {logging_mixin.py:188} INFO - [2025-07-04T06:20:44.751+0000] {dag.py:3954} INFO - Setting next_dagrun for example_complex to None, run_after=None
[2025-07-04T06:20:44.773+0000] {processor.py:183} INFO - Processing /home/airflow/.local/lib/python3.12/site-packages/airflow/example_dags/example_complex.py took 0.105 seconds
