[2025-07-04T06:14:09.163+0000] {processor.py:161} INFO - Started process (PID=79) to work on /home/airflow/.local/lib/python3.12/site-packages/airflow/example_dags/example_dynamic_task_mapping_with_no_taskflow_operators.py
[2025-07-04T06:14:09.164+0000] {processor.py:830} INFO - Processing file /home/airflow/.local/lib/python3.12/site-packages/airflow/example_dags/example_dynamic_task_mapping_with_no_taskflow_operators.py for tasks to queue
[2025-07-04T06:14:09.167+0000] {logging_mixin.py:188} INFO - [2025-07-04T06:14:09.167+0000] {dagbag.py:545} INFO - Filling up the DagBag from /home/airflow/.local/lib/python3.12/site-packages/airflow/example_dags/example_dynamic_task_mapping_with_no_taskflow_operators.py
[2025-07-04T06:14:09.180+0000] {processor.py:840} INFO - DAG(s) 'example_dynamic_task_mapping_with_no_taskflow_operators' retrieved from /home/airflow/.local/lib/python3.12/site-packages/airflow/example_dags/example_dynamic_task_mapping_with_no_taskflow_operators.py
[2025-07-04T06:14:09.343+0000] {logging_mixin.py:188} INFO - [2025-07-04T06:14:09.343+0000] {dag.py:3096} INFO - Sync 1 DAGs
[2025-07-04T06:14:09.370+0000] {logging_mixin.py:188} INFO - [2025-07-04T06:14:09.369+0000] {dag.py:3954} INFO - Setting next_dagrun for example_dynamic_task_mapping_with_no_taskflow_operators to 2025-07-03 00:00:00+00:00, run_after=2025-07-04 00:00:00+00:00
[2025-07-04T06:14:09.400+0000] {processor.py:183} INFO - Processing /home/airflow/.local/lib/python3.12/site-packages/airflow/example_dags/example_dynamic_task_mapping_with_no_taskflow_operators.py took 0.248 seconds
[2025-07-04T06:14:39.998+0000] {processor.py:161} INFO - Started process (PID=145) to work on /home/airflow/.local/lib/python3.12/site-packages/airflow/example_dags/example_dynamic_task_mapping_with_no_taskflow_operators.py
[2025-07-04T06:14:39.999+0000] {processor.py:830} INFO - Processing file /home/airflow/.local/lib/python3.12/site-packages/airflow/example_dags/example_dynamic_task_mapping_with_no_taskflow_operators.py for tasks to queue
[2025-07-04T06:14:40.001+0000] {logging_mixin.py:188} INFO - [2025-07-04T06:14:40.001+0000] {dagbag.py:545} INFO - Filling up the DagBag from /home/airflow/.local/lib/python3.12/site-packages/airflow/example_dags/example_dynamic_task_mapping_with_no_taskflow_operators.py
[2025-07-04T06:14:40.008+0000] {processor.py:840} INFO - DAG(s) 'example_dynamic_task_mapping_with_no_taskflow_operators' retrieved from /home/airflow/.local/lib/python3.12/site-packages/airflow/example_dags/example_dynamic_task_mapping_with_no_taskflow_operators.py
[2025-07-04T06:14:40.034+0000] {logging_mixin.py:188} INFO - [2025-07-04T06:14:40.033+0000] {dag.py:3096} INFO - Sync 1 DAGs
[2025-07-04T06:14:40.062+0000] {logging_mixin.py:188} INFO - [2025-07-04T06:14:40.061+0000] {dag.py:3954} INFO - Setting next_dagrun for example_dynamic_task_mapping_with_no_taskflow_operators to 2025-07-03 00:00:00+00:00, run_after=2025-07-04 00:00:00+00:00
[2025-07-04T06:14:40.086+0000] {processor.py:183} INFO - Processing /home/airflow/.local/lib/python3.12/site-packages/airflow/example_dags/example_dynamic_task_mapping_with_no_taskflow_operators.py took 0.093 seconds
[2025-07-04T06:15:10.207+0000] {processor.py:161} INFO - Started process (PID=205) to work on /home/airflow/.local/lib/python3.12/site-packages/airflow/example_dags/example_dynamic_task_mapping_with_no_taskflow_operators.py
[2025-07-04T06:15:10.208+0000] {processor.py:830} INFO - Processing file /home/airflow/.local/lib/python3.12/site-packages/airflow/example_dags/example_dynamic_task_mapping_with_no_taskflow_operators.py for tasks to queue
[2025-07-04T06:15:10.210+0000] {logging_mixin.py:188} INFO - [2025-07-04T06:15:10.210+0000] {dagbag.py:545} INFO - Filling up the DagBag from /home/airflow/.local/lib/python3.12/site-packages/airflow/example_dags/example_dynamic_task_mapping_with_no_taskflow_operators.py
[2025-07-04T06:15:10.217+0000] {processor.py:840} INFO - DAG(s) 'example_dynamic_task_mapping_with_no_taskflow_operators' retrieved from /home/airflow/.local/lib/python3.12/site-packages/airflow/example_dags/example_dynamic_task_mapping_with_no_taskflow_operators.py
[2025-07-04T06:15:10.238+0000] {logging_mixin.py:188} INFO - [2025-07-04T06:15:10.237+0000] {dag.py:3096} INFO - Sync 1 DAGs
[2025-07-04T06:15:10.264+0000] {logging_mixin.py:188} INFO - [2025-07-04T06:15:10.263+0000] {dag.py:3954} INFO - Setting next_dagrun for example_dynamic_task_mapping_with_no_taskflow_operators to 2025-07-03 00:00:00+00:00, run_after=2025-07-04 00:00:00+00:00
[2025-07-04T06:15:10.283+0000] {processor.py:183} INFO - Processing /home/airflow/.local/lib/python3.12/site-packages/airflow/example_dags/example_dynamic_task_mapping_with_no_taskflow_operators.py took 0.082 seconds
[2025-07-04T06:15:41.322+0000] {processor.py:161} INFO - Started process (PID=265) to work on /home/airflow/.local/lib/python3.12/site-packages/airflow/example_dags/example_dynamic_task_mapping_with_no_taskflow_operators.py
[2025-07-04T06:15:41.322+0000] {processor.py:830} INFO - Processing file /home/airflow/.local/lib/python3.12/site-packages/airflow/example_dags/example_dynamic_task_mapping_with_no_taskflow_operators.py for tasks to queue
[2025-07-04T06:15:41.324+0000] {logging_mixin.py:188} INFO - [2025-07-04T06:15:41.324+0000] {dagbag.py:545} INFO - Filling up the DagBag from /home/airflow/.local/lib/python3.12/site-packages/airflow/example_dags/example_dynamic_task_mapping_with_no_taskflow_operators.py
[2025-07-04T06:15:41.330+0000] {processor.py:840} INFO - DAG(s) 'example_dynamic_task_mapping_with_no_taskflow_operators' retrieved from /home/airflow/.local/lib/python3.12/site-packages/airflow/example_dags/example_dynamic_task_mapping_with_no_taskflow_operators.py
[2025-07-04T06:15:41.350+0000] {logging_mixin.py:188} INFO - [2025-07-04T06:15:41.350+0000] {dag.py:3096} INFO - Sync 1 DAGs
[2025-07-04T06:15:41.375+0000] {logging_mixin.py:188} INFO - [2025-07-04T06:15:41.374+0000] {dag.py:3954} INFO - Setting next_dagrun for example_dynamic_task_mapping_with_no_taskflow_operators to 2025-07-03 00:00:00+00:00, run_after=2025-07-04 00:00:00+00:00
[2025-07-04T06:15:41.395+0000] {processor.py:183} INFO - Processing /home/airflow/.local/lib/python3.12/site-packages/airflow/example_dags/example_dynamic_task_mapping_with_no_taskflow_operators.py took 0.079 seconds
[2025-07-04T06:16:11.586+0000] {processor.py:161} INFO - Started process (PID=325) to work on /home/airflow/.local/lib/python3.12/site-packages/airflow/example_dags/example_dynamic_task_mapping_with_no_taskflow_operators.py
[2025-07-04T06:16:11.587+0000] {processor.py:830} INFO - Processing file /home/airflow/.local/lib/python3.12/site-packages/airflow/example_dags/example_dynamic_task_mapping_with_no_taskflow_operators.py for tasks to queue
[2025-07-04T06:16:11.589+0000] {logging_mixin.py:188} INFO - [2025-07-04T06:16:11.588+0000] {dagbag.py:545} INFO - Filling up the DagBag from /home/airflow/.local/lib/python3.12/site-packages/airflow/example_dags/example_dynamic_task_mapping_with_no_taskflow_operators.py
[2025-07-04T06:16:11.595+0000] {processor.py:840} INFO - DAG(s) 'example_dynamic_task_mapping_with_no_taskflow_operators' retrieved from /home/airflow/.local/lib/python3.12/site-packages/airflow/example_dags/example_dynamic_task_mapping_with_no_taskflow_operators.py
[2025-07-04T06:16:11.614+0000] {logging_mixin.py:188} INFO - [2025-07-04T06:16:11.613+0000] {dag.py:3096} INFO - Sync 1 DAGs
[2025-07-04T06:16:11.635+0000] {logging_mixin.py:188} INFO - [2025-07-04T06:16:11.634+0000] {dag.py:3954} INFO - Setting next_dagrun for example_dynamic_task_mapping_with_no_taskflow_operators to 2025-07-03 00:00:00+00:00, run_after=2025-07-04 00:00:00+00:00
[2025-07-04T06:16:11.651+0000] {processor.py:183} INFO - Processing /home/airflow/.local/lib/python3.12/site-packages/airflow/example_dags/example_dynamic_task_mapping_with_no_taskflow_operators.py took 0.071 seconds
[2025-07-04T06:16:41.725+0000] {processor.py:161} INFO - Started process (PID=383) to work on /home/airflow/.local/lib/python3.12/site-packages/airflow/example_dags/example_dynamic_task_mapping_with_no_taskflow_operators.py
[2025-07-04T06:16:41.726+0000] {processor.py:830} INFO - Processing file /home/airflow/.local/lib/python3.12/site-packages/airflow/example_dags/example_dynamic_task_mapping_with_no_taskflow_operators.py for tasks to queue
[2025-07-04T06:16:41.728+0000] {logging_mixin.py:188} INFO - [2025-07-04T06:16:41.728+0000] {dagbag.py:545} INFO - Filling up the DagBag from /home/airflow/.local/lib/python3.12/site-packages/airflow/example_dags/example_dynamic_task_mapping_with_no_taskflow_operators.py
[2025-07-04T06:16:41.734+0000] {processor.py:840} INFO - DAG(s) 'example_dynamic_task_mapping_with_no_taskflow_operators' retrieved from /home/airflow/.local/lib/python3.12/site-packages/airflow/example_dags/example_dynamic_task_mapping_with_no_taskflow_operators.py
[2025-07-04T06:16:41.751+0000] {logging_mixin.py:188} INFO - [2025-07-04T06:16:41.751+0000] {dag.py:3096} INFO - Sync 1 DAGs
[2025-07-04T06:16:41.775+0000] {logging_mixin.py:188} INFO - [2025-07-04T06:16:41.774+0000] {dag.py:3954} INFO - Setting next_dagrun for example_dynamic_task_mapping_with_no_taskflow_operators to 2025-07-03 00:00:00+00:00, run_after=2025-07-04 00:00:00+00:00
[2025-07-04T06:16:41.792+0000] {processor.py:183} INFO - Processing /home/airflow/.local/lib/python3.12/site-packages/airflow/example_dags/example_dynamic_task_mapping_with_no_taskflow_operators.py took 0.072 seconds
[2025-07-04T06:17:12.061+0000] {processor.py:161} INFO - Started process (PID=443) to work on /home/airflow/.local/lib/python3.12/site-packages/airflow/example_dags/example_dynamic_task_mapping_with_no_taskflow_operators.py
[2025-07-04T06:17:12.062+0000] {processor.py:830} INFO - Processing file /home/airflow/.local/lib/python3.12/site-packages/airflow/example_dags/example_dynamic_task_mapping_with_no_taskflow_operators.py for tasks to queue
[2025-07-04T06:17:12.064+0000] {logging_mixin.py:188} INFO - [2025-07-04T06:17:12.063+0000] {dagbag.py:545} INFO - Filling up the DagBag from /home/airflow/.local/lib/python3.12/site-packages/airflow/example_dags/example_dynamic_task_mapping_with_no_taskflow_operators.py
[2025-07-04T06:17:12.070+0000] {processor.py:840} INFO - DAG(s) 'example_dynamic_task_mapping_with_no_taskflow_operators' retrieved from /home/airflow/.local/lib/python3.12/site-packages/airflow/example_dags/example_dynamic_task_mapping_with_no_taskflow_operators.py
[2025-07-04T06:17:12.088+0000] {logging_mixin.py:188} INFO - [2025-07-04T06:17:12.088+0000] {dag.py:3096} INFO - Sync 1 DAGs
[2025-07-04T06:17:12.111+0000] {logging_mixin.py:188} INFO - [2025-07-04T06:17:12.111+0000] {dag.py:3954} INFO - Setting next_dagrun for example_dynamic_task_mapping_with_no_taskflow_operators to 2025-07-03 00:00:00+00:00, run_after=2025-07-04 00:00:00+00:00
[2025-07-04T06:17:12.136+0000] {processor.py:183} INFO - Processing /home/airflow/.local/lib/python3.12/site-packages/airflow/example_dags/example_dynamic_task_mapping_with_no_taskflow_operators.py took 0.080 seconds
[2025-07-04T06:17:42.293+0000] {processor.py:161} INFO - Started process (PID=503) to work on /home/airflow/.local/lib/python3.12/site-packages/airflow/example_dags/example_dynamic_task_mapping_with_no_taskflow_operators.py
[2025-07-04T06:17:42.295+0000] {processor.py:830} INFO - Processing file /home/airflow/.local/lib/python3.12/site-packages/airflow/example_dags/example_dynamic_task_mapping_with_no_taskflow_operators.py for tasks to queue
[2025-07-04T06:17:42.298+0000] {logging_mixin.py:188} INFO - [2025-07-04T06:17:42.297+0000] {dagbag.py:545} INFO - Filling up the DagBag from /home/airflow/.local/lib/python3.12/site-packages/airflow/example_dags/example_dynamic_task_mapping_with_no_taskflow_operators.py
[2025-07-04T06:17:42.306+0000] {processor.py:840} INFO - DAG(s) 'example_dynamic_task_mapping_with_no_taskflow_operators' retrieved from /home/airflow/.local/lib/python3.12/site-packages/airflow/example_dags/example_dynamic_task_mapping_with_no_taskflow_operators.py
[2025-07-04T06:17:42.334+0000] {logging_mixin.py:188} INFO - [2025-07-04T06:17:42.334+0000] {dag.py:3096} INFO - Sync 1 DAGs
[2025-07-04T06:17:42.365+0000] {logging_mixin.py:188} INFO - [2025-07-04T06:17:42.365+0000] {dag.py:3954} INFO - Setting next_dagrun for example_dynamic_task_mapping_with_no_taskflow_operators to 2025-07-03 00:00:00+00:00, run_after=2025-07-04 00:00:00+00:00
[2025-07-04T06:17:42.388+0000] {processor.py:183} INFO - Processing /home/airflow/.local/lib/python3.12/site-packages/airflow/example_dags/example_dynamic_task_mapping_with_no_taskflow_operators.py took 0.104 seconds
[2025-07-04T06:18:12.463+0000] {processor.py:161} INFO - Started process (PID=563) to work on /home/airflow/.local/lib/python3.12/site-packages/airflow/example_dags/example_dynamic_task_mapping_with_no_taskflow_operators.py
[2025-07-04T06:18:12.464+0000] {processor.py:830} INFO - Processing file /home/airflow/.local/lib/python3.12/site-packages/airflow/example_dags/example_dynamic_task_mapping_with_no_taskflow_operators.py for tasks to queue
[2025-07-04T06:18:12.465+0000] {logging_mixin.py:188} INFO - [2025-07-04T06:18:12.465+0000] {dagbag.py:545} INFO - Filling up the DagBag from /home/airflow/.local/lib/python3.12/site-packages/airflow/example_dags/example_dynamic_task_mapping_with_no_taskflow_operators.py
[2025-07-04T06:18:12.471+0000] {processor.py:840} INFO - DAG(s) 'example_dynamic_task_mapping_with_no_taskflow_operators' retrieved from /home/airflow/.local/lib/python3.12/site-packages/airflow/example_dags/example_dynamic_task_mapping_with_no_taskflow_operators.py
[2025-07-04T06:18:12.489+0000] {logging_mixin.py:188} INFO - [2025-07-04T06:18:12.489+0000] {dag.py:3096} INFO - Sync 1 DAGs
[2025-07-04T06:18:12.510+0000] {logging_mixin.py:188} INFO - [2025-07-04T06:18:12.510+0000] {dag.py:3954} INFO - Setting next_dagrun for example_dynamic_task_mapping_with_no_taskflow_operators to 2025-07-03 00:00:00+00:00, run_after=2025-07-04 00:00:00+00:00
[2025-07-04T06:18:12.528+0000] {processor.py:183} INFO - Processing /home/airflow/.local/lib/python3.12/site-packages/airflow/example_dags/example_dynamic_task_mapping_with_no_taskflow_operators.py took 0.070 seconds
[2025-07-04T06:18:43.172+0000] {processor.py:161} INFO - Started process (PID=623) to work on /home/airflow/.local/lib/python3.12/site-packages/airflow/example_dags/example_dynamic_task_mapping_with_no_taskflow_operators.py
[2025-07-04T06:18:43.173+0000] {processor.py:830} INFO - Processing file /home/airflow/.local/lib/python3.12/site-packages/airflow/example_dags/example_dynamic_task_mapping_with_no_taskflow_operators.py for tasks to queue
[2025-07-04T06:18:43.176+0000] {logging_mixin.py:188} INFO - [2025-07-04T06:18:43.175+0000] {dagbag.py:545} INFO - Filling up the DagBag from /home/airflow/.local/lib/python3.12/site-packages/airflow/example_dags/example_dynamic_task_mapping_with_no_taskflow_operators.py
[2025-07-04T06:18:43.183+0000] {processor.py:840} INFO - DAG(s) 'example_dynamic_task_mapping_with_no_taskflow_operators' retrieved from /home/airflow/.local/lib/python3.12/site-packages/airflow/example_dags/example_dynamic_task_mapping_with_no_taskflow_operators.py
[2025-07-04T06:18:43.208+0000] {logging_mixin.py:188} INFO - [2025-07-04T06:18:43.208+0000] {dag.py:3096} INFO - Sync 1 DAGs
[2025-07-04T06:18:43.244+0000] {logging_mixin.py:188} INFO - [2025-07-04T06:18:43.244+0000] {dag.py:3954} INFO - Setting next_dagrun for example_dynamic_task_mapping_with_no_taskflow_operators to 2025-07-03 00:00:00+00:00, run_after=2025-07-04 00:00:00+00:00
[2025-07-04T06:18:43.280+0000] {processor.py:183} INFO - Processing /home/airflow/.local/lib/python3.12/site-packages/airflow/example_dags/example_dynamic_task_mapping_with_no_taskflow_operators.py took 0.115 seconds
[2025-07-04T06:19:13.449+0000] {processor.py:161} INFO - Started process (PID=683) to work on /home/airflow/.local/lib/python3.12/site-packages/airflow/example_dags/example_dynamic_task_mapping_with_no_taskflow_operators.py
[2025-07-04T06:19:13.450+0000] {processor.py:830} INFO - Processing file /home/airflow/.local/lib/python3.12/site-packages/airflow/example_dags/example_dynamic_task_mapping_with_no_taskflow_operators.py for tasks to queue
[2025-07-04T06:19:13.452+0000] {logging_mixin.py:188} INFO - [2025-07-04T06:19:13.451+0000] {dagbag.py:545} INFO - Filling up the DagBag from /home/airflow/.local/lib/python3.12/site-packages/airflow/example_dags/example_dynamic_task_mapping_with_no_taskflow_operators.py
[2025-07-04T06:19:13.459+0000] {processor.py:840} INFO - DAG(s) 'example_dynamic_task_mapping_with_no_taskflow_operators' retrieved from /home/airflow/.local/lib/python3.12/site-packages/airflow/example_dags/example_dynamic_task_mapping_with_no_taskflow_operators.py
[2025-07-04T06:19:13.479+0000] {logging_mixin.py:188} INFO - [2025-07-04T06:19:13.479+0000] {dag.py:3096} INFO - Sync 1 DAGs
[2025-07-04T06:19:13.501+0000] {logging_mixin.py:188} INFO - [2025-07-04T06:19:13.501+0000] {dag.py:3954} INFO - Setting next_dagrun for example_dynamic_task_mapping_with_no_taskflow_operators to 2025-07-03 00:00:00+00:00, run_after=2025-07-04 00:00:00+00:00
[2025-07-04T06:19:13.520+0000] {processor.py:183} INFO - Processing /home/airflow/.local/lib/python3.12/site-packages/airflow/example_dags/example_dynamic_task_mapping_with_no_taskflow_operators.py took 0.077 seconds
[2025-07-04T06:19:43.697+0000] {processor.py:161} INFO - Started process (PID=743) to work on /home/airflow/.local/lib/python3.12/site-packages/airflow/example_dags/example_dynamic_task_mapping_with_no_taskflow_operators.py
[2025-07-04T06:19:43.698+0000] {processor.py:830} INFO - Processing file /home/airflow/.local/lib/python3.12/site-packages/airflow/example_dags/example_dynamic_task_mapping_with_no_taskflow_operators.py for tasks to queue
[2025-07-04T06:19:43.700+0000] {logging_mixin.py:188} INFO - [2025-07-04T06:19:43.699+0000] {dagbag.py:545} INFO - Filling up the DagBag from /home/airflow/.local/lib/python3.12/site-packages/airflow/example_dags/example_dynamic_task_mapping_with_no_taskflow_operators.py
[2025-07-04T06:19:43.705+0000] {processor.py:840} INFO - DAG(s) 'example_dynamic_task_mapping_with_no_taskflow_operators' retrieved from /home/airflow/.local/lib/python3.12/site-packages/airflow/example_dags/example_dynamic_task_mapping_with_no_taskflow_operators.py
[2025-07-04T06:19:43.723+0000] {logging_mixin.py:188} INFO - [2025-07-04T06:19:43.722+0000] {dag.py:3096} INFO - Sync 1 DAGs
[2025-07-04T06:19:43.745+0000] {logging_mixin.py:188} INFO - [2025-07-04T06:19:43.745+0000] {dag.py:3954} INFO - Setting next_dagrun for example_dynamic_task_mapping_with_no_taskflow_operators to 2025-07-03 00:00:00+00:00, run_after=2025-07-04 00:00:00+00:00
[2025-07-04T06:19:43.761+0000] {processor.py:183} INFO - Processing /home/airflow/.local/lib/python3.12/site-packages/airflow/example_dags/example_dynamic_task_mapping_with_no_taskflow_operators.py took 0.069 seconds
[2025-07-04T06:20:14.208+0000] {processor.py:161} INFO - Started process (PID=803) to work on /home/airflow/.local/lib/python3.12/site-packages/airflow/example_dags/example_dynamic_task_mapping_with_no_taskflow_operators.py
[2025-07-04T06:20:14.209+0000] {processor.py:830} INFO - Processing file /home/airflow/.local/lib/python3.12/site-packages/airflow/example_dags/example_dynamic_task_mapping_with_no_taskflow_operators.py for tasks to queue
[2025-07-04T06:20:14.211+0000] {logging_mixin.py:188} INFO - [2025-07-04T06:20:14.211+0000] {dagbag.py:545} INFO - Filling up the DagBag from /home/airflow/.local/lib/python3.12/site-packages/airflow/example_dags/example_dynamic_task_mapping_with_no_taskflow_operators.py
[2025-07-04T06:20:14.218+0000] {processor.py:840} INFO - DAG(s) 'example_dynamic_task_mapping_with_no_taskflow_operators' retrieved from /home/airflow/.local/lib/python3.12/site-packages/airflow/example_dags/example_dynamic_task_mapping_with_no_taskflow_operators.py
[2025-07-04T06:20:14.243+0000] {logging_mixin.py:188} INFO - [2025-07-04T06:20:14.242+0000] {dag.py:3096} INFO - Sync 1 DAGs
[2025-07-04T06:20:14.271+0000] {logging_mixin.py:188} INFO - [2025-07-04T06:20:14.271+0000] {dag.py:3954} INFO - Setting next_dagrun for example_dynamic_task_mapping_with_no_taskflow_operators to 2025-07-03 00:00:00+00:00, run_after=2025-07-04 00:00:00+00:00
[2025-07-04T06:20:14.292+0000] {processor.py:183} INFO - Processing /home/airflow/.local/lib/python3.12/site-packages/airflow/example_dags/example_dynamic_task_mapping_with_no_taskflow_operators.py took 0.091 seconds
[2025-07-04T06:20:44.885+0000] {processor.py:161} INFO - Started process (PID=863) to work on /home/airflow/.local/lib/python3.12/site-packages/airflow/example_dags/example_dynamic_task_mapping_with_no_taskflow_operators.py
[2025-07-04T06:20:44.886+0000] {processor.py:830} INFO - Processing file /home/airflow/.local/lib/python3.12/site-packages/airflow/example_dags/example_dynamic_task_mapping_with_no_taskflow_operators.py for tasks to queue
[2025-07-04T06:20:44.889+0000] {logging_mixin.py:188} INFO - [2025-07-04T06:20:44.888+0000] {dagbag.py:545} INFO - Filling up the DagBag from /home/airflow/.local/lib/python3.12/site-packages/airflow/example_dags/example_dynamic_task_mapping_with_no_taskflow_operators.py
[2025-07-04T06:20:44.896+0000] {processor.py:840} INFO - DAG(s) 'example_dynamic_task_mapping_with_no_taskflow_operators' retrieved from /home/airflow/.local/lib/python3.12/site-packages/airflow/example_dags/example_dynamic_task_mapping_with_no_taskflow_operators.py
[2025-07-04T06:20:44.923+0000] {logging_mixin.py:188} INFO - [2025-07-04T06:20:44.922+0000] {dag.py:3096} INFO - Sync 1 DAGs
[2025-07-04T06:20:44.952+0000] {logging_mixin.py:188} INFO - [2025-07-04T06:20:44.952+0000] {dag.py:3954} INFO - Setting next_dagrun for example_dynamic_task_mapping_with_no_taskflow_operators to 2025-07-03 00:00:00+00:00, run_after=2025-07-04 00:00:00+00:00
[2025-07-04T06:20:44.978+0000] {processor.py:183} INFO - Processing /home/airflow/.local/lib/python3.12/site-packages/airflow/example_dags/example_dynamic_task_mapping_with_no_taskflow_operators.py took 0.100 seconds
