[2025-07-04T06:14:07.982+0000] {processor.py:161} INFO - Started process (PID=73) to work on /home/airflow/.local/lib/python3.12/site-packages/airflow/example_dags/example_subdag_operator.py
[2025-07-04T06:14:07.986+0000] {processor.py:830} INFO - Processing file /home/airflow/.local/lib/python3.12/site-packages/airflow/example_dags/example_subdag_operator.py for tasks to queue
[2025-07-04T06:14:07.989+0000] {logging_mixin.py:188} INFO - [2025-07-04T06:14:07.989+0000] {dagbag.py:545} INFO - Filling up the DagBag from /home/airflow/.local/lib/python3.12/site-packages/airflow/example_dags/example_subdag_operator.py
[2025-07-04T06:14:08.037+0000] {processor.py:840} INFO - DAG(s) 'example_subdag_operator.section-1', 'example_subdag_operator.section-2', 'example_subdag_operator' retrieved from /home/airflow/.local/lib/python3.12/site-packages/airflow/example_dags/example_subdag_operator.py
[2025-07-04T06:14:08.261+0000] {logging_mixin.py:188} INFO - [2025-07-04T06:14:08.260+0000] {dag.py:3096} INFO - Sync 3 DAGs
[2025-07-04T06:14:08.299+0000] {logging_mixin.py:188} INFO - [2025-07-04T06:14:08.298+0000] {dag.py:3954} INFO - Setting next_dagrun for example_subdag_operator to 2022-01-01 00:00:00+00:00, run_after=2022-01-01 00:00:00+00:00
[2025-07-04T06:14:08.305+0000] {logging_mixin.py:188} INFO - [2025-07-04T06:14:08.305+0000] {dag.py:3954} INFO - Setting next_dagrun for example_subdag_operator.section-1 to None, run_after=None
[2025-07-04T06:14:08.308+0000] {logging_mixin.py:188} INFO - [2025-07-04T06:14:08.308+0000] {dag.py:3954} INFO - Setting next_dagrun for example_subdag_operator.section-2 to None, run_after=None
[2025-07-04T06:14:08.329+0000] {logging_mixin.py:188} INFO - [2025-07-04T06:14:08.329+0000] {dag.py:3096} INFO - Sync 2 DAGs
[2025-07-04T06:14:08.340+0000] {logging_mixin.py:188} INFO - [2025-07-04T06:14:08.339+0000] {dag.py:3954} INFO - Setting next_dagrun for example_subdag_operator.section-1 to None, run_after=None
[2025-07-04T06:14:08.341+0000] {logging_mixin.py:188} INFO - [2025-07-04T06:14:08.341+0000] {dag.py:3954} INFO - Setting next_dagrun for example_subdag_operator.section-2 to None, run_after=None
[2025-07-04T06:14:08.359+0000] {processor.py:183} INFO - Processing /home/airflow/.local/lib/python3.12/site-packages/airflow/example_dags/example_subdag_operator.py took 0.387 seconds
[2025-07-04T06:14:38.595+0000] {processor.py:161} INFO - Started process (PID=133) to work on /home/airflow/.local/lib/python3.12/site-packages/airflow/example_dags/example_subdag_operator.py
[2025-07-04T06:14:38.596+0000] {processor.py:830} INFO - Processing file /home/airflow/.local/lib/python3.12/site-packages/airflow/example_dags/example_subdag_operator.py for tasks to queue
[2025-07-04T06:14:38.598+0000] {logging_mixin.py:188} INFO - [2025-07-04T06:14:38.598+0000] {dagbag.py:545} INFO - Filling up the DagBag from /home/airflow/.local/lib/python3.12/site-packages/airflow/example_dags/example_subdag_operator.py
[2025-07-04T06:14:38.625+0000] {processor.py:840} INFO - DAG(s) 'example_subdag_operator.section-1', 'example_subdag_operator.section-2', 'example_subdag_operator' retrieved from /home/airflow/.local/lib/python3.12/site-packages/airflow/example_dags/example_subdag_operator.py
[2025-07-04T06:14:38.643+0000] {logging_mixin.py:188} INFO - [2025-07-04T06:14:38.642+0000] {dag.py:3096} INFO - Sync 3 DAGs
[2025-07-04T06:14:38.669+0000] {logging_mixin.py:188} INFO - [2025-07-04T06:14:38.668+0000] {dag.py:3954} INFO - Setting next_dagrun for example_subdag_operator to 2022-01-01 00:00:00+00:00, run_after=2022-01-01 00:00:00+00:00
[2025-07-04T06:14:38.673+0000] {logging_mixin.py:188} INFO - [2025-07-04T06:14:38.673+0000] {dag.py:3954} INFO - Setting next_dagrun for example_subdag_operator.section-1 to None, run_after=None
[2025-07-04T06:14:38.675+0000] {logging_mixin.py:188} INFO - [2025-07-04T06:14:38.675+0000] {dag.py:3954} INFO - Setting next_dagrun for example_subdag_operator.section-2 to None, run_after=None
[2025-07-04T06:14:38.683+0000] {logging_mixin.py:188} INFO - [2025-07-04T06:14:38.683+0000] {dag.py:3096} INFO - Sync 2 DAGs
[2025-07-04T06:14:38.690+0000] {logging_mixin.py:188} INFO - [2025-07-04T06:14:38.689+0000] {dag.py:3954} INFO - Setting next_dagrun for example_subdag_operator.section-1 to None, run_after=None
[2025-07-04T06:14:38.690+0000] {logging_mixin.py:188} INFO - [2025-07-04T06:14:38.690+0000] {dag.py:3954} INFO - Setting next_dagrun for example_subdag_operator.section-2 to None, run_after=None
[2025-07-04T06:14:38.703+0000] {processor.py:183} INFO - Processing /home/airflow/.local/lib/python3.12/site-packages/airflow/example_dags/example_subdag_operator.py took 0.114 seconds
[2025-07-04T06:15:09.757+0000] {processor.py:161} INFO - Started process (PID=193) to work on /home/airflow/.local/lib/python3.12/site-packages/airflow/example_dags/example_subdag_operator.py
[2025-07-04T06:15:09.758+0000] {processor.py:830} INFO - Processing file /home/airflow/.local/lib/python3.12/site-packages/airflow/example_dags/example_subdag_operator.py for tasks to queue
[2025-07-04T06:15:09.760+0000] {logging_mixin.py:188} INFO - [2025-07-04T06:15:09.760+0000] {dagbag.py:545} INFO - Filling up the DagBag from /home/airflow/.local/lib/python3.12/site-packages/airflow/example_dags/example_subdag_operator.py
[2025-07-04T06:15:09.789+0000] {processor.py:840} INFO - DAG(s) 'example_subdag_operator.section-1', 'example_subdag_operator.section-2', 'example_subdag_operator' retrieved from /home/airflow/.local/lib/python3.12/site-packages/airflow/example_dags/example_subdag_operator.py
[2025-07-04T06:15:09.812+0000] {logging_mixin.py:188} INFO - [2025-07-04T06:15:09.812+0000] {dag.py:3096} INFO - Sync 3 DAGs
[2025-07-04T06:15:09.847+0000] {logging_mixin.py:188} INFO - [2025-07-04T06:15:09.846+0000] {dag.py:3954} INFO - Setting next_dagrun for example_subdag_operator to 2022-01-01 00:00:00+00:00, run_after=2022-01-01 00:00:00+00:00
[2025-07-04T06:15:09.853+0000] {logging_mixin.py:188} INFO - [2025-07-04T06:15:09.853+0000] {dag.py:3954} INFO - Setting next_dagrun for example_subdag_operator.section-1 to None, run_after=None
[2025-07-04T06:15:09.857+0000] {logging_mixin.py:188} INFO - [2025-07-04T06:15:09.856+0000] {dag.py:3954} INFO - Setting next_dagrun for example_subdag_operator.section-2 to None, run_after=None
[2025-07-04T06:15:09.868+0000] {logging_mixin.py:188} INFO - [2025-07-04T06:15:09.867+0000] {dag.py:3096} INFO - Sync 2 DAGs
[2025-07-04T06:15:09.877+0000] {logging_mixin.py:188} INFO - [2025-07-04T06:15:09.877+0000] {dag.py:3954} INFO - Setting next_dagrun for example_subdag_operator.section-1 to None, run_after=None
[2025-07-04T06:15:09.878+0000] {logging_mixin.py:188} INFO - [2025-07-04T06:15:09.878+0000] {dag.py:3954} INFO - Setting next_dagrun for example_subdag_operator.section-2 to None, run_after=None
[2025-07-04T06:15:09.895+0000] {processor.py:183} INFO - Processing /home/airflow/.local/lib/python3.12/site-packages/airflow/example_dags/example_subdag_operator.py took 0.145 seconds
[2025-07-04T06:15:40.723+0000] {processor.py:161} INFO - Started process (PID=259) to work on /home/airflow/.local/lib/python3.12/site-packages/airflow/example_dags/example_subdag_operator.py
[2025-07-04T06:15:40.724+0000] {processor.py:830} INFO - Processing file /home/airflow/.local/lib/python3.12/site-packages/airflow/example_dags/example_subdag_operator.py for tasks to queue
[2025-07-04T06:15:40.726+0000] {logging_mixin.py:188} INFO - [2025-07-04T06:15:40.726+0000] {dagbag.py:545} INFO - Filling up the DagBag from /home/airflow/.local/lib/python3.12/site-packages/airflow/example_dags/example_subdag_operator.py
[2025-07-04T06:15:40.751+0000] {processor.py:840} INFO - DAG(s) 'example_subdag_operator.section-1', 'example_subdag_operator.section-2', 'example_subdag_operator' retrieved from /home/airflow/.local/lib/python3.12/site-packages/airflow/example_dags/example_subdag_operator.py
[2025-07-04T06:15:40.768+0000] {logging_mixin.py:188} INFO - [2025-07-04T06:15:40.768+0000] {dag.py:3096} INFO - Sync 3 DAGs
[2025-07-04T06:15:40.794+0000] {logging_mixin.py:188} INFO - [2025-07-04T06:15:40.794+0000] {dag.py:3954} INFO - Setting next_dagrun for example_subdag_operator to 2022-01-01 00:00:00+00:00, run_after=2022-01-01 00:00:00+00:00
[2025-07-04T06:15:40.798+0000] {logging_mixin.py:188} INFO - [2025-07-04T06:15:40.798+0000] {dag.py:3954} INFO - Setting next_dagrun for example_subdag_operator.section-1 to None, run_after=None
[2025-07-04T06:15:40.800+0000] {logging_mixin.py:188} INFO - [2025-07-04T06:15:40.800+0000] {dag.py:3954} INFO - Setting next_dagrun for example_subdag_operator.section-2 to None, run_after=None
[2025-07-04T06:15:40.808+0000] {logging_mixin.py:188} INFO - [2025-07-04T06:15:40.807+0000] {dag.py:3096} INFO - Sync 2 DAGs
[2025-07-04T06:15:40.813+0000] {logging_mixin.py:188} INFO - [2025-07-04T06:15:40.813+0000] {dag.py:3954} INFO - Setting next_dagrun for example_subdag_operator.section-1 to None, run_after=None
[2025-07-04T06:15:40.814+0000] {logging_mixin.py:188} INFO - [2025-07-04T06:15:40.814+0000] {dag.py:3954} INFO - Setting next_dagrun for example_subdag_operator.section-2 to None, run_after=None
[2025-07-04T06:15:40.825+0000] {processor.py:183} INFO - Processing /home/airflow/.local/lib/python3.12/site-packages/airflow/example_dags/example_subdag_operator.py took 0.108 seconds
[2025-07-04T06:16:11.015+0000] {processor.py:161} INFO - Started process (PID=317) to work on /home/airflow/.local/lib/python3.12/site-packages/airflow/example_dags/example_subdag_operator.py
[2025-07-04T06:16:11.016+0000] {processor.py:830} INFO - Processing file /home/airflow/.local/lib/python3.12/site-packages/airflow/example_dags/example_subdag_operator.py for tasks to queue
[2025-07-04T06:16:11.017+0000] {logging_mixin.py:188} INFO - [2025-07-04T06:16:11.017+0000] {dagbag.py:545} INFO - Filling up the DagBag from /home/airflow/.local/lib/python3.12/site-packages/airflow/example_dags/example_subdag_operator.py
[2025-07-04T06:16:11.037+0000] {processor.py:840} INFO - DAG(s) 'example_subdag_operator.section-1', 'example_subdag_operator.section-2', 'example_subdag_operator' retrieved from /home/airflow/.local/lib/python3.12/site-packages/airflow/example_dags/example_subdag_operator.py
[2025-07-04T06:16:11.052+0000] {logging_mixin.py:188} INFO - [2025-07-04T06:16:11.051+0000] {dag.py:3096} INFO - Sync 3 DAGs
[2025-07-04T06:16:11.072+0000] {logging_mixin.py:188} INFO - [2025-07-04T06:16:11.072+0000] {dag.py:3954} INFO - Setting next_dagrun for example_subdag_operator to 2022-01-01 00:00:00+00:00, run_after=2022-01-01 00:00:00+00:00
[2025-07-04T06:16:11.076+0000] {logging_mixin.py:188} INFO - [2025-07-04T06:16:11.076+0000] {dag.py:3954} INFO - Setting next_dagrun for example_subdag_operator.section-1 to None, run_after=None
[2025-07-04T06:16:11.078+0000] {logging_mixin.py:188} INFO - [2025-07-04T06:16:11.077+0000] {dag.py:3954} INFO - Setting next_dagrun for example_subdag_operator.section-2 to None, run_after=None
[2025-07-04T06:16:11.086+0000] {logging_mixin.py:188} INFO - [2025-07-04T06:16:11.085+0000] {dag.py:3096} INFO - Sync 2 DAGs
[2025-07-04T06:16:11.091+0000] {logging_mixin.py:188} INFO - [2025-07-04T06:16:11.091+0000] {dag.py:3954} INFO - Setting next_dagrun for example_subdag_operator.section-1 to None, run_after=None
[2025-07-04T06:16:11.092+0000] {logging_mixin.py:188} INFO - [2025-07-04T06:16:11.092+0000] {dag.py:3954} INFO - Setting next_dagrun for example_subdag_operator.section-2 to None, run_after=None
[2025-07-04T06:16:11.103+0000] {processor.py:183} INFO - Processing /home/airflow/.local/lib/python3.12/site-packages/airflow/example_dags/example_subdag_operator.py took 0.092 seconds
[2025-07-04T06:16:41.341+0000] {processor.py:161} INFO - Started process (PID=377) to work on /home/airflow/.local/lib/python3.12/site-packages/airflow/example_dags/example_subdag_operator.py
[2025-07-04T06:16:41.342+0000] {processor.py:830} INFO - Processing file /home/airflow/.local/lib/python3.12/site-packages/airflow/example_dags/example_subdag_operator.py for tasks to queue
[2025-07-04T06:16:41.343+0000] {logging_mixin.py:188} INFO - [2025-07-04T06:16:41.343+0000] {dagbag.py:545} INFO - Filling up the DagBag from /home/airflow/.local/lib/python3.12/site-packages/airflow/example_dags/example_subdag_operator.py
[2025-07-04T06:16:41.362+0000] {processor.py:840} INFO - DAG(s) 'example_subdag_operator.section-1', 'example_subdag_operator.section-2', 'example_subdag_operator' retrieved from /home/airflow/.local/lib/python3.12/site-packages/airflow/example_dags/example_subdag_operator.py
[2025-07-04T06:16:41.377+0000] {logging_mixin.py:188} INFO - [2025-07-04T06:16:41.377+0000] {dag.py:3096} INFO - Sync 3 DAGs
[2025-07-04T06:16:41.397+0000] {logging_mixin.py:188} INFO - [2025-07-04T06:16:41.397+0000] {dag.py:3954} INFO - Setting next_dagrun for example_subdag_operator to 2022-01-01 00:00:00+00:00, run_after=2022-01-01 00:00:00+00:00
[2025-07-04T06:16:41.401+0000] {logging_mixin.py:188} INFO - [2025-07-04T06:16:41.401+0000] {dag.py:3954} INFO - Setting next_dagrun for example_subdag_operator.section-1 to None, run_after=None
[2025-07-04T06:16:41.404+0000] {logging_mixin.py:188} INFO - [2025-07-04T06:16:41.404+0000] {dag.py:3954} INFO - Setting next_dagrun for example_subdag_operator.section-2 to None, run_after=None
[2025-07-04T06:16:41.410+0000] {logging_mixin.py:188} INFO - [2025-07-04T06:16:41.410+0000] {dag.py:3096} INFO - Sync 2 DAGs
[2025-07-04T06:16:41.416+0000] {logging_mixin.py:188} INFO - [2025-07-04T06:16:41.415+0000] {dag.py:3954} INFO - Setting next_dagrun for example_subdag_operator.section-1 to None, run_after=None
[2025-07-04T06:16:41.416+0000] {logging_mixin.py:188} INFO - [2025-07-04T06:16:41.416+0000] {dag.py:3954} INFO - Setting next_dagrun for example_subdag_operator.section-2 to None, run_after=None
[2025-07-04T06:16:41.427+0000] {processor.py:183} INFO - Processing /home/airflow/.local/lib/python3.12/site-packages/airflow/example_dags/example_subdag_operator.py took 0.090 seconds
[2025-07-04T06:17:11.708+0000] {processor.py:161} INFO - Started process (PID=437) to work on /home/airflow/.local/lib/python3.12/site-packages/airflow/example_dags/example_subdag_operator.py
[2025-07-04T06:17:11.709+0000] {processor.py:830} INFO - Processing file /home/airflow/.local/lib/python3.12/site-packages/airflow/example_dags/example_subdag_operator.py for tasks to queue
[2025-07-04T06:17:11.711+0000] {logging_mixin.py:188} INFO - [2025-07-04T06:17:11.710+0000] {dagbag.py:545} INFO - Filling up the DagBag from /home/airflow/.local/lib/python3.12/site-packages/airflow/example_dags/example_subdag_operator.py
[2025-07-04T06:17:11.731+0000] {processor.py:840} INFO - DAG(s) 'example_subdag_operator.section-1', 'example_subdag_operator.section-2', 'example_subdag_operator' retrieved from /home/airflow/.local/lib/python3.12/site-packages/airflow/example_dags/example_subdag_operator.py
[2025-07-04T06:17:11.746+0000] {logging_mixin.py:188} INFO - [2025-07-04T06:17:11.745+0000] {dag.py:3096} INFO - Sync 3 DAGs
[2025-07-04T06:17:11.766+0000] {logging_mixin.py:188} INFO - [2025-07-04T06:17:11.766+0000] {dag.py:3954} INFO - Setting next_dagrun for example_subdag_operator to 2022-01-01 00:00:00+00:00, run_after=2022-01-01 00:00:00+00:00
[2025-07-04T06:17:11.770+0000] {logging_mixin.py:188} INFO - [2025-07-04T06:17:11.770+0000] {dag.py:3954} INFO - Setting next_dagrun for example_subdag_operator.section-1 to None, run_after=None
[2025-07-04T06:17:11.771+0000] {logging_mixin.py:188} INFO - [2025-07-04T06:17:11.771+0000] {dag.py:3954} INFO - Setting next_dagrun for example_subdag_operator.section-2 to None, run_after=None
[2025-07-04T06:17:11.778+0000] {logging_mixin.py:188} INFO - [2025-07-04T06:17:11.778+0000] {dag.py:3096} INFO - Sync 2 DAGs
[2025-07-04T06:17:11.783+0000] {logging_mixin.py:188} INFO - [2025-07-04T06:17:11.783+0000] {dag.py:3954} INFO - Setting next_dagrun for example_subdag_operator.section-1 to None, run_after=None
[2025-07-04T06:17:11.784+0000] {logging_mixin.py:188} INFO - [2025-07-04T06:17:11.784+0000] {dag.py:3954} INFO - Setting next_dagrun for example_subdag_operator.section-2 to None, run_after=None
[2025-07-04T06:17:11.796+0000] {processor.py:183} INFO - Processing /home/airflow/.local/lib/python3.12/site-packages/airflow/example_dags/example_subdag_operator.py took 0.093 seconds
[2025-07-04T06:17:41.880+0000] {processor.py:161} INFO - Started process (PID=497) to work on /home/airflow/.local/lib/python3.12/site-packages/airflow/example_dags/example_subdag_operator.py
[2025-07-04T06:17:41.881+0000] {processor.py:830} INFO - Processing file /home/airflow/.local/lib/python3.12/site-packages/airflow/example_dags/example_subdag_operator.py for tasks to queue
[2025-07-04T06:17:41.882+0000] {logging_mixin.py:188} INFO - [2025-07-04T06:17:41.882+0000] {dagbag.py:545} INFO - Filling up the DagBag from /home/airflow/.local/lib/python3.12/site-packages/airflow/example_dags/example_subdag_operator.py
[2025-07-04T06:17:41.903+0000] {processor.py:840} INFO - DAG(s) 'example_subdag_operator.section-1', 'example_subdag_operator.section-2', 'example_subdag_operator' retrieved from /home/airflow/.local/lib/python3.12/site-packages/airflow/example_dags/example_subdag_operator.py
[2025-07-04T06:17:41.918+0000] {logging_mixin.py:188} INFO - [2025-07-04T06:17:41.918+0000] {dag.py:3096} INFO - Sync 3 DAGs
[2025-07-04T06:17:41.939+0000] {logging_mixin.py:188} INFO - [2025-07-04T06:17:41.939+0000] {dag.py:3954} INFO - Setting next_dagrun for example_subdag_operator to 2022-01-01 00:00:00+00:00, run_after=2022-01-01 00:00:00+00:00
[2025-07-04T06:17:41.943+0000] {logging_mixin.py:188} INFO - [2025-07-04T06:17:41.943+0000] {dag.py:3954} INFO - Setting next_dagrun for example_subdag_operator.section-1 to None, run_after=None
[2025-07-04T06:17:41.944+0000] {logging_mixin.py:188} INFO - [2025-07-04T06:17:41.944+0000] {dag.py:3954} INFO - Setting next_dagrun for example_subdag_operator.section-2 to None, run_after=None
[2025-07-04T06:17:41.952+0000] {logging_mixin.py:188} INFO - [2025-07-04T06:17:41.951+0000] {dag.py:3096} INFO - Sync 2 DAGs
[2025-07-04T06:17:41.958+0000] {logging_mixin.py:188} INFO - [2025-07-04T06:17:41.957+0000] {dag.py:3954} INFO - Setting next_dagrun for example_subdag_operator.section-1 to None, run_after=None
[2025-07-04T06:17:41.958+0000] {logging_mixin.py:188} INFO - [2025-07-04T06:17:41.958+0000] {dag.py:3954} INFO - Setting next_dagrun for example_subdag_operator.section-2 to None, run_after=None
[2025-07-04T06:17:41.971+0000] {processor.py:183} INFO - Processing /home/airflow/.local/lib/python3.12/site-packages/airflow/example_dags/example_subdag_operator.py took 0.096 seconds
[2025-07-04T06:18:12.123+0000] {processor.py:161} INFO - Started process (PID=557) to work on /home/airflow/.local/lib/python3.12/site-packages/airflow/example_dags/example_subdag_operator.py
[2025-07-04T06:18:12.124+0000] {processor.py:830} INFO - Processing file /home/airflow/.local/lib/python3.12/site-packages/airflow/example_dags/example_subdag_operator.py for tasks to queue
[2025-07-04T06:18:12.125+0000] {logging_mixin.py:188} INFO - [2025-07-04T06:18:12.125+0000] {dagbag.py:545} INFO - Filling up the DagBag from /home/airflow/.local/lib/python3.12/site-packages/airflow/example_dags/example_subdag_operator.py
[2025-07-04T06:18:12.145+0000] {processor.py:840} INFO - DAG(s) 'example_subdag_operator.section-1', 'example_subdag_operator.section-2', 'example_subdag_operator' retrieved from /home/airflow/.local/lib/python3.12/site-packages/airflow/example_dags/example_subdag_operator.py
[2025-07-04T06:18:12.161+0000] {logging_mixin.py:188} INFO - [2025-07-04T06:18:12.161+0000] {dag.py:3096} INFO - Sync 3 DAGs
[2025-07-04T06:18:12.182+0000] {logging_mixin.py:188} INFO - [2025-07-04T06:18:12.182+0000] {dag.py:3954} INFO - Setting next_dagrun for example_subdag_operator to 2022-01-01 00:00:00+00:00, run_after=2022-01-01 00:00:00+00:00
[2025-07-04T06:18:12.186+0000] {logging_mixin.py:188} INFO - [2025-07-04T06:18:12.186+0000] {dag.py:3954} INFO - Setting next_dagrun for example_subdag_operator.section-1 to None, run_after=None
[2025-07-04T06:18:12.188+0000] {logging_mixin.py:188} INFO - [2025-07-04T06:18:12.188+0000] {dag.py:3954} INFO - Setting next_dagrun for example_subdag_operator.section-2 to None, run_after=None
[2025-07-04T06:18:12.195+0000] {logging_mixin.py:188} INFO - [2025-07-04T06:18:12.194+0000] {dag.py:3096} INFO - Sync 2 DAGs
[2025-07-04T06:18:12.201+0000] {logging_mixin.py:188} INFO - [2025-07-04T06:18:12.200+0000] {dag.py:3954} INFO - Setting next_dagrun for example_subdag_operator.section-1 to None, run_after=None
[2025-07-04T06:18:12.201+0000] {logging_mixin.py:188} INFO - [2025-07-04T06:18:12.201+0000] {dag.py:3954} INFO - Setting next_dagrun for example_subdag_operator.section-2 to None, run_after=None
[2025-07-04T06:18:12.214+0000] {processor.py:183} INFO - Processing /home/airflow/.local/lib/python3.12/site-packages/airflow/example_dags/example_subdag_operator.py took 0.096 seconds
[2025-07-04T06:18:42.770+0000] {processor.py:161} INFO - Started process (PID=617) to work on /home/airflow/.local/lib/python3.12/site-packages/airflow/example_dags/example_subdag_operator.py
[2025-07-04T06:18:42.771+0000] {processor.py:830} INFO - Processing file /home/airflow/.local/lib/python3.12/site-packages/airflow/example_dags/example_subdag_operator.py for tasks to queue
[2025-07-04T06:18:42.773+0000] {logging_mixin.py:188} INFO - [2025-07-04T06:18:42.772+0000] {dagbag.py:545} INFO - Filling up the DagBag from /home/airflow/.local/lib/python3.12/site-packages/airflow/example_dags/example_subdag_operator.py
[2025-07-04T06:18:42.797+0000] {processor.py:840} INFO - DAG(s) 'example_subdag_operator.section-1', 'example_subdag_operator.section-2', 'example_subdag_operator' retrieved from /home/airflow/.local/lib/python3.12/site-packages/airflow/example_dags/example_subdag_operator.py
[2025-07-04T06:18:42.813+0000] {logging_mixin.py:188} INFO - [2025-07-04T06:18:42.813+0000] {dag.py:3096} INFO - Sync 3 DAGs
[2025-07-04T06:18:42.837+0000] {logging_mixin.py:188} INFO - [2025-07-04T06:18:42.837+0000] {dag.py:3954} INFO - Setting next_dagrun for example_subdag_operator to 2022-01-01 00:00:00+00:00, run_after=2022-01-01 00:00:00+00:00
[2025-07-04T06:18:42.841+0000] {logging_mixin.py:188} INFO - [2025-07-04T06:18:42.841+0000] {dag.py:3954} INFO - Setting next_dagrun for example_subdag_operator.section-1 to None, run_after=None
[2025-07-04T06:18:42.844+0000] {logging_mixin.py:188} INFO - [2025-07-04T06:18:42.843+0000] {dag.py:3954} INFO - Setting next_dagrun for example_subdag_operator.section-2 to None, run_after=None
[2025-07-04T06:18:42.851+0000] {logging_mixin.py:188} INFO - [2025-07-04T06:18:42.851+0000] {dag.py:3096} INFO - Sync 2 DAGs
[2025-07-04T06:18:42.858+0000] {logging_mixin.py:188} INFO - [2025-07-04T06:18:42.857+0000] {dag.py:3954} INFO - Setting next_dagrun for example_subdag_operator.section-1 to None, run_after=None
[2025-07-04T06:18:42.858+0000] {logging_mixin.py:188} INFO - [2025-07-04T06:18:42.858+0000] {dag.py:3954} INFO - Setting next_dagrun for example_subdag_operator.section-2 to None, run_after=None
[2025-07-04T06:18:42.871+0000] {processor.py:183} INFO - Processing /home/airflow/.local/lib/python3.12/site-packages/airflow/example_dags/example_subdag_operator.py took 0.106 seconds
[2025-07-04T06:19:13.104+0000] {processor.py:161} INFO - Started process (PID=677) to work on /home/airflow/.local/lib/python3.12/site-packages/airflow/example_dags/example_subdag_operator.py
[2025-07-04T06:19:13.104+0000] {processor.py:830} INFO - Processing file /home/airflow/.local/lib/python3.12/site-packages/airflow/example_dags/example_subdag_operator.py for tasks to queue
[2025-07-04T06:19:13.106+0000] {logging_mixin.py:188} INFO - [2025-07-04T06:19:13.106+0000] {dagbag.py:545} INFO - Filling up the DagBag from /home/airflow/.local/lib/python3.12/site-packages/airflow/example_dags/example_subdag_operator.py
[2025-07-04T06:19:13.126+0000] {processor.py:840} INFO - DAG(s) 'example_subdag_operator.section-1', 'example_subdag_operator.section-2', 'example_subdag_operator' retrieved from /home/airflow/.local/lib/python3.12/site-packages/airflow/example_dags/example_subdag_operator.py
[2025-07-04T06:19:13.141+0000] {logging_mixin.py:188} INFO - [2025-07-04T06:19:13.141+0000] {dag.py:3096} INFO - Sync 3 DAGs
[2025-07-04T06:19:13.162+0000] {logging_mixin.py:188} INFO - [2025-07-04T06:19:13.162+0000] {dag.py:3954} INFO - Setting next_dagrun for example_subdag_operator to 2022-01-01 00:00:00+00:00, run_after=2022-01-01 00:00:00+00:00
[2025-07-04T06:19:13.165+0000] {logging_mixin.py:188} INFO - [2025-07-04T06:19:13.165+0000] {dag.py:3954} INFO - Setting next_dagrun for example_subdag_operator.section-1 to None, run_after=None
[2025-07-04T06:19:13.167+0000] {logging_mixin.py:188} INFO - [2025-07-04T06:19:13.167+0000] {dag.py:3954} INFO - Setting next_dagrun for example_subdag_operator.section-2 to None, run_after=None
[2025-07-04T06:19:13.173+0000] {logging_mixin.py:188} INFO - [2025-07-04T06:19:13.173+0000] {dag.py:3096} INFO - Sync 2 DAGs
[2025-07-04T06:19:13.178+0000] {logging_mixin.py:188} INFO - [2025-07-04T06:19:13.178+0000] {dag.py:3954} INFO - Setting next_dagrun for example_subdag_operator.section-1 to None, run_after=None
[2025-07-04T06:19:13.179+0000] {logging_mixin.py:188} INFO - [2025-07-04T06:19:13.179+0000] {dag.py:3954} INFO - Setting next_dagrun for example_subdag_operator.section-2 to None, run_after=None
[2025-07-04T06:19:13.190+0000] {processor.py:183} INFO - Processing /home/airflow/.local/lib/python3.12/site-packages/airflow/example_dags/example_subdag_operator.py took 0.091 seconds
[2025-07-04T06:19:43.369+0000] {processor.py:161} INFO - Started process (PID=737) to work on /home/airflow/.local/lib/python3.12/site-packages/airflow/example_dags/example_subdag_operator.py
[2025-07-04T06:19:43.369+0000] {processor.py:830} INFO - Processing file /home/airflow/.local/lib/python3.12/site-packages/airflow/example_dags/example_subdag_operator.py for tasks to queue
[2025-07-04T06:19:43.371+0000] {logging_mixin.py:188} INFO - [2025-07-04T06:19:43.371+0000] {dagbag.py:545} INFO - Filling up the DagBag from /home/airflow/.local/lib/python3.12/site-packages/airflow/example_dags/example_subdag_operator.py
[2025-07-04T06:19:43.391+0000] {processor.py:840} INFO - DAG(s) 'example_subdag_operator.section-1', 'example_subdag_operator.section-2', 'example_subdag_operator' retrieved from /home/airflow/.local/lib/python3.12/site-packages/airflow/example_dags/example_subdag_operator.py
[2025-07-04T06:19:43.406+0000] {logging_mixin.py:188} INFO - [2025-07-04T06:19:43.406+0000] {dag.py:3096} INFO - Sync 3 DAGs
[2025-07-04T06:19:43.427+0000] {logging_mixin.py:188} INFO - [2025-07-04T06:19:43.427+0000] {dag.py:3954} INFO - Setting next_dagrun for example_subdag_operator to 2022-01-01 00:00:00+00:00, run_after=2022-01-01 00:00:00+00:00
[2025-07-04T06:19:43.431+0000] {logging_mixin.py:188} INFO - [2025-07-04T06:19:43.431+0000] {dag.py:3954} INFO - Setting next_dagrun for example_subdag_operator.section-1 to None, run_after=None
[2025-07-04T06:19:43.433+0000] {logging_mixin.py:188} INFO - [2025-07-04T06:19:43.433+0000] {dag.py:3954} INFO - Setting next_dagrun for example_subdag_operator.section-2 to None, run_after=None
[2025-07-04T06:19:43.440+0000] {logging_mixin.py:188} INFO - [2025-07-04T06:19:43.440+0000] {dag.py:3096} INFO - Sync 2 DAGs
[2025-07-04T06:19:43.445+0000] {logging_mixin.py:188} INFO - [2025-07-04T06:19:43.445+0000] {dag.py:3954} INFO - Setting next_dagrun for example_subdag_operator.section-1 to None, run_after=None
[2025-07-04T06:19:43.446+0000] {logging_mixin.py:188} INFO - [2025-07-04T06:19:43.446+0000] {dag.py:3954} INFO - Setting next_dagrun for example_subdag_operator.section-2 to None, run_after=None
[2025-07-04T06:19:43.457+0000] {processor.py:183} INFO - Processing /home/airflow/.local/lib/python3.12/site-packages/airflow/example_dags/example_subdag_operator.py took 0.093 seconds
[2025-07-04T06:20:13.837+0000] {processor.py:161} INFO - Started process (PID=797) to work on /home/airflow/.local/lib/python3.12/site-packages/airflow/example_dags/example_subdag_operator.py
[2025-07-04T06:20:13.838+0000] {processor.py:830} INFO - Processing file /home/airflow/.local/lib/python3.12/site-packages/airflow/example_dags/example_subdag_operator.py for tasks to queue
[2025-07-04T06:20:13.840+0000] {logging_mixin.py:188} INFO - [2025-07-04T06:20:13.839+0000] {dagbag.py:545} INFO - Filling up the DagBag from /home/airflow/.local/lib/python3.12/site-packages/airflow/example_dags/example_subdag_operator.py
[2025-07-04T06:20:13.860+0000] {processor.py:840} INFO - DAG(s) 'example_subdag_operator.section-1', 'example_subdag_operator.section-2', 'example_subdag_operator' retrieved from /home/airflow/.local/lib/python3.12/site-packages/airflow/example_dags/example_subdag_operator.py
[2025-07-04T06:20:13.881+0000] {logging_mixin.py:188} INFO - [2025-07-04T06:20:13.880+0000] {dag.py:3096} INFO - Sync 3 DAGs
[2025-07-04T06:20:13.903+0000] {logging_mixin.py:188} INFO - [2025-07-04T06:20:13.903+0000] {dag.py:3954} INFO - Setting next_dagrun for example_subdag_operator to 2022-01-01 00:00:00+00:00, run_after=2022-01-01 00:00:00+00:00
[2025-07-04T06:20:13.907+0000] {logging_mixin.py:188} INFO - [2025-07-04T06:20:13.907+0000] {dag.py:3954} INFO - Setting next_dagrun for example_subdag_operator.section-1 to None, run_after=None
[2025-07-04T06:20:13.909+0000] {logging_mixin.py:188} INFO - [2025-07-04T06:20:13.909+0000] {dag.py:3954} INFO - Setting next_dagrun for example_subdag_operator.section-2 to None, run_after=None
[2025-07-04T06:20:13.917+0000] {logging_mixin.py:188} INFO - [2025-07-04T06:20:13.917+0000] {dag.py:3096} INFO - Sync 2 DAGs
[2025-07-04T06:20:13.923+0000] {logging_mixin.py:188} INFO - [2025-07-04T06:20:13.923+0000] {dag.py:3954} INFO - Setting next_dagrun for example_subdag_operator.section-1 to None, run_after=None
[2025-07-04T06:20:13.924+0000] {logging_mixin.py:188} INFO - [2025-07-04T06:20:13.923+0000] {dag.py:3954} INFO - Setting next_dagrun for example_subdag_operator.section-2 to None, run_after=None
[2025-07-04T06:20:13.935+0000] {processor.py:183} INFO - Processing /home/airflow/.local/lib/python3.12/site-packages/airflow/example_dags/example_subdag_operator.py took 0.102 seconds
[2025-07-04T06:20:44.421+0000] {processor.py:161} INFO - Started process (PID=857) to work on /home/airflow/.local/lib/python3.12/site-packages/airflow/example_dags/example_subdag_operator.py
[2025-07-04T06:20:44.422+0000] {processor.py:830} INFO - Processing file /home/airflow/.local/lib/python3.12/site-packages/airflow/example_dags/example_subdag_operator.py for tasks to queue
[2025-07-04T06:20:44.425+0000] {logging_mixin.py:188} INFO - [2025-07-04T06:20:44.424+0000] {dagbag.py:545} INFO - Filling up the DagBag from /home/airflow/.local/lib/python3.12/site-packages/airflow/example_dags/example_subdag_operator.py
[2025-07-04T06:20:44.453+0000] {processor.py:840} INFO - DAG(s) 'example_subdag_operator.section-1', 'example_subdag_operator.section-2', 'example_subdag_operator' retrieved from /home/airflow/.local/lib/python3.12/site-packages/airflow/example_dags/example_subdag_operator.py
[2025-07-04T06:20:44.476+0000] {logging_mixin.py:188} INFO - [2025-07-04T06:20:44.476+0000] {dag.py:3096} INFO - Sync 3 DAGs
[2025-07-04T06:20:44.505+0000] {logging_mixin.py:188} INFO - [2025-07-04T06:20:44.505+0000] {dag.py:3954} INFO - Setting next_dagrun for example_subdag_operator to 2022-01-01 00:00:00+00:00, run_after=2022-01-01 00:00:00+00:00
[2025-07-04T06:20:44.510+0000] {logging_mixin.py:188} INFO - [2025-07-04T06:20:44.510+0000] {dag.py:3954} INFO - Setting next_dagrun for example_subdag_operator.section-1 to None, run_after=None
[2025-07-04T06:20:44.512+0000] {logging_mixin.py:188} INFO - [2025-07-04T06:20:44.512+0000] {dag.py:3954} INFO - Setting next_dagrun for example_subdag_operator.section-2 to None, run_after=None
[2025-07-04T06:20:44.524+0000] {logging_mixin.py:188} INFO - [2025-07-04T06:20:44.523+0000] {dag.py:3096} INFO - Sync 2 DAGs
[2025-07-04T06:20:44.531+0000] {logging_mixin.py:188} INFO - [2025-07-04T06:20:44.530+0000] {dag.py:3954} INFO - Setting next_dagrun for example_subdag_operator.section-1 to None, run_after=None
[2025-07-04T06:20:44.533+0000] {logging_mixin.py:188} INFO - [2025-07-04T06:20:44.532+0000] {dag.py:3954} INFO - Setting next_dagrun for example_subdag_operator.section-2 to None, run_after=None
[2025-07-04T06:20:44.549+0000] {processor.py:183} INFO - Processing /home/airflow/.local/lib/python3.12/site-packages/airflow/example_dags/example_subdag_operator.py took 0.134 seconds
