[2025-07-04T06:14:09.649+0000] {processor.py:161} INFO - Started process (PID=82) to work on /home/airflow/.local/lib/python3.12/site-packages/airflow/example_dags/example_display_name.py
[2025-07-04T06:14:09.650+0000] {processor.py:830} INFO - Processing file /home/airflow/.local/lib/python3.12/site-packages/airflow/example_dags/example_display_name.py for tasks to queue
[2025-07-04T06:14:09.653+0000] {logging_mixin.py:188} INFO - [2025-07-04T06:14:09.652+0000] {dagbag.py:545} INFO - Filling up the DagBag from /home/airflow/.local/lib/python3.12/site-packages/airflow/example_dags/example_display_name.py
[2025-07-04T06:14:09.662+0000] {processor.py:840} INFO - DAG(s) 'example_display_name' retrieved from /home/airflow/.local/lib/python3.12/site-packages/airflow/example_dags/example_display_name.py
[2025-07-04T06:14:09.850+0000] {logging_mixin.py:188} INFO - [2025-07-04T06:14:09.850+0000] {dag.py:3096} INFO - Sync 1 DAGs
[2025-07-04T06:14:09.867+0000] {logging_mixin.py:188} INFO - [2025-07-04T06:14:09.866+0000] {dag.py:3954} INFO - Setting next_dagrun for example_display_name to None, run_after=None
[2025-07-04T06:14:09.892+0000] {processor.py:183} INFO - Processing /home/airflow/.local/lib/python3.12/site-packages/airflow/example_dags/example_display_name.py took 0.253 seconds
[2025-07-04T06:14:40.377+0000] {processor.py:161} INFO - Started process (PID=148) to work on /home/airflow/.local/lib/python3.12/site-packages/airflow/example_dags/example_display_name.py
[2025-07-04T06:14:40.378+0000] {processor.py:830} INFO - Processing file /home/airflow/.local/lib/python3.12/site-packages/airflow/example_dags/example_display_name.py for tasks to queue
[2025-07-04T06:14:40.380+0000] {logging_mixin.py:188} INFO - [2025-07-04T06:14:40.380+0000] {dagbag.py:545} INFO - Filling up the DagBag from /home/airflow/.local/lib/python3.12/site-packages/airflow/example_dags/example_display_name.py
[2025-07-04T06:14:40.386+0000] {processor.py:840} INFO - DAG(s) 'example_display_name' retrieved from /home/airflow/.local/lib/python3.12/site-packages/airflow/example_dags/example_display_name.py
[2025-07-04T06:14:40.409+0000] {logging_mixin.py:188} INFO - [2025-07-04T06:14:40.409+0000] {dag.py:3096} INFO - Sync 1 DAGs
[2025-07-04T06:14:40.424+0000] {logging_mixin.py:188} INFO - [2025-07-04T06:14:40.423+0000] {dag.py:3954} INFO - Setting next_dagrun for example_display_name to None, run_after=None
[2025-07-04T06:14:40.445+0000] {processor.py:183} INFO - Processing /home/airflow/.local/lib/python3.12/site-packages/airflow/example_dags/example_display_name.py took 0.074 seconds
[2025-07-04T06:15:10.505+0000] {processor.py:161} INFO - Started process (PID=208) to work on /home/airflow/.local/lib/python3.12/site-packages/airflow/example_dags/example_display_name.py
[2025-07-04T06:15:10.506+0000] {processor.py:830} INFO - Processing file /home/airflow/.local/lib/python3.12/site-packages/airflow/example_dags/example_display_name.py for tasks to queue
[2025-07-04T06:15:10.508+0000] {logging_mixin.py:188} INFO - [2025-07-04T06:15:10.508+0000] {dagbag.py:545} INFO - Filling up the DagBag from /home/airflow/.local/lib/python3.12/site-packages/airflow/example_dags/example_display_name.py
[2025-07-04T06:15:10.514+0000] {processor.py:840} INFO - DAG(s) 'example_display_name' retrieved from /home/airflow/.local/lib/python3.12/site-packages/airflow/example_dags/example_display_name.py
[2025-07-04T06:15:10.535+0000] {logging_mixin.py:188} INFO - [2025-07-04T06:15:10.535+0000] {dag.py:3096} INFO - Sync 1 DAGs
[2025-07-04T06:15:10.550+0000] {logging_mixin.py:188} INFO - [2025-07-04T06:15:10.550+0000] {dag.py:3954} INFO - Setting next_dagrun for example_display_name to None, run_after=None
[2025-07-04T06:15:10.571+0000] {processor.py:183} INFO - Processing /home/airflow/.local/lib/python3.12/site-packages/airflow/example_dags/example_display_name.py took 0.071 seconds
[2025-07-04T06:15:41.517+0000] {processor.py:161} INFO - Started process (PID=268) to work on /home/airflow/.local/lib/python3.12/site-packages/airflow/example_dags/example_display_name.py
[2025-07-04T06:15:41.518+0000] {processor.py:830} INFO - Processing file /home/airflow/.local/lib/python3.12/site-packages/airflow/example_dags/example_display_name.py for tasks to queue
[2025-07-04T06:15:41.520+0000] {logging_mixin.py:188} INFO - [2025-07-04T06:15:41.520+0000] {dagbag.py:545} INFO - Filling up the DagBag from /home/airflow/.local/lib/python3.12/site-packages/airflow/example_dags/example_display_name.py
[2025-07-04T06:15:41.527+0000] {processor.py:840} INFO - DAG(s) 'example_display_name' retrieved from /home/airflow/.local/lib/python3.12/site-packages/airflow/example_dags/example_display_name.py
[2025-07-04T06:15:41.548+0000] {logging_mixin.py:188} INFO - [2025-07-04T06:15:41.548+0000] {dag.py:3096} INFO - Sync 1 DAGs
[2025-07-04T06:15:41.564+0000] {logging_mixin.py:188} INFO - [2025-07-04T06:15:41.563+0000] {dag.py:3954} INFO - Setting next_dagrun for example_display_name to None, run_after=None
[2025-07-04T06:15:41.584+0000] {processor.py:183} INFO - Processing /home/airflow/.local/lib/python3.12/site-packages/airflow/example_dags/example_display_name.py took 0.073 seconds
[2025-07-04T06:16:11.890+0000] {processor.py:161} INFO - Started process (PID=328) to work on /home/airflow/.local/lib/python3.12/site-packages/airflow/example_dags/example_display_name.py
[2025-07-04T06:16:11.891+0000] {processor.py:830} INFO - Processing file /home/airflow/.local/lib/python3.12/site-packages/airflow/example_dags/example_display_name.py for tasks to queue
[2025-07-04T06:16:11.892+0000] {logging_mixin.py:188} INFO - [2025-07-04T06:16:11.892+0000] {dagbag.py:545} INFO - Filling up the DagBag from /home/airflow/.local/lib/python3.12/site-packages/airflow/example_dags/example_display_name.py
[2025-07-04T06:16:11.898+0000] {processor.py:840} INFO - DAG(s) 'example_display_name' retrieved from /home/airflow/.local/lib/python3.12/site-packages/airflow/example_dags/example_display_name.py
[2025-07-04T06:16:11.917+0000] {logging_mixin.py:188} INFO - [2025-07-04T06:16:11.917+0000] {dag.py:3096} INFO - Sync 1 DAGs
[2025-07-04T06:16:11.931+0000] {logging_mixin.py:188} INFO - [2025-07-04T06:16:11.930+0000] {dag.py:3954} INFO - Setting next_dagrun for example_display_name to None, run_after=None
[2025-07-04T06:16:11.948+0000] {processor.py:183} INFO - Processing /home/airflow/.local/lib/python3.12/site-packages/airflow/example_dags/example_display_name.py took 0.064 seconds
[2025-07-04T06:16:42.043+0000] {processor.py:161} INFO - Started process (PID=387) to work on /home/airflow/.local/lib/python3.12/site-packages/airflow/example_dags/example_display_name.py
[2025-07-04T06:16:42.043+0000] {processor.py:830} INFO - Processing file /home/airflow/.local/lib/python3.12/site-packages/airflow/example_dags/example_display_name.py for tasks to queue
[2025-07-04T06:16:42.045+0000] {logging_mixin.py:188} INFO - [2025-07-04T06:16:42.045+0000] {dagbag.py:545} INFO - Filling up the DagBag from /home/airflow/.local/lib/python3.12/site-packages/airflow/example_dags/example_display_name.py
[2025-07-04T06:16:42.050+0000] {processor.py:840} INFO - DAG(s) 'example_display_name' retrieved from /home/airflow/.local/lib/python3.12/site-packages/airflow/example_dags/example_display_name.py
[2025-07-04T06:16:42.068+0000] {logging_mixin.py:188} INFO - [2025-07-04T06:16:42.068+0000] {dag.py:3096} INFO - Sync 1 DAGs
[2025-07-04T06:16:42.081+0000] {logging_mixin.py:188} INFO - [2025-07-04T06:16:42.080+0000] {dag.py:3954} INFO - Setting next_dagrun for example_display_name to None, run_after=None
[2025-07-04T06:16:42.100+0000] {processor.py:183} INFO - Processing /home/airflow/.local/lib/python3.12/site-packages/airflow/example_dags/example_display_name.py took 0.062 seconds
[2025-07-04T06:17:12.283+0000] {processor.py:161} INFO - Started process (PID=446) to work on /home/airflow/.local/lib/python3.12/site-packages/airflow/example_dags/example_display_name.py
[2025-07-04T06:17:12.285+0000] {processor.py:830} INFO - Processing file /home/airflow/.local/lib/python3.12/site-packages/airflow/example_dags/example_display_name.py for tasks to queue
[2025-07-04T06:17:12.287+0000] {logging_mixin.py:188} INFO - [2025-07-04T06:17:12.286+0000] {dagbag.py:545} INFO - Filling up the DagBag from /home/airflow/.local/lib/python3.12/site-packages/airflow/example_dags/example_display_name.py
[2025-07-04T06:17:12.294+0000] {processor.py:840} INFO - DAG(s) 'example_display_name' retrieved from /home/airflow/.local/lib/python3.12/site-packages/airflow/example_dags/example_display_name.py
[2025-07-04T06:17:12.315+0000] {logging_mixin.py:188} INFO - [2025-07-04T06:17:12.315+0000] {dag.py:3096} INFO - Sync 1 DAGs
[2025-07-04T06:17:12.329+0000] {logging_mixin.py:188} INFO - [2025-07-04T06:17:12.329+0000] {dag.py:3954} INFO - Setting next_dagrun for example_display_name to None, run_after=None
[2025-07-04T06:17:12.349+0000] {processor.py:183} INFO - Processing /home/airflow/.local/lib/python3.12/site-packages/airflow/example_dags/example_display_name.py took 0.073 seconds
[2025-07-04T06:17:42.499+0000] {processor.py:161} INFO - Started process (PID=506) to work on /home/airflow/.local/lib/python3.12/site-packages/airflow/example_dags/example_display_name.py
[2025-07-04T06:17:42.499+0000] {processor.py:830} INFO - Processing file /home/airflow/.local/lib/python3.12/site-packages/airflow/example_dags/example_display_name.py for tasks to queue
[2025-07-04T06:17:42.501+0000] {logging_mixin.py:188} INFO - [2025-07-04T06:17:42.501+0000] {dagbag.py:545} INFO - Filling up the DagBag from /home/airflow/.local/lib/python3.12/site-packages/airflow/example_dags/example_display_name.py
[2025-07-04T06:17:42.507+0000] {processor.py:840} INFO - DAG(s) 'example_display_name' retrieved from /home/airflow/.local/lib/python3.12/site-packages/airflow/example_dags/example_display_name.py
[2025-07-04T06:17:42.527+0000] {logging_mixin.py:188} INFO - [2025-07-04T06:17:42.527+0000] {dag.py:3096} INFO - Sync 1 DAGs
[2025-07-04T06:17:42.541+0000] {logging_mixin.py:188} INFO - [2025-07-04T06:17:42.540+0000] {dag.py:3954} INFO - Setting next_dagrun for example_display_name to None, run_after=None
[2025-07-04T06:17:42.563+0000] {processor.py:183} INFO - Processing /home/airflow/.local/lib/python3.12/site-packages/airflow/example_dags/example_display_name.py took 0.070 seconds
[2025-07-04T06:18:12.629+0000] {processor.py:161} INFO - Started process (PID=566) to work on /home/airflow/.local/lib/python3.12/site-packages/airflow/example_dags/example_display_name.py
[2025-07-04T06:18:12.630+0000] {processor.py:830} INFO - Processing file /home/airflow/.local/lib/python3.12/site-packages/airflow/example_dags/example_display_name.py for tasks to queue
[2025-07-04T06:18:12.632+0000] {logging_mixin.py:188} INFO - [2025-07-04T06:18:12.631+0000] {dagbag.py:545} INFO - Filling up the DagBag from /home/airflow/.local/lib/python3.12/site-packages/airflow/example_dags/example_display_name.py
[2025-07-04T06:18:12.637+0000] {processor.py:840} INFO - DAG(s) 'example_display_name' retrieved from /home/airflow/.local/lib/python3.12/site-packages/airflow/example_dags/example_display_name.py
[2025-07-04T06:18:12.655+0000] {logging_mixin.py:188} INFO - [2025-07-04T06:18:12.654+0000] {dag.py:3096} INFO - Sync 1 DAGs
[2025-07-04T06:18:12.666+0000] {logging_mixin.py:188} INFO - [2025-07-04T06:18:12.666+0000] {dag.py:3954} INFO - Setting next_dagrun for example_display_name to None, run_after=None
[2025-07-04T06:18:12.684+0000] {processor.py:183} INFO - Processing /home/airflow/.local/lib/python3.12/site-packages/airflow/example_dags/example_display_name.py took 0.060 seconds
[2025-07-04T06:18:43.457+0000] {processor.py:161} INFO - Started process (PID=626) to work on /home/airflow/.local/lib/python3.12/site-packages/airflow/example_dags/example_display_name.py
[2025-07-04T06:18:43.459+0000] {processor.py:830} INFO - Processing file /home/airflow/.local/lib/python3.12/site-packages/airflow/example_dags/example_display_name.py for tasks to queue
[2025-07-04T06:18:43.462+0000] {logging_mixin.py:188} INFO - [2025-07-04T06:18:43.462+0000] {dagbag.py:545} INFO - Filling up the DagBag from /home/airflow/.local/lib/python3.12/site-packages/airflow/example_dags/example_display_name.py
[2025-07-04T06:18:43.470+0000] {processor.py:840} INFO - DAG(s) 'example_display_name' retrieved from /home/airflow/.local/lib/python3.12/site-packages/airflow/example_dags/example_display_name.py
[2025-07-04T06:18:43.498+0000] {logging_mixin.py:188} INFO - [2025-07-04T06:18:43.498+0000] {dag.py:3096} INFO - Sync 1 DAGs
[2025-07-04T06:18:43.517+0000] {logging_mixin.py:188} INFO - [2025-07-04T06:18:43.516+0000] {dag.py:3954} INFO - Setting next_dagrun for example_display_name to None, run_after=None
[2025-07-04T06:18:43.549+0000] {processor.py:183} INFO - Processing /home/airflow/.local/lib/python3.12/site-packages/airflow/example_dags/example_display_name.py took 0.101 seconds
[2025-07-04T06:19:13.621+0000] {processor.py:161} INFO - Started process (PID=686) to work on /home/airflow/.local/lib/python3.12/site-packages/airflow/example_dags/example_display_name.py
[2025-07-04T06:19:13.622+0000] {processor.py:830} INFO - Processing file /home/airflow/.local/lib/python3.12/site-packages/airflow/example_dags/example_display_name.py for tasks to queue
[2025-07-04T06:19:13.624+0000] {logging_mixin.py:188} INFO - [2025-07-04T06:19:13.623+0000] {dagbag.py:545} INFO - Filling up the DagBag from /home/airflow/.local/lib/python3.12/site-packages/airflow/example_dags/example_display_name.py
[2025-07-04T06:19:13.630+0000] {processor.py:840} INFO - DAG(s) 'example_display_name' retrieved from /home/airflow/.local/lib/python3.12/site-packages/airflow/example_dags/example_display_name.py
[2025-07-04T06:19:13.650+0000] {logging_mixin.py:188} INFO - [2025-07-04T06:19:13.650+0000] {dag.py:3096} INFO - Sync 1 DAGs
[2025-07-04T06:19:13.665+0000] {logging_mixin.py:188} INFO - [2025-07-04T06:19:13.665+0000] {dag.py:3954} INFO - Setting next_dagrun for example_display_name to None, run_after=None
[2025-07-04T06:19:13.684+0000] {processor.py:183} INFO - Processing /home/airflow/.local/lib/python3.12/site-packages/airflow/example_dags/example_display_name.py took 0.068 seconds
[2025-07-04T06:19:43.848+0000] {processor.py:161} INFO - Started process (PID=746) to work on /home/airflow/.local/lib/python3.12/site-packages/airflow/example_dags/example_display_name.py
[2025-07-04T06:19:43.848+0000] {processor.py:830} INFO - Processing file /home/airflow/.local/lib/python3.12/site-packages/airflow/example_dags/example_display_name.py for tasks to queue
[2025-07-04T06:19:43.850+0000] {logging_mixin.py:188} INFO - [2025-07-04T06:19:43.850+0000] {dagbag.py:545} INFO - Filling up the DagBag from /home/airflow/.local/lib/python3.12/site-packages/airflow/example_dags/example_display_name.py
[2025-07-04T06:19:43.855+0000] {processor.py:840} INFO - DAG(s) 'example_display_name' retrieved from /home/airflow/.local/lib/python3.12/site-packages/airflow/example_dags/example_display_name.py
[2025-07-04T06:19:43.874+0000] {logging_mixin.py:188} INFO - [2025-07-04T06:19:43.874+0000] {dag.py:3096} INFO - Sync 1 DAGs
[2025-07-04T06:19:43.887+0000] {logging_mixin.py:188} INFO - [2025-07-04T06:19:43.886+0000] {dag.py:3954} INFO - Setting next_dagrun for example_display_name to None, run_after=None
[2025-07-04T06:19:43.905+0000] {processor.py:183} INFO - Processing /home/airflow/.local/lib/python3.12/site-packages/airflow/example_dags/example_display_name.py took 0.063 seconds
[2025-07-04T06:20:14.407+0000] {processor.py:161} INFO - Started process (PID=806) to work on /home/airflow/.local/lib/python3.12/site-packages/airflow/example_dags/example_display_name.py
[2025-07-04T06:20:14.409+0000] {processor.py:830} INFO - Processing file /home/airflow/.local/lib/python3.12/site-packages/airflow/example_dags/example_display_name.py for tasks to queue
[2025-07-04T06:20:14.411+0000] {logging_mixin.py:188} INFO - [2025-07-04T06:20:14.411+0000] {dagbag.py:545} INFO - Filling up the DagBag from /home/airflow/.local/lib/python3.12/site-packages/airflow/example_dags/example_display_name.py
[2025-07-04T06:20:14.417+0000] {processor.py:840} INFO - DAG(s) 'example_display_name' retrieved from /home/airflow/.local/lib/python3.12/site-packages/airflow/example_dags/example_display_name.py
[2025-07-04T06:20:14.439+0000] {logging_mixin.py:188} INFO - [2025-07-04T06:20:14.438+0000] {dag.py:3096} INFO - Sync 1 DAGs
[2025-07-04T06:20:14.452+0000] {logging_mixin.py:188} INFO - [2025-07-04T06:20:14.452+0000] {dag.py:3954} INFO - Setting next_dagrun for example_display_name to None, run_after=None
[2025-07-04T06:20:14.472+0000] {processor.py:183} INFO - Processing /home/airflow/.local/lib/python3.12/site-packages/airflow/example_dags/example_display_name.py took 0.072 seconds
[2025-07-04T06:20:45.101+0000] {processor.py:161} INFO - Started process (PID=866) to work on /home/airflow/.local/lib/python3.12/site-packages/airflow/example_dags/example_display_name.py
[2025-07-04T06:20:45.103+0000] {processor.py:830} INFO - Processing file /home/airflow/.local/lib/python3.12/site-packages/airflow/example_dags/example_display_name.py for tasks to queue
[2025-07-04T06:20:45.105+0000] {logging_mixin.py:188} INFO - [2025-07-04T06:20:45.104+0000] {dagbag.py:545} INFO - Filling up the DagBag from /home/airflow/.local/lib/python3.12/site-packages/airflow/example_dags/example_display_name.py
[2025-07-04T06:20:45.111+0000] {processor.py:840} INFO - DAG(s) 'example_display_name' retrieved from /home/airflow/.local/lib/python3.12/site-packages/airflow/example_dags/example_display_name.py
[2025-07-04T06:20:45.141+0000] {logging_mixin.py:188} INFO - [2025-07-04T06:20:45.141+0000] {dag.py:3096} INFO - Sync 1 DAGs
[2025-07-04T06:20:45.158+0000] {logging_mixin.py:188} INFO - [2025-07-04T06:20:45.158+0000] {dag.py:3954} INFO - Setting next_dagrun for example_display_name to None, run_after=None
[2025-07-04T06:20:45.182+0000] {processor.py:183} INFO - Processing /home/airflow/.local/lib/python3.12/site-packages/airflow/example_dags/example_display_name.py took 0.088 seconds
