[2025-07-04T06:13:45.400+0000] {processor.py:161} INFO - Started process (PID=75) to work on /home/airflow/.local/lib/python3.12/site-packages/airflow/example_dags/example_skip_dag.py
[2025-07-04T06:13:45.401+0000] {processor.py:830} INFO - Processing file /home/airflow/.local/lib/python3.12/site-packages/airflow/example_dags/example_skip_dag.py for tasks to queue
[2025-07-04T06:13:45.403+0000] {logging_mixin.py:188} INFO - [2025-07-04T06:13:45.403+0000] {dagbag.py:545} INFO - Filling up the DagBag from /home/airflow/.local/lib/python3.12/site-packages/airflow/example_dags/example_skip_dag.py
[2025-07-04T06:13:45.416+0000] {processor.py:840} INFO - DAG(s) 'example_skip_dag' retrieved from /home/airflow/.local/lib/python3.12/site-packages/airflow/example_dags/example_skip_dag.py
[2025-07-04T06:13:45.565+0000] {logging_mixin.py:188} INFO - [2025-07-04T06:13:45.564+0000] {dag.py:3096} INFO - Sync 1 DAGs
[2025-07-04T06:13:45.599+0000] {logging_mixin.py:188} INFO - [2025-07-04T06:13:45.599+0000] {dag.py:3954} INFO - Setting next_dagrun for example_skip_dag to 2025-07-03 00:00:00+00:00, run_after=2025-07-04 00:00:00+00:00
[2025-07-04T06:13:45.633+0000] {processor.py:183} INFO - Processing /home/airflow/.local/lib/python3.12/site-packages/airflow/example_dags/example_skip_dag.py took 0.240 seconds
[2025-07-04T06:14:06.732+0000] {processor.py:161} INFO - Started process (PID=64) to work on /home/airflow/.local/lib/python3.12/site-packages/airflow/example_dags/example_skip_dag.py
[2025-07-04T06:14:06.733+0000] {processor.py:830} INFO - Processing file /home/airflow/.local/lib/python3.12/site-packages/airflow/example_dags/example_skip_dag.py for tasks to queue
[2025-07-04T06:14:06.736+0000] {logging_mixin.py:188} INFO - [2025-07-04T06:14:06.735+0000] {dagbag.py:545} INFO - Filling up the DagBag from /home/airflow/.local/lib/python3.12/site-packages/airflow/example_dags/example_skip_dag.py
[2025-07-04T06:14:06.749+0000] {processor.py:840} INFO - DAG(s) 'example_skip_dag' retrieved from /home/airflow/.local/lib/python3.12/site-packages/airflow/example_dags/example_skip_dag.py
[2025-07-04T06:14:06.763+0000] {logging_mixin.py:188} INFO - [2025-07-04T06:14:06.763+0000] {dag.py:3096} INFO - Sync 1 DAGs
[2025-07-04T06:14:06.791+0000] {logging_mixin.py:188} INFO - [2025-07-04T06:14:06.791+0000] {dag.py:3954} INFO - Setting next_dagrun for example_skip_dag to 2025-07-03 00:00:00+00:00, run_after=2025-07-04 00:00:00+00:00
[2025-07-04T06:14:06.815+0000] {processor.py:183} INFO - Processing /home/airflow/.local/lib/python3.12/site-packages/airflow/example_dags/example_skip_dag.py took 0.089 seconds
[2025-07-04T06:14:37.169+0000] {processor.py:161} INFO - Started process (PID=122) to work on /home/airflow/.local/lib/python3.12/site-packages/airflow/example_dags/example_skip_dag.py
[2025-07-04T06:14:37.170+0000] {processor.py:830} INFO - Processing file /home/airflow/.local/lib/python3.12/site-packages/airflow/example_dags/example_skip_dag.py for tasks to queue
[2025-07-04T06:14:37.173+0000] {logging_mixin.py:188} INFO - [2025-07-04T06:14:37.172+0000] {dagbag.py:545} INFO - Filling up the DagBag from /home/airflow/.local/lib/python3.12/site-packages/airflow/example_dags/example_skip_dag.py
[2025-07-04T06:14:37.180+0000] {processor.py:840} INFO - DAG(s) 'example_skip_dag' retrieved from /home/airflow/.local/lib/python3.12/site-packages/airflow/example_dags/example_skip_dag.py
[2025-07-04T06:14:37.205+0000] {logging_mixin.py:188} INFO - [2025-07-04T06:14:37.205+0000] {dag.py:3096} INFO - Sync 1 DAGs
[2025-07-04T06:14:37.233+0000] {logging_mixin.py:188} INFO - [2025-07-04T06:14:37.233+0000] {dag.py:3954} INFO - Setting next_dagrun for example_skip_dag to 2025-07-03 00:00:00+00:00, run_after=2025-07-04 00:00:00+00:00
[2025-07-04T06:14:37.258+0000] {processor.py:183} INFO - Processing /home/airflow/.local/lib/python3.12/site-packages/airflow/example_dags/example_skip_dag.py took 0.095 seconds
[2025-07-04T06:15:07.685+0000] {processor.py:161} INFO - Started process (PID=182) to work on /home/airflow/.local/lib/python3.12/site-packages/airflow/example_dags/example_skip_dag.py
[2025-07-04T06:15:07.687+0000] {processor.py:830} INFO - Processing file /home/airflow/.local/lib/python3.12/site-packages/airflow/example_dags/example_skip_dag.py for tasks to queue
[2025-07-04T06:15:07.690+0000] {logging_mixin.py:188} INFO - [2025-07-04T06:15:07.689+0000] {dagbag.py:545} INFO - Filling up the DagBag from /home/airflow/.local/lib/python3.12/site-packages/airflow/example_dags/example_skip_dag.py
[2025-07-04T06:15:07.701+0000] {processor.py:840} INFO - DAG(s) 'example_skip_dag' retrieved from /home/airflow/.local/lib/python3.12/site-packages/airflow/example_dags/example_skip_dag.py
[2025-07-04T06:15:07.729+0000] {logging_mixin.py:188} INFO - [2025-07-04T06:15:07.729+0000] {dag.py:3096} INFO - Sync 1 DAGs
[2025-07-04T06:15:07.760+0000] {logging_mixin.py:188} INFO - [2025-07-04T06:15:07.760+0000] {dag.py:3954} INFO - Setting next_dagrun for example_skip_dag to 2025-07-03 00:00:00+00:00, run_after=2025-07-04 00:00:00+00:00
[2025-07-04T06:15:07.788+0000] {processor.py:183} INFO - Processing /home/airflow/.local/lib/python3.12/site-packages/airflow/example_dags/example_skip_dag.py took 0.110 seconds
[2025-07-04T06:15:38.147+0000] {processor.py:161} INFO - Started process (PID=242) to work on /home/airflow/.local/lib/python3.12/site-packages/airflow/example_dags/example_skip_dag.py
[2025-07-04T06:15:38.149+0000] {processor.py:830} INFO - Processing file /home/airflow/.local/lib/python3.12/site-packages/airflow/example_dags/example_skip_dag.py for tasks to queue
[2025-07-04T06:15:38.151+0000] {logging_mixin.py:188} INFO - [2025-07-04T06:15:38.150+0000] {dagbag.py:545} INFO - Filling up the DagBag from /home/airflow/.local/lib/python3.12/site-packages/airflow/example_dags/example_skip_dag.py
[2025-07-04T06:15:38.157+0000] {processor.py:840} INFO - DAG(s) 'example_skip_dag' retrieved from /home/airflow/.local/lib/python3.12/site-packages/airflow/example_dags/example_skip_dag.py
[2025-07-04T06:15:38.180+0000] {logging_mixin.py:188} INFO - [2025-07-04T06:15:38.179+0000] {dag.py:3096} INFO - Sync 1 DAGs
[2025-07-04T06:15:38.204+0000] {logging_mixin.py:188} INFO - [2025-07-04T06:15:38.204+0000] {dag.py:3954} INFO - Setting next_dagrun for example_skip_dag to 2025-07-03 00:00:00+00:00, run_after=2025-07-04 00:00:00+00:00
[2025-07-04T06:15:38.224+0000] {processor.py:183} INFO - Processing /home/airflow/.local/lib/python3.12/site-packages/airflow/example_dags/example_skip_dag.py took 0.083 seconds
[2025-07-04T06:16:08.669+0000] {processor.py:161} INFO - Started process (PID=302) to work on /home/airflow/.local/lib/python3.12/site-packages/airflow/example_dags/example_skip_dag.py
[2025-07-04T06:16:08.670+0000] {processor.py:830} INFO - Processing file /home/airflow/.local/lib/python3.12/site-packages/airflow/example_dags/example_skip_dag.py for tasks to queue
[2025-07-04T06:16:08.671+0000] {logging_mixin.py:188} INFO - [2025-07-04T06:16:08.671+0000] {dagbag.py:545} INFO - Filling up the DagBag from /home/airflow/.local/lib/python3.12/site-packages/airflow/example_dags/example_skip_dag.py
[2025-07-04T06:16:08.677+0000] {processor.py:840} INFO - DAG(s) 'example_skip_dag' retrieved from /home/airflow/.local/lib/python3.12/site-packages/airflow/example_dags/example_skip_dag.py
[2025-07-04T06:16:08.698+0000] {logging_mixin.py:188} INFO - [2025-07-04T06:16:08.698+0000] {dag.py:3096} INFO - Sync 1 DAGs
[2025-07-04T06:16:08.721+0000] {logging_mixin.py:188} INFO - [2025-07-04T06:16:08.720+0000] {dag.py:3954} INFO - Setting next_dagrun for example_skip_dag to 2025-07-03 00:00:00+00:00, run_after=2025-07-04 00:00:00+00:00
[2025-07-04T06:16:08.739+0000] {processor.py:183} INFO - Processing /home/airflow/.local/lib/python3.12/site-packages/airflow/example_dags/example_skip_dag.py took 0.075 seconds
[2025-07-04T06:16:38.914+0000] {processor.py:161} INFO - Started process (PID=362) to work on /home/airflow/.local/lib/python3.12/site-packages/airflow/example_dags/example_skip_dag.py
[2025-07-04T06:16:38.915+0000] {processor.py:830} INFO - Processing file /home/airflow/.local/lib/python3.12/site-packages/airflow/example_dags/example_skip_dag.py for tasks to queue
[2025-07-04T06:16:38.917+0000] {logging_mixin.py:188} INFO - [2025-07-04T06:16:38.917+0000] {dagbag.py:545} INFO - Filling up the DagBag from /home/airflow/.local/lib/python3.12/site-packages/airflow/example_dags/example_skip_dag.py
[2025-07-04T06:16:38.922+0000] {processor.py:840} INFO - DAG(s) 'example_skip_dag' retrieved from /home/airflow/.local/lib/python3.12/site-packages/airflow/example_dags/example_skip_dag.py
[2025-07-04T06:16:38.943+0000] {logging_mixin.py:188} INFO - [2025-07-04T06:16:38.942+0000] {dag.py:3096} INFO - Sync 1 DAGs
[2025-07-04T06:16:38.965+0000] {logging_mixin.py:188} INFO - [2025-07-04T06:16:38.965+0000] {dag.py:3954} INFO - Setting next_dagrun for example_skip_dag to 2025-07-03 00:00:00+00:00, run_after=2025-07-04 00:00:00+00:00
[2025-07-04T06:16:38.988+0000] {processor.py:183} INFO - Processing /home/airflow/.local/lib/python3.12/site-packages/airflow/example_dags/example_skip_dag.py took 0.079 seconds
[2025-07-04T06:17:09.233+0000] {processor.py:161} INFO - Started process (PID=422) to work on /home/airflow/.local/lib/python3.12/site-packages/airflow/example_dags/example_skip_dag.py
[2025-07-04T06:17:09.233+0000] {processor.py:830} INFO - Processing file /home/airflow/.local/lib/python3.12/site-packages/airflow/example_dags/example_skip_dag.py for tasks to queue
[2025-07-04T06:17:09.235+0000] {logging_mixin.py:188} INFO - [2025-07-04T06:17:09.235+0000] {dagbag.py:545} INFO - Filling up the DagBag from /home/airflow/.local/lib/python3.12/site-packages/airflow/example_dags/example_skip_dag.py
[2025-07-04T06:17:09.242+0000] {processor.py:840} INFO - DAG(s) 'example_skip_dag' retrieved from /home/airflow/.local/lib/python3.12/site-packages/airflow/example_dags/example_skip_dag.py
[2025-07-04T06:17:09.263+0000] {logging_mixin.py:188} INFO - [2025-07-04T06:17:09.262+0000] {dag.py:3096} INFO - Sync 1 DAGs
[2025-07-04T06:17:09.286+0000] {logging_mixin.py:188} INFO - [2025-07-04T06:17:09.286+0000] {dag.py:3954} INFO - Setting next_dagrun for example_skip_dag to 2025-07-03 00:00:00+00:00, run_after=2025-07-04 00:00:00+00:00
[2025-07-04T06:17:09.308+0000] {processor.py:183} INFO - Processing /home/airflow/.local/lib/python3.12/site-packages/airflow/example_dags/example_skip_dag.py took 0.081 seconds
[2025-07-04T06:17:39.463+0000] {processor.py:161} INFO - Started process (PID=482) to work on /home/airflow/.local/lib/python3.12/site-packages/airflow/example_dags/example_skip_dag.py
[2025-07-04T06:17:39.464+0000] {processor.py:830} INFO - Processing file /home/airflow/.local/lib/python3.12/site-packages/airflow/example_dags/example_skip_dag.py for tasks to queue
[2025-07-04T06:17:39.465+0000] {logging_mixin.py:188} INFO - [2025-07-04T06:17:39.465+0000] {dagbag.py:545} INFO - Filling up the DagBag from /home/airflow/.local/lib/python3.12/site-packages/airflow/example_dags/example_skip_dag.py
[2025-07-04T06:17:39.471+0000] {processor.py:840} INFO - DAG(s) 'example_skip_dag' retrieved from /home/airflow/.local/lib/python3.12/site-packages/airflow/example_dags/example_skip_dag.py
[2025-07-04T06:17:39.491+0000] {logging_mixin.py:188} INFO - [2025-07-04T06:17:39.490+0000] {dag.py:3096} INFO - Sync 1 DAGs
[2025-07-04T06:17:39.514+0000] {logging_mixin.py:188} INFO - [2025-07-04T06:17:39.514+0000] {dag.py:3954} INFO - Setting next_dagrun for example_skip_dag to 2025-07-03 00:00:00+00:00, run_after=2025-07-04 00:00:00+00:00
[2025-07-04T06:17:39.533+0000] {processor.py:183} INFO - Processing /home/airflow/.local/lib/python3.12/site-packages/airflow/example_dags/example_skip_dag.py took 0.075 seconds
[2025-07-04T06:18:09.710+0000] {processor.py:161} INFO - Started process (PID=542) to work on /home/airflow/.local/lib/python3.12/site-packages/airflow/example_dags/example_skip_dag.py
[2025-07-04T06:18:09.711+0000] {processor.py:830} INFO - Processing file /home/airflow/.local/lib/python3.12/site-packages/airflow/example_dags/example_skip_dag.py for tasks to queue
[2025-07-04T06:18:09.712+0000] {logging_mixin.py:188} INFO - [2025-07-04T06:18:09.712+0000] {dagbag.py:545} INFO - Filling up the DagBag from /home/airflow/.local/lib/python3.12/site-packages/airflow/example_dags/example_skip_dag.py
[2025-07-04T06:18:09.718+0000] {processor.py:840} INFO - DAG(s) 'example_skip_dag' retrieved from /home/airflow/.local/lib/python3.12/site-packages/airflow/example_dags/example_skip_dag.py
[2025-07-04T06:18:09.737+0000] {logging_mixin.py:188} INFO - [2025-07-04T06:18:09.736+0000] {dag.py:3096} INFO - Sync 1 DAGs
[2025-07-04T06:18:09.757+0000] {logging_mixin.py:188} INFO - [2025-07-04T06:18:09.757+0000] {dag.py:3954} INFO - Setting next_dagrun for example_skip_dag to 2025-07-03 00:00:00+00:00, run_after=2025-07-04 00:00:00+00:00
[2025-07-04T06:18:09.774+0000] {processor.py:183} INFO - Processing /home/airflow/.local/lib/python3.12/site-packages/airflow/example_dags/example_skip_dag.py took 0.070 seconds
[2025-07-04T06:18:40.189+0000] {processor.py:161} INFO - Started process (PID=608) to work on /home/airflow/.local/lib/python3.12/site-packages/airflow/example_dags/example_skip_dag.py
[2025-07-04T06:18:40.190+0000] {processor.py:830} INFO - Processing file /home/airflow/.local/lib/python3.12/site-packages/airflow/example_dags/example_skip_dag.py for tasks to queue
[2025-07-04T06:18:40.191+0000] {logging_mixin.py:188} INFO - [2025-07-04T06:18:40.191+0000] {dagbag.py:545} INFO - Filling up the DagBag from /home/airflow/.local/lib/python3.12/site-packages/airflow/example_dags/example_skip_dag.py
[2025-07-04T06:18:40.199+0000] {processor.py:840} INFO - DAG(s) 'example_skip_dag' retrieved from /home/airflow/.local/lib/python3.12/site-packages/airflow/example_dags/example_skip_dag.py
[2025-07-04T06:18:40.225+0000] {logging_mixin.py:188} INFO - [2025-07-04T06:18:40.224+0000] {dag.py:3096} INFO - Sync 1 DAGs
[2025-07-04T06:18:40.251+0000] {logging_mixin.py:188} INFO - [2025-07-04T06:18:40.251+0000] {dag.py:3954} INFO - Setting next_dagrun for example_skip_dag to 2025-07-03 00:00:00+00:00, run_after=2025-07-04 00:00:00+00:00
[2025-07-04T06:18:40.273+0000] {processor.py:183} INFO - Processing /home/airflow/.local/lib/python3.12/site-packages/airflow/example_dags/example_skip_dag.py took 0.090 seconds
[2025-07-04T06:19:10.611+0000] {processor.py:161} INFO - Started process (PID=668) to work on /home/airflow/.local/lib/python3.12/site-packages/airflow/example_dags/example_skip_dag.py
[2025-07-04T06:19:10.612+0000] {processor.py:830} INFO - Processing file /home/airflow/.local/lib/python3.12/site-packages/airflow/example_dags/example_skip_dag.py for tasks to queue
[2025-07-04T06:19:10.614+0000] {logging_mixin.py:188} INFO - [2025-07-04T06:19:10.614+0000] {dagbag.py:545} INFO - Filling up the DagBag from /home/airflow/.local/lib/python3.12/site-packages/airflow/example_dags/example_skip_dag.py
[2025-07-04T06:19:10.621+0000] {processor.py:840} INFO - DAG(s) 'example_skip_dag' retrieved from /home/airflow/.local/lib/python3.12/site-packages/airflow/example_dags/example_skip_dag.py
[2025-07-04T06:19:10.646+0000] {logging_mixin.py:188} INFO - [2025-07-04T06:19:10.646+0000] {dag.py:3096} INFO - Sync 1 DAGs
[2025-07-04T06:19:10.671+0000] {logging_mixin.py:188} INFO - [2025-07-04T06:19:10.671+0000] {dag.py:3954} INFO - Setting next_dagrun for example_skip_dag to 2025-07-03 00:00:00+00:00, run_after=2025-07-04 00:00:00+00:00
[2025-07-04T06:19:10.692+0000] {processor.py:183} INFO - Processing /home/airflow/.local/lib/python3.12/site-packages/airflow/example_dags/example_skip_dag.py took 0.087 seconds
[2025-07-04T06:19:40.922+0000] {processor.py:161} INFO - Started process (PID=728) to work on /home/airflow/.local/lib/python3.12/site-packages/airflow/example_dags/example_skip_dag.py
[2025-07-04T06:19:40.923+0000] {processor.py:830} INFO - Processing file /home/airflow/.local/lib/python3.12/site-packages/airflow/example_dags/example_skip_dag.py for tasks to queue
[2025-07-04T06:19:40.925+0000] {logging_mixin.py:188} INFO - [2025-07-04T06:19:40.925+0000] {dagbag.py:545} INFO - Filling up the DagBag from /home/airflow/.local/lib/python3.12/site-packages/airflow/example_dags/example_skip_dag.py
[2025-07-04T06:19:40.931+0000] {processor.py:840} INFO - DAG(s) 'example_skip_dag' retrieved from /home/airflow/.local/lib/python3.12/site-packages/airflow/example_dags/example_skip_dag.py
[2025-07-04T06:19:40.950+0000] {logging_mixin.py:188} INFO - [2025-07-04T06:19:40.950+0000] {dag.py:3096} INFO - Sync 1 DAGs
[2025-07-04T06:19:40.973+0000] {logging_mixin.py:188} INFO - [2025-07-04T06:19:40.972+0000] {dag.py:3954} INFO - Setting next_dagrun for example_skip_dag to 2025-07-03 00:00:00+00:00, run_after=2025-07-04 00:00:00+00:00
[2025-07-04T06:19:40.992+0000] {processor.py:183} INFO - Processing /home/airflow/.local/lib/python3.12/site-packages/airflow/example_dags/example_skip_dag.py took 0.074 seconds
[2025-07-04T06:20:11.428+0000] {processor.py:161} INFO - Started process (PID=788) to work on /home/airflow/.local/lib/python3.12/site-packages/airflow/example_dags/example_skip_dag.py
[2025-07-04T06:20:11.429+0000] {processor.py:830} INFO - Processing file /home/airflow/.local/lib/python3.12/site-packages/airflow/example_dags/example_skip_dag.py for tasks to queue
[2025-07-04T06:20:11.431+0000] {logging_mixin.py:188} INFO - [2025-07-04T06:20:11.430+0000] {dagbag.py:545} INFO - Filling up the DagBag from /home/airflow/.local/lib/python3.12/site-packages/airflow/example_dags/example_skip_dag.py
[2025-07-04T06:20:11.436+0000] {processor.py:840} INFO - DAG(s) 'example_skip_dag' retrieved from /home/airflow/.local/lib/python3.12/site-packages/airflow/example_dags/example_skip_dag.py
[2025-07-04T06:20:11.456+0000] {logging_mixin.py:188} INFO - [2025-07-04T06:20:11.456+0000] {dag.py:3096} INFO - Sync 1 DAGs
[2025-07-04T06:20:11.476+0000] {logging_mixin.py:188} INFO - [2025-07-04T06:20:11.476+0000] {dag.py:3954} INFO - Setting next_dagrun for example_skip_dag to 2025-07-03 00:00:00+00:00, run_after=2025-07-04 00:00:00+00:00
[2025-07-04T06:20:11.494+0000] {processor.py:183} INFO - Processing /home/airflow/.local/lib/python3.12/site-packages/airflow/example_dags/example_skip_dag.py took 0.070 seconds
[2025-07-04T06:20:42.195+0000] {processor.py:161} INFO - Started process (PID=848) to work on /home/airflow/.local/lib/python3.12/site-packages/airflow/example_dags/example_skip_dag.py
[2025-07-04T06:20:42.199+0000] {processor.py:830} INFO - Processing file /home/airflow/.local/lib/python3.12/site-packages/airflow/example_dags/example_skip_dag.py for tasks to queue
[2025-07-04T06:20:42.203+0000] {logging_mixin.py:188} INFO - [2025-07-04T06:20:42.203+0000] {dagbag.py:545} INFO - Filling up the DagBag from /home/airflow/.local/lib/python3.12/site-packages/airflow/example_dags/example_skip_dag.py
[2025-07-04T06:20:42.225+0000] {processor.py:840} INFO - DAG(s) 'example_skip_dag' retrieved from /home/airflow/.local/lib/python3.12/site-packages/airflow/example_dags/example_skip_dag.py
[2025-07-04T06:20:42.284+0000] {logging_mixin.py:188} INFO - [2025-07-04T06:20:42.283+0000] {dag.py:3096} INFO - Sync 1 DAGs
[2025-07-04T06:20:42.365+0000] {logging_mixin.py:188} INFO - [2025-07-04T06:20:42.364+0000] {dag.py:3954} INFO - Setting next_dagrun for example_skip_dag to 2025-07-03 00:00:00+00:00, run_after=2025-07-04 00:00:00+00:00
[2025-07-04T06:20:42.438+0000] {processor.py:183} INFO - Processing /home/airflow/.local/lib/python3.12/site-packages/airflow/example_dags/example_skip_dag.py took 0.259 seconds
