[2025-07-04T06:14:13.120+0000] {processor.py:161} INFO - Started process (PID=110) to work on /home/airflow/.local/lib/python3.12/site-packages/airflow/example_dags/example_setup_teardown.py
[2025-07-04T06:14:13.122+0000] {processor.py:830} INFO - Processing file /home/airflow/.local/lib/python3.12/site-packages/airflow/example_dags/example_setup_teardown.py for tasks to queue
[2025-07-04T06:14:13.124+0000] {logging_mixin.py:188} INFO - [2025-07-04T06:14:13.123+0000] {dagbag.py:545} INFO - Filling up the DagBag from /home/airflow/.local/lib/python3.12/site-packages/airflow/example_dags/example_setup_teardown.py
[2025-07-04T06:14:13.132+0000] {processor.py:840} INFO - DAG(s) 'example_setup_teardown' retrieved from /home/airflow/.local/lib/python3.12/site-packages/airflow/example_dags/example_setup_teardown.py
[2025-07-04T06:14:13.254+0000] {logging_mixin.py:188} INFO - [2025-07-04T06:14:13.254+0000] {dag.py:3096} INFO - Sync 1 DAGs
[2025-07-04T06:14:13.277+0000] {logging_mixin.py:188} INFO - [2025-07-04T06:14:13.277+0000] {dag.py:3954} INFO - Setting next_dagrun for example_setup_teardown to 2025-07-03 00:00:00+00:00, run_after=2025-07-04 00:00:00+00:00
[2025-07-04T06:14:13.298+0000] {processor.py:183} INFO - Processing /home/airflow/.local/lib/python3.12/site-packages/airflow/example_dags/example_setup_teardown.py took 0.184 seconds
[2025-07-04T06:14:43.632+0000] {processor.py:161} INFO - Started process (PID=170) to work on /home/airflow/.local/lib/python3.12/site-packages/airflow/example_dags/example_setup_teardown.py
[2025-07-04T06:14:43.633+0000] {processor.py:830} INFO - Processing file /home/airflow/.local/lib/python3.12/site-packages/airflow/example_dags/example_setup_teardown.py for tasks to queue
[2025-07-04T06:14:43.636+0000] {logging_mixin.py:188} INFO - [2025-07-04T06:14:43.635+0000] {dagbag.py:545} INFO - Filling up the DagBag from /home/airflow/.local/lib/python3.12/site-packages/airflow/example_dags/example_setup_teardown.py
[2025-07-04T06:14:43.648+0000] {processor.py:840} INFO - DAG(s) 'example_setup_teardown' retrieved from /home/airflow/.local/lib/python3.12/site-packages/airflow/example_dags/example_setup_teardown.py
[2025-07-04T06:14:43.684+0000] {logging_mixin.py:188} INFO - [2025-07-04T06:14:43.683+0000] {dag.py:3096} INFO - Sync 1 DAGs
[2025-07-04T06:14:43.720+0000] {logging_mixin.py:188} INFO - [2025-07-04T06:14:43.720+0000] {dag.py:3954} INFO - Setting next_dagrun for example_setup_teardown to 2025-07-03 00:00:00+00:00, run_after=2025-07-04 00:00:00+00:00
[2025-07-04T06:14:43.753+0000] {processor.py:183} INFO - Processing /home/airflow/.local/lib/python3.12/site-packages/airflow/example_dags/example_setup_teardown.py took 0.128 seconds
[2025-07-04T06:15:13.987+0000] {processor.py:161} INFO - Started process (PID=230) to work on /home/airflow/.local/lib/python3.12/site-packages/airflow/example_dags/example_setup_teardown.py
[2025-07-04T06:15:13.988+0000] {processor.py:830} INFO - Processing file /home/airflow/.local/lib/python3.12/site-packages/airflow/example_dags/example_setup_teardown.py for tasks to queue
[2025-07-04T06:15:13.990+0000] {logging_mixin.py:188} INFO - [2025-07-04T06:15:13.989+0000] {dagbag.py:545} INFO - Filling up the DagBag from /home/airflow/.local/lib/python3.12/site-packages/airflow/example_dags/example_setup_teardown.py
[2025-07-04T06:15:13.997+0000] {processor.py:840} INFO - DAG(s) 'example_setup_teardown' retrieved from /home/airflow/.local/lib/python3.12/site-packages/airflow/example_dags/example_setup_teardown.py
[2025-07-04T06:15:14.019+0000] {logging_mixin.py:188} INFO - [2025-07-04T06:15:14.019+0000] {dag.py:3096} INFO - Sync 1 DAGs
[2025-07-04T06:15:14.043+0000] {logging_mixin.py:188} INFO - [2025-07-04T06:15:14.043+0000] {dag.py:3954} INFO - Setting next_dagrun for example_setup_teardown to 2025-07-03 00:00:00+00:00, run_after=2025-07-04 00:00:00+00:00
[2025-07-04T06:15:14.065+0000] {processor.py:183} INFO - Processing /home/airflow/.local/lib/python3.12/site-packages/airflow/example_dags/example_setup_teardown.py took 0.084 seconds
[2025-07-04T06:15:44.926+0000] {processor.py:161} INFO - Started process (PID=290) to work on /home/airflow/.local/lib/python3.12/site-packages/airflow/example_dags/example_setup_teardown.py
[2025-07-04T06:15:44.927+0000] {processor.py:830} INFO - Processing file /home/airflow/.local/lib/python3.12/site-packages/airflow/example_dags/example_setup_teardown.py for tasks to queue
[2025-07-04T06:15:44.929+0000] {logging_mixin.py:188} INFO - [2025-07-04T06:15:44.929+0000] {dagbag.py:545} INFO - Filling up the DagBag from /home/airflow/.local/lib/python3.12/site-packages/airflow/example_dags/example_setup_teardown.py
[2025-07-04T06:15:44.936+0000] {processor.py:840} INFO - DAG(s) 'example_setup_teardown' retrieved from /home/airflow/.local/lib/python3.12/site-packages/airflow/example_dags/example_setup_teardown.py
[2025-07-04T06:15:44.958+0000] {logging_mixin.py:188} INFO - [2025-07-04T06:15:44.957+0000] {dag.py:3096} INFO - Sync 1 DAGs
[2025-07-04T06:15:44.982+0000] {logging_mixin.py:188} INFO - [2025-07-04T06:15:44.982+0000] {dag.py:3954} INFO - Setting next_dagrun for example_setup_teardown to 2025-07-03 00:00:00+00:00, run_after=2025-07-04 00:00:00+00:00
[2025-07-04T06:15:45.002+0000] {processor.py:183} INFO - Processing /home/airflow/.local/lib/python3.12/site-packages/airflow/example_dags/example_setup_teardown.py took 0.081 seconds
[2025-07-04T06:16:15.335+0000] {processor.py:161} INFO - Started process (PID=350) to work on /home/airflow/.local/lib/python3.12/site-packages/airflow/example_dags/example_setup_teardown.py
[2025-07-04T06:16:15.336+0000] {processor.py:830} INFO - Processing file /home/airflow/.local/lib/python3.12/site-packages/airflow/example_dags/example_setup_teardown.py for tasks to queue
[2025-07-04T06:16:15.338+0000] {logging_mixin.py:188} INFO - [2025-07-04T06:16:15.338+0000] {dagbag.py:545} INFO - Filling up the DagBag from /home/airflow/.local/lib/python3.12/site-packages/airflow/example_dags/example_setup_teardown.py
[2025-07-04T06:16:15.345+0000] {processor.py:840} INFO - DAG(s) 'example_setup_teardown' retrieved from /home/airflow/.local/lib/python3.12/site-packages/airflow/example_dags/example_setup_teardown.py
[2025-07-04T06:16:15.366+0000] {logging_mixin.py:188} INFO - [2025-07-04T06:16:15.366+0000] {dag.py:3096} INFO - Sync 1 DAGs
[2025-07-04T06:16:15.390+0000] {logging_mixin.py:188} INFO - [2025-07-04T06:16:15.390+0000] {dag.py:3954} INFO - Setting next_dagrun for example_setup_teardown to 2025-07-03 00:00:00+00:00, run_after=2025-07-04 00:00:00+00:00
[2025-07-04T06:16:15.410+0000] {processor.py:183} INFO - Processing /home/airflow/.local/lib/python3.12/site-packages/airflow/example_dags/example_setup_teardown.py took 0.081 seconds
[2025-07-04T06:16:45.665+0000] {processor.py:161} INFO - Started process (PID=410) to work on /home/airflow/.local/lib/python3.12/site-packages/airflow/example_dags/example_setup_teardown.py
[2025-07-04T06:16:45.666+0000] {processor.py:830} INFO - Processing file /home/airflow/.local/lib/python3.12/site-packages/airflow/example_dags/example_setup_teardown.py for tasks to queue
[2025-07-04T06:16:45.667+0000] {logging_mixin.py:188} INFO - [2025-07-04T06:16:45.667+0000] {dagbag.py:545} INFO - Filling up the DagBag from /home/airflow/.local/lib/python3.12/site-packages/airflow/example_dags/example_setup_teardown.py
[2025-07-04T06:16:45.673+0000] {processor.py:840} INFO - DAG(s) 'example_setup_teardown' retrieved from /home/airflow/.local/lib/python3.12/site-packages/airflow/example_dags/example_setup_teardown.py
[2025-07-04T06:16:45.692+0000] {logging_mixin.py:188} INFO - [2025-07-04T06:16:45.691+0000] {dag.py:3096} INFO - Sync 1 DAGs
[2025-07-04T06:16:45.711+0000] {logging_mixin.py:188} INFO - [2025-07-04T06:16:45.711+0000] {dag.py:3954} INFO - Setting next_dagrun for example_setup_teardown to 2025-07-03 00:00:00+00:00, run_after=2025-07-04 00:00:00+00:00
[2025-07-04T06:16:45.727+0000] {processor.py:183} INFO - Processing /home/airflow/.local/lib/python3.12/site-packages/airflow/example_dags/example_setup_teardown.py took 0.067 seconds
[2025-07-04T06:17:15.892+0000] {processor.py:161} INFO - Started process (PID=470) to work on /home/airflow/.local/lib/python3.12/site-packages/airflow/example_dags/example_setup_teardown.py
[2025-07-04T06:17:15.893+0000] {processor.py:830} INFO - Processing file /home/airflow/.local/lib/python3.12/site-packages/airflow/example_dags/example_setup_teardown.py for tasks to queue
[2025-07-04T06:17:15.894+0000] {logging_mixin.py:188} INFO - [2025-07-04T06:17:15.894+0000] {dagbag.py:545} INFO - Filling up the DagBag from /home/airflow/.local/lib/python3.12/site-packages/airflow/example_dags/example_setup_teardown.py
[2025-07-04T06:17:15.900+0000] {processor.py:840} INFO - DAG(s) 'example_setup_teardown' retrieved from /home/airflow/.local/lib/python3.12/site-packages/airflow/example_dags/example_setup_teardown.py
[2025-07-04T06:17:15.919+0000] {logging_mixin.py:188} INFO - [2025-07-04T06:17:15.918+0000] {dag.py:3096} INFO - Sync 1 DAGs
[2025-07-04T06:17:15.939+0000] {logging_mixin.py:188} INFO - [2025-07-04T06:17:15.938+0000] {dag.py:3954} INFO - Setting next_dagrun for example_setup_teardown to 2025-07-03 00:00:00+00:00, run_after=2025-07-04 00:00:00+00:00
[2025-07-04T06:17:15.957+0000] {processor.py:183} INFO - Processing /home/airflow/.local/lib/python3.12/site-packages/airflow/example_dags/example_setup_teardown.py took 0.071 seconds
[2025-07-04T06:17:46.612+0000] {processor.py:161} INFO - Started process (PID=530) to work on /home/airflow/.local/lib/python3.12/site-packages/airflow/example_dags/example_setup_teardown.py
[2025-07-04T06:17:46.613+0000] {processor.py:830} INFO - Processing file /home/airflow/.local/lib/python3.12/site-packages/airflow/example_dags/example_setup_teardown.py for tasks to queue
[2025-07-04T06:17:46.615+0000] {logging_mixin.py:188} INFO - [2025-07-04T06:17:46.615+0000] {dagbag.py:545} INFO - Filling up the DagBag from /home/airflow/.local/lib/python3.12/site-packages/airflow/example_dags/example_setup_teardown.py
[2025-07-04T06:17:46.624+0000] {processor.py:840} INFO - DAG(s) 'example_setup_teardown' retrieved from /home/airflow/.local/lib/python3.12/site-packages/airflow/example_dags/example_setup_teardown.py
[2025-07-04T06:17:46.652+0000] {logging_mixin.py:188} INFO - [2025-07-04T06:17:46.652+0000] {dag.py:3096} INFO - Sync 1 DAGs
[2025-07-04T06:17:46.680+0000] {logging_mixin.py:188} INFO - [2025-07-04T06:17:46.680+0000] {dag.py:3954} INFO - Setting next_dagrun for example_setup_teardown to 2025-07-03 00:00:00+00:00, run_after=2025-07-04 00:00:00+00:00
[2025-07-04T06:17:46.706+0000] {processor.py:183} INFO - Processing /home/airflow/.local/lib/python3.12/site-packages/airflow/example_dags/example_setup_teardown.py took 0.101 seconds
[2025-07-04T06:18:17.529+0000] {processor.py:161} INFO - Started process (PID=590) to work on /home/airflow/.local/lib/python3.12/site-packages/airflow/example_dags/example_setup_teardown.py
[2025-07-04T06:18:17.530+0000] {processor.py:830} INFO - Processing file /home/airflow/.local/lib/python3.12/site-packages/airflow/example_dags/example_setup_teardown.py for tasks to queue
[2025-07-04T06:18:17.532+0000] {logging_mixin.py:188} INFO - [2025-07-04T06:18:17.532+0000] {dagbag.py:545} INFO - Filling up the DagBag from /home/airflow/.local/lib/python3.12/site-packages/airflow/example_dags/example_setup_teardown.py
[2025-07-04T06:18:17.538+0000] {processor.py:840} INFO - DAG(s) 'example_setup_teardown' retrieved from /home/airflow/.local/lib/python3.12/site-packages/airflow/example_dags/example_setup_teardown.py
[2025-07-04T06:18:17.559+0000] {logging_mixin.py:188} INFO - [2025-07-04T06:18:17.558+0000] {dag.py:3096} INFO - Sync 1 DAGs
[2025-07-04T06:18:17.583+0000] {logging_mixin.py:188} INFO - [2025-07-04T06:18:17.583+0000] {dag.py:3954} INFO - Setting next_dagrun for example_setup_teardown to 2025-07-03 00:00:00+00:00, run_after=2025-07-04 00:00:00+00:00
[2025-07-04T06:18:17.602+0000] {processor.py:183} INFO - Processing /home/airflow/.local/lib/python3.12/site-packages/airflow/example_dags/example_setup_teardown.py took 0.079 seconds
[2025-07-04T06:18:48.443+0000] {processor.py:161} INFO - Started process (PID=650) to work on /home/airflow/.local/lib/python3.12/site-packages/airflow/example_dags/example_setup_teardown.py
[2025-07-04T06:18:48.444+0000] {processor.py:830} INFO - Processing file /home/airflow/.local/lib/python3.12/site-packages/airflow/example_dags/example_setup_teardown.py for tasks to queue
[2025-07-04T06:18:48.446+0000] {logging_mixin.py:188} INFO - [2025-07-04T06:18:48.446+0000] {dagbag.py:545} INFO - Filling up the DagBag from /home/airflow/.local/lib/python3.12/site-packages/airflow/example_dags/example_setup_teardown.py
[2025-07-04T06:18:48.452+0000] {processor.py:840} INFO - DAG(s) 'example_setup_teardown' retrieved from /home/airflow/.local/lib/python3.12/site-packages/airflow/example_dags/example_setup_teardown.py
[2025-07-04T06:18:48.472+0000] {logging_mixin.py:188} INFO - [2025-07-04T06:18:48.472+0000] {dag.py:3096} INFO - Sync 1 DAGs
[2025-07-04T06:18:48.494+0000] {logging_mixin.py:188} INFO - [2025-07-04T06:18:48.494+0000] {dag.py:3954} INFO - Setting next_dagrun for example_setup_teardown to 2025-07-03 00:00:00+00:00, run_after=2025-07-04 00:00:00+00:00
[2025-07-04T06:18:48.512+0000] {processor.py:183} INFO - Processing /home/airflow/.local/lib/python3.12/site-packages/airflow/example_dags/example_setup_teardown.py took 0.075 seconds
[2025-07-04T06:19:18.642+0000] {processor.py:161} INFO - Started process (PID=710) to work on /home/airflow/.local/lib/python3.12/site-packages/airflow/example_dags/example_setup_teardown.py
[2025-07-04T06:19:18.643+0000] {processor.py:830} INFO - Processing file /home/airflow/.local/lib/python3.12/site-packages/airflow/example_dags/example_setup_teardown.py for tasks to queue
[2025-07-04T06:19:18.645+0000] {logging_mixin.py:188} INFO - [2025-07-04T06:19:18.645+0000] {dagbag.py:545} INFO - Filling up the DagBag from /home/airflow/.local/lib/python3.12/site-packages/airflow/example_dags/example_setup_teardown.py
[2025-07-04T06:19:18.653+0000] {processor.py:840} INFO - DAG(s) 'example_setup_teardown' retrieved from /home/airflow/.local/lib/python3.12/site-packages/airflow/example_dags/example_setup_teardown.py
[2025-07-04T06:19:18.677+0000] {logging_mixin.py:188} INFO - [2025-07-04T06:19:18.677+0000] {dag.py:3096} INFO - Sync 1 DAGs
[2025-07-04T06:19:18.706+0000] {logging_mixin.py:188} INFO - [2025-07-04T06:19:18.706+0000] {dag.py:3954} INFO - Setting next_dagrun for example_setup_teardown to 2025-07-03 00:00:00+00:00, run_after=2025-07-04 00:00:00+00:00
[2025-07-04T06:19:18.731+0000] {processor.py:183} INFO - Processing /home/airflow/.local/lib/python3.12/site-packages/airflow/example_dags/example_setup_teardown.py took 0.094 seconds
[2025-07-04T06:19:49.658+0000] {processor.py:161} INFO - Started process (PID=770) to work on /home/airflow/.local/lib/python3.12/site-packages/airflow/example_dags/example_setup_teardown.py
[2025-07-04T06:19:49.658+0000] {processor.py:830} INFO - Processing file /home/airflow/.local/lib/python3.12/site-packages/airflow/example_dags/example_setup_teardown.py for tasks to queue
[2025-07-04T06:19:49.660+0000] {logging_mixin.py:188} INFO - [2025-07-04T06:19:49.659+0000] {dagbag.py:545} INFO - Filling up the DagBag from /home/airflow/.local/lib/python3.12/site-packages/airflow/example_dags/example_setup_teardown.py
[2025-07-04T06:19:49.665+0000] {processor.py:840} INFO - DAG(s) 'example_setup_teardown' retrieved from /home/airflow/.local/lib/python3.12/site-packages/airflow/example_dags/example_setup_teardown.py
[2025-07-04T06:19:49.685+0000] {logging_mixin.py:188} INFO - [2025-07-04T06:19:49.685+0000] {dag.py:3096} INFO - Sync 1 DAGs
[2025-07-04T06:19:49.706+0000] {logging_mixin.py:188} INFO - [2025-07-04T06:19:49.706+0000] {dag.py:3954} INFO - Setting next_dagrun for example_setup_teardown to 2025-07-03 00:00:00+00:00, run_after=2025-07-04 00:00:00+00:00
[2025-07-04T06:19:49.723+0000] {processor.py:183} INFO - Processing /home/airflow/.local/lib/python3.12/site-packages/airflow/example_dags/example_setup_teardown.py took 0.070 seconds
[2025-07-04T06:20:20.174+0000] {processor.py:161} INFO - Started process (PID=830) to work on /home/airflow/.local/lib/python3.12/site-packages/airflow/example_dags/example_setup_teardown.py
[2025-07-04T06:20:20.174+0000] {processor.py:830} INFO - Processing file /home/airflow/.local/lib/python3.12/site-packages/airflow/example_dags/example_setup_teardown.py for tasks to queue
[2025-07-04T06:20:20.176+0000] {logging_mixin.py:188} INFO - [2025-07-04T06:20:20.176+0000] {dagbag.py:545} INFO - Filling up the DagBag from /home/airflow/.local/lib/python3.12/site-packages/airflow/example_dags/example_setup_teardown.py
[2025-07-04T06:20:20.182+0000] {processor.py:840} INFO - DAG(s) 'example_setup_teardown' retrieved from /home/airflow/.local/lib/python3.12/site-packages/airflow/example_dags/example_setup_teardown.py
[2025-07-04T06:20:20.202+0000] {logging_mixin.py:188} INFO - [2025-07-04T06:20:20.202+0000] {dag.py:3096} INFO - Sync 1 DAGs
[2025-07-04T06:20:20.224+0000] {logging_mixin.py:188} INFO - [2025-07-04T06:20:20.224+0000] {dag.py:3954} INFO - Setting next_dagrun for example_setup_teardown to 2025-07-03 00:00:00+00:00, run_after=2025-07-04 00:00:00+00:00
[2025-07-04T06:20:20.240+0000] {processor.py:183} INFO - Processing /home/airflow/.local/lib/python3.12/site-packages/airflow/example_dags/example_setup_teardown.py took 0.071 seconds
[2025-07-04T06:20:50.784+0000] {processor.py:161} INFO - Started process (PID=890) to work on /home/airflow/.local/lib/python3.12/site-packages/airflow/example_dags/example_setup_teardown.py
[2025-07-04T06:20:50.786+0000] {processor.py:830} INFO - Processing file /home/airflow/.local/lib/python3.12/site-packages/airflow/example_dags/example_setup_teardown.py for tasks to queue
[2025-07-04T06:20:50.787+0000] {logging_mixin.py:188} INFO - [2025-07-04T06:20:50.787+0000] {dagbag.py:545} INFO - Filling up the DagBag from /home/airflow/.local/lib/python3.12/site-packages/airflow/example_dags/example_setup_teardown.py
[2025-07-04T06:20:50.793+0000] {processor.py:840} INFO - DAG(s) 'example_setup_teardown' retrieved from /home/airflow/.local/lib/python3.12/site-packages/airflow/example_dags/example_setup_teardown.py
[2025-07-04T06:20:50.817+0000] {logging_mixin.py:188} INFO - [2025-07-04T06:20:50.817+0000] {dag.py:3096} INFO - Sync 1 DAGs
[2025-07-04T06:20:50.838+0000] {logging_mixin.py:188} INFO - [2025-07-04T06:20:50.838+0000] {dag.py:3954} INFO - Setting next_dagrun for example_setup_teardown to 2025-07-03 00:00:00+00:00, run_after=2025-07-04 00:00:00+00:00
[2025-07-04T06:20:50.855+0000] {processor.py:183} INFO - Processing /home/airflow/.local/lib/python3.12/site-packages/airflow/example_dags/example_setup_teardown.py took 0.076 seconds
