[2025-07-04T06:14:10.053+0000] {processor.py:161} INFO - Started process (PID=91) to work on /home/airflow/.local/lib/python3.12/site-packages/airflow/example_dags/example_time_delta_sensor_async.py
[2025-07-04T06:14:10.054+0000] {processor.py:830} INFO - Processing file /home/airflow/.local/lib/python3.12/site-packages/airflow/example_dags/example_time_delta_sensor_async.py for tasks to queue
[2025-07-04T06:14:10.056+0000] {logging_mixin.py:188} INFO - [2025-07-04T06:14:10.056+0000] {dagbag.py:545} INFO - Filling up the DagBag from /home/airflow/.local/lib/python3.12/site-packages/airflow/example_dags/example_time_delta_sensor_async.py
[2025-07-04T06:14:10.062+0000] {processor.py:840} INFO - DAG(s) 'example_time_delta_sensor_async' retrieved from /home/airflow/.local/lib/python3.12/site-packages/airflow/example_dags/example_time_delta_sensor_async.py
[2025-07-04T06:14:10.234+0000] {logging_mixin.py:188} INFO - [2025-07-04T06:14:10.233+0000] {dag.py:3096} INFO - Sync 1 DAGs
[2025-07-04T06:14:10.251+0000] {logging_mixin.py:188} INFO - [2025-07-04T06:14:10.251+0000] {dag.py:3954} INFO - Setting next_dagrun for example_time_delta_sensor_async to None, run_after=None
[2025-07-04T06:14:10.280+0000] {processor.py:183} INFO - Processing /home/airflow/.local/lib/python3.12/site-packages/airflow/example_dags/example_time_delta_sensor_async.py took 0.234 seconds
[2025-07-04T06:14:40.501+0000] {processor.py:161} INFO - Started process (PID=151) to work on /home/airflow/.local/lib/python3.12/site-packages/airflow/example_dags/example_time_delta_sensor_async.py
[2025-07-04T06:14:40.502+0000] {processor.py:830} INFO - Processing file /home/airflow/.local/lib/python3.12/site-packages/airflow/example_dags/example_time_delta_sensor_async.py for tasks to queue
[2025-07-04T06:14:40.504+0000] {logging_mixin.py:188} INFO - [2025-07-04T06:14:40.504+0000] {dagbag.py:545} INFO - Filling up the DagBag from /home/airflow/.local/lib/python3.12/site-packages/airflow/example_dags/example_time_delta_sensor_async.py
[2025-07-04T06:14:40.509+0000] {processor.py:840} INFO - DAG(s) 'example_time_delta_sensor_async' retrieved from /home/airflow/.local/lib/python3.12/site-packages/airflow/example_dags/example_time_delta_sensor_async.py
[2025-07-04T06:14:40.531+0000] {logging_mixin.py:188} INFO - [2025-07-04T06:14:40.531+0000] {dag.py:3096} INFO - Sync 1 DAGs
[2025-07-04T06:14:40.546+0000] {logging_mixin.py:188} INFO - [2025-07-04T06:14:40.546+0000] {dag.py:3954} INFO - Setting next_dagrun for example_time_delta_sensor_async to None, run_after=None
[2025-07-04T06:14:40.569+0000] {processor.py:183} INFO - Processing /home/airflow/.local/lib/python3.12/site-packages/airflow/example_dags/example_time_delta_sensor_async.py took 0.074 seconds
[2025-07-04T06:15:10.621+0000] {processor.py:161} INFO - Started process (PID=211) to work on /home/airflow/.local/lib/python3.12/site-packages/airflow/example_dags/example_time_delta_sensor_async.py
[2025-07-04T06:15:10.622+0000] {processor.py:830} INFO - Processing file /home/airflow/.local/lib/python3.12/site-packages/airflow/example_dags/example_time_delta_sensor_async.py for tasks to queue
[2025-07-04T06:15:10.624+0000] {logging_mixin.py:188} INFO - [2025-07-04T06:15:10.623+0000] {dagbag.py:545} INFO - Filling up the DagBag from /home/airflow/.local/lib/python3.12/site-packages/airflow/example_dags/example_time_delta_sensor_async.py
[2025-07-04T06:15:10.628+0000] {processor.py:840} INFO - DAG(s) 'example_time_delta_sensor_async' retrieved from /home/airflow/.local/lib/python3.12/site-packages/airflow/example_dags/example_time_delta_sensor_async.py
[2025-07-04T06:15:10.650+0000] {logging_mixin.py:188} INFO - [2025-07-04T06:15:10.650+0000] {dag.py:3096} INFO - Sync 1 DAGs
[2025-07-04T06:15:10.668+0000] {logging_mixin.py:188} INFO - [2025-07-04T06:15:10.667+0000] {dag.py:3954} INFO - Setting next_dagrun for example_time_delta_sensor_async to None, run_after=None
[2025-07-04T06:15:10.692+0000] {processor.py:183} INFO - Processing /home/airflow/.local/lib/python3.12/site-packages/airflow/example_dags/example_time_delta_sensor_async.py took 0.077 seconds
[2025-07-04T06:15:41.653+0000] {processor.py:161} INFO - Started process (PID=271) to work on /home/airflow/.local/lib/python3.12/site-packages/airflow/example_dags/example_time_delta_sensor_async.py
[2025-07-04T06:15:41.654+0000] {processor.py:830} INFO - Processing file /home/airflow/.local/lib/python3.12/site-packages/airflow/example_dags/example_time_delta_sensor_async.py for tasks to queue
[2025-07-04T06:15:41.656+0000] {logging_mixin.py:188} INFO - [2025-07-04T06:15:41.655+0000] {dagbag.py:545} INFO - Filling up the DagBag from /home/airflow/.local/lib/python3.12/site-packages/airflow/example_dags/example_time_delta_sensor_async.py
[2025-07-04T06:15:41.660+0000] {processor.py:840} INFO - DAG(s) 'example_time_delta_sensor_async' retrieved from /home/airflow/.local/lib/python3.12/site-packages/airflow/example_dags/example_time_delta_sensor_async.py
[2025-07-04T06:15:41.681+0000] {logging_mixin.py:188} INFO - [2025-07-04T06:15:41.681+0000] {dag.py:3096} INFO - Sync 1 DAGs
[2025-07-04T06:15:41.695+0000] {logging_mixin.py:188} INFO - [2025-07-04T06:15:41.695+0000] {dag.py:3954} INFO - Setting next_dagrun for example_time_delta_sensor_async to None, run_after=None
[2025-07-04T06:15:41.716+0000] {processor.py:183} INFO - Processing /home/airflow/.local/lib/python3.12/site-packages/airflow/example_dags/example_time_delta_sensor_async.py took 0.069 seconds
[2025-07-04T06:16:12.098+0000] {processor.py:161} INFO - Started process (PID=331) to work on /home/airflow/.local/lib/python3.12/site-packages/airflow/example_dags/example_time_delta_sensor_async.py
[2025-07-04T06:16:12.099+0000] {processor.py:830} INFO - Processing file /home/airflow/.local/lib/python3.12/site-packages/airflow/example_dags/example_time_delta_sensor_async.py for tasks to queue
[2025-07-04T06:16:12.101+0000] {logging_mixin.py:188} INFO - [2025-07-04T06:16:12.100+0000] {dagbag.py:545} INFO - Filling up the DagBag from /home/airflow/.local/lib/python3.12/site-packages/airflow/example_dags/example_time_delta_sensor_async.py
[2025-07-04T06:16:12.106+0000] {processor.py:840} INFO - DAG(s) 'example_time_delta_sensor_async' retrieved from /home/airflow/.local/lib/python3.12/site-packages/airflow/example_dags/example_time_delta_sensor_async.py
[2025-07-04T06:16:12.127+0000] {logging_mixin.py:188} INFO - [2025-07-04T06:16:12.126+0000] {dag.py:3096} INFO - Sync 1 DAGs
[2025-07-04T06:16:12.144+0000] {logging_mixin.py:188} INFO - [2025-07-04T06:16:12.144+0000] {dag.py:3954} INFO - Setting next_dagrun for example_time_delta_sensor_async to None, run_after=None
[2025-07-04T06:16:12.167+0000] {processor.py:183} INFO - Processing /home/airflow/.local/lib/python3.12/site-packages/airflow/example_dags/example_time_delta_sensor_async.py took 0.074 seconds
[2025-07-04T06:16:42.349+0000] {processor.py:161} INFO - Started process (PID=391) to work on /home/airflow/.local/lib/python3.12/site-packages/airflow/example_dags/example_time_delta_sensor_async.py
[2025-07-04T06:16:42.349+0000] {processor.py:830} INFO - Processing file /home/airflow/.local/lib/python3.12/site-packages/airflow/example_dags/example_time_delta_sensor_async.py for tasks to queue
[2025-07-04T06:16:42.351+0000] {logging_mixin.py:188} INFO - [2025-07-04T06:16:42.351+0000] {dagbag.py:545} INFO - Filling up the DagBag from /home/airflow/.local/lib/python3.12/site-packages/airflow/example_dags/example_time_delta_sensor_async.py
[2025-07-04T06:16:42.355+0000] {processor.py:840} INFO - DAG(s) 'example_time_delta_sensor_async' retrieved from /home/airflow/.local/lib/python3.12/site-packages/airflow/example_dags/example_time_delta_sensor_async.py
[2025-07-04T06:16:42.373+0000] {logging_mixin.py:188} INFO - [2025-07-04T06:16:42.373+0000] {dag.py:3096} INFO - Sync 1 DAGs
[2025-07-04T06:16:42.386+0000] {logging_mixin.py:188} INFO - [2025-07-04T06:16:42.385+0000] {dag.py:3954} INFO - Setting next_dagrun for example_time_delta_sensor_async to None, run_after=None
[2025-07-04T06:16:42.403+0000] {processor.py:183} INFO - Processing /home/airflow/.local/lib/python3.12/site-packages/airflow/example_dags/example_time_delta_sensor_async.py took 0.060 seconds
[2025-07-04T06:17:12.444+0000] {processor.py:161} INFO - Started process (PID=449) to work on /home/airflow/.local/lib/python3.12/site-packages/airflow/example_dags/example_time_delta_sensor_async.py
[2025-07-04T06:17:12.445+0000] {processor.py:830} INFO - Processing file /home/airflow/.local/lib/python3.12/site-packages/airflow/example_dags/example_time_delta_sensor_async.py for tasks to queue
[2025-07-04T06:17:12.447+0000] {logging_mixin.py:188} INFO - [2025-07-04T06:17:12.447+0000] {dagbag.py:545} INFO - Filling up the DagBag from /home/airflow/.local/lib/python3.12/site-packages/airflow/example_dags/example_time_delta_sensor_async.py
[2025-07-04T06:17:12.451+0000] {processor.py:840} INFO - DAG(s) 'example_time_delta_sensor_async' retrieved from /home/airflow/.local/lib/python3.12/site-packages/airflow/example_dags/example_time_delta_sensor_async.py
[2025-07-04T06:17:12.472+0000] {logging_mixin.py:188} INFO - [2025-07-04T06:17:12.472+0000] {dag.py:3096} INFO - Sync 1 DAGs
[2025-07-04T06:17:12.485+0000] {logging_mixin.py:188} INFO - [2025-07-04T06:17:12.485+0000] {dag.py:3954} INFO - Setting next_dagrun for example_time_delta_sensor_async to None, run_after=None
[2025-07-04T06:17:12.503+0000] {processor.py:183} INFO - Processing /home/airflow/.local/lib/python3.12/site-packages/airflow/example_dags/example_time_delta_sensor_async.py took 0.064 seconds
[2025-07-04T06:17:42.647+0000] {processor.py:161} INFO - Started process (PID=509) to work on /home/airflow/.local/lib/python3.12/site-packages/airflow/example_dags/example_time_delta_sensor_async.py
[2025-07-04T06:17:42.649+0000] {processor.py:830} INFO - Processing file /home/airflow/.local/lib/python3.12/site-packages/airflow/example_dags/example_time_delta_sensor_async.py for tasks to queue
[2025-07-04T06:17:42.651+0000] {logging_mixin.py:188} INFO - [2025-07-04T06:17:42.650+0000] {dagbag.py:545} INFO - Filling up the DagBag from /home/airflow/.local/lib/python3.12/site-packages/airflow/example_dags/example_time_delta_sensor_async.py
[2025-07-04T06:17:42.655+0000] {processor.py:840} INFO - DAG(s) 'example_time_delta_sensor_async' retrieved from /home/airflow/.local/lib/python3.12/site-packages/airflow/example_dags/example_time_delta_sensor_async.py
[2025-07-04T06:17:42.677+0000] {logging_mixin.py:188} INFO - [2025-07-04T06:17:42.677+0000] {dag.py:3096} INFO - Sync 1 DAGs
[2025-07-04T06:17:42.692+0000] {logging_mixin.py:188} INFO - [2025-07-04T06:17:42.692+0000] {dag.py:3954} INFO - Setting next_dagrun for example_time_delta_sensor_async to None, run_after=None
[2025-07-04T06:17:42.714+0000] {processor.py:183} INFO - Processing /home/airflow/.local/lib/python3.12/site-packages/airflow/example_dags/example_time_delta_sensor_async.py took 0.073 seconds
[2025-07-04T06:18:12.761+0000] {processor.py:161} INFO - Started process (PID=569) to work on /home/airflow/.local/lib/python3.12/site-packages/airflow/example_dags/example_time_delta_sensor_async.py
[2025-07-04T06:18:12.761+0000] {processor.py:830} INFO - Processing file /home/airflow/.local/lib/python3.12/site-packages/airflow/example_dags/example_time_delta_sensor_async.py for tasks to queue
[2025-07-04T06:18:12.763+0000] {logging_mixin.py:188} INFO - [2025-07-04T06:18:12.763+0000] {dagbag.py:545} INFO - Filling up the DagBag from /home/airflow/.local/lib/python3.12/site-packages/airflow/example_dags/example_time_delta_sensor_async.py
[2025-07-04T06:18:12.767+0000] {processor.py:840} INFO - DAG(s) 'example_time_delta_sensor_async' retrieved from /home/airflow/.local/lib/python3.12/site-packages/airflow/example_dags/example_time_delta_sensor_async.py
[2025-07-04T06:18:12.785+0000] {logging_mixin.py:188} INFO - [2025-07-04T06:18:12.785+0000] {dag.py:3096} INFO - Sync 1 DAGs
[2025-07-04T06:18:12.798+0000] {logging_mixin.py:188} INFO - [2025-07-04T06:18:12.797+0000] {dag.py:3954} INFO - Setting next_dagrun for example_time_delta_sensor_async to None, run_after=None
[2025-07-04T06:18:12.815+0000] {processor.py:183} INFO - Processing /home/airflow/.local/lib/python3.12/site-packages/airflow/example_dags/example_time_delta_sensor_async.py took 0.060 seconds
[2025-07-04T06:18:43.651+0000] {processor.py:161} INFO - Started process (PID=629) to work on /home/airflow/.local/lib/python3.12/site-packages/airflow/example_dags/example_time_delta_sensor_async.py
[2025-07-04T06:18:43.653+0000] {processor.py:830} INFO - Processing file /home/airflow/.local/lib/python3.12/site-packages/airflow/example_dags/example_time_delta_sensor_async.py for tasks to queue
[2025-07-04T06:18:43.655+0000] {logging_mixin.py:188} INFO - [2025-07-04T06:18:43.654+0000] {dagbag.py:545} INFO - Filling up the DagBag from /home/airflow/.local/lib/python3.12/site-packages/airflow/example_dags/example_time_delta_sensor_async.py
[2025-07-04T06:18:43.660+0000] {processor.py:840} INFO - DAG(s) 'example_time_delta_sensor_async' retrieved from /home/airflow/.local/lib/python3.12/site-packages/airflow/example_dags/example_time_delta_sensor_async.py
[2025-07-04T06:18:43.688+0000] {logging_mixin.py:188} INFO - [2025-07-04T06:18:43.688+0000] {dag.py:3096} INFO - Sync 1 DAGs
[2025-07-04T06:18:43.705+0000] {logging_mixin.py:188} INFO - [2025-07-04T06:18:43.705+0000] {dag.py:3954} INFO - Setting next_dagrun for example_time_delta_sensor_async to None, run_after=None
[2025-07-04T06:18:43.731+0000] {processor.py:183} INFO - Processing /home/airflow/.local/lib/python3.12/site-packages/airflow/example_dags/example_time_delta_sensor_async.py took 0.087 seconds
[2025-07-04T06:19:13.770+0000] {processor.py:161} INFO - Started process (PID=689) to work on /home/airflow/.local/lib/python3.12/site-packages/airflow/example_dags/example_time_delta_sensor_async.py
[2025-07-04T06:19:13.771+0000] {processor.py:830} INFO - Processing file /home/airflow/.local/lib/python3.12/site-packages/airflow/example_dags/example_time_delta_sensor_async.py for tasks to queue
[2025-07-04T06:19:13.772+0000] {logging_mixin.py:188} INFO - [2025-07-04T06:19:13.772+0000] {dagbag.py:545} INFO - Filling up the DagBag from /home/airflow/.local/lib/python3.12/site-packages/airflow/example_dags/example_time_delta_sensor_async.py
[2025-07-04T06:19:13.776+0000] {processor.py:840} INFO - DAG(s) 'example_time_delta_sensor_async' retrieved from /home/airflow/.local/lib/python3.12/site-packages/airflow/example_dags/example_time_delta_sensor_async.py
[2025-07-04T06:19:13.797+0000] {logging_mixin.py:188} INFO - [2025-07-04T06:19:13.797+0000] {dag.py:3096} INFO - Sync 1 DAGs
[2025-07-04T06:19:13.812+0000] {logging_mixin.py:188} INFO - [2025-07-04T06:19:13.811+0000] {dag.py:3954} INFO - Setting next_dagrun for example_time_delta_sensor_async to None, run_after=None
[2025-07-04T06:19:13.833+0000] {processor.py:183} INFO - Processing /home/airflow/.local/lib/python3.12/site-packages/airflow/example_dags/example_time_delta_sensor_async.py took 0.070 seconds
[2025-07-04T06:19:43.985+0000] {processor.py:161} INFO - Started process (PID=749) to work on /home/airflow/.local/lib/python3.12/site-packages/airflow/example_dags/example_time_delta_sensor_async.py
[2025-07-04T06:19:43.986+0000] {processor.py:830} INFO - Processing file /home/airflow/.local/lib/python3.12/site-packages/airflow/example_dags/example_time_delta_sensor_async.py for tasks to queue
[2025-07-04T06:19:43.987+0000] {logging_mixin.py:188} INFO - [2025-07-04T06:19:43.987+0000] {dagbag.py:545} INFO - Filling up the DagBag from /home/airflow/.local/lib/python3.12/site-packages/airflow/example_dags/example_time_delta_sensor_async.py
[2025-07-04T06:19:43.991+0000] {processor.py:840} INFO - DAG(s) 'example_time_delta_sensor_async' retrieved from /home/airflow/.local/lib/python3.12/site-packages/airflow/example_dags/example_time_delta_sensor_async.py
[2025-07-04T06:19:44.009+0000] {logging_mixin.py:188} INFO - [2025-07-04T06:19:44.009+0000] {dag.py:3096} INFO - Sync 1 DAGs
[2025-07-04T06:19:44.021+0000] {logging_mixin.py:188} INFO - [2025-07-04T06:19:44.021+0000] {dag.py:3954} INFO - Setting next_dagrun for example_time_delta_sensor_async to None, run_after=None
[2025-07-04T06:19:44.039+0000] {processor.py:183} INFO - Processing /home/airflow/.local/lib/python3.12/site-packages/airflow/example_dags/example_time_delta_sensor_async.py took 0.059 seconds
[2025-07-04T06:20:14.565+0000] {processor.py:161} INFO - Started process (PID=809) to work on /home/airflow/.local/lib/python3.12/site-packages/airflow/example_dags/example_time_delta_sensor_async.py
[2025-07-04T06:20:14.566+0000] {processor.py:830} INFO - Processing file /home/airflow/.local/lib/python3.12/site-packages/airflow/example_dags/example_time_delta_sensor_async.py for tasks to queue
[2025-07-04T06:20:14.568+0000] {logging_mixin.py:188} INFO - [2025-07-04T06:20:14.568+0000] {dagbag.py:545} INFO - Filling up the DagBag from /home/airflow/.local/lib/python3.12/site-packages/airflow/example_dags/example_time_delta_sensor_async.py
[2025-07-04T06:20:14.573+0000] {processor.py:840} INFO - DAG(s) 'example_time_delta_sensor_async' retrieved from /home/airflow/.local/lib/python3.12/site-packages/airflow/example_dags/example_time_delta_sensor_async.py
[2025-07-04T06:20:14.595+0000] {logging_mixin.py:188} INFO - [2025-07-04T06:20:14.595+0000] {dag.py:3096} INFO - Sync 1 DAGs
[2025-07-04T06:20:14.611+0000] {logging_mixin.py:188} INFO - [2025-07-04T06:20:14.611+0000] {dag.py:3954} INFO - Setting next_dagrun for example_time_delta_sensor_async to None, run_after=None
[2025-07-04T06:20:14.634+0000] {processor.py:183} INFO - Processing /home/airflow/.local/lib/python3.12/site-packages/airflow/example_dags/example_time_delta_sensor_async.py took 0.075 seconds
[2025-07-04T06:20:45.312+0000] {processor.py:161} INFO - Started process (PID=869) to work on /home/airflow/.local/lib/python3.12/site-packages/airflow/example_dags/example_time_delta_sensor_async.py
[2025-07-04T06:20:45.314+0000] {processor.py:830} INFO - Processing file /home/airflow/.local/lib/python3.12/site-packages/airflow/example_dags/example_time_delta_sensor_async.py for tasks to queue
[2025-07-04T06:20:45.317+0000] {logging_mixin.py:188} INFO - [2025-07-04T06:20:45.316+0000] {dagbag.py:545} INFO - Filling up the DagBag from /home/airflow/.local/lib/python3.12/site-packages/airflow/example_dags/example_time_delta_sensor_async.py
[2025-07-04T06:20:45.326+0000] {processor.py:840} INFO - DAG(s) 'example_time_delta_sensor_async' retrieved from /home/airflow/.local/lib/python3.12/site-packages/airflow/example_dags/example_time_delta_sensor_async.py
[2025-07-04T06:20:45.364+0000] {logging_mixin.py:188} INFO - [2025-07-04T06:20:45.364+0000] {dag.py:3096} INFO - Sync 1 DAGs
[2025-07-04T06:20:45.391+0000] {logging_mixin.py:188} INFO - [2025-07-04T06:20:45.390+0000] {dag.py:3954} INFO - Setting next_dagrun for example_time_delta_sensor_async to None, run_after=None
[2025-07-04T06:20:45.422+0000] {processor.py:183} INFO - Processing /home/airflow/.local/lib/python3.12/site-packages/airflow/example_dags/example_time_delta_sensor_async.py took 0.122 seconds
