[2025-07-04T06:14:12.817+0000] {processor.py:161} INFO - Started process (PID=107) to work on /home/airflow/.local/lib/python3.12/site-packages/airflow/example_dags/example_branch_python_dop_operator_3.py
[2025-07-04T06:14:12.818+0000] {processor.py:830} INFO - Processing file /home/airflow/.local/lib/python3.12/site-packages/airflow/example_dags/example_branch_python_dop_operator_3.py for tasks to queue
[2025-07-04T06:14:12.820+0000] {logging_mixin.py:188} INFO - [2025-07-04T06:14:12.820+0000] {dagbag.py:545} INFO - Filling up the DagBag from /home/airflow/.local/lib/python3.12/site-packages/airflow/example_dags/example_branch_python_dop_operator_3.py
[2025-07-04T06:14:12.830+0000] {processor.py:840} INFO - DAG(s) 'example_branch_dop_operator_v3' retrieved from /home/airflow/.local/lib/python3.12/site-packages/airflow/example_dags/example_branch_python_dop_operator_3.py
[2025-07-04T06:14:12.941+0000] {logging_mixin.py:188} INFO - [2025-07-04T06:14:12.941+0000] {dag.py:3096} INFO - Sync 1 DAGs
[2025-07-04T06:14:12.966+0000] {logging_mixin.py:188} INFO - [2025-07-04T06:14:12.966+0000] {dag.py:3954} INFO - Setting next_dagrun for example_branch_dop_operator_v3 to 2025-07-04 06:13:00+00:00, run_after=2025-07-04 06:14:00+00:00
[2025-07-04T06:14:12.987+0000] {processor.py:183} INFO - Processing /home/airflow/.local/lib/python3.12/site-packages/airflow/example_dags/example_branch_python_dop_operator_3.py took 0.176 seconds
[2025-07-04T06:14:43.279+0000] {processor.py:161} INFO - Started process (PID=167) to work on /home/airflow/.local/lib/python3.12/site-packages/airflow/example_dags/example_branch_python_dop_operator_3.py
[2025-07-04T06:14:43.280+0000] {processor.py:830} INFO - Processing file /home/airflow/.local/lib/python3.12/site-packages/airflow/example_dags/example_branch_python_dop_operator_3.py for tasks to queue
[2025-07-04T06:14:43.282+0000] {logging_mixin.py:188} INFO - [2025-07-04T06:14:43.282+0000] {dagbag.py:545} INFO - Filling up the DagBag from /home/airflow/.local/lib/python3.12/site-packages/airflow/example_dags/example_branch_python_dop_operator_3.py
[2025-07-04T06:14:43.293+0000] {processor.py:840} INFO - DAG(s) 'example_branch_dop_operator_v3' retrieved from /home/airflow/.local/lib/python3.12/site-packages/airflow/example_dags/example_branch_python_dop_operator_3.py
[2025-07-04T06:14:43.335+0000] {logging_mixin.py:188} INFO - [2025-07-04T06:14:43.335+0000] {dag.py:3096} INFO - Sync 1 DAGs
[2025-07-04T06:14:43.400+0000] {logging_mixin.py:188} INFO - [2025-07-04T06:14:43.400+0000] {dag.py:3954} INFO - Setting next_dagrun for example_branch_dop_operator_v3 to 2025-07-04 06:13:00+00:00, run_after=2025-07-04 06:14:00+00:00
[2025-07-04T06:14:43.440+0000] {processor.py:183} INFO - Processing /home/airflow/.local/lib/python3.12/site-packages/airflow/example_dags/example_branch_python_dop_operator_3.py took 0.168 seconds
[2025-07-04T06:15:13.851+0000] {processor.py:161} INFO - Started process (PID=227) to work on /home/airflow/.local/lib/python3.12/site-packages/airflow/example_dags/example_branch_python_dop_operator_3.py
[2025-07-04T06:15:13.852+0000] {processor.py:830} INFO - Processing file /home/airflow/.local/lib/python3.12/site-packages/airflow/example_dags/example_branch_python_dop_operator_3.py for tasks to queue
[2025-07-04T06:15:13.854+0000] {logging_mixin.py:188} INFO - [2025-07-04T06:15:13.853+0000] {dagbag.py:545} INFO - Filling up the DagBag from /home/airflow/.local/lib/python3.12/site-packages/airflow/example_dags/example_branch_python_dop_operator_3.py
[2025-07-04T06:15:13.863+0000] {processor.py:840} INFO - DAG(s) 'example_branch_dop_operator_v3' retrieved from /home/airflow/.local/lib/python3.12/site-packages/airflow/example_dags/example_branch_python_dop_operator_3.py
[2025-07-04T06:15:13.883+0000] {logging_mixin.py:188} INFO - [2025-07-04T06:15:13.883+0000] {dag.py:3096} INFO - Sync 1 DAGs
[2025-07-04T06:15:13.910+0000] {logging_mixin.py:188} INFO - [2025-07-04T06:15:13.910+0000] {dag.py:3954} INFO - Setting next_dagrun for example_branch_dop_operator_v3 to 2025-07-04 06:14:00+00:00, run_after=2025-07-04 06:15:00+00:00
[2025-07-04T06:15:13.931+0000] {processor.py:183} INFO - Processing /home/airflow/.local/lib/python3.12/site-packages/airflow/example_dags/example_branch_python_dop_operator_3.py took 0.087 seconds
[2025-07-04T06:15:44.752+0000] {processor.py:161} INFO - Started process (PID=287) to work on /home/airflow/.local/lib/python3.12/site-packages/airflow/example_dags/example_branch_python_dop_operator_3.py
[2025-07-04T06:15:44.753+0000] {processor.py:830} INFO - Processing file /home/airflow/.local/lib/python3.12/site-packages/airflow/example_dags/example_branch_python_dop_operator_3.py for tasks to queue
[2025-07-04T06:15:44.754+0000] {logging_mixin.py:188} INFO - [2025-07-04T06:15:44.754+0000] {dagbag.py:545} INFO - Filling up the DagBag from /home/airflow/.local/lib/python3.12/site-packages/airflow/example_dags/example_branch_python_dop_operator_3.py
[2025-07-04T06:15:44.763+0000] {processor.py:840} INFO - DAG(s) 'example_branch_dop_operator_v3' retrieved from /home/airflow/.local/lib/python3.12/site-packages/airflow/example_dags/example_branch_python_dop_operator_3.py
[2025-07-04T06:15:44.784+0000] {logging_mixin.py:188} INFO - [2025-07-04T06:15:44.784+0000] {dag.py:3096} INFO - Sync 1 DAGs
[2025-07-04T06:15:44.812+0000] {logging_mixin.py:188} INFO - [2025-07-04T06:15:44.811+0000] {dag.py:3954} INFO - Setting next_dagrun for example_branch_dop_operator_v3 to 2025-07-04 06:14:00+00:00, run_after=2025-07-04 06:15:00+00:00
[2025-07-04T06:15:44.831+0000] {processor.py:183} INFO - Processing /home/airflow/.local/lib/python3.12/site-packages/airflow/example_dags/example_branch_python_dop_operator_3.py took 0.086 seconds
[2025-07-04T06:16:15.111+0000] {processor.py:161} INFO - Started process (PID=347) to work on /home/airflow/.local/lib/python3.12/site-packages/airflow/example_dags/example_branch_python_dop_operator_3.py
[2025-07-04T06:16:15.112+0000] {processor.py:830} INFO - Processing file /home/airflow/.local/lib/python3.12/site-packages/airflow/example_dags/example_branch_python_dop_operator_3.py for tasks to queue
[2025-07-04T06:16:15.114+0000] {logging_mixin.py:188} INFO - [2025-07-04T06:16:15.114+0000] {dagbag.py:545} INFO - Filling up the DagBag from /home/airflow/.local/lib/python3.12/site-packages/airflow/example_dags/example_branch_python_dop_operator_3.py
[2025-07-04T06:16:15.123+0000] {processor.py:840} INFO - DAG(s) 'example_branch_dop_operator_v3' retrieved from /home/airflow/.local/lib/python3.12/site-packages/airflow/example_dags/example_branch_python_dop_operator_3.py
[2025-07-04T06:16:15.142+0000] {logging_mixin.py:188} INFO - [2025-07-04T06:16:15.142+0000] {dag.py:3096} INFO - Sync 1 DAGs
[2025-07-04T06:16:15.169+0000] {logging_mixin.py:188} INFO - [2025-07-04T06:16:15.169+0000] {dag.py:3954} INFO - Setting next_dagrun for example_branch_dop_operator_v3 to 2025-07-04 06:15:00+00:00, run_after=2025-07-04 06:16:00+00:00
[2025-07-04T06:16:15.192+0000] {processor.py:183} INFO - Processing /home/airflow/.local/lib/python3.12/site-packages/airflow/example_dags/example_branch_python_dop_operator_3.py took 0.086 seconds
[2025-07-04T06:16:45.463+0000] {processor.py:161} INFO - Started process (PID=407) to work on /home/airflow/.local/lib/python3.12/site-packages/airflow/example_dags/example_branch_python_dop_operator_3.py
[2025-07-04T06:16:45.464+0000] {processor.py:830} INFO - Processing file /home/airflow/.local/lib/python3.12/site-packages/airflow/example_dags/example_branch_python_dop_operator_3.py for tasks to queue
[2025-07-04T06:16:45.466+0000] {logging_mixin.py:188} INFO - [2025-07-04T06:16:45.465+0000] {dagbag.py:545} INFO - Filling up the DagBag from /home/airflow/.local/lib/python3.12/site-packages/airflow/example_dags/example_branch_python_dop_operator_3.py
[2025-07-04T06:16:45.473+0000] {processor.py:840} INFO - DAG(s) 'example_branch_dop_operator_v3' retrieved from /home/airflow/.local/lib/python3.12/site-packages/airflow/example_dags/example_branch_python_dop_operator_3.py
[2025-07-04T06:16:45.491+0000] {logging_mixin.py:188} INFO - [2025-07-04T06:16:45.491+0000] {dag.py:3096} INFO - Sync 1 DAGs
[2025-07-04T06:16:45.515+0000] {logging_mixin.py:188} INFO - [2025-07-04T06:16:45.514+0000] {dag.py:3954} INFO - Setting next_dagrun for example_branch_dop_operator_v3 to 2025-07-04 06:15:00+00:00, run_after=2025-07-04 06:16:00+00:00
[2025-07-04T06:16:45.530+0000] {processor.py:183} INFO - Processing /home/airflow/.local/lib/python3.12/site-packages/airflow/example_dags/example_branch_python_dop_operator_3.py took 0.072 seconds
[2025-07-04T06:17:15.701+0000] {processor.py:161} INFO - Started process (PID=467) to work on /home/airflow/.local/lib/python3.12/site-packages/airflow/example_dags/example_branch_python_dop_operator_3.py
[2025-07-04T06:17:15.702+0000] {processor.py:830} INFO - Processing file /home/airflow/.local/lib/python3.12/site-packages/airflow/example_dags/example_branch_python_dop_operator_3.py for tasks to queue
[2025-07-04T06:17:15.704+0000] {logging_mixin.py:188} INFO - [2025-07-04T06:17:15.703+0000] {dagbag.py:545} INFO - Filling up the DagBag from /home/airflow/.local/lib/python3.12/site-packages/airflow/example_dags/example_branch_python_dop_operator_3.py
[2025-07-04T06:17:15.712+0000] {processor.py:840} INFO - DAG(s) 'example_branch_dop_operator_v3' retrieved from /home/airflow/.local/lib/python3.12/site-packages/airflow/example_dags/example_branch_python_dop_operator_3.py
[2025-07-04T06:17:15.730+0000] {logging_mixin.py:188} INFO - [2025-07-04T06:17:15.730+0000] {dag.py:3096} INFO - Sync 1 DAGs
[2025-07-04T06:17:15.753+0000] {logging_mixin.py:188} INFO - [2025-07-04T06:17:15.752+0000] {dag.py:3954} INFO - Setting next_dagrun for example_branch_dop_operator_v3 to 2025-07-04 06:16:00+00:00, run_after=2025-07-04 06:17:00+00:00
[2025-07-04T06:17:15.770+0000] {processor.py:183} INFO - Processing /home/airflow/.local/lib/python3.12/site-packages/airflow/example_dags/example_branch_python_dop_operator_3.py took 0.074 seconds
[2025-07-04T06:17:46.187+0000] {processor.py:161} INFO - Started process (PID=527) to work on /home/airflow/.local/lib/python3.12/site-packages/airflow/example_dags/example_branch_python_dop_operator_3.py
[2025-07-04T06:17:46.189+0000] {processor.py:830} INFO - Processing file /home/airflow/.local/lib/python3.12/site-packages/airflow/example_dags/example_branch_python_dop_operator_3.py for tasks to queue
[2025-07-04T06:17:46.192+0000] {logging_mixin.py:188} INFO - [2025-07-04T06:17:46.191+0000] {dagbag.py:545} INFO - Filling up the DagBag from /home/airflow/.local/lib/python3.12/site-packages/airflow/example_dags/example_branch_python_dop_operator_3.py
[2025-07-04T06:17:46.205+0000] {processor.py:840} INFO - DAG(s) 'example_branch_dop_operator_v3' retrieved from /home/airflow/.local/lib/python3.12/site-packages/airflow/example_dags/example_branch_python_dop_operator_3.py
[2025-07-04T06:17:46.233+0000] {logging_mixin.py:188} INFO - [2025-07-04T06:17:46.233+0000] {dag.py:3096} INFO - Sync 1 DAGs
[2025-07-04T06:17:46.272+0000] {logging_mixin.py:188} INFO - [2025-07-04T06:17:46.272+0000] {dag.py:3954} INFO - Setting next_dagrun for example_branch_dop_operator_v3 to 2025-07-04 06:16:00+00:00, run_after=2025-07-04 06:17:00+00:00
[2025-07-04T06:17:46.300+0000] {processor.py:183} INFO - Processing /home/airflow/.local/lib/python3.12/site-packages/airflow/example_dags/example_branch_python_dop_operator_3.py took 0.121 seconds
[2025-07-04T06:18:17.206+0000] {processor.py:161} INFO - Started process (PID=587) to work on /home/airflow/.local/lib/python3.12/site-packages/airflow/example_dags/example_branch_python_dop_operator_3.py
[2025-07-04T06:18:17.206+0000] {processor.py:830} INFO - Processing file /home/airflow/.local/lib/python3.12/site-packages/airflow/example_dags/example_branch_python_dop_operator_3.py for tasks to queue
[2025-07-04T06:18:17.208+0000] {logging_mixin.py:188} INFO - [2025-07-04T06:18:17.208+0000] {dagbag.py:545} INFO - Filling up the DagBag from /home/airflow/.local/lib/python3.12/site-packages/airflow/example_dags/example_branch_python_dop_operator_3.py
[2025-07-04T06:18:17.216+0000] {processor.py:840} INFO - DAG(s) 'example_branch_dop_operator_v3' retrieved from /home/airflow/.local/lib/python3.12/site-packages/airflow/example_dags/example_branch_python_dop_operator_3.py
[2025-07-04T06:18:17.237+0000] {logging_mixin.py:188} INFO - [2025-07-04T06:18:17.237+0000] {dag.py:3096} INFO - Sync 1 DAGs
[2025-07-04T06:18:17.262+0000] {logging_mixin.py:188} INFO - [2025-07-04T06:18:17.261+0000] {dag.py:3954} INFO - Setting next_dagrun for example_branch_dop_operator_v3 to 2025-07-04 06:17:00+00:00, run_after=2025-07-04 06:18:00+00:00
[2025-07-04T06:18:17.285+0000] {processor.py:183} INFO - Processing /home/airflow/.local/lib/python3.12/site-packages/airflow/example_dags/example_branch_python_dop_operator_3.py took 0.084 seconds
[2025-07-04T06:18:48.133+0000] {processor.py:161} INFO - Started process (PID=647) to work on /home/airflow/.local/lib/python3.12/site-packages/airflow/example_dags/example_branch_python_dop_operator_3.py
[2025-07-04T06:18:48.133+0000] {processor.py:830} INFO - Processing file /home/airflow/.local/lib/python3.12/site-packages/airflow/example_dags/example_branch_python_dop_operator_3.py for tasks to queue
[2025-07-04T06:18:48.135+0000] {logging_mixin.py:188} INFO - [2025-07-04T06:18:48.135+0000] {dagbag.py:545} INFO - Filling up the DagBag from /home/airflow/.local/lib/python3.12/site-packages/airflow/example_dags/example_branch_python_dop_operator_3.py
[2025-07-04T06:18:48.143+0000] {processor.py:840} INFO - DAG(s) 'example_branch_dop_operator_v3' retrieved from /home/airflow/.local/lib/python3.12/site-packages/airflow/example_dags/example_branch_python_dop_operator_3.py
[2025-07-04T06:18:48.165+0000] {logging_mixin.py:188} INFO - [2025-07-04T06:18:48.165+0000] {dag.py:3096} INFO - Sync 1 DAGs
[2025-07-04T06:18:48.188+0000] {logging_mixin.py:188} INFO - [2025-07-04T06:18:48.188+0000] {dag.py:3954} INFO - Setting next_dagrun for example_branch_dop_operator_v3 to 2025-07-04 06:17:00+00:00, run_after=2025-07-04 06:18:00+00:00
[2025-07-04T06:18:48.208+0000] {processor.py:183} INFO - Processing /home/airflow/.local/lib/python3.12/site-packages/airflow/example_dags/example_branch_python_dop_operator_3.py took 0.080 seconds
[2025-07-04T06:19:18.273+0000] {processor.py:161} INFO - Started process (PID=706) to work on /home/airflow/.local/lib/python3.12/site-packages/airflow/example_dags/example_branch_python_dop_operator_3.py
[2025-07-04T06:19:18.274+0000] {processor.py:830} INFO - Processing file /home/airflow/.local/lib/python3.12/site-packages/airflow/example_dags/example_branch_python_dop_operator_3.py for tasks to queue
[2025-07-04T06:19:18.276+0000] {logging_mixin.py:188} INFO - [2025-07-04T06:19:18.276+0000] {dagbag.py:545} INFO - Filling up the DagBag from /home/airflow/.local/lib/python3.12/site-packages/airflow/example_dags/example_branch_python_dop_operator_3.py
[2025-07-04T06:19:18.285+0000] {processor.py:840} INFO - DAG(s) 'example_branch_dop_operator_v3' retrieved from /home/airflow/.local/lib/python3.12/site-packages/airflow/example_dags/example_branch_python_dop_operator_3.py
[2025-07-04T06:19:18.305+0000] {logging_mixin.py:188} INFO - [2025-07-04T06:19:18.304+0000] {dag.py:3096} INFO - Sync 1 DAGs
[2025-07-04T06:19:18.332+0000] {logging_mixin.py:188} INFO - [2025-07-04T06:19:18.332+0000] {dag.py:3954} INFO - Setting next_dagrun for example_branch_dop_operator_v3 to 2025-07-04 06:18:00+00:00, run_after=2025-07-04 06:19:00+00:00
[2025-07-04T06:19:18.354+0000] {processor.py:183} INFO - Processing /home/airflow/.local/lib/python3.12/site-packages/airflow/example_dags/example_branch_python_dop_operator_3.py took 0.087 seconds
[2025-07-04T06:19:48.535+0000] {processor.py:161} INFO - Started process (PID=766) to work on /home/airflow/.local/lib/python3.12/site-packages/airflow/example_dags/example_branch_python_dop_operator_3.py
[2025-07-04T06:19:48.536+0000] {processor.py:830} INFO - Processing file /home/airflow/.local/lib/python3.12/site-packages/airflow/example_dags/example_branch_python_dop_operator_3.py for tasks to queue
[2025-07-04T06:19:48.537+0000] {logging_mixin.py:188} INFO - [2025-07-04T06:19:48.537+0000] {dagbag.py:545} INFO - Filling up the DagBag from /home/airflow/.local/lib/python3.12/site-packages/airflow/example_dags/example_branch_python_dop_operator_3.py
[2025-07-04T06:19:48.545+0000] {processor.py:840} INFO - DAG(s) 'example_branch_dop_operator_v3' retrieved from /home/airflow/.local/lib/python3.12/site-packages/airflow/example_dags/example_branch_python_dop_operator_3.py
[2025-07-04T06:19:48.563+0000] {logging_mixin.py:188} INFO - [2025-07-04T06:19:48.563+0000] {dag.py:3096} INFO - Sync 1 DAGs
[2025-07-04T06:19:48.585+0000] {logging_mixin.py:188} INFO - [2025-07-04T06:19:48.585+0000] {dag.py:3954} INFO - Setting next_dagrun for example_branch_dop_operator_v3 to 2025-07-04 06:18:00+00:00, run_after=2025-07-04 06:19:00+00:00
[2025-07-04T06:19:48.602+0000] {processor.py:183} INFO - Processing /home/airflow/.local/lib/python3.12/site-packages/airflow/example_dags/example_branch_python_dop_operator_3.py took 0.073 seconds
[2025-07-04T06:20:18.928+0000] {processor.py:161} INFO - Started process (PID=826) to work on /home/airflow/.local/lib/python3.12/site-packages/airflow/example_dags/example_branch_python_dop_operator_3.py
[2025-07-04T06:20:18.929+0000] {processor.py:830} INFO - Processing file /home/airflow/.local/lib/python3.12/site-packages/airflow/example_dags/example_branch_python_dop_operator_3.py for tasks to queue
[2025-07-04T06:20:18.931+0000] {logging_mixin.py:188} INFO - [2025-07-04T06:20:18.931+0000] {dagbag.py:545} INFO - Filling up the DagBag from /home/airflow/.local/lib/python3.12/site-packages/airflow/example_dags/example_branch_python_dop_operator_3.py
[2025-07-04T06:20:18.940+0000] {processor.py:840} INFO - DAG(s) 'example_branch_dop_operator_v3' retrieved from /home/airflow/.local/lib/python3.12/site-packages/airflow/example_dags/example_branch_python_dop_operator_3.py
[2025-07-04T06:20:18.962+0000] {logging_mixin.py:188} INFO - [2025-07-04T06:20:18.961+0000] {dag.py:3096} INFO - Sync 1 DAGs
[2025-07-04T06:20:18.988+0000] {logging_mixin.py:188} INFO - [2025-07-04T06:20:18.988+0000] {dag.py:3954} INFO - Setting next_dagrun for example_branch_dop_operator_v3 to 2025-07-04 06:19:00+00:00, run_after=2025-07-04 06:20:00+00:00
[2025-07-04T06:20:19.009+0000] {processor.py:183} INFO - Processing /home/airflow/.local/lib/python3.12/site-packages/airflow/example_dags/example_branch_python_dop_operator_3.py took 0.087 seconds
[2025-07-04T06:20:49.441+0000] {processor.py:161} INFO - Started process (PID=885) to work on /home/airflow/.local/lib/python3.12/site-packages/airflow/example_dags/example_branch_python_dop_operator_3.py
[2025-07-04T06:20:49.442+0000] {processor.py:830} INFO - Processing file /home/airflow/.local/lib/python3.12/site-packages/airflow/example_dags/example_branch_python_dop_operator_3.py for tasks to queue
[2025-07-04T06:20:49.444+0000] {logging_mixin.py:188} INFO - [2025-07-04T06:20:49.443+0000] {dagbag.py:545} INFO - Filling up the DagBag from /home/airflow/.local/lib/python3.12/site-packages/airflow/example_dags/example_branch_python_dop_operator_3.py
[2025-07-04T06:20:49.451+0000] {processor.py:840} INFO - DAG(s) 'example_branch_dop_operator_v3' retrieved from /home/airflow/.local/lib/python3.12/site-packages/airflow/example_dags/example_branch_python_dop_operator_3.py
[2025-07-04T06:20:49.471+0000] {logging_mixin.py:188} INFO - [2025-07-04T06:20:49.471+0000] {dag.py:3096} INFO - Sync 1 DAGs
[2025-07-04T06:20:49.497+0000] {logging_mixin.py:188} INFO - [2025-07-04T06:20:49.497+0000] {dag.py:3954} INFO - Setting next_dagrun for example_branch_dop_operator_v3 to 2025-07-04 06:19:00+00:00, run_after=2025-07-04 06:20:00+00:00
[2025-07-04T06:20:49.517+0000] {processor.py:183} INFO - Processing /home/airflow/.local/lib/python3.12/site-packages/airflow/example_dags/example_branch_python_dop_operator_3.py took 0.082 seconds
