[2025-07-04T06:14:08.421+0000] {processor.py:161} INFO - Started process (PID=75) to work on /home/airflow/.local/lib/python3.12/site-packages/airflow/example_dags/example_bash_operator.py
[2025-07-04T06:14:08.423+0000] {processor.py:830} INFO - Processing file /home/airflow/.local/lib/python3.12/site-packages/airflow/example_dags/example_bash_operator.py for tasks to queue
[2025-07-04T06:14:08.427+0000] {logging_mixin.py:188} INFO - [2025-07-04T06:14:08.426+0000] {dagbag.py:545} INFO - Filling up the DagBag from /home/airflow/.local/lib/python3.12/site-packages/airflow/example_dags/example_bash_operator.py
[2025-07-04T06:14:08.449+0000] {processor.py:840} INFO - DAG(s) 'example_bash_operator' retrieved from /home/airflow/.local/lib/python3.12/site-packages/airflow/example_dags/example_bash_operator.py
[2025-07-04T06:14:08.650+0000] {logging_mixin.py:188} INFO - [2025-07-04T06:14:08.649+0000] {dag.py:3096} INFO - Sync 1 DAGs
[2025-07-04T06:14:08.681+0000] {logging_mixin.py:188} INFO - [2025-07-04T06:14:08.680+0000] {dag.py:3954} INFO - Setting next_dagrun for example_bash_operator to 2025-07-03 00:00:00+00:00, run_after=2025-07-04 00:00:00+00:00
[2025-07-04T06:14:08.714+0000] {processor.py:183} INFO - Processing /home/airflow/.local/lib/python3.12/site-packages/airflow/example_dags/example_bash_operator.py took 0.303 seconds
[2025-07-04T06:14:38.856+0000] {processor.py:161} INFO - Started process (PID=135) to work on /home/airflow/.local/lib/python3.12/site-packages/airflow/example_dags/example_bash_operator.py
[2025-07-04T06:14:38.857+0000] {processor.py:830} INFO - Processing file /home/airflow/.local/lib/python3.12/site-packages/airflow/example_dags/example_bash_operator.py for tasks to queue
[2025-07-04T06:14:38.859+0000] {logging_mixin.py:188} INFO - [2025-07-04T06:14:38.858+0000] {dagbag.py:545} INFO - Filling up the DagBag from /home/airflow/.local/lib/python3.12/site-packages/airflow/example_dags/example_bash_operator.py
[2025-07-04T06:14:38.870+0000] {processor.py:840} INFO - DAG(s) 'example_bash_operator' retrieved from /home/airflow/.local/lib/python3.12/site-packages/airflow/example_dags/example_bash_operator.py
[2025-07-04T06:14:38.900+0000] {logging_mixin.py:188} INFO - [2025-07-04T06:14:38.899+0000] {dag.py:3096} INFO - Sync 1 DAGs
[2025-07-04T06:14:38.926+0000] {logging_mixin.py:188} INFO - [2025-07-04T06:14:38.925+0000] {dag.py:3954} INFO - Setting next_dagrun for example_bash_operator to 2025-07-03 00:00:00+00:00, run_after=2025-07-04 00:00:00+00:00
[2025-07-04T06:14:38.953+0000] {processor.py:183} INFO - Processing /home/airflow/.local/lib/python3.12/site-packages/airflow/example_dags/example_bash_operator.py took 0.103 seconds
[2025-07-04T06:15:09.935+0000] {processor.py:161} INFO - Started process (PID=201) to work on /home/airflow/.local/lib/python3.12/site-packages/airflow/example_dags/example_bash_operator.py
[2025-07-04T06:15:09.936+0000] {processor.py:830} INFO - Processing file /home/airflow/.local/lib/python3.12/site-packages/airflow/example_dags/example_bash_operator.py for tasks to queue
[2025-07-04T06:15:09.938+0000] {logging_mixin.py:188} INFO - [2025-07-04T06:15:09.938+0000] {dagbag.py:545} INFO - Filling up the DagBag from /home/airflow/.local/lib/python3.12/site-packages/airflow/example_dags/example_bash_operator.py
[2025-07-04T06:15:09.952+0000] {processor.py:840} INFO - DAG(s) 'example_bash_operator' retrieved from /home/airflow/.local/lib/python3.12/site-packages/airflow/example_dags/example_bash_operator.py
[2025-07-04T06:15:09.987+0000] {logging_mixin.py:188} INFO - [2025-07-04T06:15:09.987+0000] {dag.py:3096} INFO - Sync 1 DAGs
[2025-07-04T06:15:10.019+0000] {logging_mixin.py:188} INFO - [2025-07-04T06:15:10.019+0000] {dag.py:3954} INFO - Setting next_dagrun for example_bash_operator to 2025-07-03 00:00:00+00:00, run_after=2025-07-04 00:00:00+00:00
[2025-07-04T06:15:10.043+0000] {processor.py:183} INFO - Processing /home/airflow/.local/lib/python3.12/site-packages/airflow/example_dags/example_bash_operator.py took 0.114 seconds
[2025-07-04T06:15:40.960+0000] {processor.py:161} INFO - Started process (PID=261) to work on /home/airflow/.local/lib/python3.12/site-packages/airflow/example_dags/example_bash_operator.py
[2025-07-04T06:15:40.961+0000] {processor.py:830} INFO - Processing file /home/airflow/.local/lib/python3.12/site-packages/airflow/example_dags/example_bash_operator.py for tasks to queue
[2025-07-04T06:15:40.962+0000] {logging_mixin.py:188} INFO - [2025-07-04T06:15:40.962+0000] {dagbag.py:545} INFO - Filling up the DagBag from /home/airflow/.local/lib/python3.12/site-packages/airflow/example_dags/example_bash_operator.py
[2025-07-04T06:15:40.974+0000] {processor.py:840} INFO - DAG(s) 'example_bash_operator' retrieved from /home/airflow/.local/lib/python3.12/site-packages/airflow/example_dags/example_bash_operator.py
[2025-07-04T06:15:41.005+0000] {logging_mixin.py:188} INFO - [2025-07-04T06:15:41.004+0000] {dag.py:3096} INFO - Sync 1 DAGs
[2025-07-04T06:15:41.029+0000] {logging_mixin.py:188} INFO - [2025-07-04T06:15:41.029+0000] {dag.py:3954} INFO - Setting next_dagrun for example_bash_operator to 2025-07-03 00:00:00+00:00, run_after=2025-07-04 00:00:00+00:00
[2025-07-04T06:15:41.050+0000] {processor.py:183} INFO - Processing /home/airflow/.local/lib/python3.12/site-packages/airflow/example_dags/example_bash_operator.py took 0.095 seconds
[2025-07-04T06:16:11.134+0000] {processor.py:161} INFO - Started process (PID=319) to work on /home/airflow/.local/lib/python3.12/site-packages/airflow/example_dags/example_bash_operator.py
[2025-07-04T06:16:11.135+0000] {processor.py:830} INFO - Processing file /home/airflow/.local/lib/python3.12/site-packages/airflow/example_dags/example_bash_operator.py for tasks to queue
[2025-07-04T06:16:11.136+0000] {logging_mixin.py:188} INFO - [2025-07-04T06:16:11.136+0000] {dagbag.py:545} INFO - Filling up the DagBag from /home/airflow/.local/lib/python3.12/site-packages/airflow/example_dags/example_bash_operator.py
[2025-07-04T06:16:11.146+0000] {processor.py:840} INFO - DAG(s) 'example_bash_operator' retrieved from /home/airflow/.local/lib/python3.12/site-packages/airflow/example_dags/example_bash_operator.py
[2025-07-04T06:16:11.174+0000] {logging_mixin.py:188} INFO - [2025-07-04T06:16:11.173+0000] {dag.py:3096} INFO - Sync 1 DAGs
[2025-07-04T06:16:11.196+0000] {logging_mixin.py:188} INFO - [2025-07-04T06:16:11.195+0000] {dag.py:3954} INFO - Setting next_dagrun for example_bash_operator to 2025-07-03 00:00:00+00:00, run_after=2025-07-04 00:00:00+00:00
[2025-07-04T06:16:11.213+0000] {processor.py:183} INFO - Processing /home/airflow/.local/lib/python3.12/site-packages/airflow/example_dags/example_bash_operator.py took 0.084 seconds
[2025-07-04T06:16:41.456+0000] {processor.py:161} INFO - Started process (PID=379) to work on /home/airflow/.local/lib/python3.12/site-packages/airflow/example_dags/example_bash_operator.py
[2025-07-04T06:16:41.457+0000] {processor.py:830} INFO - Processing file /home/airflow/.local/lib/python3.12/site-packages/airflow/example_dags/example_bash_operator.py for tasks to queue
[2025-07-04T06:16:41.459+0000] {logging_mixin.py:188} INFO - [2025-07-04T06:16:41.458+0000] {dagbag.py:545} INFO - Filling up the DagBag from /home/airflow/.local/lib/python3.12/site-packages/airflow/example_dags/example_bash_operator.py
[2025-07-04T06:16:41.469+0000] {processor.py:840} INFO - DAG(s) 'example_bash_operator' retrieved from /home/airflow/.local/lib/python3.12/site-packages/airflow/example_dags/example_bash_operator.py
[2025-07-04T06:16:41.495+0000] {logging_mixin.py:188} INFO - [2025-07-04T06:16:41.495+0000] {dag.py:3096} INFO - Sync 1 DAGs
[2025-07-04T06:16:41.517+0000] {logging_mixin.py:188} INFO - [2025-07-04T06:16:41.517+0000] {dag.py:3954} INFO - Setting next_dagrun for example_bash_operator to 2025-07-03 00:00:00+00:00, run_after=2025-07-04 00:00:00+00:00
[2025-07-04T06:16:41.534+0000] {processor.py:183} INFO - Processing /home/airflow/.local/lib/python3.12/site-packages/airflow/example_dags/example_bash_operator.py took 0.082 seconds
[2025-07-04T06:17:11.828+0000] {processor.py:161} INFO - Started process (PID=439) to work on /home/airflow/.local/lib/python3.12/site-packages/airflow/example_dags/example_bash_operator.py
[2025-07-04T06:17:11.829+0000] {processor.py:830} INFO - Processing file /home/airflow/.local/lib/python3.12/site-packages/airflow/example_dags/example_bash_operator.py for tasks to queue
[2025-07-04T06:17:11.831+0000] {logging_mixin.py:188} INFO - [2025-07-04T06:17:11.830+0000] {dagbag.py:545} INFO - Filling up the DagBag from /home/airflow/.local/lib/python3.12/site-packages/airflow/example_dags/example_bash_operator.py
[2025-07-04T06:17:11.841+0000] {processor.py:840} INFO - DAG(s) 'example_bash_operator' retrieved from /home/airflow/.local/lib/python3.12/site-packages/airflow/example_dags/example_bash_operator.py
[2025-07-04T06:17:11.873+0000] {logging_mixin.py:188} INFO - [2025-07-04T06:17:11.872+0000] {dag.py:3096} INFO - Sync 1 DAGs
[2025-07-04T06:17:11.899+0000] {logging_mixin.py:188} INFO - [2025-07-04T06:17:11.899+0000] {dag.py:3954} INFO - Setting next_dagrun for example_bash_operator to 2025-07-03 00:00:00+00:00, run_after=2025-07-04 00:00:00+00:00
[2025-07-04T06:17:11.920+0000] {processor.py:183} INFO - Processing /home/airflow/.local/lib/python3.12/site-packages/airflow/example_dags/example_bash_operator.py took 0.098 seconds
[2025-07-04T06:17:42.002+0000] {processor.py:161} INFO - Started process (PID=499) to work on /home/airflow/.local/lib/python3.12/site-packages/airflow/example_dags/example_bash_operator.py
[2025-07-04T06:17:42.003+0000] {processor.py:830} INFO - Processing file /home/airflow/.local/lib/python3.12/site-packages/airflow/example_dags/example_bash_operator.py for tasks to queue
[2025-07-04T06:17:42.004+0000] {logging_mixin.py:188} INFO - [2025-07-04T06:17:42.004+0000] {dagbag.py:545} INFO - Filling up the DagBag from /home/airflow/.local/lib/python3.12/site-packages/airflow/example_dags/example_bash_operator.py
[2025-07-04T06:17:42.014+0000] {processor.py:840} INFO - DAG(s) 'example_bash_operator' retrieved from /home/airflow/.local/lib/python3.12/site-packages/airflow/example_dags/example_bash_operator.py
[2025-07-04T06:17:42.041+0000] {logging_mixin.py:188} INFO - [2025-07-04T06:17:42.040+0000] {dag.py:3096} INFO - Sync 1 DAGs
[2025-07-04T06:17:42.066+0000] {logging_mixin.py:188} INFO - [2025-07-04T06:17:42.066+0000] {dag.py:3954} INFO - Setting next_dagrun for example_bash_operator to 2025-07-03 00:00:00+00:00, run_after=2025-07-04 00:00:00+00:00
[2025-07-04T06:17:42.088+0000] {processor.py:183} INFO - Processing /home/airflow/.local/lib/python3.12/site-packages/airflow/example_dags/example_bash_operator.py took 0.091 seconds
[2025-07-04T06:18:12.249+0000] {processor.py:161} INFO - Started process (PID=559) to work on /home/airflow/.local/lib/python3.12/site-packages/airflow/example_dags/example_bash_operator.py
[2025-07-04T06:18:12.250+0000] {processor.py:830} INFO - Processing file /home/airflow/.local/lib/python3.12/site-packages/airflow/example_dags/example_bash_operator.py for tasks to queue
[2025-07-04T06:18:12.252+0000] {logging_mixin.py:188} INFO - [2025-07-04T06:18:12.251+0000] {dagbag.py:545} INFO - Filling up the DagBag from /home/airflow/.local/lib/python3.12/site-packages/airflow/example_dags/example_bash_operator.py
[2025-07-04T06:18:12.263+0000] {processor.py:840} INFO - DAG(s) 'example_bash_operator' retrieved from /home/airflow/.local/lib/python3.12/site-packages/airflow/example_dags/example_bash_operator.py
[2025-07-04T06:18:12.290+0000] {logging_mixin.py:188} INFO - [2025-07-04T06:18:12.290+0000] {dag.py:3096} INFO - Sync 1 DAGs
[2025-07-04T06:18:12.313+0000] {logging_mixin.py:188} INFO - [2025-07-04T06:18:12.313+0000] {dag.py:3954} INFO - Setting next_dagrun for example_bash_operator to 2025-07-03 00:00:00+00:00, run_after=2025-07-04 00:00:00+00:00
[2025-07-04T06:18:12.332+0000] {processor.py:183} INFO - Processing /home/airflow/.local/lib/python3.12/site-packages/airflow/example_dags/example_bash_operator.py took 0.088 seconds
[2025-07-04T06:18:42.908+0000] {processor.py:161} INFO - Started process (PID=619) to work on /home/airflow/.local/lib/python3.12/site-packages/airflow/example_dags/example_bash_operator.py
[2025-07-04T06:18:42.909+0000] {processor.py:830} INFO - Processing file /home/airflow/.local/lib/python3.12/site-packages/airflow/example_dags/example_bash_operator.py for tasks to queue
[2025-07-04T06:18:42.911+0000] {logging_mixin.py:188} INFO - [2025-07-04T06:18:42.911+0000] {dagbag.py:545} INFO - Filling up the DagBag from /home/airflow/.local/lib/python3.12/site-packages/airflow/example_dags/example_bash_operator.py
[2025-07-04T06:18:42.923+0000] {processor.py:840} INFO - DAG(s) 'example_bash_operator' retrieved from /home/airflow/.local/lib/python3.12/site-packages/airflow/example_dags/example_bash_operator.py
[2025-07-04T06:18:42.954+0000] {logging_mixin.py:188} INFO - [2025-07-04T06:18:42.954+0000] {dag.py:3096} INFO - Sync 1 DAGs
[2025-07-04T06:18:42.981+0000] {logging_mixin.py:188} INFO - [2025-07-04T06:18:42.980+0000] {dag.py:3954} INFO - Setting next_dagrun for example_bash_operator to 2025-07-03 00:00:00+00:00, run_after=2025-07-04 00:00:00+00:00
[2025-07-04T06:18:43.002+0000] {processor.py:183} INFO - Processing /home/airflow/.local/lib/python3.12/site-packages/airflow/example_dags/example_bash_operator.py took 0.100 seconds
[2025-07-04T06:19:13.221+0000] {processor.py:161} INFO - Started process (PID=679) to work on /home/airflow/.local/lib/python3.12/site-packages/airflow/example_dags/example_bash_operator.py
[2025-07-04T06:19:13.222+0000] {processor.py:830} INFO - Processing file /home/airflow/.local/lib/python3.12/site-packages/airflow/example_dags/example_bash_operator.py for tasks to queue
[2025-07-04T06:19:13.224+0000] {logging_mixin.py:188} INFO - [2025-07-04T06:19:13.224+0000] {dagbag.py:545} INFO - Filling up the DagBag from /home/airflow/.local/lib/python3.12/site-packages/airflow/example_dags/example_bash_operator.py
[2025-07-04T06:19:13.234+0000] {processor.py:840} INFO - DAG(s) 'example_bash_operator' retrieved from /home/airflow/.local/lib/python3.12/site-packages/airflow/example_dags/example_bash_operator.py
[2025-07-04T06:19:13.262+0000] {logging_mixin.py:188} INFO - [2025-07-04T06:19:13.262+0000] {dag.py:3096} INFO - Sync 1 DAGs
[2025-07-04T06:19:13.285+0000] {logging_mixin.py:188} INFO - [2025-07-04T06:19:13.284+0000] {dag.py:3954} INFO - Setting next_dagrun for example_bash_operator to 2025-07-03 00:00:00+00:00, run_after=2025-07-04 00:00:00+00:00
[2025-07-04T06:19:13.303+0000] {processor.py:183} INFO - Processing /home/airflow/.local/lib/python3.12/site-packages/airflow/example_dags/example_bash_operator.py took 0.087 seconds
[2025-07-04T06:19:43.486+0000] {processor.py:161} INFO - Started process (PID=739) to work on /home/airflow/.local/lib/python3.12/site-packages/airflow/example_dags/example_bash_operator.py
[2025-07-04T06:19:43.487+0000] {processor.py:830} INFO - Processing file /home/airflow/.local/lib/python3.12/site-packages/airflow/example_dags/example_bash_operator.py for tasks to queue
[2025-07-04T06:19:43.488+0000] {logging_mixin.py:188} INFO - [2025-07-04T06:19:43.488+0000] {dagbag.py:545} INFO - Filling up the DagBag from /home/airflow/.local/lib/python3.12/site-packages/airflow/example_dags/example_bash_operator.py
[2025-07-04T06:19:43.499+0000] {processor.py:840} INFO - DAG(s) 'example_bash_operator' retrieved from /home/airflow/.local/lib/python3.12/site-packages/airflow/example_dags/example_bash_operator.py
[2025-07-04T06:19:43.525+0000] {logging_mixin.py:188} INFO - [2025-07-04T06:19:43.525+0000] {dag.py:3096} INFO - Sync 1 DAGs
[2025-07-04T06:19:43.548+0000] {logging_mixin.py:188} INFO - [2025-07-04T06:19:43.548+0000] {dag.py:3954} INFO - Setting next_dagrun for example_bash_operator to 2025-07-03 00:00:00+00:00, run_after=2025-07-04 00:00:00+00:00
[2025-07-04T06:19:43.564+0000] {processor.py:183} INFO - Processing /home/airflow/.local/lib/python3.12/site-packages/airflow/example_dags/example_bash_operator.py took 0.083 seconds
[2025-07-04T06:20:13.967+0000] {processor.py:161} INFO - Started process (PID=799) to work on /home/airflow/.local/lib/python3.12/site-packages/airflow/example_dags/example_bash_operator.py
[2025-07-04T06:20:13.968+0000] {processor.py:830} INFO - Processing file /home/airflow/.local/lib/python3.12/site-packages/airflow/example_dags/example_bash_operator.py for tasks to queue
[2025-07-04T06:20:13.969+0000] {logging_mixin.py:188} INFO - [2025-07-04T06:20:13.969+0000] {dagbag.py:545} INFO - Filling up the DagBag from /home/airflow/.local/lib/python3.12/site-packages/airflow/example_dags/example_bash_operator.py
[2025-07-04T06:20:13.981+0000] {processor.py:840} INFO - DAG(s) 'example_bash_operator' retrieved from /home/airflow/.local/lib/python3.12/site-packages/airflow/example_dags/example_bash_operator.py
[2025-07-04T06:20:14.010+0000] {logging_mixin.py:188} INFO - [2025-07-04T06:20:14.010+0000] {dag.py:3096} INFO - Sync 1 DAGs
[2025-07-04T06:20:14.034+0000] {logging_mixin.py:188} INFO - [2025-07-04T06:20:14.033+0000] {dag.py:3954} INFO - Setting next_dagrun for example_bash_operator to 2025-07-03 00:00:00+00:00, run_after=2025-07-04 00:00:00+00:00
[2025-07-04T06:20:14.053+0000] {processor.py:183} INFO - Processing /home/airflow/.local/lib/python3.12/site-packages/airflow/example_dags/example_bash_operator.py took 0.092 seconds
[2025-07-04T06:20:44.590+0000] {processor.py:161} INFO - Started process (PID=859) to work on /home/airflow/.local/lib/python3.12/site-packages/airflow/example_dags/example_bash_operator.py
[2025-07-04T06:20:44.591+0000] {processor.py:830} INFO - Processing file /home/airflow/.local/lib/python3.12/site-packages/airflow/example_dags/example_bash_operator.py for tasks to queue
[2025-07-04T06:20:44.594+0000] {logging_mixin.py:188} INFO - [2025-07-04T06:20:44.594+0000] {dagbag.py:545} INFO - Filling up the DagBag from /home/airflow/.local/lib/python3.12/site-packages/airflow/example_dags/example_bash_operator.py
[2025-07-04T06:20:44.607+0000] {processor.py:840} INFO - DAG(s) 'example_bash_operator' retrieved from /home/airflow/.local/lib/python3.12/site-packages/airflow/example_dags/example_bash_operator.py
[2025-07-04T06:20:44.645+0000] {logging_mixin.py:188} INFO - [2025-07-04T06:20:44.645+0000] {dag.py:3096} INFO - Sync 1 DAGs
[2025-07-04T06:20:44.676+0000] {logging_mixin.py:188} INFO - [2025-07-04T06:20:44.676+0000] {dag.py:3954} INFO - Setting next_dagrun for example_bash_operator to 2025-07-03 00:00:00+00:00, run_after=2025-07-04 00:00:00+00:00
[2025-07-04T06:20:44.702+0000] {processor.py:183} INFO - Processing /home/airflow/.local/lib/python3.12/site-packages/airflow/example_dags/example_bash_operator.py took 0.119 seconds
