[2025-07-04T06:14:12.912+0000] {processor.py:161} INFO - Started process (PID=108) to work on /home/airflow/.local/lib/python3.12/site-packages/airflow/example_dags/example_sensors.py
[2025-07-04T06:14:12.913+0000] {processor.py:830} INFO - Processing file /home/airflow/.local/lib/python3.12/site-packages/airflow/example_dags/example_sensors.py for tasks to queue
[2025-07-04T06:14:12.915+0000] {logging_mixin.py:188} INFO - [2025-07-04T06:14:12.915+0000] {dagbag.py:545} INFO - Filling up the DagBag from /home/airflow/.local/lib/python3.12/site-packages/airflow/example_dags/example_sensors.py
[2025-07-04T06:14:12.926+0000] {processor.py:840} INFO - DAG(s) 'example_sensors' retrieved from /home/airflow/.local/lib/python3.12/site-packages/airflow/example_dags/example_sensors.py
[2025-07-04T06:14:13.052+0000] {logging_mixin.py:188} INFO - [2025-07-04T06:14:13.052+0000] {dag.py:3096} INFO - Sync 1 DAGs
[2025-07-04T06:14:13.063+0000] {logging_mixin.py:188} INFO - [2025-07-04T06:14:13.063+0000] {dag.py:3954} INFO - Setting next_dagrun for example_sensors to None, run_after=None
[2025-07-04T06:14:13.083+0000] {processor.py:183} INFO - Processing /home/airflow/.local/lib/python3.12/site-packages/airflow/example_dags/example_sensors.py took 0.177 seconds
[2025-07-04T06:14:43.280+0000] {processor.py:161} INFO - Started process (PID=168) to work on /home/airflow/.local/lib/python3.12/site-packages/airflow/example_dags/example_sensors.py
[2025-07-04T06:14:43.281+0000] {processor.py:830} INFO - Processing file /home/airflow/.local/lib/python3.12/site-packages/airflow/example_dags/example_sensors.py for tasks to queue
[2025-07-04T06:14:43.283+0000] {logging_mixin.py:188} INFO - [2025-07-04T06:14:43.283+0000] {dagbag.py:545} INFO - Filling up the DagBag from /home/airflow/.local/lib/python3.12/site-packages/airflow/example_dags/example_sensors.py
[2025-07-04T06:14:43.294+0000] {processor.py:840} INFO - DAG(s) 'example_sensors' retrieved from /home/airflow/.local/lib/python3.12/site-packages/airflow/example_dags/example_sensors.py
[2025-07-04T06:14:43.347+0000] {logging_mixin.py:188} INFO - [2025-07-04T06:14:43.346+0000] {dag.py:3096} INFO - Sync 1 DAGs
[2025-07-04T06:14:43.379+0000] {logging_mixin.py:188} INFO - [2025-07-04T06:14:43.377+0000] {dag.py:3954} INFO - Setting next_dagrun for example_sensors to None, run_after=None
[2025-07-04T06:14:43.425+0000] {processor.py:183} INFO - Processing /home/airflow/.local/lib/python3.12/site-packages/airflow/example_dags/example_sensors.py took 0.151 seconds
[2025-07-04T06:15:13.870+0000] {processor.py:161} INFO - Started process (PID=228) to work on /home/airflow/.local/lib/python3.12/site-packages/airflow/example_dags/example_sensors.py
[2025-07-04T06:15:13.871+0000] {processor.py:830} INFO - Processing file /home/airflow/.local/lib/python3.12/site-packages/airflow/example_dags/example_sensors.py for tasks to queue
[2025-07-04T06:15:13.873+0000] {logging_mixin.py:188} INFO - [2025-07-04T06:15:13.872+0000] {dagbag.py:545} INFO - Filling up the DagBag from /home/airflow/.local/lib/python3.12/site-packages/airflow/example_dags/example_sensors.py
[2025-07-04T06:15:13.882+0000] {processor.py:840} INFO - DAG(s) 'example_sensors' retrieved from /home/airflow/.local/lib/python3.12/site-packages/airflow/example_dags/example_sensors.py
[2025-07-04T06:15:13.911+0000] {logging_mixin.py:188} INFO - [2025-07-04T06:15:13.911+0000] {dag.py:3096} INFO - Sync 1 DAGs
[2025-07-04T06:15:13.926+0000] {logging_mixin.py:188} INFO - [2025-07-04T06:15:13.925+0000] {dag.py:3954} INFO - Setting next_dagrun for example_sensors to None, run_after=None
[2025-07-04T06:15:13.947+0000] {processor.py:183} INFO - Processing /home/airflow/.local/lib/python3.12/site-packages/airflow/example_dags/example_sensors.py took 0.083 seconds
[2025-07-04T06:15:44.820+0000] {processor.py:161} INFO - Started process (PID=288) to work on /home/airflow/.local/lib/python3.12/site-packages/airflow/example_dags/example_sensors.py
[2025-07-04T06:15:44.821+0000] {processor.py:830} INFO - Processing file /home/airflow/.local/lib/python3.12/site-packages/airflow/example_dags/example_sensors.py for tasks to queue
[2025-07-04T06:15:44.823+0000] {logging_mixin.py:188} INFO - [2025-07-04T06:15:44.823+0000] {dagbag.py:545} INFO - Filling up the DagBag from /home/airflow/.local/lib/python3.12/site-packages/airflow/example_dags/example_sensors.py
[2025-07-04T06:15:44.832+0000] {processor.py:840} INFO - DAG(s) 'example_sensors' retrieved from /home/airflow/.local/lib/python3.12/site-packages/airflow/example_dags/example_sensors.py
[2025-07-04T06:15:44.860+0000] {logging_mixin.py:188} INFO - [2025-07-04T06:15:44.859+0000] {dag.py:3096} INFO - Sync 1 DAGs
[2025-07-04T06:15:44.874+0000] {logging_mixin.py:188} INFO - [2025-07-04T06:15:44.873+0000] {dag.py:3954} INFO - Setting next_dagrun for example_sensors to None, run_after=None
[2025-07-04T06:15:44.894+0000] {processor.py:183} INFO - Processing /home/airflow/.local/lib/python3.12/site-packages/airflow/example_dags/example_sensors.py took 0.079 seconds
[2025-07-04T06:16:15.125+0000] {processor.py:161} INFO - Started process (PID=348) to work on /home/airflow/.local/lib/python3.12/site-packages/airflow/example_dags/example_sensors.py
[2025-07-04T06:16:15.126+0000] {processor.py:830} INFO - Processing file /home/airflow/.local/lib/python3.12/site-packages/airflow/example_dags/example_sensors.py for tasks to queue
[2025-07-04T06:16:15.128+0000] {logging_mixin.py:188} INFO - [2025-07-04T06:16:15.128+0000] {dagbag.py:545} INFO - Filling up the DagBag from /home/airflow/.local/lib/python3.12/site-packages/airflow/example_dags/example_sensors.py
[2025-07-04T06:16:15.137+0000] {processor.py:840} INFO - DAG(s) 'example_sensors' retrieved from /home/airflow/.local/lib/python3.12/site-packages/airflow/example_dags/example_sensors.py
[2025-07-04T06:16:15.164+0000] {logging_mixin.py:188} INFO - [2025-07-04T06:16:15.163+0000] {dag.py:3096} INFO - Sync 1 DAGs
[2025-07-04T06:16:15.179+0000] {logging_mixin.py:188} INFO - [2025-07-04T06:16:15.179+0000] {dag.py:3954} INFO - Setting next_dagrun for example_sensors to None, run_after=None
[2025-07-04T06:16:15.201+0000] {processor.py:183} INFO - Processing /home/airflow/.local/lib/python3.12/site-packages/airflow/example_dags/example_sensors.py took 0.082 seconds
[2025-07-04T06:16:45.466+0000] {processor.py:161} INFO - Started process (PID=408) to work on /home/airflow/.local/lib/python3.12/site-packages/airflow/example_dags/example_sensors.py
[2025-07-04T06:16:45.467+0000] {processor.py:830} INFO - Processing file /home/airflow/.local/lib/python3.12/site-packages/airflow/example_dags/example_sensors.py for tasks to queue
[2025-07-04T06:16:45.469+0000] {logging_mixin.py:188} INFO - [2025-07-04T06:16:45.469+0000] {dagbag.py:545} INFO - Filling up the DagBag from /home/airflow/.local/lib/python3.12/site-packages/airflow/example_dags/example_sensors.py
[2025-07-04T06:16:45.477+0000] {processor.py:840} INFO - DAG(s) 'example_sensors' retrieved from /home/airflow/.local/lib/python3.12/site-packages/airflow/example_dags/example_sensors.py
[2025-07-04T06:16:45.500+0000] {logging_mixin.py:188} INFO - [2025-07-04T06:16:45.500+0000] {dag.py:3096} INFO - Sync 1 DAGs
[2025-07-04T06:16:45.513+0000] {logging_mixin.py:188} INFO - [2025-07-04T06:16:45.512+0000] {dag.py:3954} INFO - Setting next_dagrun for example_sensors to None, run_after=None
[2025-07-04T06:16:45.530+0000] {processor.py:183} INFO - Processing /home/airflow/.local/lib/python3.12/site-packages/airflow/example_dags/example_sensors.py took 0.068 seconds
[2025-07-04T06:17:15.794+0000] {processor.py:161} INFO - Started process (PID=468) to work on /home/airflow/.local/lib/python3.12/site-packages/airflow/example_dags/example_sensors.py
[2025-07-04T06:17:15.795+0000] {processor.py:830} INFO - Processing file /home/airflow/.local/lib/python3.12/site-packages/airflow/example_dags/example_sensors.py for tasks to queue
[2025-07-04T06:17:15.797+0000] {logging_mixin.py:188} INFO - [2025-07-04T06:17:15.796+0000] {dagbag.py:545} INFO - Filling up the DagBag from /home/airflow/.local/lib/python3.12/site-packages/airflow/example_dags/example_sensors.py
[2025-07-04T06:17:15.805+0000] {processor.py:840} INFO - DAG(s) 'example_sensors' retrieved from /home/airflow/.local/lib/python3.12/site-packages/airflow/example_dags/example_sensors.py
[2025-07-04T06:17:15.829+0000] {logging_mixin.py:188} INFO - [2025-07-04T06:17:15.829+0000] {dag.py:3096} INFO - Sync 1 DAGs
[2025-07-04T06:17:15.841+0000] {logging_mixin.py:188} INFO - [2025-07-04T06:17:15.841+0000] {dag.py:3954} INFO - Setting next_dagrun for example_sensors to None, run_after=None
[2025-07-04T06:17:15.858+0000] {processor.py:183} INFO - Processing /home/airflow/.local/lib/python3.12/site-packages/airflow/example_dags/example_sensors.py took 0.069 seconds
[2025-07-04T06:17:46.343+0000] {processor.py:161} INFO - Started process (PID=528) to work on /home/airflow/.local/lib/python3.12/site-packages/airflow/example_dags/example_sensors.py
[2025-07-04T06:17:46.344+0000] {processor.py:830} INFO - Processing file /home/airflow/.local/lib/python3.12/site-packages/airflow/example_dags/example_sensors.py for tasks to queue
[2025-07-04T06:17:46.346+0000] {logging_mixin.py:188} INFO - [2025-07-04T06:17:46.346+0000] {dagbag.py:545} INFO - Filling up the DagBag from /home/airflow/.local/lib/python3.12/site-packages/airflow/example_dags/example_sensors.py
[2025-07-04T06:17:46.358+0000] {processor.py:840} INFO - DAG(s) 'example_sensors' retrieved from /home/airflow/.local/lib/python3.12/site-packages/airflow/example_dags/example_sensors.py
[2025-07-04T06:17:46.389+0000] {logging_mixin.py:188} INFO - [2025-07-04T06:17:46.389+0000] {dag.py:3096} INFO - Sync 1 DAGs
[2025-07-04T06:17:46.406+0000] {logging_mixin.py:188} INFO - [2025-07-04T06:17:46.406+0000] {dag.py:3954} INFO - Setting next_dagrun for example_sensors to None, run_after=None
[2025-07-04T06:17:46.431+0000] {processor.py:183} INFO - Processing /home/airflow/.local/lib/python3.12/site-packages/airflow/example_dags/example_sensors.py took 0.095 seconds
[2025-07-04T06:18:17.317+0000] {processor.py:161} INFO - Started process (PID=588) to work on /home/airflow/.local/lib/python3.12/site-packages/airflow/example_dags/example_sensors.py
[2025-07-04T06:18:17.318+0000] {processor.py:830} INFO - Processing file /home/airflow/.local/lib/python3.12/site-packages/airflow/example_dags/example_sensors.py for tasks to queue
[2025-07-04T06:18:17.320+0000] {logging_mixin.py:188} INFO - [2025-07-04T06:18:17.320+0000] {dagbag.py:545} INFO - Filling up the DagBag from /home/airflow/.local/lib/python3.12/site-packages/airflow/example_dags/example_sensors.py
[2025-07-04T06:18:17.329+0000] {processor.py:840} INFO - DAG(s) 'example_sensors' retrieved from /home/airflow/.local/lib/python3.12/site-packages/airflow/example_dags/example_sensors.py
[2025-07-04T06:18:17.356+0000] {logging_mixin.py:188} INFO - [2025-07-04T06:18:17.356+0000] {dag.py:3096} INFO - Sync 1 DAGs
[2025-07-04T06:18:17.368+0000] {logging_mixin.py:188} INFO - [2025-07-04T06:18:17.368+0000] {dag.py:3954} INFO - Setting next_dagrun for example_sensors to None, run_after=None
[2025-07-04T06:18:17.387+0000] {processor.py:183} INFO - Processing /home/airflow/.local/lib/python3.12/site-packages/airflow/example_dags/example_sensors.py took 0.075 seconds
[2025-07-04T06:18:48.237+0000] {processor.py:161} INFO - Started process (PID=648) to work on /home/airflow/.local/lib/python3.12/site-packages/airflow/example_dags/example_sensors.py
[2025-07-04T06:18:48.238+0000] {processor.py:830} INFO - Processing file /home/airflow/.local/lib/python3.12/site-packages/airflow/example_dags/example_sensors.py for tasks to queue
[2025-07-04T06:18:48.239+0000] {logging_mixin.py:188} INFO - [2025-07-04T06:18:48.239+0000] {dagbag.py:545} INFO - Filling up the DagBag from /home/airflow/.local/lib/python3.12/site-packages/airflow/example_dags/example_sensors.py
[2025-07-04T06:18:48.247+0000] {processor.py:840} INFO - DAG(s) 'example_sensors' retrieved from /home/airflow/.local/lib/python3.12/site-packages/airflow/example_dags/example_sensors.py
[2025-07-04T06:18:48.272+0000] {logging_mixin.py:188} INFO - [2025-07-04T06:18:48.271+0000] {dag.py:3096} INFO - Sync 1 DAGs
[2025-07-04T06:18:48.286+0000] {logging_mixin.py:188} INFO - [2025-07-04T06:18:48.286+0000] {dag.py:3954} INFO - Setting next_dagrun for example_sensors to None, run_after=None
[2025-07-04T06:18:48.306+0000] {processor.py:183} INFO - Processing /home/airflow/.local/lib/python3.12/site-packages/airflow/example_dags/example_sensors.py took 0.075 seconds
[2025-07-04T06:19:18.400+0000] {processor.py:161} INFO - Started process (PID=707) to work on /home/airflow/.local/lib/python3.12/site-packages/airflow/example_dags/example_sensors.py
[2025-07-04T06:19:18.401+0000] {processor.py:830} INFO - Processing file /home/airflow/.local/lib/python3.12/site-packages/airflow/example_dags/example_sensors.py for tasks to queue
[2025-07-04T06:19:18.403+0000] {logging_mixin.py:188} INFO - [2025-07-04T06:19:18.403+0000] {dagbag.py:545} INFO - Filling up the DagBag from /home/airflow/.local/lib/python3.12/site-packages/airflow/example_dags/example_sensors.py
[2025-07-04T06:19:18.412+0000] {processor.py:840} INFO - DAG(s) 'example_sensors' retrieved from /home/airflow/.local/lib/python3.12/site-packages/airflow/example_dags/example_sensors.py
[2025-07-04T06:19:18.441+0000] {logging_mixin.py:188} INFO - [2025-07-04T06:19:18.440+0000] {dag.py:3096} INFO - Sync 1 DAGs
[2025-07-04T06:19:18.455+0000] {logging_mixin.py:188} INFO - [2025-07-04T06:19:18.454+0000] {dag.py:3954} INFO - Setting next_dagrun for example_sensors to None, run_after=None
[2025-07-04T06:19:18.476+0000] {processor.py:183} INFO - Processing /home/airflow/.local/lib/python3.12/site-packages/airflow/example_dags/example_sensors.py took 0.082 seconds
[2025-07-04T06:19:48.548+0000] {processor.py:161} INFO - Started process (PID=767) to work on /home/airflow/.local/lib/python3.12/site-packages/airflow/example_dags/example_sensors.py
[2025-07-04T06:19:48.548+0000] {processor.py:830} INFO - Processing file /home/airflow/.local/lib/python3.12/site-packages/airflow/example_dags/example_sensors.py for tasks to queue
[2025-07-04T06:19:48.550+0000] {logging_mixin.py:188} INFO - [2025-07-04T06:19:48.550+0000] {dagbag.py:545} INFO - Filling up the DagBag from /home/airflow/.local/lib/python3.12/site-packages/airflow/example_dags/example_sensors.py
[2025-07-04T06:19:48.558+0000] {processor.py:840} INFO - DAG(s) 'example_sensors' retrieved from /home/airflow/.local/lib/python3.12/site-packages/airflow/example_dags/example_sensors.py
[2025-07-04T06:19:48.582+0000] {logging_mixin.py:188} INFO - [2025-07-04T06:19:48.582+0000] {dag.py:3096} INFO - Sync 1 DAGs
[2025-07-04T06:19:48.595+0000] {logging_mixin.py:188} INFO - [2025-07-04T06:19:48.595+0000] {dag.py:3954} INFO - Setting next_dagrun for example_sensors to None, run_after=None
[2025-07-04T06:19:48.616+0000] {processor.py:183} INFO - Processing /home/airflow/.local/lib/python3.12/site-packages/airflow/example_dags/example_sensors.py took 0.074 seconds
[2025-07-04T06:20:19.052+0000] {processor.py:161} INFO - Started process (PID=827) to work on /home/airflow/.local/lib/python3.12/site-packages/airflow/example_dags/example_sensors.py
[2025-07-04T06:20:19.053+0000] {processor.py:830} INFO - Processing file /home/airflow/.local/lib/python3.12/site-packages/airflow/example_dags/example_sensors.py for tasks to queue
[2025-07-04T06:20:19.055+0000] {logging_mixin.py:188} INFO - [2025-07-04T06:20:19.055+0000] {dagbag.py:545} INFO - Filling up the DagBag from /home/airflow/.local/lib/python3.12/site-packages/airflow/example_dags/example_sensors.py
[2025-07-04T06:20:19.063+0000] {processor.py:840} INFO - DAG(s) 'example_sensors' retrieved from /home/airflow/.local/lib/python3.12/site-packages/airflow/example_dags/example_sensors.py
[2025-07-04T06:20:19.090+0000] {logging_mixin.py:188} INFO - [2025-07-04T06:20:19.090+0000] {dag.py:3096} INFO - Sync 1 DAGs
[2025-07-04T06:20:19.103+0000] {logging_mixin.py:188} INFO - [2025-07-04T06:20:19.102+0000] {dag.py:3954} INFO - Setting next_dagrun for example_sensors to None, run_after=None
[2025-07-04T06:20:19.122+0000] {processor.py:183} INFO - Processing /home/airflow/.local/lib/python3.12/site-packages/airflow/example_dags/example_sensors.py took 0.075 seconds
[2025-07-04T06:20:49.556+0000] {processor.py:161} INFO - Started process (PID=887) to work on /home/airflow/.local/lib/python3.12/site-packages/airflow/example_dags/example_sensors.py
[2025-07-04T06:20:49.557+0000] {processor.py:830} INFO - Processing file /home/airflow/.local/lib/python3.12/site-packages/airflow/example_dags/example_sensors.py for tasks to queue
[2025-07-04T06:20:49.561+0000] {logging_mixin.py:188} INFO - [2025-07-04T06:20:49.560+0000] {dagbag.py:545} INFO - Filling up the DagBag from /home/airflow/.local/lib/python3.12/site-packages/airflow/example_dags/example_sensors.py
[2025-07-04T06:20:49.570+0000] {processor.py:840} INFO - DAG(s) 'example_sensors' retrieved from /home/airflow/.local/lib/python3.12/site-packages/airflow/example_dags/example_sensors.py
[2025-07-04T06:20:49.601+0000] {logging_mixin.py:188} INFO - [2025-07-04T06:20:49.601+0000] {dag.py:3096} INFO - Sync 1 DAGs
[2025-07-04T06:20:49.616+0000] {logging_mixin.py:188} INFO - [2025-07-04T06:20:49.615+0000] {dag.py:3954} INFO - Setting next_dagrun for example_sensors to None, run_after=None
[2025-07-04T06:20:49.637+0000] {processor.py:183} INFO - Processing /home/airflow/.local/lib/python3.12/site-packages/airflow/example_dags/example_sensors.py took 0.087 seconds
