[2025-07-04T06:14:09.939+0000] {processor.py:161} INFO - Started process (PID=90) to work on /home/airflow/.local/lib/python3.12/site-packages/airflow/example_dags/example_xcomargs.py
[2025-07-04T06:14:09.941+0000] {processor.py:830} INFO - Processing file /home/airflow/.local/lib/python3.12/site-packages/airflow/example_dags/example_xcomargs.py for tasks to queue
[2025-07-04T06:14:09.944+0000] {logging_mixin.py:188} INFO - [2025-07-04T06:14:09.943+0000] {dagbag.py:545} INFO - Filling up the DagBag from /home/airflow/.local/lib/python3.12/site-packages/airflow/example_dags/example_xcomargs.py
[2025-07-04T06:14:09.958+0000] {processor.py:840} INFO - DAG(s) 'example_xcom_args_with_operators', 'example_xcom_args' retrieved from /home/airflow/.local/lib/python3.12/site-packages/airflow/example_dags/example_xcomargs.py
[2025-07-04T06:14:10.135+0000] {logging_mixin.py:188} INFO - [2025-07-04T06:14:10.135+0000] {dag.py:3096} INFO - Sync 2 DAGs
[2025-07-04T06:14:10.152+0000] {logging_mixin.py:188} INFO - [2025-07-04T06:14:10.151+0000] {dag.py:3954} INFO - Setting next_dagrun for example_xcom_args to None, run_after=None
[2025-07-04T06:14:10.157+0000] {logging_mixin.py:188} INFO - [2025-07-04T06:14:10.157+0000] {dag.py:3954} INFO - Setting next_dagrun for example_xcom_args_with_operators to None, run_after=None
[2025-07-04T06:14:10.185+0000] {processor.py:183} INFO - Processing /home/airflow/.local/lib/python3.12/site-packages/airflow/example_dags/example_xcomargs.py took 0.253 seconds
[2025-07-04T06:14:40.479+0000] {processor.py:161} INFO - Started process (PID=150) to work on /home/airflow/.local/lib/python3.12/site-packages/airflow/example_dags/example_xcomargs.py
[2025-07-04T06:14:40.481+0000] {processor.py:830} INFO - Processing file /home/airflow/.local/lib/python3.12/site-packages/airflow/example_dags/example_xcomargs.py for tasks to queue
[2025-07-04T06:14:40.484+0000] {logging_mixin.py:188} INFO - [2025-07-04T06:14:40.483+0000] {dagbag.py:545} INFO - Filling up the DagBag from /home/airflow/.local/lib/python3.12/site-packages/airflow/example_dags/example_xcomargs.py
[2025-07-04T06:14:40.493+0000] {processor.py:840} INFO - DAG(s) 'example_xcom_args_with_operators', 'example_xcom_args' retrieved from /home/airflow/.local/lib/python3.12/site-packages/airflow/example_dags/example_xcomargs.py
[2025-07-04T06:14:40.522+0000] {logging_mixin.py:188} INFO - [2025-07-04T06:14:40.521+0000] {dag.py:3096} INFO - Sync 2 DAGs
[2025-07-04T06:14:40.536+0000] {logging_mixin.py:188} INFO - [2025-07-04T06:14:40.536+0000] {dag.py:3954} INFO - Setting next_dagrun for example_xcom_args to None, run_after=None
[2025-07-04T06:14:40.541+0000] {logging_mixin.py:188} INFO - [2025-07-04T06:14:40.541+0000] {dag.py:3954} INFO - Setting next_dagrun for example_xcom_args_with_operators to None, run_after=None
[2025-07-04T06:14:40.561+0000] {processor.py:183} INFO - Processing /home/airflow/.local/lib/python3.12/site-packages/airflow/example_dags/example_xcomargs.py took 0.087 seconds
[2025-07-04T06:15:10.606+0000] {processor.py:161} INFO - Started process (PID=210) to work on /home/airflow/.local/lib/python3.12/site-packages/airflow/example_dags/example_xcomargs.py
[2025-07-04T06:15:10.607+0000] {processor.py:830} INFO - Processing file /home/airflow/.local/lib/python3.12/site-packages/airflow/example_dags/example_xcomargs.py for tasks to queue
[2025-07-04T06:15:10.609+0000] {logging_mixin.py:188} INFO - [2025-07-04T06:15:10.608+0000] {dagbag.py:545} INFO - Filling up the DagBag from /home/airflow/.local/lib/python3.12/site-packages/airflow/example_dags/example_xcomargs.py
[2025-07-04T06:15:10.617+0000] {processor.py:840} INFO - DAG(s) 'example_xcom_args', 'example_xcom_args_with_operators' retrieved from /home/airflow/.local/lib/python3.12/site-packages/airflow/example_dags/example_xcomargs.py
[2025-07-04T06:15:10.643+0000] {logging_mixin.py:188} INFO - [2025-07-04T06:15:10.642+0000] {dag.py:3096} INFO - Sync 2 DAGs
[2025-07-04T06:15:10.659+0000] {logging_mixin.py:188} INFO - [2025-07-04T06:15:10.658+0000] {dag.py:3954} INFO - Setting next_dagrun for example_xcom_args to None, run_after=None
[2025-07-04T06:15:10.664+0000] {logging_mixin.py:188} INFO - [2025-07-04T06:15:10.663+0000] {dag.py:3954} INFO - Setting next_dagrun for example_xcom_args_with_operators to None, run_after=None
[2025-07-04T06:15:10.684+0000] {processor.py:183} INFO - Processing /home/airflow/.local/lib/python3.12/site-packages/airflow/example_dags/example_xcomargs.py took 0.084 seconds
[2025-07-04T06:15:41.616+0000] {processor.py:161} INFO - Started process (PID=270) to work on /home/airflow/.local/lib/python3.12/site-packages/airflow/example_dags/example_xcomargs.py
[2025-07-04T06:15:41.617+0000] {processor.py:830} INFO - Processing file /home/airflow/.local/lib/python3.12/site-packages/airflow/example_dags/example_xcomargs.py for tasks to queue
[2025-07-04T06:15:41.619+0000] {logging_mixin.py:188} INFO - [2025-07-04T06:15:41.619+0000] {dagbag.py:545} INFO - Filling up the DagBag from /home/airflow/.local/lib/python3.12/site-packages/airflow/example_dags/example_xcomargs.py
[2025-07-04T06:15:41.628+0000] {processor.py:840} INFO - DAG(s) 'example_xcom_args_with_operators', 'example_xcom_args' retrieved from /home/airflow/.local/lib/python3.12/site-packages/airflow/example_dags/example_xcomargs.py
[2025-07-04T06:15:41.653+0000] {logging_mixin.py:188} INFO - [2025-07-04T06:15:41.652+0000] {dag.py:3096} INFO - Sync 2 DAGs
[2025-07-04T06:15:41.667+0000] {logging_mixin.py:188} INFO - [2025-07-04T06:15:41.667+0000] {dag.py:3954} INFO - Setting next_dagrun for example_xcom_args to None, run_after=None
[2025-07-04T06:15:41.672+0000] {logging_mixin.py:188} INFO - [2025-07-04T06:15:41.672+0000] {dag.py:3954} INFO - Setting next_dagrun for example_xcom_args_with_operators to None, run_after=None
[2025-07-04T06:15:41.690+0000] {processor.py:183} INFO - Processing /home/airflow/.local/lib/python3.12/site-packages/airflow/example_dags/example_xcomargs.py took 0.080 seconds
[2025-07-04T06:16:12.097+0000] {processor.py:161} INFO - Started process (PID=330) to work on /home/airflow/.local/lib/python3.12/site-packages/airflow/example_dags/example_xcomargs.py
[2025-07-04T06:16:12.098+0000] {processor.py:830} INFO - Processing file /home/airflow/.local/lib/python3.12/site-packages/airflow/example_dags/example_xcomargs.py for tasks to queue
[2025-07-04T06:16:12.101+0000] {logging_mixin.py:188} INFO - [2025-07-04T06:16:12.100+0000] {dagbag.py:545} INFO - Filling up the DagBag from /home/airflow/.local/lib/python3.12/site-packages/airflow/example_dags/example_xcomargs.py
[2025-07-04T06:16:12.109+0000] {processor.py:840} INFO - DAG(s) 'example_xcom_args', 'example_xcom_args_with_operators' retrieved from /home/airflow/.local/lib/python3.12/site-packages/airflow/example_dags/example_xcomargs.py
[2025-07-04T06:16:12.136+0000] {logging_mixin.py:188} INFO - [2025-07-04T06:16:12.136+0000] {dag.py:3096} INFO - Sync 2 DAGs
[2025-07-04T06:16:12.153+0000] {logging_mixin.py:188} INFO - [2025-07-04T06:16:12.153+0000] {dag.py:3954} INFO - Setting next_dagrun for example_xcom_args to None, run_after=None
[2025-07-04T06:16:12.157+0000] {logging_mixin.py:188} INFO - [2025-07-04T06:16:12.157+0000] {dag.py:3954} INFO - Setting next_dagrun for example_xcom_args_with_operators to None, run_after=None
[2025-07-04T06:16:12.179+0000] {processor.py:183} INFO - Processing /home/airflow/.local/lib/python3.12/site-packages/airflow/example_dags/example_xcomargs.py took 0.087 seconds
[2025-07-04T06:16:42.250+0000] {processor.py:161} INFO - Started process (PID=390) to work on /home/airflow/.local/lib/python3.12/site-packages/airflow/example_dags/example_xcomargs.py
[2025-07-04T06:16:42.251+0000] {processor.py:830} INFO - Processing file /home/airflow/.local/lib/python3.12/site-packages/airflow/example_dags/example_xcomargs.py for tasks to queue
[2025-07-04T06:16:42.253+0000] {logging_mixin.py:188} INFO - [2025-07-04T06:16:42.253+0000] {dagbag.py:545} INFO - Filling up the DagBag from /home/airflow/.local/lib/python3.12/site-packages/airflow/example_dags/example_xcomargs.py
[2025-07-04T06:16:42.260+0000] {processor.py:840} INFO - DAG(s) 'example_xcom_args_with_operators', 'example_xcom_args' retrieved from /home/airflow/.local/lib/python3.12/site-packages/airflow/example_dags/example_xcomargs.py
[2025-07-04T06:16:42.285+0000] {logging_mixin.py:188} INFO - [2025-07-04T06:16:42.285+0000] {dag.py:3096} INFO - Sync 2 DAGs
[2025-07-04T06:16:42.298+0000] {logging_mixin.py:188} INFO - [2025-07-04T06:16:42.298+0000] {dag.py:3954} INFO - Setting next_dagrun for example_xcom_args to None, run_after=None
[2025-07-04T06:16:42.301+0000] {logging_mixin.py:188} INFO - [2025-07-04T06:16:42.301+0000] {dag.py:3954} INFO - Setting next_dagrun for example_xcom_args_with_operators to None, run_after=None
[2025-07-04T06:16:42.317+0000] {processor.py:183} INFO - Processing /home/airflow/.local/lib/python3.12/site-packages/airflow/example_dags/example_xcomargs.py took 0.073 seconds
[2025-07-04T06:17:12.385+0000] {processor.py:161} INFO - Started process (PID=448) to work on /home/airflow/.local/lib/python3.12/site-packages/airflow/example_dags/example_xcomargs.py
[2025-07-04T06:17:12.386+0000] {processor.py:830} INFO - Processing file /home/airflow/.local/lib/python3.12/site-packages/airflow/example_dags/example_xcomargs.py for tasks to queue
[2025-07-04T06:17:12.388+0000] {logging_mixin.py:188} INFO - [2025-07-04T06:17:12.387+0000] {dagbag.py:545} INFO - Filling up the DagBag from /home/airflow/.local/lib/python3.12/site-packages/airflow/example_dags/example_xcomargs.py
[2025-07-04T06:17:12.397+0000] {processor.py:840} INFO - DAG(s) 'example_xcom_args', 'example_xcom_args_with_operators' retrieved from /home/airflow/.local/lib/python3.12/site-packages/airflow/example_dags/example_xcomargs.py
[2025-07-04T06:17:12.424+0000] {logging_mixin.py:188} INFO - [2025-07-04T06:17:12.424+0000] {dag.py:3096} INFO - Sync 2 DAGs
[2025-07-04T06:17:12.440+0000] {logging_mixin.py:188} INFO - [2025-07-04T06:17:12.439+0000] {dag.py:3954} INFO - Setting next_dagrun for example_xcom_args to None, run_after=None
[2025-07-04T06:17:12.444+0000] {logging_mixin.py:188} INFO - [2025-07-04T06:17:12.444+0000] {dag.py:3954} INFO - Setting next_dagrun for example_xcom_args_with_operators to None, run_after=None
[2025-07-04T06:17:12.461+0000] {processor.py:183} INFO - Processing /home/airflow/.local/lib/python3.12/site-packages/airflow/example_dags/example_xcomargs.py took 0.082 seconds
[2025-07-04T06:17:42.596+0000] {processor.py:161} INFO - Started process (PID=508) to work on /home/airflow/.local/lib/python3.12/site-packages/airflow/example_dags/example_xcomargs.py
[2025-07-04T06:17:42.597+0000] {processor.py:830} INFO - Processing file /home/airflow/.local/lib/python3.12/site-packages/airflow/example_dags/example_xcomargs.py for tasks to queue
[2025-07-04T06:17:42.599+0000] {logging_mixin.py:188} INFO - [2025-07-04T06:17:42.598+0000] {dagbag.py:545} INFO - Filling up the DagBag from /home/airflow/.local/lib/python3.12/site-packages/airflow/example_dags/example_xcomargs.py
[2025-07-04T06:17:42.607+0000] {processor.py:840} INFO - DAG(s) 'example_xcom_args_with_operators', 'example_xcom_args' retrieved from /home/airflow/.local/lib/python3.12/site-packages/airflow/example_dags/example_xcomargs.py
[2025-07-04T06:17:42.633+0000] {logging_mixin.py:188} INFO - [2025-07-04T06:17:42.632+0000] {dag.py:3096} INFO - Sync 2 DAGs
[2025-07-04T06:17:42.647+0000] {logging_mixin.py:188} INFO - [2025-07-04T06:17:42.646+0000] {dag.py:3954} INFO - Setting next_dagrun for example_xcom_args to None, run_after=None
[2025-07-04T06:17:42.652+0000] {logging_mixin.py:188} INFO - [2025-07-04T06:17:42.652+0000] {dag.py:3954} INFO - Setting next_dagrun for example_xcom_args_with_operators to None, run_after=None
[2025-07-04T06:17:42.671+0000] {processor.py:183} INFO - Processing /home/airflow/.local/lib/python3.12/site-packages/airflow/example_dags/example_xcomargs.py took 0.080 seconds
[2025-07-04T06:18:12.717+0000] {processor.py:161} INFO - Started process (PID=568) to work on /home/airflow/.local/lib/python3.12/site-packages/airflow/example_dags/example_xcomargs.py
[2025-07-04T06:18:12.718+0000] {processor.py:830} INFO - Processing file /home/airflow/.local/lib/python3.12/site-packages/airflow/example_dags/example_xcomargs.py for tasks to queue
[2025-07-04T06:18:12.720+0000] {logging_mixin.py:188} INFO - [2025-07-04T06:18:12.719+0000] {dagbag.py:545} INFO - Filling up the DagBag from /home/airflow/.local/lib/python3.12/site-packages/airflow/example_dags/example_xcomargs.py
[2025-07-04T06:18:12.727+0000] {processor.py:840} INFO - DAG(s) 'example_xcom_args', 'example_xcom_args_with_operators' retrieved from /home/airflow/.local/lib/python3.12/site-packages/airflow/example_dags/example_xcomargs.py
[2025-07-04T06:18:12.749+0000] {logging_mixin.py:188} INFO - [2025-07-04T06:18:12.749+0000] {dag.py:3096} INFO - Sync 2 DAGs
[2025-07-04T06:18:12.762+0000] {logging_mixin.py:188} INFO - [2025-07-04T06:18:12.762+0000] {dag.py:3954} INFO - Setting next_dagrun for example_xcom_args to None, run_after=None
[2025-07-04T06:18:12.765+0000] {logging_mixin.py:188} INFO - [2025-07-04T06:18:12.765+0000] {dag.py:3954} INFO - Setting next_dagrun for example_xcom_args_with_operators to None, run_after=None
[2025-07-04T06:18:12.780+0000] {processor.py:183} INFO - Processing /home/airflow/.local/lib/python3.12/site-packages/airflow/example_dags/example_xcomargs.py took 0.069 seconds
[2025-07-04T06:18:43.595+0000] {processor.py:161} INFO - Started process (PID=628) to work on /home/airflow/.local/lib/python3.12/site-packages/airflow/example_dags/example_xcomargs.py
[2025-07-04T06:18:43.596+0000] {processor.py:830} INFO - Processing file /home/airflow/.local/lib/python3.12/site-packages/airflow/example_dags/example_xcomargs.py for tasks to queue
[2025-07-04T06:18:43.599+0000] {logging_mixin.py:188} INFO - [2025-07-04T06:18:43.598+0000] {dagbag.py:545} INFO - Filling up the DagBag from /home/airflow/.local/lib/python3.12/site-packages/airflow/example_dags/example_xcomargs.py
[2025-07-04T06:18:43.612+0000] {processor.py:840} INFO - DAG(s) 'example_xcom_args_with_operators', 'example_xcom_args' retrieved from /home/airflow/.local/lib/python3.12/site-packages/airflow/example_dags/example_xcomargs.py
[2025-07-04T06:18:43.646+0000] {logging_mixin.py:188} INFO - [2025-07-04T06:18:43.646+0000] {dag.py:3096} INFO - Sync 2 DAGs
[2025-07-04T06:18:43.665+0000] {logging_mixin.py:188} INFO - [2025-07-04T06:18:43.664+0000] {dag.py:3954} INFO - Setting next_dagrun for example_xcom_args to None, run_after=None
[2025-07-04T06:18:43.671+0000] {logging_mixin.py:188} INFO - [2025-07-04T06:18:43.671+0000] {dag.py:3954} INFO - Setting next_dagrun for example_xcom_args_with_operators to None, run_after=None
[2025-07-04T06:18:43.695+0000] {processor.py:183} INFO - Processing /home/airflow/.local/lib/python3.12/site-packages/airflow/example_dags/example_xcomargs.py took 0.108 seconds
[2025-07-04T06:19:13.768+0000] {processor.py:161} INFO - Started process (PID=688) to work on /home/airflow/.local/lib/python3.12/site-packages/airflow/example_dags/example_xcomargs.py
[2025-07-04T06:19:13.770+0000] {processor.py:830} INFO - Processing file /home/airflow/.local/lib/python3.12/site-packages/airflow/example_dags/example_xcomargs.py for tasks to queue
[2025-07-04T06:19:13.771+0000] {logging_mixin.py:188} INFO - [2025-07-04T06:19:13.771+0000] {dagbag.py:545} INFO - Filling up the DagBag from /home/airflow/.local/lib/python3.12/site-packages/airflow/example_dags/example_xcomargs.py
[2025-07-04T06:19:13.780+0000] {processor.py:840} INFO - DAG(s) 'example_xcom_args', 'example_xcom_args_with_operators' retrieved from /home/airflow/.local/lib/python3.12/site-packages/airflow/example_dags/example_xcomargs.py
[2025-07-04T06:19:13.804+0000] {logging_mixin.py:188} INFO - [2025-07-04T06:19:13.804+0000] {dag.py:3096} INFO - Sync 2 DAGs
[2025-07-04T06:19:13.819+0000] {logging_mixin.py:188} INFO - [2025-07-04T06:19:13.818+0000] {dag.py:3954} INFO - Setting next_dagrun for example_xcom_args to None, run_after=None
[2025-07-04T06:19:13.823+0000] {logging_mixin.py:188} INFO - [2025-07-04T06:19:13.823+0000] {dag.py:3954} INFO - Setting next_dagrun for example_xcom_args_with_operators to None, run_after=None
[2025-07-04T06:19:13.844+0000] {processor.py:183} INFO - Processing /home/airflow/.local/lib/python3.12/site-packages/airflow/example_dags/example_xcomargs.py took 0.082 seconds
[2025-07-04T06:19:43.935+0000] {processor.py:161} INFO - Started process (PID=748) to work on /home/airflow/.local/lib/python3.12/site-packages/airflow/example_dags/example_xcomargs.py
[2025-07-04T06:19:43.936+0000] {processor.py:830} INFO - Processing file /home/airflow/.local/lib/python3.12/site-packages/airflow/example_dags/example_xcomargs.py for tasks to queue
[2025-07-04T06:19:43.938+0000] {logging_mixin.py:188} INFO - [2025-07-04T06:19:43.938+0000] {dagbag.py:545} INFO - Filling up the DagBag from /home/airflow/.local/lib/python3.12/site-packages/airflow/example_dags/example_xcomargs.py
[2025-07-04T06:19:43.945+0000] {processor.py:840} INFO - DAG(s) 'example_xcom_args_with_operators', 'example_xcom_args' retrieved from /home/airflow/.local/lib/python3.12/site-packages/airflow/example_dags/example_xcomargs.py
[2025-07-04T06:19:43.967+0000] {logging_mixin.py:188} INFO - [2025-07-04T06:19:43.967+0000] {dag.py:3096} INFO - Sync 2 DAGs
[2025-07-04T06:19:43.979+0000] {logging_mixin.py:188} INFO - [2025-07-04T06:19:43.979+0000] {dag.py:3954} INFO - Setting next_dagrun for example_xcom_args to None, run_after=None
[2025-07-04T06:19:43.983+0000] {logging_mixin.py:188} INFO - [2025-07-04T06:19:43.983+0000] {dag.py:3954} INFO - Setting next_dagrun for example_xcom_args_with_operators to None, run_after=None
[2025-07-04T06:19:43.998+0000] {processor.py:183} INFO - Processing /home/airflow/.local/lib/python3.12/site-packages/airflow/example_dags/example_xcomargs.py took 0.068 seconds
[2025-07-04T06:20:14.505+0000] {processor.py:161} INFO - Started process (PID=808) to work on /home/airflow/.local/lib/python3.12/site-packages/airflow/example_dags/example_xcomargs.py
[2025-07-04T06:20:14.506+0000] {processor.py:830} INFO - Processing file /home/airflow/.local/lib/python3.12/site-packages/airflow/example_dags/example_xcomargs.py for tasks to queue
[2025-07-04T06:20:14.508+0000] {logging_mixin.py:188} INFO - [2025-07-04T06:20:14.508+0000] {dagbag.py:545} INFO - Filling up the DagBag from /home/airflow/.local/lib/python3.12/site-packages/airflow/example_dags/example_xcomargs.py
[2025-07-04T06:20:14.516+0000] {processor.py:840} INFO - DAG(s) 'example_xcom_args', 'example_xcom_args_with_operators' retrieved from /home/airflow/.local/lib/python3.12/site-packages/airflow/example_dags/example_xcomargs.py
[2025-07-04T06:20:14.543+0000] {logging_mixin.py:188} INFO - [2025-07-04T06:20:14.542+0000] {dag.py:3096} INFO - Sync 2 DAGs
[2025-07-04T06:20:14.558+0000] {logging_mixin.py:188} INFO - [2025-07-04T06:20:14.558+0000] {dag.py:3954} INFO - Setting next_dagrun for example_xcom_args to None, run_after=None
[2025-07-04T06:20:14.563+0000] {logging_mixin.py:188} INFO - [2025-07-04T06:20:14.562+0000] {dag.py:3954} INFO - Setting next_dagrun for example_xcom_args_with_operators to None, run_after=None
[2025-07-04T06:20:14.582+0000] {processor.py:183} INFO - Processing /home/airflow/.local/lib/python3.12/site-packages/airflow/example_dags/example_xcomargs.py took 0.083 seconds
[2025-07-04T06:20:45.222+0000] {processor.py:161} INFO - Started process (PID=868) to work on /home/airflow/.local/lib/python3.12/site-packages/airflow/example_dags/example_xcomargs.py
[2025-07-04T06:20:45.224+0000] {processor.py:830} INFO - Processing file /home/airflow/.local/lib/python3.12/site-packages/airflow/example_dags/example_xcomargs.py for tasks to queue
[2025-07-04T06:20:45.227+0000] {logging_mixin.py:188} INFO - [2025-07-04T06:20:45.226+0000] {dagbag.py:545} INFO - Filling up the DagBag from /home/airflow/.local/lib/python3.12/site-packages/airflow/example_dags/example_xcomargs.py
[2025-07-04T06:20:45.240+0000] {processor.py:840} INFO - DAG(s) 'example_xcom_args', 'example_xcom_args_with_operators' retrieved from /home/airflow/.local/lib/python3.12/site-packages/airflow/example_dags/example_xcomargs.py
[2025-07-04T06:20:45.276+0000] {logging_mixin.py:188} INFO - [2025-07-04T06:20:45.275+0000] {dag.py:3096} INFO - Sync 2 DAGs
[2025-07-04T06:20:45.303+0000] {logging_mixin.py:188} INFO - [2025-07-04T06:20:45.303+0000] {dag.py:3954} INFO - Setting next_dagrun for example_xcom_args to None, run_after=None
[2025-07-04T06:20:45.314+0000] {logging_mixin.py:188} INFO - [2025-07-04T06:20:45.313+0000] {dag.py:3954} INFO - Setting next_dagrun for example_xcom_args_with_operators to None, run_after=None
[2025-07-04T06:20:45.350+0000] {processor.py:183} INFO - Processing /home/airflow/.local/lib/python3.12/site-packages/airflow/example_dags/example_xcomargs.py took 0.135 seconds
