[2025-07-04T06:13:45.692+0000] {processor.py:161} INFO - Started process (PID=82) to work on /home/airflow/.local/lib/python3.12/site-packages/airflow/example_dags/example_trigger_target_dag.py
[2025-07-04T06:13:45.694+0000] {processor.py:830} INFO - Processing file /home/airflow/.local/lib/python3.12/site-packages/airflow/example_dags/example_trigger_target_dag.py for tasks to queue
[2025-07-04T06:13:45.697+0000] {logging_mixin.py:188} INFO - [2025-07-04T06:13:45.696+0000] {dagbag.py:545} INFO - Filling up the DagBag from /home/airflow/.local/lib/python3.12/site-packages/airflow/example_dags/example_trigger_target_dag.py
[2025-07-04T06:13:45.710+0000] {processor.py:840} INFO - DAG(s) 'example_trigger_target_dag' retrieved from /home/airflow/.local/lib/python3.12/site-packages/airflow/example_dags/example_trigger_target_dag.py
[2025-07-04T06:13:45.888+0000] {logging_mixin.py:188} INFO - [2025-07-04T06:13:45.887+0000] {dag.py:3096} INFO - Sync 1 DAGs
[2025-07-04T06:13:45.904+0000] {logging_mixin.py:188} INFO - [2025-07-04T06:13:45.903+0000] {dag.py:3954} INFO - Setting next_dagrun for example_trigger_target_dag to None, run_after=None
[2025-07-04T06:13:45.934+0000] {processor.py:183} INFO - Processing /home/airflow/.local/lib/python3.12/site-packages/airflow/example_dags/example_trigger_target_dag.py took 0.251 seconds
[2025-07-04T06:14:06.865+0000] {processor.py:161} INFO - Started process (PID=65) to work on /home/airflow/.local/lib/python3.12/site-packages/airflow/example_dags/example_trigger_target_dag.py
[2025-07-04T06:14:06.866+0000] {processor.py:830} INFO - Processing file /home/airflow/.local/lib/python3.12/site-packages/airflow/example_dags/example_trigger_target_dag.py for tasks to queue
[2025-07-04T06:14:06.868+0000] {logging_mixin.py:188} INFO - [2025-07-04T06:14:06.868+0000] {dagbag.py:545} INFO - Filling up the DagBag from /home/airflow/.local/lib/python3.12/site-packages/airflow/example_dags/example_trigger_target_dag.py
[2025-07-04T06:14:06.880+0000] {processor.py:840} INFO - DAG(s) 'example_trigger_target_dag' retrieved from /home/airflow/.local/lib/python3.12/site-packages/airflow/example_dags/example_trigger_target_dag.py
[2025-07-04T06:14:06.893+0000] {logging_mixin.py:188} INFO - [2025-07-04T06:14:06.893+0000] {dag.py:3096} INFO - Sync 1 DAGs
[2025-07-04T06:14:06.909+0000] {logging_mixin.py:188} INFO - [2025-07-04T06:14:06.909+0000] {dag.py:3954} INFO - Setting next_dagrun for example_trigger_target_dag to None, run_after=None
[2025-07-04T06:14:06.932+0000] {processor.py:183} INFO - Processing /home/airflow/.local/lib/python3.12/site-packages/airflow/example_dags/example_trigger_target_dag.py took 0.074 seconds
[2025-07-04T06:14:37.251+0000] {processor.py:161} INFO - Started process (PID=123) to work on /home/airflow/.local/lib/python3.12/site-packages/airflow/example_dags/example_trigger_target_dag.py
[2025-07-04T06:14:37.253+0000] {processor.py:830} INFO - Processing file /home/airflow/.local/lib/python3.12/site-packages/airflow/example_dags/example_trigger_target_dag.py for tasks to queue
[2025-07-04T06:14:37.255+0000] {logging_mixin.py:188} INFO - [2025-07-04T06:14:37.254+0000] {dagbag.py:545} INFO - Filling up the DagBag from /home/airflow/.local/lib/python3.12/site-packages/airflow/example_dags/example_trigger_target_dag.py
[2025-07-04T06:14:37.262+0000] {processor.py:840} INFO - DAG(s) 'example_trigger_target_dag' retrieved from /home/airflow/.local/lib/python3.12/site-packages/airflow/example_dags/example_trigger_target_dag.py
[2025-07-04T06:14:37.286+0000] {logging_mixin.py:188} INFO - [2025-07-04T06:14:37.286+0000] {dag.py:3096} INFO - Sync 1 DAGs
[2025-07-04T06:14:37.305+0000] {logging_mixin.py:188} INFO - [2025-07-04T06:14:37.304+0000] {dag.py:3954} INFO - Setting next_dagrun for example_trigger_target_dag to None, run_after=None
[2025-07-04T06:14:37.330+0000] {processor.py:183} INFO - Processing /home/airflow/.local/lib/python3.12/site-packages/airflow/example_dags/example_trigger_target_dag.py took 0.084 seconds
[2025-07-04T06:15:07.772+0000] {processor.py:161} INFO - Started process (PID=183) to work on /home/airflow/.local/lib/python3.12/site-packages/airflow/example_dags/example_trigger_target_dag.py
[2025-07-04T06:15:07.773+0000] {processor.py:830} INFO - Processing file /home/airflow/.local/lib/python3.12/site-packages/airflow/example_dags/example_trigger_target_dag.py for tasks to queue
[2025-07-04T06:15:07.776+0000] {logging_mixin.py:188} INFO - [2025-07-04T06:15:07.775+0000] {dagbag.py:545} INFO - Filling up the DagBag from /home/airflow/.local/lib/python3.12/site-packages/airflow/example_dags/example_trigger_target_dag.py
[2025-07-04T06:15:07.782+0000] {processor.py:840} INFO - DAG(s) 'example_trigger_target_dag' retrieved from /home/airflow/.local/lib/python3.12/site-packages/airflow/example_dags/example_trigger_target_dag.py
[2025-07-04T06:15:07.810+0000] {logging_mixin.py:188} INFO - [2025-07-04T06:15:07.810+0000] {dag.py:3096} INFO - Sync 1 DAGs
[2025-07-04T06:15:07.831+0000] {logging_mixin.py:188} INFO - [2025-07-04T06:15:07.831+0000] {dag.py:3954} INFO - Setting next_dagrun for example_trigger_target_dag to None, run_after=None
[2025-07-04T06:15:07.861+0000] {processor.py:183} INFO - Processing /home/airflow/.local/lib/python3.12/site-packages/airflow/example_dags/example_trigger_target_dag.py took 0.096 seconds
[2025-07-04T06:15:38.213+0000] {processor.py:161} INFO - Started process (PID=243) to work on /home/airflow/.local/lib/python3.12/site-packages/airflow/example_dags/example_trigger_target_dag.py
[2025-07-04T06:15:38.214+0000] {processor.py:830} INFO - Processing file /home/airflow/.local/lib/python3.12/site-packages/airflow/example_dags/example_trigger_target_dag.py for tasks to queue
[2025-07-04T06:15:38.215+0000] {logging_mixin.py:188} INFO - [2025-07-04T06:15:38.215+0000] {dagbag.py:545} INFO - Filling up the DagBag from /home/airflow/.local/lib/python3.12/site-packages/airflow/example_dags/example_trigger_target_dag.py
[2025-07-04T06:15:38.221+0000] {processor.py:840} INFO - DAG(s) 'example_trigger_target_dag' retrieved from /home/airflow/.local/lib/python3.12/site-packages/airflow/example_dags/example_trigger_target_dag.py
[2025-07-04T06:15:38.241+0000] {logging_mixin.py:188} INFO - [2025-07-04T06:15:38.241+0000] {dag.py:3096} INFO - Sync 1 DAGs
[2025-07-04T06:15:38.257+0000] {logging_mixin.py:188} INFO - [2025-07-04T06:15:38.256+0000] {dag.py:3954} INFO - Setting next_dagrun for example_trigger_target_dag to None, run_after=None
[2025-07-04T06:15:38.277+0000] {processor.py:183} INFO - Processing /home/airflow/.local/lib/python3.12/site-packages/airflow/example_dags/example_trigger_target_dag.py took 0.070 seconds
[2025-07-04T06:16:08.723+0000] {processor.py:161} INFO - Started process (PID=303) to work on /home/airflow/.local/lib/python3.12/site-packages/airflow/example_dags/example_trigger_target_dag.py
[2025-07-04T06:16:08.724+0000] {processor.py:830} INFO - Processing file /home/airflow/.local/lib/python3.12/site-packages/airflow/example_dags/example_trigger_target_dag.py for tasks to queue
[2025-07-04T06:16:08.726+0000] {logging_mixin.py:188} INFO - [2025-07-04T06:16:08.725+0000] {dagbag.py:545} INFO - Filling up the DagBag from /home/airflow/.local/lib/python3.12/site-packages/airflow/example_dags/example_trigger_target_dag.py
[2025-07-04T06:16:08.731+0000] {processor.py:840} INFO - DAG(s) 'example_trigger_target_dag' retrieved from /home/airflow/.local/lib/python3.12/site-packages/airflow/example_dags/example_trigger_target_dag.py
[2025-07-04T06:16:08.750+0000] {logging_mixin.py:188} INFO - [2025-07-04T06:16:08.750+0000] {dag.py:3096} INFO - Sync 1 DAGs
[2025-07-04T06:16:08.762+0000] {logging_mixin.py:188} INFO - [2025-07-04T06:16:08.762+0000] {dag.py:3954} INFO - Setting next_dagrun for example_trigger_target_dag to None, run_after=None
[2025-07-04T06:16:08.780+0000] {processor.py:183} INFO - Processing /home/airflow/.local/lib/python3.12/site-packages/airflow/example_dags/example_trigger_target_dag.py took 0.062 seconds
[2025-07-04T06:16:38.969+0000] {processor.py:161} INFO - Started process (PID=363) to work on /home/airflow/.local/lib/python3.12/site-packages/airflow/example_dags/example_trigger_target_dag.py
[2025-07-04T06:16:38.970+0000] {processor.py:830} INFO - Processing file /home/airflow/.local/lib/python3.12/site-packages/airflow/example_dags/example_trigger_target_dag.py for tasks to queue
[2025-07-04T06:16:38.972+0000] {logging_mixin.py:188} INFO - [2025-07-04T06:16:38.972+0000] {dagbag.py:545} INFO - Filling up the DagBag from /home/airflow/.local/lib/python3.12/site-packages/airflow/example_dags/example_trigger_target_dag.py
[2025-07-04T06:16:38.977+0000] {processor.py:840} INFO - DAG(s) 'example_trigger_target_dag' retrieved from /home/airflow/.local/lib/python3.12/site-packages/airflow/example_dags/example_trigger_target_dag.py
[2025-07-04T06:16:38.998+0000] {logging_mixin.py:188} INFO - [2025-07-04T06:16:38.998+0000] {dag.py:3096} INFO - Sync 1 DAGs
[2025-07-04T06:16:39.012+0000] {logging_mixin.py:188} INFO - [2025-07-04T06:16:39.012+0000] {dag.py:3954} INFO - Setting next_dagrun for example_trigger_target_dag to None, run_after=None
[2025-07-04T06:16:39.031+0000] {processor.py:183} INFO - Processing /home/airflow/.local/lib/python3.12/site-packages/airflow/example_dags/example_trigger_target_dag.py took 0.067 seconds
[2025-07-04T06:17:09.299+0000] {processor.py:161} INFO - Started process (PID=423) to work on /home/airflow/.local/lib/python3.12/site-packages/airflow/example_dags/example_trigger_target_dag.py
[2025-07-04T06:17:09.300+0000] {processor.py:830} INFO - Processing file /home/airflow/.local/lib/python3.12/site-packages/airflow/example_dags/example_trigger_target_dag.py for tasks to queue
[2025-07-04T06:17:09.302+0000] {logging_mixin.py:188} INFO - [2025-07-04T06:17:09.302+0000] {dagbag.py:545} INFO - Filling up the DagBag from /home/airflow/.local/lib/python3.12/site-packages/airflow/example_dags/example_trigger_target_dag.py
[2025-07-04T06:17:09.308+0000] {processor.py:840} INFO - DAG(s) 'example_trigger_target_dag' retrieved from /home/airflow/.local/lib/python3.12/site-packages/airflow/example_dags/example_trigger_target_dag.py
[2025-07-04T06:17:09.328+0000] {logging_mixin.py:188} INFO - [2025-07-04T06:17:09.328+0000] {dag.py:3096} INFO - Sync 1 DAGs
[2025-07-04T06:17:09.342+0000] {logging_mixin.py:188} INFO - [2025-07-04T06:17:09.342+0000] {dag.py:3954} INFO - Setting next_dagrun for example_trigger_target_dag to None, run_after=None
[2025-07-04T06:17:09.370+0000] {processor.py:183} INFO - Processing /home/airflow/.local/lib/python3.12/site-packages/airflow/example_dags/example_trigger_target_dag.py took 0.077 seconds
[2025-07-04T06:17:39.519+0000] {processor.py:161} INFO - Started process (PID=483) to work on /home/airflow/.local/lib/python3.12/site-packages/airflow/example_dags/example_trigger_target_dag.py
[2025-07-04T06:17:39.520+0000] {processor.py:830} INFO - Processing file /home/airflow/.local/lib/python3.12/site-packages/airflow/example_dags/example_trigger_target_dag.py for tasks to queue
[2025-07-04T06:17:39.522+0000] {logging_mixin.py:188} INFO - [2025-07-04T06:17:39.521+0000] {dagbag.py:545} INFO - Filling up the DagBag from /home/airflow/.local/lib/python3.12/site-packages/airflow/example_dags/example_trigger_target_dag.py
[2025-07-04T06:17:39.527+0000] {processor.py:840} INFO - DAG(s) 'example_trigger_target_dag' retrieved from /home/airflow/.local/lib/python3.12/site-packages/airflow/example_dags/example_trigger_target_dag.py
[2025-07-04T06:17:39.548+0000] {logging_mixin.py:188} INFO - [2025-07-04T06:17:39.547+0000] {dag.py:3096} INFO - Sync 1 DAGs
[2025-07-04T06:17:39.563+0000] {logging_mixin.py:188} INFO - [2025-07-04T06:17:39.563+0000] {dag.py:3954} INFO - Setting next_dagrun for example_trigger_target_dag to None, run_after=None
[2025-07-04T06:17:39.581+0000] {processor.py:183} INFO - Processing /home/airflow/.local/lib/python3.12/site-packages/airflow/example_dags/example_trigger_target_dag.py took 0.067 seconds
[2025-07-04T06:18:09.759+0000] {processor.py:161} INFO - Started process (PID=543) to work on /home/airflow/.local/lib/python3.12/site-packages/airflow/example_dags/example_trigger_target_dag.py
[2025-07-04T06:18:09.760+0000] {processor.py:830} INFO - Processing file /home/airflow/.local/lib/python3.12/site-packages/airflow/example_dags/example_trigger_target_dag.py for tasks to queue
[2025-07-04T06:18:09.761+0000] {logging_mixin.py:188} INFO - [2025-07-04T06:18:09.761+0000] {dagbag.py:545} INFO - Filling up the DagBag from /home/airflow/.local/lib/python3.12/site-packages/airflow/example_dags/example_trigger_target_dag.py
[2025-07-04T06:18:09.766+0000] {processor.py:840} INFO - DAG(s) 'example_trigger_target_dag' retrieved from /home/airflow/.local/lib/python3.12/site-packages/airflow/example_dags/example_trigger_target_dag.py
[2025-07-04T06:18:09.784+0000] {logging_mixin.py:188} INFO - [2025-07-04T06:18:09.784+0000] {dag.py:3096} INFO - Sync 1 DAGs
[2025-07-04T06:18:09.797+0000] {logging_mixin.py:188} INFO - [2025-07-04T06:18:09.796+0000] {dag.py:3954} INFO - Setting next_dagrun for example_trigger_target_dag to None, run_after=None
[2025-07-04T06:18:09.814+0000] {processor.py:183} INFO - Processing /home/airflow/.local/lib/python3.12/site-packages/airflow/example_dags/example_trigger_target_dag.py took 0.060 seconds
[2025-07-04T06:18:40.271+0000] {processor.py:161} INFO - Started process (PID=609) to work on /home/airflow/.local/lib/python3.12/site-packages/airflow/example_dags/example_trigger_target_dag.py
[2025-07-04T06:18:40.272+0000] {processor.py:830} INFO - Processing file /home/airflow/.local/lib/python3.12/site-packages/airflow/example_dags/example_trigger_target_dag.py for tasks to queue
[2025-07-04T06:18:40.274+0000] {logging_mixin.py:188} INFO - [2025-07-04T06:18:40.273+0000] {dagbag.py:545} INFO - Filling up the DagBag from /home/airflow/.local/lib/python3.12/site-packages/airflow/example_dags/example_trigger_target_dag.py
[2025-07-04T06:18:40.281+0000] {processor.py:840} INFO - DAG(s) 'example_trigger_target_dag' retrieved from /home/airflow/.local/lib/python3.12/site-packages/airflow/example_dags/example_trigger_target_dag.py
[2025-07-04T06:18:40.307+0000] {logging_mixin.py:188} INFO - [2025-07-04T06:18:40.307+0000] {dag.py:3096} INFO - Sync 1 DAGs
[2025-07-04T06:18:40.341+0000] {logging_mixin.py:188} INFO - [2025-07-04T06:18:40.341+0000] {dag.py:3954} INFO - Setting next_dagrun for example_trigger_target_dag to None, run_after=None
[2025-07-04T06:18:40.383+0000] {processor.py:183} INFO - Processing /home/airflow/.local/lib/python3.12/site-packages/airflow/example_dags/example_trigger_target_dag.py took 0.118 seconds
[2025-07-04T06:19:10.679+0000] {processor.py:161} INFO - Started process (PID=669) to work on /home/airflow/.local/lib/python3.12/site-packages/airflow/example_dags/example_trigger_target_dag.py
[2025-07-04T06:19:10.680+0000] {processor.py:830} INFO - Processing file /home/airflow/.local/lib/python3.12/site-packages/airflow/example_dags/example_trigger_target_dag.py for tasks to queue
[2025-07-04T06:19:10.682+0000] {logging_mixin.py:188} INFO - [2025-07-04T06:19:10.681+0000] {dagbag.py:545} INFO - Filling up the DagBag from /home/airflow/.local/lib/python3.12/site-packages/airflow/example_dags/example_trigger_target_dag.py
[2025-07-04T06:19:10.687+0000] {processor.py:840} INFO - DAG(s) 'example_trigger_target_dag' retrieved from /home/airflow/.local/lib/python3.12/site-packages/airflow/example_dags/example_trigger_target_dag.py
[2025-07-04T06:19:10.710+0000] {logging_mixin.py:188} INFO - [2025-07-04T06:19:10.710+0000] {dag.py:3096} INFO - Sync 1 DAGs
[2025-07-04T06:19:10.724+0000] {logging_mixin.py:188} INFO - [2025-07-04T06:19:10.724+0000] {dag.py:3954} INFO - Setting next_dagrun for example_trigger_target_dag to None, run_after=None
[2025-07-04T06:19:10.747+0000] {processor.py:183} INFO - Processing /home/airflow/.local/lib/python3.12/site-packages/airflow/example_dags/example_trigger_target_dag.py took 0.075 seconds
[2025-07-04T06:19:40.970+0000] {processor.py:161} INFO - Started process (PID=729) to work on /home/airflow/.local/lib/python3.12/site-packages/airflow/example_dags/example_trigger_target_dag.py
[2025-07-04T06:19:40.971+0000] {processor.py:830} INFO - Processing file /home/airflow/.local/lib/python3.12/site-packages/airflow/example_dags/example_trigger_target_dag.py for tasks to queue
[2025-07-04T06:19:40.973+0000] {logging_mixin.py:188} INFO - [2025-07-04T06:19:40.973+0000] {dagbag.py:545} INFO - Filling up the DagBag from /home/airflow/.local/lib/python3.12/site-packages/airflow/example_dags/example_trigger_target_dag.py
[2025-07-04T06:19:40.978+0000] {processor.py:840} INFO - DAG(s) 'example_trigger_target_dag' retrieved from /home/airflow/.local/lib/python3.12/site-packages/airflow/example_dags/example_trigger_target_dag.py
[2025-07-04T06:19:40.998+0000] {logging_mixin.py:188} INFO - [2025-07-04T06:19:40.998+0000] {dag.py:3096} INFO - Sync 1 DAGs
[2025-07-04T06:19:41.015+0000] {logging_mixin.py:188} INFO - [2025-07-04T06:19:41.015+0000] {dag.py:3954} INFO - Setting next_dagrun for example_trigger_target_dag to None, run_after=None
[2025-07-04T06:19:41.033+0000] {processor.py:183} INFO - Processing /home/airflow/.local/lib/python3.12/site-packages/airflow/example_dags/example_trigger_target_dag.py took 0.068 seconds
[2025-07-04T06:20:11.478+0000] {processor.py:161} INFO - Started process (PID=789) to work on /home/airflow/.local/lib/python3.12/site-packages/airflow/example_dags/example_trigger_target_dag.py
[2025-07-04T06:20:11.479+0000] {processor.py:830} INFO - Processing file /home/airflow/.local/lib/python3.12/site-packages/airflow/example_dags/example_trigger_target_dag.py for tasks to queue
[2025-07-04T06:20:11.480+0000] {logging_mixin.py:188} INFO - [2025-07-04T06:20:11.480+0000] {dagbag.py:545} INFO - Filling up the DagBag from /home/airflow/.local/lib/python3.12/site-packages/airflow/example_dags/example_trigger_target_dag.py
[2025-07-04T06:20:11.486+0000] {processor.py:840} INFO - DAG(s) 'example_trigger_target_dag' retrieved from /home/airflow/.local/lib/python3.12/site-packages/airflow/example_dags/example_trigger_target_dag.py
[2025-07-04T06:20:11.505+0000] {logging_mixin.py:188} INFO - [2025-07-04T06:20:11.504+0000] {dag.py:3096} INFO - Sync 1 DAGs
[2025-07-04T06:20:11.518+0000] {logging_mixin.py:188} INFO - [2025-07-04T06:20:11.518+0000] {dag.py:3954} INFO - Setting next_dagrun for example_trigger_target_dag to None, run_after=None
[2025-07-04T06:20:11.536+0000] {processor.py:183} INFO - Processing /home/airflow/.local/lib/python3.12/site-packages/airflow/example_dags/example_trigger_target_dag.py took 0.063 seconds
[2025-07-04T06:20:42.471+0000] {processor.py:161} INFO - Started process (PID=849) to work on /home/airflow/.local/lib/python3.12/site-packages/airflow/example_dags/example_trigger_target_dag.py
[2025-07-04T06:20:42.473+0000] {processor.py:830} INFO - Processing file /home/airflow/.local/lib/python3.12/site-packages/airflow/example_dags/example_trigger_target_dag.py for tasks to queue
[2025-07-04T06:20:42.477+0000] {logging_mixin.py:188} INFO - [2025-07-04T06:20:42.476+0000] {dagbag.py:545} INFO - Filling up the DagBag from /home/airflow/.local/lib/python3.12/site-packages/airflow/example_dags/example_trigger_target_dag.py
[2025-07-04T06:20:42.496+0000] {processor.py:840} INFO - DAG(s) 'example_trigger_target_dag' retrieved from /home/airflow/.local/lib/python3.12/site-packages/airflow/example_dags/example_trigger_target_dag.py
[2025-07-04T06:20:42.554+0000] {logging_mixin.py:188} INFO - [2025-07-04T06:20:42.554+0000] {dag.py:3096} INFO - Sync 1 DAGs
[2025-07-04T06:20:42.606+0000] {logging_mixin.py:188} INFO - [2025-07-04T06:20:42.606+0000] {dag.py:3954} INFO - Setting next_dagrun for example_trigger_target_dag to None, run_after=None
[2025-07-04T06:20:42.659+0000] {processor.py:183} INFO - Processing /home/airflow/.local/lib/python3.12/site-packages/airflow/example_dags/example_trigger_target_dag.py took 0.207 seconds
