[2025-07-04T06:14:10.232+0000] {processor.py:161} INFO - Started process (PID=92) to work on /home/airflow/.local/lib/python3.12/site-packages/airflow/example_dags/example_branch_operator.py
[2025-07-04T06:14:10.234+0000] {processor.py:830} INFO - Processing file /home/airflow/.local/lib/python3.12/site-packages/airflow/example_dags/example_branch_operator.py for tasks to queue
[2025-07-04T06:14:10.236+0000] {logging_mixin.py:188} INFO - [2025-07-04T06:14:10.236+0000] {dagbag.py:545} INFO - Filling up the DagBag from /home/airflow/.local/lib/python3.12/site-packages/airflow/example_dags/example_branch_operator.py
[2025-07-04T06:14:10.269+0000] {processor.py:840} INFO - DAG(s) 'example_branch_operator' retrieved from /home/airflow/.local/lib/python3.12/site-packages/airflow/example_dags/example_branch_operator.py
[2025-07-04T06:14:10.444+0000] {logging_mixin.py:188} INFO - [2025-07-04T06:14:10.444+0000] {dag.py:3096} INFO - Sync 1 DAGs
[2025-07-04T06:14:10.479+0000] {logging_mixin.py:188} INFO - [2025-07-04T06:14:10.478+0000] {dag.py:3954} INFO - Setting next_dagrun for example_branch_operator to 2025-07-03 00:00:00+00:00, run_after=2025-07-04 00:00:00+00:00
[2025-07-04T06:14:10.511+0000] {processor.py:183} INFO - Processing /home/airflow/.local/lib/python3.12/site-packages/airflow/example_dags/example_branch_operator.py took 0.287 seconds
[2025-07-04T06:14:40.608+0000] {processor.py:161} INFO - Started process (PID=152) to work on /home/airflow/.local/lib/python3.12/site-packages/airflow/example_dags/example_branch_operator.py
[2025-07-04T06:14:40.609+0000] {processor.py:830} INFO - Processing file /home/airflow/.local/lib/python3.12/site-packages/airflow/example_dags/example_branch_operator.py for tasks to queue
[2025-07-04T06:14:40.611+0000] {logging_mixin.py:188} INFO - [2025-07-04T06:14:40.610+0000] {dagbag.py:545} INFO - Filling up the DagBag from /home/airflow/.local/lib/python3.12/site-packages/airflow/example_dags/example_branch_operator.py
[2025-07-04T06:14:40.629+0000] {processor.py:840} INFO - DAG(s) 'example_branch_operator' retrieved from /home/airflow/.local/lib/python3.12/site-packages/airflow/example_dags/example_branch_operator.py
[2025-07-04T06:14:40.662+0000] {logging_mixin.py:188} INFO - [2025-07-04T06:14:40.662+0000] {dag.py:3096} INFO - Sync 1 DAGs
[2025-07-04T06:14:40.688+0000] {logging_mixin.py:188} INFO - [2025-07-04T06:14:40.688+0000] {dag.py:3954} INFO - Setting next_dagrun for example_branch_operator to 2025-07-03 00:00:00+00:00, run_after=2025-07-04 00:00:00+00:00
[2025-07-04T06:14:40.711+0000] {processor.py:183} INFO - Processing /home/airflow/.local/lib/python3.12/site-packages/airflow/example_dags/example_branch_operator.py took 0.110 seconds
[2025-07-04T06:15:11.731+0000] {processor.py:161} INFO - Started process (PID=212) to work on /home/airflow/.local/lib/python3.12/site-packages/airflow/example_dags/example_branch_operator.py
[2025-07-04T06:15:11.732+0000] {processor.py:830} INFO - Processing file /home/airflow/.local/lib/python3.12/site-packages/airflow/example_dags/example_branch_operator.py for tasks to queue
[2025-07-04T06:15:11.734+0000] {logging_mixin.py:188} INFO - [2025-07-04T06:15:11.733+0000] {dagbag.py:545} INFO - Filling up the DagBag from /home/airflow/.local/lib/python3.12/site-packages/airflow/example_dags/example_branch_operator.py
[2025-07-04T06:15:11.748+0000] {processor.py:840} INFO - DAG(s) 'example_branch_operator' retrieved from /home/airflow/.local/lib/python3.12/site-packages/airflow/example_dags/example_branch_operator.py
[2025-07-04T06:15:11.779+0000] {logging_mixin.py:188} INFO - [2025-07-04T06:15:11.778+0000] {dag.py:3096} INFO - Sync 1 DAGs
[2025-07-04T06:15:11.802+0000] {logging_mixin.py:188} INFO - [2025-07-04T06:15:11.802+0000] {dag.py:3954} INFO - Setting next_dagrun for example_branch_operator to 2025-07-03 00:00:00+00:00, run_after=2025-07-04 00:00:00+00:00
[2025-07-04T06:15:11.823+0000] {processor.py:183} INFO - Processing /home/airflow/.local/lib/python3.12/site-packages/airflow/example_dags/example_branch_operator.py took 0.097 seconds
[2025-07-04T06:15:42.735+0000] {processor.py:161} INFO - Started process (PID=272) to work on /home/airflow/.local/lib/python3.12/site-packages/airflow/example_dags/example_branch_operator.py
[2025-07-04T06:15:42.736+0000] {processor.py:830} INFO - Processing file /home/airflow/.local/lib/python3.12/site-packages/airflow/example_dags/example_branch_operator.py for tasks to queue
[2025-07-04T06:15:42.738+0000] {logging_mixin.py:188} INFO - [2025-07-04T06:15:42.738+0000] {dagbag.py:545} INFO - Filling up the DagBag from /home/airflow/.local/lib/python3.12/site-packages/airflow/example_dags/example_branch_operator.py
[2025-07-04T06:15:42.753+0000] {processor.py:840} INFO - DAG(s) 'example_branch_operator' retrieved from /home/airflow/.local/lib/python3.12/site-packages/airflow/example_dags/example_branch_operator.py
[2025-07-04T06:15:42.782+0000] {logging_mixin.py:188} INFO - [2025-07-04T06:15:42.782+0000] {dag.py:3096} INFO - Sync 1 DAGs
[2025-07-04T06:15:42.806+0000] {logging_mixin.py:188} INFO - [2025-07-04T06:15:42.806+0000] {dag.py:3954} INFO - Setting next_dagrun for example_branch_operator to 2025-07-03 00:00:00+00:00, run_after=2025-07-04 00:00:00+00:00
[2025-07-04T06:15:42.827+0000] {processor.py:183} INFO - Processing /home/airflow/.local/lib/python3.12/site-packages/airflow/example_dags/example_branch_operator.py took 0.096 seconds
[2025-07-04T06:16:13.217+0000] {processor.py:161} INFO - Started process (PID=332) to work on /home/airflow/.local/lib/python3.12/site-packages/airflow/example_dags/example_branch_operator.py
[2025-07-04T06:16:13.218+0000] {processor.py:830} INFO - Processing file /home/airflow/.local/lib/python3.12/site-packages/airflow/example_dags/example_branch_operator.py for tasks to queue
[2025-07-04T06:16:13.219+0000] {logging_mixin.py:188} INFO - [2025-07-04T06:16:13.219+0000] {dagbag.py:545} INFO - Filling up the DagBag from /home/airflow/.local/lib/python3.12/site-packages/airflow/example_dags/example_branch_operator.py
[2025-07-04T06:16:13.235+0000] {processor.py:840} INFO - DAG(s) 'example_branch_operator' retrieved from /home/airflow/.local/lib/python3.12/site-packages/airflow/example_dags/example_branch_operator.py
[2025-07-04T06:16:13.262+0000] {logging_mixin.py:188} INFO - [2025-07-04T06:16:13.261+0000] {dag.py:3096} INFO - Sync 1 DAGs
[2025-07-04T06:16:13.284+0000] {logging_mixin.py:188} INFO - [2025-07-04T06:16:13.283+0000] {dag.py:3954} INFO - Setting next_dagrun for example_branch_operator to 2025-07-03 00:00:00+00:00, run_after=2025-07-04 00:00:00+00:00
[2025-07-04T06:16:13.303+0000] {processor.py:183} INFO - Processing /home/airflow/.local/lib/python3.12/site-packages/airflow/example_dags/example_branch_operator.py took 0.092 seconds
[2025-07-04T06:16:43.448+0000] {processor.py:161} INFO - Started process (PID=392) to work on /home/airflow/.local/lib/python3.12/site-packages/airflow/example_dags/example_branch_operator.py
[2025-07-04T06:16:43.449+0000] {processor.py:830} INFO - Processing file /home/airflow/.local/lib/python3.12/site-packages/airflow/example_dags/example_branch_operator.py for tasks to queue
[2025-07-04T06:16:43.450+0000] {logging_mixin.py:188} INFO - [2025-07-04T06:16:43.450+0000] {dagbag.py:545} INFO - Filling up the DagBag from /home/airflow/.local/lib/python3.12/site-packages/airflow/example_dags/example_branch_operator.py
[2025-07-04T06:16:43.465+0000] {processor.py:840} INFO - DAG(s) 'example_branch_operator' retrieved from /home/airflow/.local/lib/python3.12/site-packages/airflow/example_dags/example_branch_operator.py
[2025-07-04T06:16:43.496+0000] {logging_mixin.py:188} INFO - [2025-07-04T06:16:43.496+0000] {dag.py:3096} INFO - Sync 1 DAGs
[2025-07-04T06:16:43.518+0000] {logging_mixin.py:188} INFO - [2025-07-04T06:16:43.517+0000] {dag.py:3954} INFO - Setting next_dagrun for example_branch_operator to 2025-07-03 00:00:00+00:00, run_after=2025-07-04 00:00:00+00:00
[2025-07-04T06:16:43.535+0000] {processor.py:183} INFO - Processing /home/airflow/.local/lib/python3.12/site-packages/airflow/example_dags/example_branch_operator.py took 0.093 seconds
[2025-07-04T06:17:13.632+0000] {processor.py:161} INFO - Started process (PID=453) to work on /home/airflow/.local/lib/python3.12/site-packages/airflow/example_dags/example_branch_operator.py
[2025-07-04T06:17:13.633+0000] {processor.py:830} INFO - Processing file /home/airflow/.local/lib/python3.12/site-packages/airflow/example_dags/example_branch_operator.py for tasks to queue
[2025-07-04T06:17:13.634+0000] {logging_mixin.py:188} INFO - [2025-07-04T06:17:13.634+0000] {dagbag.py:545} INFO - Filling up the DagBag from /home/airflow/.local/lib/python3.12/site-packages/airflow/example_dags/example_branch_operator.py
[2025-07-04T06:17:13.648+0000] {processor.py:840} INFO - DAG(s) 'example_branch_operator' retrieved from /home/airflow/.local/lib/python3.12/site-packages/airflow/example_dags/example_branch_operator.py
[2025-07-04T06:17:13.676+0000] {logging_mixin.py:188} INFO - [2025-07-04T06:17:13.676+0000] {dag.py:3096} INFO - Sync 1 DAGs
[2025-07-04T06:17:13.699+0000] {logging_mixin.py:188} INFO - [2025-07-04T06:17:13.699+0000] {dag.py:3954} INFO - Setting next_dagrun for example_branch_operator to 2025-07-03 00:00:00+00:00, run_after=2025-07-04 00:00:00+00:00
[2025-07-04T06:17:13.718+0000] {processor.py:183} INFO - Processing /home/airflow/.local/lib/python3.12/site-packages/airflow/example_dags/example_branch_operator.py took 0.091 seconds
[2025-07-04T06:17:43.775+0000] {processor.py:161} INFO - Started process (PID=511) to work on /home/airflow/.local/lib/python3.12/site-packages/airflow/example_dags/example_branch_operator.py
[2025-07-04T06:17:43.777+0000] {processor.py:830} INFO - Processing file /home/airflow/.local/lib/python3.12/site-packages/airflow/example_dags/example_branch_operator.py for tasks to queue
[2025-07-04T06:17:43.780+0000] {logging_mixin.py:188} INFO - [2025-07-04T06:17:43.780+0000] {dagbag.py:545} INFO - Filling up the DagBag from /home/airflow/.local/lib/python3.12/site-packages/airflow/example_dags/example_branch_operator.py
[2025-07-04T06:17:43.817+0000] {processor.py:840} INFO - DAG(s) 'example_branch_operator' retrieved from /home/airflow/.local/lib/python3.12/site-packages/airflow/example_dags/example_branch_operator.py
[2025-07-04T06:17:43.859+0000] {logging_mixin.py:188} INFO - [2025-07-04T06:17:43.858+0000] {dag.py:3096} INFO - Sync 1 DAGs
[2025-07-04T06:17:43.896+0000] {logging_mixin.py:188} INFO - [2025-07-04T06:17:43.896+0000] {dag.py:3954} INFO - Setting next_dagrun for example_branch_operator to 2025-07-03 00:00:00+00:00, run_after=2025-07-04 00:00:00+00:00
[2025-07-04T06:17:43.931+0000] {processor.py:183} INFO - Processing /home/airflow/.local/lib/python3.12/site-packages/airflow/example_dags/example_branch_operator.py took 0.168 seconds
[2025-07-04T06:18:14.825+0000] {processor.py:161} INFO - Started process (PID=570) to work on /home/airflow/.local/lib/python3.12/site-packages/airflow/example_dags/example_branch_operator.py
[2025-07-04T06:18:14.826+0000] {processor.py:830} INFO - Processing file /home/airflow/.local/lib/python3.12/site-packages/airflow/example_dags/example_branch_operator.py for tasks to queue
[2025-07-04T06:18:14.828+0000] {logging_mixin.py:188} INFO - [2025-07-04T06:18:14.827+0000] {dagbag.py:545} INFO - Filling up the DagBag from /home/airflow/.local/lib/python3.12/site-packages/airflow/example_dags/example_branch_operator.py
[2025-07-04T06:18:14.843+0000] {processor.py:840} INFO - DAG(s) 'example_branch_operator' retrieved from /home/airflow/.local/lib/python3.12/site-packages/airflow/example_dags/example_branch_operator.py
[2025-07-04T06:18:14.869+0000] {logging_mixin.py:188} INFO - [2025-07-04T06:18:14.869+0000] {dag.py:3096} INFO - Sync 1 DAGs
[2025-07-04T06:18:14.889+0000] {logging_mixin.py:188} INFO - [2025-07-04T06:18:14.889+0000] {dag.py:3954} INFO - Setting next_dagrun for example_branch_operator to 2025-07-03 00:00:00+00:00, run_after=2025-07-04 00:00:00+00:00
[2025-07-04T06:18:14.908+0000] {processor.py:183} INFO - Processing /home/airflow/.local/lib/python3.12/site-packages/airflow/example_dags/example_branch_operator.py took 0.087 seconds
[2025-07-04T06:18:45.767+0000] {processor.py:161} INFO - Started process (PID=631) to work on /home/airflow/.local/lib/python3.12/site-packages/airflow/example_dags/example_branch_operator.py
[2025-07-04T06:18:45.768+0000] {processor.py:830} INFO - Processing file /home/airflow/.local/lib/python3.12/site-packages/airflow/example_dags/example_branch_operator.py for tasks to queue
[2025-07-04T06:18:45.770+0000] {logging_mixin.py:188} INFO - [2025-07-04T06:18:45.770+0000] {dagbag.py:545} INFO - Filling up the DagBag from /home/airflow/.local/lib/python3.12/site-packages/airflow/example_dags/example_branch_operator.py
[2025-07-04T06:18:45.790+0000] {processor.py:840} INFO - DAG(s) 'example_branch_operator' retrieved from /home/airflow/.local/lib/python3.12/site-packages/airflow/example_dags/example_branch_operator.py
[2025-07-04T06:18:45.836+0000] {logging_mixin.py:188} INFO - [2025-07-04T06:18:45.836+0000] {dag.py:3096} INFO - Sync 1 DAGs
[2025-07-04T06:18:45.875+0000] {logging_mixin.py:188} INFO - [2025-07-04T06:18:45.874+0000] {dag.py:3954} INFO - Setting next_dagrun for example_branch_operator to 2025-07-03 00:00:00+00:00, run_after=2025-07-04 00:00:00+00:00
[2025-07-04T06:18:45.900+0000] {processor.py:183} INFO - Processing /home/airflow/.local/lib/python3.12/site-packages/airflow/example_dags/example_branch_operator.py took 0.141 seconds
[2025-07-04T06:19:16.911+0000] {processor.py:161} INFO - Started process (PID=691) to work on /home/airflow/.local/lib/python3.12/site-packages/airflow/example_dags/example_branch_operator.py
[2025-07-04T06:19:16.912+0000] {processor.py:830} INFO - Processing file /home/airflow/.local/lib/python3.12/site-packages/airflow/example_dags/example_branch_operator.py for tasks to queue
[2025-07-04T06:19:16.913+0000] {logging_mixin.py:188} INFO - [2025-07-04T06:19:16.913+0000] {dagbag.py:545} INFO - Filling up the DagBag from /home/airflow/.local/lib/python3.12/site-packages/airflow/example_dags/example_branch_operator.py
[2025-07-04T06:19:16.930+0000] {processor.py:840} INFO - DAG(s) 'example_branch_operator' retrieved from /home/airflow/.local/lib/python3.12/site-packages/airflow/example_dags/example_branch_operator.py
[2025-07-04T06:19:16.959+0000] {logging_mixin.py:188} INFO - [2025-07-04T06:19:16.958+0000] {dag.py:3096} INFO - Sync 1 DAGs
[2025-07-04T06:19:16.981+0000] {logging_mixin.py:188} INFO - [2025-07-04T06:19:16.981+0000] {dag.py:3954} INFO - Setting next_dagrun for example_branch_operator to 2025-07-03 00:00:00+00:00, run_after=2025-07-04 00:00:00+00:00
[2025-07-04T06:19:16.999+0000] {processor.py:183} INFO - Processing /home/airflow/.local/lib/python3.12/site-packages/airflow/example_dags/example_branch_operator.py took 0.093 seconds
[2025-07-04T06:19:47.056+0000] {processor.py:161} INFO - Started process (PID=750) to work on /home/airflow/.local/lib/python3.12/site-packages/airflow/example_dags/example_branch_operator.py
[2025-07-04T06:19:47.057+0000] {processor.py:830} INFO - Processing file /home/airflow/.local/lib/python3.12/site-packages/airflow/example_dags/example_branch_operator.py for tasks to queue
[2025-07-04T06:19:47.059+0000] {logging_mixin.py:188} INFO - [2025-07-04T06:19:47.058+0000] {dagbag.py:545} INFO - Filling up the DagBag from /home/airflow/.local/lib/python3.12/site-packages/airflow/example_dags/example_branch_operator.py
[2025-07-04T06:19:47.073+0000] {processor.py:840} INFO - DAG(s) 'example_branch_operator' retrieved from /home/airflow/.local/lib/python3.12/site-packages/airflow/example_dags/example_branch_operator.py
[2025-07-04T06:19:47.100+0000] {logging_mixin.py:188} INFO - [2025-07-04T06:19:47.100+0000] {dag.py:3096} INFO - Sync 1 DAGs
[2025-07-04T06:19:47.122+0000] {logging_mixin.py:188} INFO - [2025-07-04T06:19:47.122+0000] {dag.py:3954} INFO - Setting next_dagrun for example_branch_operator to 2025-07-03 00:00:00+00:00, run_after=2025-07-04 00:00:00+00:00
[2025-07-04T06:19:47.141+0000] {processor.py:183} INFO - Processing /home/airflow/.local/lib/python3.12/site-packages/airflow/example_dags/example_branch_operator.py took 0.090 seconds
[2025-07-04T06:20:17.642+0000] {processor.py:161} INFO - Started process (PID=810) to work on /home/airflow/.local/lib/python3.12/site-packages/airflow/example_dags/example_branch_operator.py
[2025-07-04T06:20:17.643+0000] {processor.py:830} INFO - Processing file /home/airflow/.local/lib/python3.12/site-packages/airflow/example_dags/example_branch_operator.py for tasks to queue
[2025-07-04T06:20:17.644+0000] {logging_mixin.py:188} INFO - [2025-07-04T06:20:17.644+0000] {dagbag.py:545} INFO - Filling up the DagBag from /home/airflow/.local/lib/python3.12/site-packages/airflow/example_dags/example_branch_operator.py
[2025-07-04T06:20:17.662+0000] {processor.py:840} INFO - DAG(s) 'example_branch_operator' retrieved from /home/airflow/.local/lib/python3.12/site-packages/airflow/example_dags/example_branch_operator.py
[2025-07-04T06:20:17.693+0000] {logging_mixin.py:188} INFO - [2025-07-04T06:20:17.693+0000] {dag.py:3096} INFO - Sync 1 DAGs
[2025-07-04T06:20:17.719+0000] {logging_mixin.py:188} INFO - [2025-07-04T06:20:17.718+0000] {dag.py:3954} INFO - Setting next_dagrun for example_branch_operator to 2025-07-03 00:00:00+00:00, run_after=2025-07-04 00:00:00+00:00
[2025-07-04T06:20:17.740+0000] {processor.py:183} INFO - Processing /home/airflow/.local/lib/python3.12/site-packages/airflow/example_dags/example_branch_operator.py took 0.104 seconds
[2025-07-04T06:20:48.425+0000] {processor.py:161} INFO - Started process (PID=870) to work on /home/airflow/.local/lib/python3.12/site-packages/airflow/example_dags/example_branch_operator.py
[2025-07-04T06:20:48.426+0000] {processor.py:830} INFO - Processing file /home/airflow/.local/lib/python3.12/site-packages/airflow/example_dags/example_branch_operator.py for tasks to queue
[2025-07-04T06:20:48.428+0000] {logging_mixin.py:188} INFO - [2025-07-04T06:20:48.428+0000] {dagbag.py:545} INFO - Filling up the DagBag from /home/airflow/.local/lib/python3.12/site-packages/airflow/example_dags/example_branch_operator.py
[2025-07-04T06:20:48.443+0000] {processor.py:840} INFO - DAG(s) 'example_branch_operator' retrieved from /home/airflow/.local/lib/python3.12/site-packages/airflow/example_dags/example_branch_operator.py
[2025-07-04T06:20:48.471+0000] {logging_mixin.py:188} INFO - [2025-07-04T06:20:48.471+0000] {dag.py:3096} INFO - Sync 1 DAGs
[2025-07-04T06:20:48.493+0000] {logging_mixin.py:188} INFO - [2025-07-04T06:20:48.492+0000] {dag.py:3954} INFO - Setting next_dagrun for example_branch_operator to 2025-07-03 00:00:00+00:00, run_after=2025-07-04 00:00:00+00:00
[2025-07-04T06:20:48.511+0000] {processor.py:183} INFO - Processing /home/airflow/.local/lib/python3.12/site-packages/airflow/example_dags/example_branch_operator.py took 0.092 seconds
