[2025-07-04T06:14:07.572+0000] {processor.py:161} INFO - Started process (PID=70) to work on /home/airflow/.local/lib/python3.12/site-packages/airflow/example_dags/example_branch_labels.py
[2025-07-04T06:14:07.573+0000] {processor.py:830} INFO - Processing file /home/airflow/.local/lib/python3.12/site-packages/airflow/example_dags/example_branch_labels.py for tasks to queue
[2025-07-04T06:14:07.581+0000] {logging_mixin.py:188} INFO - [2025-07-04T06:14:07.580+0000] {dagbag.py:545} INFO - Filling up the DagBag from /home/airflow/.local/lib/python3.12/site-packages/airflow/example_dags/example_branch_labels.py
[2025-07-04T06:14:07.596+0000] {processor.py:840} INFO - DAG(s) 'example_branch_labels' retrieved from /home/airflow/.local/lib/python3.12/site-packages/airflow/example_dags/example_branch_labels.py
[2025-07-04T06:14:07.778+0000] {logging_mixin.py:188} INFO - [2025-07-04T06:14:07.778+0000] {dag.py:3096} INFO - Sync 1 DAGs
[2025-07-04T06:14:07.805+0000] {logging_mixin.py:188} INFO - [2025-07-04T06:14:07.805+0000] {dag.py:3954} INFO - Setting next_dagrun for example_branch_labels to 2025-07-03 00:00:00+00:00, run_after=2025-07-04 00:00:00+00:00
[2025-07-04T06:14:07.828+0000] {processor.py:183} INFO - Processing /home/airflow/.local/lib/python3.12/site-packages/airflow/example_dags/example_branch_labels.py took 0.264 seconds
[2025-07-04T06:14:38.316+0000] {processor.py:161} INFO - Started process (PID=130) to work on /home/airflow/.local/lib/python3.12/site-packages/airflow/example_dags/example_branch_labels.py
[2025-07-04T06:14:38.317+0000] {processor.py:830} INFO - Processing file /home/airflow/.local/lib/python3.12/site-packages/airflow/example_dags/example_branch_labels.py for tasks to queue
[2025-07-04T06:14:38.323+0000] {logging_mixin.py:188} INFO - [2025-07-04T06:14:38.321+0000] {dagbag.py:545} INFO - Filling up the DagBag from /home/airflow/.local/lib/python3.12/site-packages/airflow/example_dags/example_branch_labels.py
[2025-07-04T06:14:38.334+0000] {processor.py:840} INFO - DAG(s) 'example_branch_labels' retrieved from /home/airflow/.local/lib/python3.12/site-packages/airflow/example_dags/example_branch_labels.py
[2025-07-04T06:14:38.369+0000] {logging_mixin.py:188} INFO - [2025-07-04T06:14:38.368+0000] {dag.py:3096} INFO - Sync 1 DAGs
[2025-07-04T06:14:38.398+0000] {logging_mixin.py:188} INFO - [2025-07-04T06:14:38.398+0000] {dag.py:3954} INFO - Setting next_dagrun for example_branch_labels to 2025-07-03 00:00:00+00:00, run_after=2025-07-04 00:00:00+00:00
[2025-07-04T06:14:38.420+0000] {processor.py:183} INFO - Processing /home/airflow/.local/lib/python3.12/site-packages/airflow/example_dags/example_branch_labels.py took 0.113 seconds
[2025-07-04T06:15:09.315+0000] {processor.py:161} INFO - Started process (PID=190) to work on /home/airflow/.local/lib/python3.12/site-packages/airflow/example_dags/example_branch_labels.py
[2025-07-04T06:15:09.316+0000] {processor.py:830} INFO - Processing file /home/airflow/.local/lib/python3.12/site-packages/airflow/example_dags/example_branch_labels.py for tasks to queue
[2025-07-04T06:15:09.319+0000] {logging_mixin.py:188} INFO - [2025-07-04T06:15:09.318+0000] {dagbag.py:545} INFO - Filling up the DagBag from /home/airflow/.local/lib/python3.12/site-packages/airflow/example_dags/example_branch_labels.py
[2025-07-04T06:15:09.329+0000] {processor.py:840} INFO - DAG(s) 'example_branch_labels' retrieved from /home/airflow/.local/lib/python3.12/site-packages/airflow/example_dags/example_branch_labels.py
[2025-07-04T06:15:09.357+0000] {logging_mixin.py:188} INFO - [2025-07-04T06:15:09.357+0000] {dag.py:3096} INFO - Sync 1 DAGs
[2025-07-04T06:15:09.391+0000] {logging_mixin.py:188} INFO - [2025-07-04T06:15:09.391+0000] {dag.py:3954} INFO - Setting next_dagrun for example_branch_labels to 2025-07-03 00:00:00+00:00, run_after=2025-07-04 00:00:00+00:00
[2025-07-04T06:15:09.417+0000] {processor.py:183} INFO - Processing /home/airflow/.local/lib/python3.12/site-packages/airflow/example_dags/example_branch_labels.py took 0.109 seconds
[2025-07-04T06:15:39.485+0000] {processor.py:161} INFO - Started process (PID=248) to work on /home/airflow/.local/lib/python3.12/site-packages/airflow/example_dags/example_branch_labels.py
[2025-07-04T06:15:39.486+0000] {processor.py:830} INFO - Processing file /home/airflow/.local/lib/python3.12/site-packages/airflow/example_dags/example_branch_labels.py for tasks to queue
[2025-07-04T06:15:39.488+0000] {logging_mixin.py:188} INFO - [2025-07-04T06:15:39.487+0000] {dagbag.py:545} INFO - Filling up the DagBag from /home/airflow/.local/lib/python3.12/site-packages/airflow/example_dags/example_branch_labels.py
[2025-07-04T06:15:39.496+0000] {processor.py:840} INFO - DAG(s) 'example_branch_labels' retrieved from /home/airflow/.local/lib/python3.12/site-packages/airflow/example_dags/example_branch_labels.py
[2025-07-04T06:15:39.518+0000] {logging_mixin.py:188} INFO - [2025-07-04T06:15:39.517+0000] {dag.py:3096} INFO - Sync 1 DAGs
[2025-07-04T06:15:39.540+0000] {logging_mixin.py:188} INFO - [2025-07-04T06:15:39.539+0000] {dag.py:3954} INFO - Setting next_dagrun for example_branch_labels to 2025-07-03 00:00:00+00:00, run_after=2025-07-04 00:00:00+00:00
[2025-07-04T06:15:39.558+0000] {processor.py:183} INFO - Processing /home/airflow/.local/lib/python3.12/site-packages/airflow/example_dags/example_branch_labels.py took 0.079 seconds
[2025-07-04T06:16:09.975+0000] {processor.py:161} INFO - Started process (PID=314) to work on /home/airflow/.local/lib/python3.12/site-packages/airflow/example_dags/example_branch_labels.py
[2025-07-04T06:16:09.976+0000] {processor.py:830} INFO - Processing file /home/airflow/.local/lib/python3.12/site-packages/airflow/example_dags/example_branch_labels.py for tasks to queue
[2025-07-04T06:16:09.977+0000] {logging_mixin.py:188} INFO - [2025-07-04T06:16:09.977+0000] {dagbag.py:545} INFO - Filling up the DagBag from /home/airflow/.local/lib/python3.12/site-packages/airflow/example_dags/example_branch_labels.py
[2025-07-04T06:16:09.986+0000] {processor.py:840} INFO - DAG(s) 'example_branch_labels' retrieved from /home/airflow/.local/lib/python3.12/site-packages/airflow/example_dags/example_branch_labels.py
[2025-07-04T06:16:10.005+0000] {logging_mixin.py:188} INFO - [2025-07-04T06:16:10.004+0000] {dag.py:3096} INFO - Sync 1 DAGs
[2025-07-04T06:16:10.027+0000] {logging_mixin.py:188} INFO - [2025-07-04T06:16:10.027+0000] {dag.py:3954} INFO - Setting next_dagrun for example_branch_labels to 2025-07-03 00:00:00+00:00, run_after=2025-07-04 00:00:00+00:00
[2025-07-04T06:16:10.046+0000] {processor.py:183} INFO - Processing /home/airflow/.local/lib/python3.12/site-packages/airflow/example_dags/example_branch_labels.py took 0.076 seconds
[2025-07-04T06:16:40.225+0000] {processor.py:161} INFO - Started process (PID=374) to work on /home/airflow/.local/lib/python3.12/site-packages/airflow/example_dags/example_branch_labels.py
[2025-07-04T06:16:40.226+0000] {processor.py:830} INFO - Processing file /home/airflow/.local/lib/python3.12/site-packages/airflow/example_dags/example_branch_labels.py for tasks to queue
[2025-07-04T06:16:40.229+0000] {logging_mixin.py:188} INFO - [2025-07-04T06:16:40.228+0000] {dagbag.py:545} INFO - Filling up the DagBag from /home/airflow/.local/lib/python3.12/site-packages/airflow/example_dags/example_branch_labels.py
[2025-07-04T06:16:40.236+0000] {processor.py:840} INFO - DAG(s) 'example_branch_labels' retrieved from /home/airflow/.local/lib/python3.12/site-packages/airflow/example_dags/example_branch_labels.py
[2025-07-04T06:16:40.255+0000] {logging_mixin.py:188} INFO - [2025-07-04T06:16:40.255+0000] {dag.py:3096} INFO - Sync 1 DAGs
[2025-07-04T06:16:40.276+0000] {logging_mixin.py:188} INFO - [2025-07-04T06:16:40.276+0000] {dag.py:3954} INFO - Setting next_dagrun for example_branch_labels to 2025-07-03 00:00:00+00:00, run_after=2025-07-04 00:00:00+00:00
[2025-07-04T06:16:40.296+0000] {processor.py:183} INFO - Processing /home/airflow/.local/lib/python3.12/site-packages/airflow/example_dags/example_branch_labels.py took 0.077 seconds
[2025-07-04T06:17:10.586+0000] {processor.py:161} INFO - Started process (PID=434) to work on /home/airflow/.local/lib/python3.12/site-packages/airflow/example_dags/example_branch_labels.py
[2025-07-04T06:17:10.587+0000] {processor.py:830} INFO - Processing file /home/airflow/.local/lib/python3.12/site-packages/airflow/example_dags/example_branch_labels.py for tasks to queue
[2025-07-04T06:17:10.589+0000] {logging_mixin.py:188} INFO - [2025-07-04T06:17:10.588+0000] {dagbag.py:545} INFO - Filling up the DagBag from /home/airflow/.local/lib/python3.12/site-packages/airflow/example_dags/example_branch_labels.py
[2025-07-04T06:17:10.596+0000] {processor.py:840} INFO - DAG(s) 'example_branch_labels' retrieved from /home/airflow/.local/lib/python3.12/site-packages/airflow/example_dags/example_branch_labels.py
[2025-07-04T06:17:10.615+0000] {logging_mixin.py:188} INFO - [2025-07-04T06:17:10.615+0000] {dag.py:3096} INFO - Sync 1 DAGs
[2025-07-04T06:17:10.639+0000] {logging_mixin.py:188} INFO - [2025-07-04T06:17:10.638+0000] {dag.py:3954} INFO - Setting next_dagrun for example_branch_labels to 2025-07-03 00:00:00+00:00, run_after=2025-07-04 00:00:00+00:00
[2025-07-04T06:17:10.660+0000] {processor.py:183} INFO - Processing /home/airflow/.local/lib/python3.12/site-packages/airflow/example_dags/example_branch_labels.py took 0.079 seconds
[2025-07-04T06:17:40.770+0000] {processor.py:161} INFO - Started process (PID=494) to work on /home/airflow/.local/lib/python3.12/site-packages/airflow/example_dags/example_branch_labels.py
[2025-07-04T06:17:40.771+0000] {processor.py:830} INFO - Processing file /home/airflow/.local/lib/python3.12/site-packages/airflow/example_dags/example_branch_labels.py for tasks to queue
[2025-07-04T06:17:40.773+0000] {logging_mixin.py:188} INFO - [2025-07-04T06:17:40.772+0000] {dagbag.py:545} INFO - Filling up the DagBag from /home/airflow/.local/lib/python3.12/site-packages/airflow/example_dags/example_branch_labels.py
[2025-07-04T06:17:40.780+0000] {processor.py:840} INFO - DAG(s) 'example_branch_labels' retrieved from /home/airflow/.local/lib/python3.12/site-packages/airflow/example_dags/example_branch_labels.py
[2025-07-04T06:17:40.799+0000] {logging_mixin.py:188} INFO - [2025-07-04T06:17:40.799+0000] {dag.py:3096} INFO - Sync 1 DAGs
[2025-07-04T06:17:40.820+0000] {logging_mixin.py:188} INFO - [2025-07-04T06:17:40.820+0000] {dag.py:3954} INFO - Setting next_dagrun for example_branch_labels to 2025-07-03 00:00:00+00:00, run_after=2025-07-04 00:00:00+00:00
[2025-07-04T06:17:40.838+0000] {processor.py:183} INFO - Processing /home/airflow/.local/lib/python3.12/site-packages/airflow/example_dags/example_branch_labels.py took 0.073 seconds
[2025-07-04T06:18:11.003+0000] {processor.py:161} INFO - Started process (PID=554) to work on /home/airflow/.local/lib/python3.12/site-packages/airflow/example_dags/example_branch_labels.py
[2025-07-04T06:18:11.003+0000] {processor.py:830} INFO - Processing file /home/airflow/.local/lib/python3.12/site-packages/airflow/example_dags/example_branch_labels.py for tasks to queue
[2025-07-04T06:18:11.005+0000] {logging_mixin.py:188} INFO - [2025-07-04T06:18:11.005+0000] {dagbag.py:545} INFO - Filling up the DagBag from /home/airflow/.local/lib/python3.12/site-packages/airflow/example_dags/example_branch_labels.py
[2025-07-04T06:18:11.012+0000] {processor.py:840} INFO - DAG(s) 'example_branch_labels' retrieved from /home/airflow/.local/lib/python3.12/site-packages/airflow/example_dags/example_branch_labels.py
[2025-07-04T06:18:11.033+0000] {logging_mixin.py:188} INFO - [2025-07-04T06:18:11.033+0000] {dag.py:3096} INFO - Sync 1 DAGs
[2025-07-04T06:18:11.057+0000] {logging_mixin.py:188} INFO - [2025-07-04T06:18:11.057+0000] {dag.py:3954} INFO - Setting next_dagrun for example_branch_labels to 2025-07-03 00:00:00+00:00, run_after=2025-07-04 00:00:00+00:00
[2025-07-04T06:18:11.075+0000] {processor.py:183} INFO - Processing /home/airflow/.local/lib/python3.12/site-packages/airflow/example_dags/example_branch_labels.py took 0.077 seconds
[2025-07-04T06:18:41.630+0000] {processor.py:161} INFO - Started process (PID=614) to work on /home/airflow/.local/lib/python3.12/site-packages/airflow/example_dags/example_branch_labels.py
[2025-07-04T06:18:41.631+0000] {processor.py:830} INFO - Processing file /home/airflow/.local/lib/python3.12/site-packages/airflow/example_dags/example_branch_labels.py for tasks to queue
[2025-07-04T06:18:41.633+0000] {logging_mixin.py:188} INFO - [2025-07-04T06:18:41.633+0000] {dagbag.py:545} INFO - Filling up the DagBag from /home/airflow/.local/lib/python3.12/site-packages/airflow/example_dags/example_branch_labels.py
[2025-07-04T06:18:41.643+0000] {processor.py:840} INFO - DAG(s) 'example_branch_labels' retrieved from /home/airflow/.local/lib/python3.12/site-packages/airflow/example_dags/example_branch_labels.py
[2025-07-04T06:18:41.668+0000] {logging_mixin.py:188} INFO - [2025-07-04T06:18:41.667+0000] {dag.py:3096} INFO - Sync 1 DAGs
[2025-07-04T06:18:41.697+0000] {logging_mixin.py:188} INFO - [2025-07-04T06:18:41.697+0000] {dag.py:3954} INFO - Setting next_dagrun for example_branch_labels to 2025-07-03 00:00:00+00:00, run_after=2025-07-04 00:00:00+00:00
[2025-07-04T06:18:41.720+0000] {processor.py:183} INFO - Processing /home/airflow/.local/lib/python3.12/site-packages/airflow/example_dags/example_branch_labels.py took 0.098 seconds
[2025-07-04T06:19:11.971+0000] {processor.py:161} INFO - Started process (PID=674) to work on /home/airflow/.local/lib/python3.12/site-packages/airflow/example_dags/example_branch_labels.py
[2025-07-04T06:19:11.972+0000] {processor.py:830} INFO - Processing file /home/airflow/.local/lib/python3.12/site-packages/airflow/example_dags/example_branch_labels.py for tasks to queue
[2025-07-04T06:19:11.974+0000] {logging_mixin.py:188} INFO - [2025-07-04T06:19:11.973+0000] {dagbag.py:545} INFO - Filling up the DagBag from /home/airflow/.local/lib/python3.12/site-packages/airflow/example_dags/example_branch_labels.py
[2025-07-04T06:19:11.983+0000] {processor.py:840} INFO - DAG(s) 'example_branch_labels' retrieved from /home/airflow/.local/lib/python3.12/site-packages/airflow/example_dags/example_branch_labels.py
[2025-07-04T06:19:12.007+0000] {logging_mixin.py:188} INFO - [2025-07-04T06:19:12.007+0000] {dag.py:3096} INFO - Sync 1 DAGs
[2025-07-04T06:19:12.034+0000] {logging_mixin.py:188} INFO - [2025-07-04T06:19:12.034+0000] {dag.py:3954} INFO - Setting next_dagrun for example_branch_labels to 2025-07-03 00:00:00+00:00, run_after=2025-07-04 00:00:00+00:00
[2025-07-04T06:19:12.055+0000] {processor.py:183} INFO - Processing /home/airflow/.local/lib/python3.12/site-packages/airflow/example_dags/example_branch_labels.py took 0.091 seconds
[2025-07-04T06:19:42.240+0000] {processor.py:161} INFO - Started process (PID=734) to work on /home/airflow/.local/lib/python3.12/site-packages/airflow/example_dags/example_branch_labels.py
[2025-07-04T06:19:42.241+0000] {processor.py:830} INFO - Processing file /home/airflow/.local/lib/python3.12/site-packages/airflow/example_dags/example_branch_labels.py for tasks to queue
[2025-07-04T06:19:42.243+0000] {logging_mixin.py:188} INFO - [2025-07-04T06:19:42.243+0000] {dagbag.py:545} INFO - Filling up the DagBag from /home/airflow/.local/lib/python3.12/site-packages/airflow/example_dags/example_branch_labels.py
[2025-07-04T06:19:42.250+0000] {processor.py:840} INFO - DAG(s) 'example_branch_labels' retrieved from /home/airflow/.local/lib/python3.12/site-packages/airflow/example_dags/example_branch_labels.py
[2025-07-04T06:19:42.271+0000] {logging_mixin.py:188} INFO - [2025-07-04T06:19:42.270+0000] {dag.py:3096} INFO - Sync 1 DAGs
[2025-07-04T06:19:42.296+0000] {logging_mixin.py:188} INFO - [2025-07-04T06:19:42.295+0000] {dag.py:3954} INFO - Setting next_dagrun for example_branch_labels to 2025-07-03 00:00:00+00:00, run_after=2025-07-04 00:00:00+00:00
[2025-07-04T06:19:42.318+0000] {processor.py:183} INFO - Processing /home/airflow/.local/lib/python3.12/site-packages/airflow/example_dags/example_branch_labels.py took 0.084 seconds
[2025-07-04T06:20:12.726+0000] {processor.py:161} INFO - Started process (PID=794) to work on /home/airflow/.local/lib/python3.12/site-packages/airflow/example_dags/example_branch_labels.py
[2025-07-04T06:20:12.727+0000] {processor.py:830} INFO - Processing file /home/airflow/.local/lib/python3.12/site-packages/airflow/example_dags/example_branch_labels.py for tasks to queue
[2025-07-04T06:20:12.729+0000] {logging_mixin.py:188} INFO - [2025-07-04T06:20:12.728+0000] {dagbag.py:545} INFO - Filling up the DagBag from /home/airflow/.local/lib/python3.12/site-packages/airflow/example_dags/example_branch_labels.py
[2025-07-04T06:20:12.735+0000] {processor.py:840} INFO - DAG(s) 'example_branch_labels' retrieved from /home/airflow/.local/lib/python3.12/site-packages/airflow/example_dags/example_branch_labels.py
[2025-07-04T06:20:12.755+0000] {logging_mixin.py:188} INFO - [2025-07-04T06:20:12.755+0000] {dag.py:3096} INFO - Sync 1 DAGs
[2025-07-04T06:20:12.778+0000] {logging_mixin.py:188} INFO - [2025-07-04T06:20:12.778+0000] {dag.py:3954} INFO - Setting next_dagrun for example_branch_labels to 2025-07-03 00:00:00+00:00, run_after=2025-07-04 00:00:00+00:00
[2025-07-04T06:20:12.796+0000] {processor.py:183} INFO - Processing /home/airflow/.local/lib/python3.12/site-packages/airflow/example_dags/example_branch_labels.py took 0.075 seconds
[2025-07-04T06:20:43.234+0000] {processor.py:161} INFO - Started process (PID=854) to work on /home/airflow/.local/lib/python3.12/site-packages/airflow/example_dags/example_branch_labels.py
[2025-07-04T06:20:43.236+0000] {processor.py:830} INFO - Processing file /home/airflow/.local/lib/python3.12/site-packages/airflow/example_dags/example_branch_labels.py for tasks to queue
[2025-07-04T06:20:43.240+0000] {logging_mixin.py:188} INFO - [2025-07-04T06:20:43.239+0000] {dagbag.py:545} INFO - Filling up the DagBag from /home/airflow/.local/lib/python3.12/site-packages/airflow/example_dags/example_branch_labels.py
[2025-07-04T06:20:43.254+0000] {processor.py:840} INFO - DAG(s) 'example_branch_labels' retrieved from /home/airflow/.local/lib/python3.12/site-packages/airflow/example_dags/example_branch_labels.py
[2025-07-04T06:20:43.293+0000] {logging_mixin.py:188} INFO - [2025-07-04T06:20:43.293+0000] {dag.py:3096} INFO - Sync 1 DAGs
[2025-07-04T06:20:43.333+0000] {logging_mixin.py:188} INFO - [2025-07-04T06:20:43.333+0000] {dag.py:3954} INFO - Setting next_dagrun for example_branch_labels to 2025-07-03 00:00:00+00:00, run_after=2025-07-04 00:00:00+00:00
[2025-07-04T06:20:43.364+0000] {processor.py:183} INFO - Processing /home/airflow/.local/lib/python3.12/site-packages/airflow/example_dags/example_branch_labels.py took 0.140 seconds
