[2025-07-04T06:14:07.886+0000] {processor.py:161} INFO - Started process (PID=72) to work on /home/airflow/.local/lib/python3.12/site-packages/airflow/example_dags/example_latest_only_with_trigger.py
[2025-07-04T06:14:07.888+0000] {processor.py:830} INFO - Processing file /home/airflow/.local/lib/python3.12/site-packages/airflow/example_dags/example_latest_only_with_trigger.py for tasks to queue
[2025-07-04T06:14:07.891+0000] {logging_mixin.py:188} INFO - [2025-07-04T06:14:07.890+0000] {dagbag.py:545} INFO - Filling up the DagBag from /home/airflow/.local/lib/python3.12/site-packages/airflow/example_dags/example_latest_only_with_trigger.py
[2025-07-04T06:14:07.906+0000] {processor.py:840} INFO - DAG(s) 'latest_only_with_trigger' retrieved from /home/airflow/.local/lib/python3.12/site-packages/airflow/example_dags/example_latest_only_with_trigger.py
[2025-07-04T06:14:08.153+0000] {logging_mixin.py:188} INFO - [2025-07-04T06:14:08.152+0000] {dag.py:3096} INFO - Sync 1 DAGs
[2025-07-04T06:14:08.200+0000] {logging_mixin.py:188} INFO - [2025-07-04T06:14:08.200+0000] {dag.py:3954} INFO - Setting next_dagrun for latest_only_with_trigger to 2025-07-04 00:00:00+00:00, run_after=2025-07-04 04:00:00+00:00
[2025-07-04T06:14:08.230+0000] {processor.py:183} INFO - Processing /home/airflow/.local/lib/python3.12/site-packages/airflow/example_dags/example_latest_only_with_trigger.py took 0.358 seconds
[2025-07-04T06:14:38.463+0000] {processor.py:161} INFO - Started process (PID=132) to work on /home/airflow/.local/lib/python3.12/site-packages/airflow/example_dags/example_latest_only_with_trigger.py
[2025-07-04T06:14:38.464+0000] {processor.py:830} INFO - Processing file /home/airflow/.local/lib/python3.12/site-packages/airflow/example_dags/example_latest_only_with_trigger.py for tasks to queue
[2025-07-04T06:14:38.466+0000] {logging_mixin.py:188} INFO - [2025-07-04T06:14:38.466+0000] {dagbag.py:545} INFO - Filling up the DagBag from /home/airflow/.local/lib/python3.12/site-packages/airflow/example_dags/example_latest_only_with_trigger.py
[2025-07-04T06:14:38.472+0000] {processor.py:840} INFO - DAG(s) 'latest_only_with_trigger' retrieved from /home/airflow/.local/lib/python3.12/site-packages/airflow/example_dags/example_latest_only_with_trigger.py
[2025-07-04T06:14:38.494+0000] {logging_mixin.py:188} INFO - [2025-07-04T06:14:38.494+0000] {dag.py:3096} INFO - Sync 1 DAGs
[2025-07-04T06:14:38.527+0000] {logging_mixin.py:188} INFO - [2025-07-04T06:14:38.526+0000] {dag.py:3954} INFO - Setting next_dagrun for latest_only_with_trigger to 2025-07-04 00:00:00+00:00, run_after=2025-07-04 04:00:00+00:00
[2025-07-04T06:14:38.551+0000] {processor.py:183} INFO - Processing /home/airflow/.local/lib/python3.12/site-packages/airflow/example_dags/example_latest_only_with_trigger.py took 0.094 seconds
[2025-07-04T06:15:09.600+0000] {processor.py:161} INFO - Started process (PID=192) to work on /home/airflow/.local/lib/python3.12/site-packages/airflow/example_dags/example_latest_only_with_trigger.py
[2025-07-04T06:15:09.601+0000] {processor.py:830} INFO - Processing file /home/airflow/.local/lib/python3.12/site-packages/airflow/example_dags/example_latest_only_with_trigger.py for tasks to queue
[2025-07-04T06:15:09.604+0000] {logging_mixin.py:188} INFO - [2025-07-04T06:15:09.604+0000] {dagbag.py:545} INFO - Filling up the DagBag from /home/airflow/.local/lib/python3.12/site-packages/airflow/example_dags/example_latest_only_with_trigger.py
[2025-07-04T06:15:09.612+0000] {processor.py:840} INFO - DAG(s) 'latest_only_with_trigger' retrieved from /home/airflow/.local/lib/python3.12/site-packages/airflow/example_dags/example_latest_only_with_trigger.py
[2025-07-04T06:15:09.641+0000] {logging_mixin.py:188} INFO - [2025-07-04T06:15:09.641+0000] {dag.py:3096} INFO - Sync 1 DAGs
[2025-07-04T06:15:09.675+0000] {logging_mixin.py:188} INFO - [2025-07-04T06:15:09.675+0000] {dag.py:3954} INFO - Setting next_dagrun for latest_only_with_trigger to 2025-07-04 00:00:00+00:00, run_after=2025-07-04 04:00:00+00:00
[2025-07-04T06:15:09.708+0000] {processor.py:183} INFO - Processing /home/airflow/.local/lib/python3.12/site-packages/airflow/example_dags/example_latest_only_with_trigger.py took 0.118 seconds
[2025-07-04T06:15:40.616+0000] {processor.py:161} INFO - Started process (PID=257) to work on /home/airflow/.local/lib/python3.12/site-packages/airflow/example_dags/example_latest_only_with_trigger.py
[2025-07-04T06:15:40.617+0000] {processor.py:830} INFO - Processing file /home/airflow/.local/lib/python3.12/site-packages/airflow/example_dags/example_latest_only_with_trigger.py for tasks to queue
[2025-07-04T06:15:40.618+0000] {logging_mixin.py:188} INFO - [2025-07-04T06:15:40.618+0000] {dagbag.py:545} INFO - Filling up the DagBag from /home/airflow/.local/lib/python3.12/site-packages/airflow/example_dags/example_latest_only_with_trigger.py
[2025-07-04T06:15:40.623+0000] {processor.py:840} INFO - DAG(s) 'latest_only_with_trigger' retrieved from /home/airflow/.local/lib/python3.12/site-packages/airflow/example_dags/example_latest_only_with_trigger.py
[2025-07-04T06:15:40.644+0000] {logging_mixin.py:188} INFO - [2025-07-04T06:15:40.644+0000] {dag.py:3096} INFO - Sync 1 DAGs
[2025-07-04T06:15:40.668+0000] {logging_mixin.py:188} INFO - [2025-07-04T06:15:40.668+0000] {dag.py:3954} INFO - Setting next_dagrun for latest_only_with_trigger to 2025-07-04 00:00:00+00:00, run_after=2025-07-04 04:00:00+00:00
[2025-07-04T06:15:40.689+0000] {processor.py:183} INFO - Processing /home/airflow/.local/lib/python3.12/site-packages/airflow/example_dags/example_latest_only_with_trigger.py took 0.078 seconds
[2025-07-04T06:16:11.015+0000] {processor.py:161} INFO - Started process (PID=316) to work on /home/airflow/.local/lib/python3.12/site-packages/airflow/example_dags/example_latest_only_with_trigger.py
[2025-07-04T06:16:11.016+0000] {processor.py:830} INFO - Processing file /home/airflow/.local/lib/python3.12/site-packages/airflow/example_dags/example_latest_only_with_trigger.py for tasks to queue
[2025-07-04T06:16:11.017+0000] {logging_mixin.py:188} INFO - [2025-07-04T06:16:11.017+0000] {dagbag.py:545} INFO - Filling up the DagBag from /home/airflow/.local/lib/python3.12/site-packages/airflow/example_dags/example_latest_only_with_trigger.py
[2025-07-04T06:16:11.022+0000] {processor.py:840} INFO - DAG(s) 'latest_only_with_trigger' retrieved from /home/airflow/.local/lib/python3.12/site-packages/airflow/example_dags/example_latest_only_with_trigger.py
[2025-07-04T06:16:11.040+0000] {logging_mixin.py:188} INFO - [2025-07-04T06:16:11.040+0000] {dag.py:3096} INFO - Sync 1 DAGs
[2025-07-04T06:16:11.061+0000] {logging_mixin.py:188} INFO - [2025-07-04T06:16:11.060+0000] {dag.py:3954} INFO - Setting next_dagrun for latest_only_with_trigger to 2025-07-04 00:00:00+00:00, run_after=2025-07-04 04:00:00+00:00
[2025-07-04T06:16:11.080+0000] {processor.py:183} INFO - Processing /home/airflow/.local/lib/python3.12/site-packages/airflow/example_dags/example_latest_only_with_trigger.py took 0.070 seconds
[2025-07-04T06:16:41.341+0000] {processor.py:161} INFO - Started process (PID=376) to work on /home/airflow/.local/lib/python3.12/site-packages/airflow/example_dags/example_latest_only_with_trigger.py
[2025-07-04T06:16:41.342+0000] {processor.py:830} INFO - Processing file /home/airflow/.local/lib/python3.12/site-packages/airflow/example_dags/example_latest_only_with_trigger.py for tasks to queue
[2025-07-04T06:16:41.343+0000] {logging_mixin.py:188} INFO - [2025-07-04T06:16:41.343+0000] {dagbag.py:545} INFO - Filling up the DagBag from /home/airflow/.local/lib/python3.12/site-packages/airflow/example_dags/example_latest_only_with_trigger.py
[2025-07-04T06:16:41.348+0000] {processor.py:840} INFO - DAG(s) 'latest_only_with_trigger' retrieved from /home/airflow/.local/lib/python3.12/site-packages/airflow/example_dags/example_latest_only_with_trigger.py
[2025-07-04T06:16:41.367+0000] {logging_mixin.py:188} INFO - [2025-07-04T06:16:41.366+0000] {dag.py:3096} INFO - Sync 1 DAGs
[2025-07-04T06:16:41.387+0000] {logging_mixin.py:188} INFO - [2025-07-04T06:16:41.387+0000] {dag.py:3954} INFO - Setting next_dagrun for latest_only_with_trigger to 2025-07-04 00:00:00+00:00, run_after=2025-07-04 04:00:00+00:00
[2025-07-04T06:16:41.406+0000] {processor.py:183} INFO - Processing /home/airflow/.local/lib/python3.12/site-packages/airflow/example_dags/example_latest_only_with_trigger.py took 0.070 seconds
[2025-07-04T06:17:11.707+0000] {processor.py:161} INFO - Started process (PID=436) to work on /home/airflow/.local/lib/python3.12/site-packages/airflow/example_dags/example_latest_only_with_trigger.py
[2025-07-04T06:17:11.708+0000] {processor.py:830} INFO - Processing file /home/airflow/.local/lib/python3.12/site-packages/airflow/example_dags/example_latest_only_with_trigger.py for tasks to queue
[2025-07-04T06:17:11.710+0000] {logging_mixin.py:188} INFO - [2025-07-04T06:17:11.710+0000] {dagbag.py:545} INFO - Filling up the DagBag from /home/airflow/.local/lib/python3.12/site-packages/airflow/example_dags/example_latest_only_with_trigger.py
[2025-07-04T06:17:11.715+0000] {processor.py:840} INFO - DAG(s) 'latest_only_with_trigger' retrieved from /home/airflow/.local/lib/python3.12/site-packages/airflow/example_dags/example_latest_only_with_trigger.py
[2025-07-04T06:17:11.734+0000] {logging_mixin.py:188} INFO - [2025-07-04T06:17:11.734+0000] {dag.py:3096} INFO - Sync 1 DAGs
[2025-07-04T06:17:11.756+0000] {logging_mixin.py:188} INFO - [2025-07-04T06:17:11.756+0000] {dag.py:3954} INFO - Setting next_dagrun for latest_only_with_trigger to 2025-07-04 00:00:00+00:00, run_after=2025-07-04 04:00:00+00:00
[2025-07-04T06:17:11.774+0000] {processor.py:183} INFO - Processing /home/airflow/.local/lib/python3.12/site-packages/airflow/example_dags/example_latest_only_with_trigger.py took 0.072 seconds
[2025-07-04T06:17:41.880+0000] {processor.py:161} INFO - Started process (PID=496) to work on /home/airflow/.local/lib/python3.12/site-packages/airflow/example_dags/example_latest_only_with_trigger.py
[2025-07-04T06:17:41.881+0000] {processor.py:830} INFO - Processing file /home/airflow/.local/lib/python3.12/site-packages/airflow/example_dags/example_latest_only_with_trigger.py for tasks to queue
[2025-07-04T06:17:41.882+0000] {logging_mixin.py:188} INFO - [2025-07-04T06:17:41.882+0000] {dagbag.py:545} INFO - Filling up the DagBag from /home/airflow/.local/lib/python3.12/site-packages/airflow/example_dags/example_latest_only_with_trigger.py
[2025-07-04T06:17:41.887+0000] {processor.py:840} INFO - DAG(s) 'latest_only_with_trigger' retrieved from /home/airflow/.local/lib/python3.12/site-packages/airflow/example_dags/example_latest_only_with_trigger.py
[2025-07-04T06:17:41.906+0000] {logging_mixin.py:188} INFO - [2025-07-04T06:17:41.906+0000] {dag.py:3096} INFO - Sync 1 DAGs
[2025-07-04T06:17:41.928+0000] {logging_mixin.py:188} INFO - [2025-07-04T06:17:41.928+0000] {dag.py:3954} INFO - Setting next_dagrun for latest_only_with_trigger to 2025-07-04 00:00:00+00:00, run_after=2025-07-04 04:00:00+00:00
[2025-07-04T06:17:41.946+0000] {processor.py:183} INFO - Processing /home/airflow/.local/lib/python3.12/site-packages/airflow/example_dags/example_latest_only_with_trigger.py took 0.071 seconds
[2025-07-04T06:18:12.123+0000] {processor.py:161} INFO - Started process (PID=556) to work on /home/airflow/.local/lib/python3.12/site-packages/airflow/example_dags/example_latest_only_with_trigger.py
[2025-07-04T06:18:12.123+0000] {processor.py:830} INFO - Processing file /home/airflow/.local/lib/python3.12/site-packages/airflow/example_dags/example_latest_only_with_trigger.py for tasks to queue
[2025-07-04T06:18:12.125+0000] {logging_mixin.py:188} INFO - [2025-07-04T06:18:12.125+0000] {dagbag.py:545} INFO - Filling up the DagBag from /home/airflow/.local/lib/python3.12/site-packages/airflow/example_dags/example_latest_only_with_trigger.py
[2025-07-04T06:18:12.130+0000] {processor.py:840} INFO - DAG(s) 'latest_only_with_trigger' retrieved from /home/airflow/.local/lib/python3.12/site-packages/airflow/example_dags/example_latest_only_with_trigger.py
[2025-07-04T06:18:12.150+0000] {logging_mixin.py:188} INFO - [2025-07-04T06:18:12.149+0000] {dag.py:3096} INFO - Sync 1 DAGs
[2025-07-04T06:18:12.171+0000] {logging_mixin.py:188} INFO - [2025-07-04T06:18:12.171+0000] {dag.py:3954} INFO - Setting next_dagrun for latest_only_with_trigger to 2025-07-04 00:00:00+00:00, run_after=2025-07-04 04:00:00+00:00
[2025-07-04T06:18:12.189+0000] {processor.py:183} INFO - Processing /home/airflow/.local/lib/python3.12/site-packages/airflow/example_dags/example_latest_only_with_trigger.py took 0.071 seconds
[2025-07-04T06:18:42.770+0000] {processor.py:161} INFO - Started process (PID=616) to work on /home/airflow/.local/lib/python3.12/site-packages/airflow/example_dags/example_latest_only_with_trigger.py
[2025-07-04T06:18:42.771+0000] {processor.py:830} INFO - Processing file /home/airflow/.local/lib/python3.12/site-packages/airflow/example_dags/example_latest_only_with_trigger.py for tasks to queue
[2025-07-04T06:18:42.773+0000] {logging_mixin.py:188} INFO - [2025-07-04T06:18:42.772+0000] {dagbag.py:545} INFO - Filling up the DagBag from /home/airflow/.local/lib/python3.12/site-packages/airflow/example_dags/example_latest_only_with_trigger.py
[2025-07-04T06:18:42.779+0000] {processor.py:840} INFO - DAG(s) 'latest_only_with_trigger' retrieved from /home/airflow/.local/lib/python3.12/site-packages/airflow/example_dags/example_latest_only_with_trigger.py
[2025-07-04T06:18:42.801+0000] {logging_mixin.py:188} INFO - [2025-07-04T06:18:42.801+0000] {dag.py:3096} INFO - Sync 1 DAGs
[2025-07-04T06:18:42.824+0000] {logging_mixin.py:188} INFO - [2025-07-04T06:18:42.824+0000] {dag.py:3954} INFO - Setting next_dagrun for latest_only_with_trigger to 2025-07-04 00:00:00+00:00, run_after=2025-07-04 04:00:00+00:00
[2025-07-04T06:18:42.844+0000] {processor.py:183} INFO - Processing /home/airflow/.local/lib/python3.12/site-packages/airflow/example_dags/example_latest_only_with_trigger.py took 0.080 seconds
[2025-07-04T06:19:13.103+0000] {processor.py:161} INFO - Started process (PID=676) to work on /home/airflow/.local/lib/python3.12/site-packages/airflow/example_dags/example_latest_only_with_trigger.py
[2025-07-04T06:19:13.104+0000] {processor.py:830} INFO - Processing file /home/airflow/.local/lib/python3.12/site-packages/airflow/example_dags/example_latest_only_with_trigger.py for tasks to queue
[2025-07-04T06:19:13.106+0000] {logging_mixin.py:188} INFO - [2025-07-04T06:19:13.106+0000] {dagbag.py:545} INFO - Filling up the DagBag from /home/airflow/.local/lib/python3.12/site-packages/airflow/example_dags/example_latest_only_with_trigger.py
[2025-07-04T06:19:13.111+0000] {processor.py:840} INFO - DAG(s) 'latest_only_with_trigger' retrieved from /home/airflow/.local/lib/python3.12/site-packages/airflow/example_dags/example_latest_only_with_trigger.py
[2025-07-04T06:19:13.130+0000] {logging_mixin.py:188} INFO - [2025-07-04T06:19:13.130+0000] {dag.py:3096} INFO - Sync 1 DAGs
[2025-07-04T06:19:13.151+0000] {logging_mixin.py:188} INFO - [2025-07-04T06:19:13.151+0000] {dag.py:3954} INFO - Setting next_dagrun for latest_only_with_trigger to 2025-07-04 00:00:00+00:00, run_after=2025-07-04 04:00:00+00:00
[2025-07-04T06:19:13.171+0000] {processor.py:183} INFO - Processing /home/airflow/.local/lib/python3.12/site-packages/airflow/example_dags/example_latest_only_with_trigger.py took 0.072 seconds
[2025-07-04T06:19:43.368+0000] {processor.py:161} INFO - Started process (PID=736) to work on /home/airflow/.local/lib/python3.12/site-packages/airflow/example_dags/example_latest_only_with_trigger.py
[2025-07-04T06:19:43.369+0000] {processor.py:830} INFO - Processing file /home/airflow/.local/lib/python3.12/site-packages/airflow/example_dags/example_latest_only_with_trigger.py for tasks to queue
[2025-07-04T06:19:43.371+0000] {logging_mixin.py:188} INFO - [2025-07-04T06:19:43.371+0000] {dagbag.py:545} INFO - Filling up the DagBag from /home/airflow/.local/lib/python3.12/site-packages/airflow/example_dags/example_latest_only_with_trigger.py
[2025-07-04T06:19:43.376+0000] {processor.py:840} INFO - DAG(s) 'latest_only_with_trigger' retrieved from /home/airflow/.local/lib/python3.12/site-packages/airflow/example_dags/example_latest_only_with_trigger.py
[2025-07-04T06:19:43.394+0000] {logging_mixin.py:188} INFO - [2025-07-04T06:19:43.394+0000] {dag.py:3096} INFO - Sync 1 DAGs
[2025-07-04T06:19:43.414+0000] {logging_mixin.py:188} INFO - [2025-07-04T06:19:43.414+0000] {dag.py:3954} INFO - Setting next_dagrun for latest_only_with_trigger to 2025-07-04 00:00:00+00:00, run_after=2025-07-04 04:00:00+00:00
[2025-07-04T06:19:43.431+0000] {processor.py:183} INFO - Processing /home/airflow/.local/lib/python3.12/site-packages/airflow/example_dags/example_latest_only_with_trigger.py took 0.068 seconds
[2025-07-04T06:20:13.836+0000] {processor.py:161} INFO - Started process (PID=796) to work on /home/airflow/.local/lib/python3.12/site-packages/airflow/example_dags/example_latest_only_with_trigger.py
[2025-07-04T06:20:13.837+0000] {processor.py:830} INFO - Processing file /home/airflow/.local/lib/python3.12/site-packages/airflow/example_dags/example_latest_only_with_trigger.py for tasks to queue
[2025-07-04T06:20:13.839+0000] {logging_mixin.py:188} INFO - [2025-07-04T06:20:13.839+0000] {dagbag.py:545} INFO - Filling up the DagBag from /home/airflow/.local/lib/python3.12/site-packages/airflow/example_dags/example_latest_only_with_trigger.py
[2025-07-04T06:20:13.844+0000] {processor.py:840} INFO - DAG(s) 'latest_only_with_trigger' retrieved from /home/airflow/.local/lib/python3.12/site-packages/airflow/example_dags/example_latest_only_with_trigger.py
[2025-07-04T06:20:13.863+0000] {logging_mixin.py:188} INFO - [2025-07-04T06:20:13.863+0000] {dag.py:3096} INFO - Sync 1 DAGs
[2025-07-04T06:20:13.888+0000] {logging_mixin.py:188} INFO - [2025-07-04T06:20:13.888+0000] {dag.py:3954} INFO - Setting next_dagrun for latest_only_with_trigger to 2025-07-04 00:00:00+00:00, run_after=2025-07-04 04:00:00+00:00
[2025-07-04T06:20:13.908+0000] {processor.py:183} INFO - Processing /home/airflow/.local/lib/python3.12/site-packages/airflow/example_dags/example_latest_only_with_trigger.py took 0.076 seconds
[2025-07-04T06:20:44.420+0000] {processor.py:161} INFO - Started process (PID=856) to work on /home/airflow/.local/lib/python3.12/site-packages/airflow/example_dags/example_latest_only_with_trigger.py
[2025-07-04T06:20:44.421+0000] {processor.py:830} INFO - Processing file /home/airflow/.local/lib/python3.12/site-packages/airflow/example_dags/example_latest_only_with_trigger.py for tasks to queue
[2025-07-04T06:20:44.424+0000] {logging_mixin.py:188} INFO - [2025-07-04T06:20:44.423+0000] {dagbag.py:545} INFO - Filling up the DagBag from /home/airflow/.local/lib/python3.12/site-packages/airflow/example_dags/example_latest_only_with_trigger.py
[2025-07-04T06:20:44.432+0000] {processor.py:840} INFO - DAG(s) 'latest_only_with_trigger' retrieved from /home/airflow/.local/lib/python3.12/site-packages/airflow/example_dags/example_latest_only_with_trigger.py
[2025-07-04T06:20:44.459+0000] {logging_mixin.py:188} INFO - [2025-07-04T06:20:44.458+0000] {dag.py:3096} INFO - Sync 1 DAGs
[2025-07-04T06:20:44.488+0000] {logging_mixin.py:188} INFO - [2025-07-04T06:20:44.488+0000] {dag.py:3954} INFO - Setting next_dagrun for latest_only_with_trigger to 2025-07-04 00:00:00+00:00, run_after=2025-07-04 04:00:00+00:00
[2025-07-04T06:20:44.513+0000] {processor.py:183} INFO - Processing /home/airflow/.local/lib/python3.12/site-packages/airflow/example_dags/example_latest_only_with_trigger.py took 0.100 seconds
