[2025-07-04T06:13:44.383+0000] {processor.py:161} INFO - Started process (PID=72) to work on /home/airflow/.local/lib/python3.12/site-packages/airflow/example_dags/example_kubernetes_executor.py
[2025-07-04T06:13:44.384+0000] {processor.py:830} INFO - Processing file /home/airflow/.local/lib/python3.12/site-packages/airflow/example_dags/example_kubernetes_executor.py for tasks to queue
[2025-07-04T06:13:44.387+0000] {logging_mixin.py:188} INFO - [2025-07-04T06:13:44.386+0000] {dagbag.py:545} INFO - Filling up the DagBag from /home/airflow/.local/lib/python3.12/site-packages/airflow/example_dags/example_kubernetes_executor.py
[2025-07-04T06:13:44.415+0000] {processor.py:840} INFO - DAG(s) 'example_kubernetes_executor' retrieved from /home/airflow/.local/lib/python3.12/site-packages/airflow/example_dags/example_kubernetes_executor.py
[2025-07-04T06:13:44.801+0000] {logging_mixin.py:188} INFO - [2025-07-04T06:13:44.801+0000] {dag.py:3096} INFO - Sync 1 DAGs
[2025-07-04T06:13:44.816+0000] {logging_mixin.py:188} INFO - [2025-07-04T06:13:44.815+0000] {dag.py:3954} INFO - Setting next_dagrun for example_kubernetes_executor to None, run_after=None
[2025-07-04T06:13:44.842+0000] {processor.py:183} INFO - Processing /home/airflow/.local/lib/python3.12/site-packages/airflow/example_dags/example_kubernetes_executor.py took 0.466 seconds
[2025-07-04T06:14:06.348+0000] {processor.py:161} INFO - Started process (PID=57) to work on /home/airflow/.local/lib/python3.12/site-packages/airflow/example_dags/example_kubernetes_executor.py
[2025-07-04T06:14:06.349+0000] {processor.py:830} INFO - Processing file /home/airflow/.local/lib/python3.12/site-packages/airflow/example_dags/example_kubernetes_executor.py for tasks to queue
[2025-07-04T06:14:06.352+0000] {logging_mixin.py:188} INFO - [2025-07-04T06:14:06.351+0000] {dagbag.py:545} INFO - Filling up the DagBag from /home/airflow/.local/lib/python3.12/site-packages/airflow/example_dags/example_kubernetes_executor.py
[2025-07-04T06:14:06.374+0000] {processor.py:840} INFO - DAG(s) 'example_kubernetes_executor' retrieved from /home/airflow/.local/lib/python3.12/site-packages/airflow/example_dags/example_kubernetes_executor.py
[2025-07-04T06:14:06.415+0000] {logging_mixin.py:188} INFO - [2025-07-04T06:14:06.414+0000] {dag.py:3096} INFO - Sync 1 DAGs
[2025-07-04T06:14:06.439+0000] {logging_mixin.py:188} INFO - [2025-07-04T06:14:06.438+0000] {dag.py:3954} INFO - Setting next_dagrun for example_kubernetes_executor to None, run_after=None
[2025-07-04T06:14:06.467+0000] {processor.py:183} INFO - Processing /home/airflow/.local/lib/python3.12/site-packages/airflow/example_dags/example_kubernetes_executor.py took 0.128 seconds
[2025-07-04T06:14:37.023+0000] {processor.py:161} INFO - Started process (PID=120) to work on /home/airflow/.local/lib/python3.12/site-packages/airflow/example_dags/example_kubernetes_executor.py
[2025-07-04T06:14:37.025+0000] {processor.py:830} INFO - Processing file /home/airflow/.local/lib/python3.12/site-packages/airflow/example_dags/example_kubernetes_executor.py for tasks to queue
[2025-07-04T06:14:37.027+0000] {logging_mixin.py:188} INFO - [2025-07-04T06:14:37.027+0000] {dagbag.py:545} INFO - Filling up the DagBag from /home/airflow/.local/lib/python3.12/site-packages/airflow/example_dags/example_kubernetes_executor.py
[2025-07-04T06:14:37.042+0000] {processor.py:840} INFO - DAG(s) 'example_kubernetes_executor' retrieved from /home/airflow/.local/lib/python3.12/site-packages/airflow/example_dags/example_kubernetes_executor.py
[2025-07-04T06:14:37.090+0000] {logging_mixin.py:188} INFO - [2025-07-04T06:14:37.090+0000] {dag.py:3096} INFO - Sync 1 DAGs
[2025-07-04T06:14:37.108+0000] {logging_mixin.py:188} INFO - [2025-07-04T06:14:37.108+0000] {dag.py:3954} INFO - Setting next_dagrun for example_kubernetes_executor to None, run_after=None
[2025-07-04T06:14:37.132+0000] {processor.py:183} INFO - Processing /home/airflow/.local/lib/python3.12/site-packages/airflow/example_dags/example_kubernetes_executor.py took 0.115 seconds
[2025-07-04T06:15:07.524+0000] {processor.py:161} INFO - Started process (PID=180) to work on /home/airflow/.local/lib/python3.12/site-packages/airflow/example_dags/example_kubernetes_executor.py
[2025-07-04T06:15:07.525+0000] {processor.py:830} INFO - Processing file /home/airflow/.local/lib/python3.12/site-packages/airflow/example_dags/example_kubernetes_executor.py for tasks to queue
[2025-07-04T06:15:07.528+0000] {logging_mixin.py:188} INFO - [2025-07-04T06:15:07.527+0000] {dagbag.py:545} INFO - Filling up the DagBag from /home/airflow/.local/lib/python3.12/site-packages/airflow/example_dags/example_kubernetes_executor.py
[2025-07-04T06:15:07.543+0000] {processor.py:840} INFO - DAG(s) 'example_kubernetes_executor' retrieved from /home/airflow/.local/lib/python3.12/site-packages/airflow/example_dags/example_kubernetes_executor.py
[2025-07-04T06:15:07.593+0000] {logging_mixin.py:188} INFO - [2025-07-04T06:15:07.593+0000] {dag.py:3096} INFO - Sync 1 DAGs
[2025-07-04T06:15:07.610+0000] {logging_mixin.py:188} INFO - [2025-07-04T06:15:07.610+0000] {dag.py:3954} INFO - Setting next_dagrun for example_kubernetes_executor to None, run_after=None
[2025-07-04T06:15:07.643+0000] {processor.py:183} INFO - Processing /home/airflow/.local/lib/python3.12/site-packages/airflow/example_dags/example_kubernetes_executor.py took 0.125 seconds
[2025-07-04T06:15:38.028+0000] {processor.py:161} INFO - Started process (PID=240) to work on /home/airflow/.local/lib/python3.12/site-packages/airflow/example_dags/example_kubernetes_executor.py
[2025-07-04T06:15:38.029+0000] {processor.py:830} INFO - Processing file /home/airflow/.local/lib/python3.12/site-packages/airflow/example_dags/example_kubernetes_executor.py for tasks to queue
[2025-07-04T06:15:38.030+0000] {logging_mixin.py:188} INFO - [2025-07-04T06:15:38.030+0000] {dagbag.py:545} INFO - Filling up the DagBag from /home/airflow/.local/lib/python3.12/site-packages/airflow/example_dags/example_kubernetes_executor.py
[2025-07-04T06:15:38.041+0000] {processor.py:840} INFO - DAG(s) 'example_kubernetes_executor' retrieved from /home/airflow/.local/lib/python3.12/site-packages/airflow/example_dags/example_kubernetes_executor.py
[2025-07-04T06:15:38.078+0000] {logging_mixin.py:188} INFO - [2025-07-04T06:15:38.078+0000] {dag.py:3096} INFO - Sync 1 DAGs
[2025-07-04T06:15:38.091+0000] {logging_mixin.py:188} INFO - [2025-07-04T06:15:38.091+0000] {dag.py:3954} INFO - Setting next_dagrun for example_kubernetes_executor to None, run_after=None
[2025-07-04T06:15:38.113+0000] {processor.py:183} INFO - Processing /home/airflow/.local/lib/python3.12/site-packages/airflow/example_dags/example_kubernetes_executor.py took 0.090 seconds
[2025-07-04T06:16:08.555+0000] {processor.py:161} INFO - Started process (PID=300) to work on /home/airflow/.local/lib/python3.12/site-packages/airflow/example_dags/example_kubernetes_executor.py
[2025-07-04T06:16:08.556+0000] {processor.py:830} INFO - Processing file /home/airflow/.local/lib/python3.12/site-packages/airflow/example_dags/example_kubernetes_executor.py for tasks to queue
[2025-07-04T06:16:08.558+0000] {logging_mixin.py:188} INFO - [2025-07-04T06:16:08.558+0000] {dagbag.py:545} INFO - Filling up the DagBag from /home/airflow/.local/lib/python3.12/site-packages/airflow/example_dags/example_kubernetes_executor.py
[2025-07-04T06:16:08.570+0000] {processor.py:840} INFO - DAG(s) 'example_kubernetes_executor' retrieved from /home/airflow/.local/lib/python3.12/site-packages/airflow/example_dags/example_kubernetes_executor.py
[2025-07-04T06:16:08.606+0000] {logging_mixin.py:188} INFO - [2025-07-04T06:16:08.605+0000] {dag.py:3096} INFO - Sync 1 DAGs
[2025-07-04T06:16:08.617+0000] {logging_mixin.py:188} INFO - [2025-07-04T06:16:08.617+0000] {dag.py:3954} INFO - Setting next_dagrun for example_kubernetes_executor to None, run_after=None
[2025-07-04T06:16:08.638+0000] {processor.py:183} INFO - Processing /home/airflow/.local/lib/python3.12/site-packages/airflow/example_dags/example_kubernetes_executor.py took 0.089 seconds
[2025-07-04T06:16:38.805+0000] {processor.py:161} INFO - Started process (PID=360) to work on /home/airflow/.local/lib/python3.12/site-packages/airflow/example_dags/example_kubernetes_executor.py
[2025-07-04T06:16:38.806+0000] {processor.py:830} INFO - Processing file /home/airflow/.local/lib/python3.12/site-packages/airflow/example_dags/example_kubernetes_executor.py for tasks to queue
[2025-07-04T06:16:38.808+0000] {logging_mixin.py:188} INFO - [2025-07-04T06:16:38.808+0000] {dagbag.py:545} INFO - Filling up the DagBag from /home/airflow/.local/lib/python3.12/site-packages/airflow/example_dags/example_kubernetes_executor.py
[2025-07-04T06:16:38.819+0000] {processor.py:840} INFO - DAG(s) 'example_kubernetes_executor' retrieved from /home/airflow/.local/lib/python3.12/site-packages/airflow/example_dags/example_kubernetes_executor.py
[2025-07-04T06:16:38.853+0000] {logging_mixin.py:188} INFO - [2025-07-04T06:16:38.852+0000] {dag.py:3096} INFO - Sync 1 DAGs
[2025-07-04T06:16:38.864+0000] {logging_mixin.py:188} INFO - [2025-07-04T06:16:38.864+0000] {dag.py:3954} INFO - Setting next_dagrun for example_kubernetes_executor to None, run_after=None
[2025-07-04T06:16:38.884+0000] {processor.py:183} INFO - Processing /home/airflow/.local/lib/python3.12/site-packages/airflow/example_dags/example_kubernetes_executor.py took 0.083 seconds
[2025-07-04T06:17:09.116+0000] {processor.py:161} INFO - Started process (PID=420) to work on /home/airflow/.local/lib/python3.12/site-packages/airflow/example_dags/example_kubernetes_executor.py
[2025-07-04T06:17:09.117+0000] {processor.py:830} INFO - Processing file /home/airflow/.local/lib/python3.12/site-packages/airflow/example_dags/example_kubernetes_executor.py for tasks to queue
[2025-07-04T06:17:09.119+0000] {logging_mixin.py:188} INFO - [2025-07-04T06:17:09.119+0000] {dagbag.py:545} INFO - Filling up the DagBag from /home/airflow/.local/lib/python3.12/site-packages/airflow/example_dags/example_kubernetes_executor.py
[2025-07-04T06:17:09.130+0000] {processor.py:840} INFO - DAG(s) 'example_kubernetes_executor' retrieved from /home/airflow/.local/lib/python3.12/site-packages/airflow/example_dags/example_kubernetes_executor.py
[2025-07-04T06:17:09.168+0000] {logging_mixin.py:188} INFO - [2025-07-04T06:17:09.168+0000] {dag.py:3096} INFO - Sync 1 DAGs
[2025-07-04T06:17:09.181+0000] {logging_mixin.py:188} INFO - [2025-07-04T06:17:09.181+0000] {dag.py:3954} INFO - Setting next_dagrun for example_kubernetes_executor to None, run_after=None
[2025-07-04T06:17:09.201+0000] {processor.py:183} INFO - Processing /home/airflow/.local/lib/python3.12/site-packages/airflow/example_dags/example_kubernetes_executor.py took 0.090 seconds
[2025-07-04T06:17:39.342+0000] {processor.py:161} INFO - Started process (PID=480) to work on /home/airflow/.local/lib/python3.12/site-packages/airflow/example_dags/example_kubernetes_executor.py
[2025-07-04T06:17:39.342+0000] {processor.py:830} INFO - Processing file /home/airflow/.local/lib/python3.12/site-packages/airflow/example_dags/example_kubernetes_executor.py for tasks to queue
[2025-07-04T06:17:39.345+0000] {logging_mixin.py:188} INFO - [2025-07-04T06:17:39.344+0000] {dagbag.py:545} INFO - Filling up the DagBag from /home/airflow/.local/lib/python3.12/site-packages/airflow/example_dags/example_kubernetes_executor.py
[2025-07-04T06:17:39.359+0000] {processor.py:840} INFO - DAG(s) 'example_kubernetes_executor' retrieved from /home/airflow/.local/lib/python3.12/site-packages/airflow/example_dags/example_kubernetes_executor.py
[2025-07-04T06:17:39.399+0000] {logging_mixin.py:188} INFO - [2025-07-04T06:17:39.399+0000] {dag.py:3096} INFO - Sync 1 DAGs
[2025-07-04T06:17:39.413+0000] {logging_mixin.py:188} INFO - [2025-07-04T06:17:39.413+0000] {dag.py:3954} INFO - Setting next_dagrun for example_kubernetes_executor to None, run_after=None
[2025-07-04T06:17:39.432+0000] {processor.py:183} INFO - Processing /home/airflow/.local/lib/python3.12/site-packages/airflow/example_dags/example_kubernetes_executor.py took 0.098 seconds
[2025-07-04T06:18:09.601+0000] {processor.py:161} INFO - Started process (PID=540) to work on /home/airflow/.local/lib/python3.12/site-packages/airflow/example_dags/example_kubernetes_executor.py
[2025-07-04T06:18:09.601+0000] {processor.py:830} INFO - Processing file /home/airflow/.local/lib/python3.12/site-packages/airflow/example_dags/example_kubernetes_executor.py for tasks to queue
[2025-07-04T06:18:09.603+0000] {logging_mixin.py:188} INFO - [2025-07-04T06:18:09.603+0000] {dagbag.py:545} INFO - Filling up the DagBag from /home/airflow/.local/lib/python3.12/site-packages/airflow/example_dags/example_kubernetes_executor.py
[2025-07-04T06:18:09.615+0000] {processor.py:840} INFO - DAG(s) 'example_kubernetes_executor' retrieved from /home/airflow/.local/lib/python3.12/site-packages/airflow/example_dags/example_kubernetes_executor.py
[2025-07-04T06:18:09.650+0000] {logging_mixin.py:188} INFO - [2025-07-04T06:18:09.649+0000] {dag.py:3096} INFO - Sync 1 DAGs
[2025-07-04T06:18:09.662+0000] {logging_mixin.py:188} INFO - [2025-07-04T06:18:09.661+0000] {dag.py:3954} INFO - Setting next_dagrun for example_kubernetes_executor to None, run_after=None
[2025-07-04T06:18:09.680+0000] {processor.py:183} INFO - Processing /home/airflow/.local/lib/python3.12/site-packages/airflow/example_dags/example_kubernetes_executor.py took 0.085 seconds
[2025-07-04T06:18:40.051+0000] {processor.py:161} INFO - Started process (PID=600) to work on /home/airflow/.local/lib/python3.12/site-packages/airflow/example_dags/example_kubernetes_executor.py
[2025-07-04T06:18:40.052+0000] {processor.py:830} INFO - Processing file /home/airflow/.local/lib/python3.12/site-packages/airflow/example_dags/example_kubernetes_executor.py for tasks to queue
[2025-07-04T06:18:40.054+0000] {logging_mixin.py:188} INFO - [2025-07-04T06:18:40.054+0000] {dagbag.py:545} INFO - Filling up the DagBag from /home/airflow/.local/lib/python3.12/site-packages/airflow/example_dags/example_kubernetes_executor.py
[2025-07-04T06:18:40.070+0000] {processor.py:840} INFO - DAG(s) 'example_kubernetes_executor' retrieved from /home/airflow/.local/lib/python3.12/site-packages/airflow/example_dags/example_kubernetes_executor.py
[2025-07-04T06:18:40.119+0000] {logging_mixin.py:188} INFO - [2025-07-04T06:18:40.119+0000] {dag.py:3096} INFO - Sync 1 DAGs
[2025-07-04T06:18:40.133+0000] {logging_mixin.py:188} INFO - [2025-07-04T06:18:40.133+0000] {dag.py:3954} INFO - Setting next_dagrun for example_kubernetes_executor to None, run_after=None
[2025-07-04T06:18:40.155+0000] {processor.py:183} INFO - Processing /home/airflow/.local/lib/python3.12/site-packages/airflow/example_dags/example_kubernetes_executor.py took 0.110 seconds
[2025-07-04T06:19:10.494+0000] {processor.py:161} INFO - Started process (PID=666) to work on /home/airflow/.local/lib/python3.12/site-packages/airflow/example_dags/example_kubernetes_executor.py
[2025-07-04T06:19:10.495+0000] {processor.py:830} INFO - Processing file /home/airflow/.local/lib/python3.12/site-packages/airflow/example_dags/example_kubernetes_executor.py for tasks to queue
[2025-07-04T06:19:10.497+0000] {logging_mixin.py:188} INFO - [2025-07-04T06:19:10.496+0000] {dagbag.py:545} INFO - Filling up the DagBag from /home/airflow/.local/lib/python3.12/site-packages/airflow/example_dags/example_kubernetes_executor.py
[2025-07-04T06:19:10.508+0000] {processor.py:840} INFO - DAG(s) 'example_kubernetes_executor' retrieved from /home/airflow/.local/lib/python3.12/site-packages/airflow/example_dags/example_kubernetes_executor.py
[2025-07-04T06:19:10.547+0000] {logging_mixin.py:188} INFO - [2025-07-04T06:19:10.546+0000] {dag.py:3096} INFO - Sync 1 DAGs
[2025-07-04T06:19:10.559+0000] {logging_mixin.py:188} INFO - [2025-07-04T06:19:10.559+0000] {dag.py:3954} INFO - Setting next_dagrun for example_kubernetes_executor to None, run_after=None
[2025-07-04T06:19:10.579+0000] {processor.py:183} INFO - Processing /home/airflow/.local/lib/python3.12/site-packages/airflow/example_dags/example_kubernetes_executor.py took 0.091 seconds
[2025-07-04T06:19:40.798+0000] {processor.py:161} INFO - Started process (PID=726) to work on /home/airflow/.local/lib/python3.12/site-packages/airflow/example_dags/example_kubernetes_executor.py
[2025-07-04T06:19:40.799+0000] {processor.py:830} INFO - Processing file /home/airflow/.local/lib/python3.12/site-packages/airflow/example_dags/example_kubernetes_executor.py for tasks to queue
[2025-07-04T06:19:40.802+0000] {logging_mixin.py:188} INFO - [2025-07-04T06:19:40.801+0000] {dagbag.py:545} INFO - Filling up the DagBag from /home/airflow/.local/lib/python3.12/site-packages/airflow/example_dags/example_kubernetes_executor.py
[2025-07-04T06:19:40.816+0000] {processor.py:840} INFO - DAG(s) 'example_kubernetes_executor' retrieved from /home/airflow/.local/lib/python3.12/site-packages/airflow/example_dags/example_kubernetes_executor.py
[2025-07-04T06:19:40.858+0000] {logging_mixin.py:188} INFO - [2025-07-04T06:19:40.858+0000] {dag.py:3096} INFO - Sync 1 DAGs
[2025-07-04T06:19:40.873+0000] {logging_mixin.py:188} INFO - [2025-07-04T06:19:40.873+0000] {dag.py:3954} INFO - Setting next_dagrun for example_kubernetes_executor to None, run_after=None
[2025-07-04T06:19:40.893+0000] {processor.py:183} INFO - Processing /home/airflow/.local/lib/python3.12/site-packages/airflow/example_dags/example_kubernetes_executor.py took 0.101 seconds
[2025-07-04T06:20:11.322+0000] {processor.py:161} INFO - Started process (PID=786) to work on /home/airflow/.local/lib/python3.12/site-packages/airflow/example_dags/example_kubernetes_executor.py
[2025-07-04T06:20:11.323+0000] {processor.py:830} INFO - Processing file /home/airflow/.local/lib/python3.12/site-packages/airflow/example_dags/example_kubernetes_executor.py for tasks to queue
[2025-07-04T06:20:11.325+0000] {logging_mixin.py:188} INFO - [2025-07-04T06:20:11.324+0000] {dagbag.py:545} INFO - Filling up the DagBag from /home/airflow/.local/lib/python3.12/site-packages/airflow/example_dags/example_kubernetes_executor.py
[2025-07-04T06:20:11.335+0000] {processor.py:840} INFO - DAG(s) 'example_kubernetes_executor' retrieved from /home/airflow/.local/lib/python3.12/site-packages/airflow/example_dags/example_kubernetes_executor.py
[2025-07-04T06:20:11.370+0000] {logging_mixin.py:188} INFO - [2025-07-04T06:20:11.370+0000] {dag.py:3096} INFO - Sync 1 DAGs
[2025-07-04T06:20:11.381+0000] {logging_mixin.py:188} INFO - [2025-07-04T06:20:11.381+0000] {dag.py:3954} INFO - Setting next_dagrun for example_kubernetes_executor to None, run_after=None
[2025-07-04T06:20:11.398+0000] {processor.py:183} INFO - Processing /home/airflow/.local/lib/python3.12/site-packages/airflow/example_dags/example_kubernetes_executor.py took 0.081 seconds
[2025-07-04T06:20:41.871+0000] {processor.py:161} INFO - Started process (PID=846) to work on /home/airflow/.local/lib/python3.12/site-packages/airflow/example_dags/example_kubernetes_executor.py
[2025-07-04T06:20:41.874+0000] {processor.py:830} INFO - Processing file /home/airflow/.local/lib/python3.12/site-packages/airflow/example_dags/example_kubernetes_executor.py for tasks to queue
[2025-07-04T06:20:41.881+0000] {logging_mixin.py:188} INFO - [2025-07-04T06:20:41.878+0000] {dagbag.py:545} INFO - Filling up the DagBag from /home/airflow/.local/lib/python3.12/site-packages/airflow/example_dags/example_kubernetes_executor.py
[2025-07-04T06:20:41.931+0000] {processor.py:840} INFO - DAG(s) 'example_kubernetes_executor' retrieved from /home/airflow/.local/lib/python3.12/site-packages/airflow/example_dags/example_kubernetes_executor.py
[2025-07-04T06:20:42.036+0000] {logging_mixin.py:188} INFO - [2025-07-04T06:20:42.035+0000] {dag.py:3096} INFO - Sync 1 DAGs
[2025-07-04T06:20:42.066+0000] {logging_mixin.py:188} INFO - [2025-07-04T06:20:42.065+0000] {dag.py:3954} INFO - Setting next_dagrun for example_kubernetes_executor to None, run_after=None
[2025-07-04T06:20:42.119+0000] {processor.py:183} INFO - Processing /home/airflow/.local/lib/python3.12/site-packages/airflow/example_dags/example_kubernetes_executor.py took 0.266 seconds
