[2025-07-04T06:13:44.890+0000] {processor.py:161} INFO - Started process (PID=74) to work on /home/airflow/.local/lib/python3.12/site-packages/airflow/example_dags/example_datasets.py
[2025-07-04T06:13:44.891+0000] {processor.py:830} INFO - Processing file /home/airflow/.local/lib/python3.12/site-packages/airflow/example_dags/example_datasets.py for tasks to queue
[2025-07-04T06:13:44.893+0000] {logging_mixin.py:188} INFO - [2025-07-04T06:13:44.893+0000] {dagbag.py:545} INFO - Filling up the DagBag from /home/airflow/.local/lib/python3.12/site-packages/airflow/example_dags/example_datasets.py
[2025-07-04T06:13:44.919+0000] {processor.py:840} INFO - DAG(s) 'dataset_produces_1', 'conditional_dataset_and_time_based_timetable', 'consume_1_and_2_with_dataset_expressions', 'consume_1_or_2_with_dataset_expressions', 'dataset_produces_2', 'dataset_consumes_1', 'dataset_consumes_1_and_2', 'dataset_consumes_1_never_scheduled', 'consume_1_or_both_2_and_3_with_dataset_expressions', 'dataset_consumes_unknown_never_scheduled' retrieved from /home/airflow/.local/lib/python3.12/site-packages/airflow/example_dags/example_datasets.py
[2025-07-04T06:13:45.210+0000] {logging_mixin.py:188} INFO - [2025-07-04T06:13:45.210+0000] {dag.py:3096} INFO - Sync 10 DAGs
[2025-07-04T06:13:45.242+0000] {logging_mixin.py:188} INFO - [2025-07-04T06:13:45.242+0000] {dag.py:3954} INFO - Setting next_dagrun for conditional_dataset_and_time_based_timetable to 2025-07-02 01:00:00+00:00, run_after=2025-07-02 01:00:00+00:00
[2025-07-04T06:13:45.247+0000] {logging_mixin.py:188} INFO - [2025-07-04T06:13:45.246+0000] {dag.py:3954} INFO - Setting next_dagrun for consume_1_and_2_with_dataset_expressions to None, run_after=None
[2025-07-04T06:13:45.249+0000] {logging_mixin.py:188} INFO - [2025-07-04T06:13:45.249+0000] {dag.py:3954} INFO - Setting next_dagrun for consume_1_or_2_with_dataset_expressions to None, run_after=None
[2025-07-04T06:13:45.251+0000] {logging_mixin.py:188} INFO - [2025-07-04T06:13:45.251+0000] {dag.py:3954} INFO - Setting next_dagrun for consume_1_or_both_2_and_3_with_dataset_expressions to None, run_after=None
[2025-07-04T06:13:45.252+0000] {logging_mixin.py:188} INFO - [2025-07-04T06:13:45.252+0000] {dag.py:3954} INFO - Setting next_dagrun for dataset_consumes_1 to None, run_after=None
[2025-07-04T06:13:45.255+0000] {logging_mixin.py:188} INFO - [2025-07-04T06:13:45.254+0000] {dag.py:3954} INFO - Setting next_dagrun for dataset_consumes_1_and_2 to None, run_after=None
[2025-07-04T06:13:45.257+0000] {logging_mixin.py:188} INFO - [2025-07-04T06:13:45.256+0000] {dag.py:3954} INFO - Setting next_dagrun for dataset_consumes_1_never_scheduled to None, run_after=None
[2025-07-04T06:13:45.258+0000] {logging_mixin.py:188} INFO - [2025-07-04T06:13:45.258+0000] {dag.py:3954} INFO - Setting next_dagrun for dataset_consumes_unknown_never_scheduled to None, run_after=None
[2025-07-04T06:13:45.262+0000] {logging_mixin.py:188} INFO - [2025-07-04T06:13:45.261+0000] {dag.py:3954} INFO - Setting next_dagrun for dataset_produces_1 to 2025-07-03 00:00:00+00:00, run_after=2025-07-04 00:00:00+00:00
[2025-07-04T06:13:45.263+0000] {logging_mixin.py:188} INFO - [2025-07-04T06:13:45.263+0000] {dag.py:3954} INFO - Setting next_dagrun for dataset_produces_2 to None, run_after=None
[2025-07-04T06:13:45.335+0000] {processor.py:183} INFO - Processing /home/airflow/.local/lib/python3.12/site-packages/airflow/example_dags/example_datasets.py took 0.452 seconds
[2025-07-04T06:14:06.508+0000] {processor.py:161} INFO - Started process (PID=59) to work on /home/airflow/.local/lib/python3.12/site-packages/airflow/example_dags/example_datasets.py
[2025-07-04T06:14:06.509+0000] {processor.py:830} INFO - Processing file /home/airflow/.local/lib/python3.12/site-packages/airflow/example_dags/example_datasets.py for tasks to queue
[2025-07-04T06:14:06.512+0000] {logging_mixin.py:188} INFO - [2025-07-04T06:14:06.511+0000] {dagbag.py:545} INFO - Filling up the DagBag from /home/airflow/.local/lib/python3.12/site-packages/airflow/example_dags/example_datasets.py
[2025-07-04T06:14:06.541+0000] {processor.py:840} INFO - DAG(s) 'dataset_consumes_unknown_never_scheduled', 'dataset_consumes_1_and_2', 'consume_1_and_2_with_dataset_expressions', 'conditional_dataset_and_time_based_timetable', 'dataset_consumes_1_never_scheduled', 'dataset_consumes_1', 'consume_1_or_2_with_dataset_expressions', 'dataset_produces_2', 'consume_1_or_both_2_and_3_with_dataset_expressions', 'dataset_produces_1' retrieved from /home/airflow/.local/lib/python3.12/site-packages/airflow/example_dags/example_datasets.py
[2025-07-04T06:14:06.571+0000] {logging_mixin.py:188} INFO - [2025-07-04T06:14:06.570+0000] {dag.py:3096} INFO - Sync 10 DAGs
[2025-07-04T06:14:06.617+0000] {logging_mixin.py:188} INFO - [2025-07-04T06:14:06.617+0000] {dag.py:3954} INFO - Setting next_dagrun for conditional_dataset_and_time_based_timetable to 2025-07-02 01:00:00+00:00, run_after=2025-07-02 01:00:00+00:00
[2025-07-04T06:14:06.624+0000] {logging_mixin.py:188} INFO - [2025-07-04T06:14:06.623+0000] {dag.py:3954} INFO - Setting next_dagrun for consume_1_and_2_with_dataset_expressions to None, run_after=None
[2025-07-04T06:14:06.627+0000] {logging_mixin.py:188} INFO - [2025-07-04T06:14:06.627+0000] {dag.py:3954} INFO - Setting next_dagrun for consume_1_or_2_with_dataset_expressions to None, run_after=None
[2025-07-04T06:14:06.630+0000] {logging_mixin.py:188} INFO - [2025-07-04T06:14:06.629+0000] {dag.py:3954} INFO - Setting next_dagrun for consume_1_or_both_2_and_3_with_dataset_expressions to None, run_after=None
[2025-07-04T06:14:06.631+0000] {logging_mixin.py:188} INFO - [2025-07-04T06:14:06.631+0000] {dag.py:3954} INFO - Setting next_dagrun for dataset_consumes_1 to None, run_after=None
[2025-07-04T06:14:06.633+0000] {logging_mixin.py:188} INFO - [2025-07-04T06:14:06.633+0000] {dag.py:3954} INFO - Setting next_dagrun for dataset_consumes_1_and_2 to None, run_after=None
[2025-07-04T06:14:06.635+0000] {logging_mixin.py:188} INFO - [2025-07-04T06:14:06.635+0000] {dag.py:3954} INFO - Setting next_dagrun for dataset_consumes_1_never_scheduled to None, run_after=None
[2025-07-04T06:14:06.637+0000] {logging_mixin.py:188} INFO - [2025-07-04T06:14:06.637+0000] {dag.py:3954} INFO - Setting next_dagrun for dataset_consumes_unknown_never_scheduled to None, run_after=None
[2025-07-04T06:14:06.640+0000] {logging_mixin.py:188} INFO - [2025-07-04T06:14:06.640+0000] {dag.py:3954} INFO - Setting next_dagrun for dataset_produces_1 to 2025-07-03 00:00:00+00:00, run_after=2025-07-04 00:00:00+00:00
[2025-07-04T06:14:06.642+0000] {logging_mixin.py:188} INFO - [2025-07-04T06:14:06.642+0000] {dag.py:3954} INFO - Setting next_dagrun for dataset_produces_2 to None, run_after=None
[2025-07-04T06:14:06.686+0000] {processor.py:183} INFO - Processing /home/airflow/.local/lib/python3.12/site-packages/airflow/example_dags/example_datasets.py took 0.185 seconds
[2025-07-04T06:14:37.027+0000] {processor.py:161} INFO - Started process (PID=121) to work on /home/airflow/.local/lib/python3.12/site-packages/airflow/example_dags/example_datasets.py
[2025-07-04T06:14:37.028+0000] {processor.py:830} INFO - Processing file /home/airflow/.local/lib/python3.12/site-packages/airflow/example_dags/example_datasets.py for tasks to queue
[2025-07-04T06:14:37.030+0000] {logging_mixin.py:188} INFO - [2025-07-04T06:14:37.030+0000] {dagbag.py:545} INFO - Filling up the DagBag from /home/airflow/.local/lib/python3.12/site-packages/airflow/example_dags/example_datasets.py
[2025-07-04T06:14:37.046+0000] {processor.py:840} INFO - DAG(s) 'consume_1_and_2_with_dataset_expressions', 'dataset_consumes_1_and_2', 'consume_1_or_2_with_dataset_expressions', 'dataset_consumes_1', 'dataset_produces_1', 'conditional_dataset_and_time_based_timetable', 'dataset_produces_2', 'consume_1_or_both_2_and_3_with_dataset_expressions', 'dataset_consumes_unknown_never_scheduled', 'dataset_consumes_1_never_scheduled' retrieved from /home/airflow/.local/lib/python3.12/site-packages/airflow/example_dags/example_datasets.py
[2025-07-04T06:14:37.113+0000] {logging_mixin.py:188} INFO - [2025-07-04T06:14:37.112+0000] {dag.py:3096} INFO - Sync 10 DAGs
[2025-07-04T06:14:37.147+0000] {logging_mixin.py:188} INFO - [2025-07-04T06:14:37.146+0000] {dag.py:3954} INFO - Setting next_dagrun for conditional_dataset_and_time_based_timetable to 2025-07-02 01:00:00+00:00, run_after=2025-07-02 01:00:00+00:00
[2025-07-04T06:14:37.154+0000] {logging_mixin.py:188} INFO - [2025-07-04T06:14:37.154+0000] {dag.py:3954} INFO - Setting next_dagrun for consume_1_and_2_with_dataset_expressions to None, run_after=None
[2025-07-04T06:14:37.156+0000] {logging_mixin.py:188} INFO - [2025-07-04T06:14:37.156+0000] {dag.py:3954} INFO - Setting next_dagrun for consume_1_or_2_with_dataset_expressions to None, run_after=None
[2025-07-04T06:14:37.158+0000] {logging_mixin.py:188} INFO - [2025-07-04T06:14:37.158+0000] {dag.py:3954} INFO - Setting next_dagrun for consume_1_or_both_2_and_3_with_dataset_expressions to None, run_after=None
[2025-07-04T06:14:37.160+0000] {logging_mixin.py:188} INFO - [2025-07-04T06:14:37.160+0000] {dag.py:3954} INFO - Setting next_dagrun for dataset_consumes_1 to None, run_after=None
[2025-07-04T06:14:37.162+0000] {logging_mixin.py:188} INFO - [2025-07-04T06:14:37.162+0000] {dag.py:3954} INFO - Setting next_dagrun for dataset_consumes_1_and_2 to None, run_after=None
[2025-07-04T06:14:37.164+0000] {logging_mixin.py:188} INFO - [2025-07-04T06:14:37.163+0000] {dag.py:3954} INFO - Setting next_dagrun for dataset_consumes_1_never_scheduled to None, run_after=None
[2025-07-04T06:14:37.165+0000] {logging_mixin.py:188} INFO - [2025-07-04T06:14:37.165+0000] {dag.py:3954} INFO - Setting next_dagrun for dataset_consumes_unknown_never_scheduled to None, run_after=None
[2025-07-04T06:14:37.169+0000] {logging_mixin.py:188} INFO - [2025-07-04T06:14:37.168+0000] {dag.py:3954} INFO - Setting next_dagrun for dataset_produces_1 to 2025-07-03 00:00:00+00:00, run_after=2025-07-04 00:00:00+00:00
[2025-07-04T06:14:37.172+0000] {logging_mixin.py:188} INFO - [2025-07-04T06:14:37.171+0000] {dag.py:3954} INFO - Setting next_dagrun for dataset_produces_2 to None, run_after=None
[2025-07-04T06:14:37.214+0000] {processor.py:183} INFO - Processing /home/airflow/.local/lib/python3.12/site-packages/airflow/example_dags/example_datasets.py took 0.193 seconds
[2025-07-04T06:15:07.525+0000] {processor.py:161} INFO - Started process (PID=181) to work on /home/airflow/.local/lib/python3.12/site-packages/airflow/example_dags/example_datasets.py
[2025-07-04T06:15:07.526+0000] {processor.py:830} INFO - Processing file /home/airflow/.local/lib/python3.12/site-packages/airflow/example_dags/example_datasets.py for tasks to queue
[2025-07-04T06:15:07.528+0000] {logging_mixin.py:188} INFO - [2025-07-04T06:15:07.528+0000] {dagbag.py:545} INFO - Filling up the DagBag from /home/airflow/.local/lib/python3.12/site-packages/airflow/example_dags/example_datasets.py
[2025-07-04T06:15:07.545+0000] {processor.py:840} INFO - DAG(s) 'dataset_consumes_unknown_never_scheduled', 'consume_1_or_2_with_dataset_expressions', 'consume_1_or_both_2_and_3_with_dataset_expressions', 'dataset_consumes_1', 'conditional_dataset_and_time_based_timetable', 'dataset_consumes_1_and_2', 'consume_1_and_2_with_dataset_expressions', 'dataset_consumes_1_never_scheduled', 'dataset_produces_1', 'dataset_produces_2' retrieved from /home/airflow/.local/lib/python3.12/site-packages/airflow/example_dags/example_datasets.py
[2025-07-04T06:15:07.615+0000] {logging_mixin.py:188} INFO - [2025-07-04T06:15:07.614+0000] {dag.py:3096} INFO - Sync 10 DAGs
[2025-07-04T06:15:07.651+0000] {logging_mixin.py:188} INFO - [2025-07-04T06:15:07.651+0000] {dag.py:3954} INFO - Setting next_dagrun for conditional_dataset_and_time_based_timetable to 2025-07-02 01:00:00+00:00, run_after=2025-07-02 01:00:00+00:00
[2025-07-04T06:15:07.659+0000] {logging_mixin.py:188} INFO - [2025-07-04T06:15:07.658+0000] {dag.py:3954} INFO - Setting next_dagrun for consume_1_and_2_with_dataset_expressions to None, run_after=None
[2025-07-04T06:15:07.662+0000] {logging_mixin.py:188} INFO - [2025-07-04T06:15:07.661+0000] {dag.py:3954} INFO - Setting next_dagrun for consume_1_or_2_with_dataset_expressions to None, run_after=None
[2025-07-04T06:15:07.664+0000] {logging_mixin.py:188} INFO - [2025-07-04T06:15:07.664+0000] {dag.py:3954} INFO - Setting next_dagrun for consume_1_or_both_2_and_3_with_dataset_expressions to None, run_after=None
[2025-07-04T06:15:07.666+0000] {logging_mixin.py:188} INFO - [2025-07-04T06:15:07.666+0000] {dag.py:3954} INFO - Setting next_dagrun for dataset_consumes_1 to None, run_after=None
[2025-07-04T06:15:07.670+0000] {logging_mixin.py:188} INFO - [2025-07-04T06:15:07.669+0000] {dag.py:3954} INFO - Setting next_dagrun for dataset_consumes_1_and_2 to None, run_after=None
[2025-07-04T06:15:07.673+0000] {logging_mixin.py:188} INFO - [2025-07-04T06:15:07.672+0000] {dag.py:3954} INFO - Setting next_dagrun for dataset_consumes_1_never_scheduled to None, run_after=None
[2025-07-04T06:15:07.674+0000] {logging_mixin.py:188} INFO - [2025-07-04T06:15:07.674+0000] {dag.py:3954} INFO - Setting next_dagrun for dataset_consumes_unknown_never_scheduled to None, run_after=None
[2025-07-04T06:15:07.678+0000] {logging_mixin.py:188} INFO - [2025-07-04T06:15:07.678+0000] {dag.py:3954} INFO - Setting next_dagrun for dataset_produces_1 to 2025-07-03 00:00:00+00:00, run_after=2025-07-04 00:00:00+00:00
[2025-07-04T06:15:07.680+0000] {logging_mixin.py:188} INFO - [2025-07-04T06:15:07.680+0000] {dag.py:3954} INFO - Setting next_dagrun for dataset_produces_2 to None, run_after=None
[2025-07-04T06:15:07.731+0000] {processor.py:183} INFO - Processing /home/airflow/.local/lib/python3.12/site-packages/airflow/example_dags/example_datasets.py took 0.212 seconds
[2025-07-04T06:15:38.030+0000] {processor.py:161} INFO - Started process (PID=241) to work on /home/airflow/.local/lib/python3.12/site-packages/airflow/example_dags/example_datasets.py
[2025-07-04T06:15:38.030+0000] {processor.py:830} INFO - Processing file /home/airflow/.local/lib/python3.12/site-packages/airflow/example_dags/example_datasets.py for tasks to queue
[2025-07-04T06:15:38.032+0000] {logging_mixin.py:188} INFO - [2025-07-04T06:15:38.031+0000] {dagbag.py:545} INFO - Filling up the DagBag from /home/airflow/.local/lib/python3.12/site-packages/airflow/example_dags/example_datasets.py
[2025-07-04T06:15:38.044+0000] {processor.py:840} INFO - DAG(s) 'dataset_consumes_1_and_2', 'consume_1_and_2_with_dataset_expressions', 'consume_1_or_2_with_dataset_expressions', 'dataset_consumes_1_never_scheduled', 'dataset_produces_2', 'conditional_dataset_and_time_based_timetable', 'dataset_consumes_1', 'dataset_produces_1', 'dataset_consumes_unknown_never_scheduled', 'consume_1_or_both_2_and_3_with_dataset_expressions' retrieved from /home/airflow/.local/lib/python3.12/site-packages/airflow/example_dags/example_datasets.py
[2025-07-04T06:15:38.094+0000] {logging_mixin.py:188} INFO - [2025-07-04T06:15:38.094+0000] {dag.py:3096} INFO - Sync 10 DAGs
[2025-07-04T06:15:38.123+0000] {logging_mixin.py:188} INFO - [2025-07-04T06:15:38.123+0000] {dag.py:3954} INFO - Setting next_dagrun for conditional_dataset_and_time_based_timetable to 2025-07-02 01:00:00+00:00, run_after=2025-07-02 01:00:00+00:00
[2025-07-04T06:15:38.128+0000] {logging_mixin.py:188} INFO - [2025-07-04T06:15:38.128+0000] {dag.py:3954} INFO - Setting next_dagrun for consume_1_and_2_with_dataset_expressions to None, run_after=None
[2025-07-04T06:15:38.130+0000] {logging_mixin.py:188} INFO - [2025-07-04T06:15:38.130+0000] {dag.py:3954} INFO - Setting next_dagrun for consume_1_or_2_with_dataset_expressions to None, run_after=None
[2025-07-04T06:15:38.132+0000] {logging_mixin.py:188} INFO - [2025-07-04T06:15:38.132+0000] {dag.py:3954} INFO - Setting next_dagrun for consume_1_or_both_2_and_3_with_dataset_expressions to None, run_after=None
[2025-07-04T06:15:38.134+0000] {logging_mixin.py:188} INFO - [2025-07-04T06:15:38.134+0000] {dag.py:3954} INFO - Setting next_dagrun for dataset_consumes_1 to None, run_after=None
[2025-07-04T06:15:38.136+0000] {logging_mixin.py:188} INFO - [2025-07-04T06:15:38.136+0000] {dag.py:3954} INFO - Setting next_dagrun for dataset_consumes_1_and_2 to None, run_after=None
[2025-07-04T06:15:38.137+0000] {logging_mixin.py:188} INFO - [2025-07-04T06:15:38.137+0000] {dag.py:3954} INFO - Setting next_dagrun for dataset_consumes_1_never_scheduled to None, run_after=None
[2025-07-04T06:15:38.139+0000] {logging_mixin.py:188} INFO - [2025-07-04T06:15:38.139+0000] {dag.py:3954} INFO - Setting next_dagrun for dataset_consumes_unknown_never_scheduled to None, run_after=None
[2025-07-04T06:15:38.142+0000] {logging_mixin.py:188} INFO - [2025-07-04T06:15:38.142+0000] {dag.py:3954} INFO - Setting next_dagrun for dataset_produces_1 to 2025-07-03 00:00:00+00:00, run_after=2025-07-04 00:00:00+00:00
[2025-07-04T06:15:38.143+0000] {logging_mixin.py:188} INFO - [2025-07-04T06:15:38.143+0000] {dag.py:3954} INFO - Setting next_dagrun for dataset_produces_2 to None, run_after=None
[2025-07-04T06:15:38.180+0000] {processor.py:183} INFO - Processing /home/airflow/.local/lib/python3.12/site-packages/airflow/example_dags/example_datasets.py took 0.156 seconds
[2025-07-04T06:16:08.557+0000] {processor.py:161} INFO - Started process (PID=301) to work on /home/airflow/.local/lib/python3.12/site-packages/airflow/example_dags/example_datasets.py
[2025-07-04T06:16:08.558+0000] {processor.py:830} INFO - Processing file /home/airflow/.local/lib/python3.12/site-packages/airflow/example_dags/example_datasets.py for tasks to queue
[2025-07-04T06:16:08.559+0000] {logging_mixin.py:188} INFO - [2025-07-04T06:16:08.559+0000] {dagbag.py:545} INFO - Filling up the DagBag from /home/airflow/.local/lib/python3.12/site-packages/airflow/example_dags/example_datasets.py
[2025-07-04T06:16:08.572+0000] {processor.py:840} INFO - DAG(s) 'dataset_consumes_1_never_scheduled', 'dataset_produces_2', 'dataset_consumes_1_and_2', 'consume_1_or_2_with_dataset_expressions', 'dataset_consumes_1', 'dataset_consumes_unknown_never_scheduled', 'consume_1_or_both_2_and_3_with_dataset_expressions', 'dataset_produces_1', 'conditional_dataset_and_time_based_timetable', 'consume_1_and_2_with_dataset_expressions' retrieved from /home/airflow/.local/lib/python3.12/site-packages/airflow/example_dags/example_datasets.py
[2025-07-04T06:16:08.617+0000] {logging_mixin.py:188} INFO - [2025-07-04T06:16:08.617+0000] {dag.py:3096} INFO - Sync 10 DAGs
[2025-07-04T06:16:08.644+0000] {logging_mixin.py:188} INFO - [2025-07-04T06:16:08.643+0000] {dag.py:3954} INFO - Setting next_dagrun for conditional_dataset_and_time_based_timetable to 2025-07-02 01:00:00+00:00, run_after=2025-07-02 01:00:00+00:00
[2025-07-04T06:16:08.648+0000] {logging_mixin.py:188} INFO - [2025-07-04T06:16:08.648+0000] {dag.py:3954} INFO - Setting next_dagrun for consume_1_and_2_with_dataset_expressions to None, run_after=None
[2025-07-04T06:16:08.650+0000] {logging_mixin.py:188} INFO - [2025-07-04T06:16:08.649+0000] {dag.py:3954} INFO - Setting next_dagrun for consume_1_or_2_with_dataset_expressions to None, run_after=None
[2025-07-04T06:16:08.651+0000] {logging_mixin.py:188} INFO - [2025-07-04T06:16:08.651+0000] {dag.py:3954} INFO - Setting next_dagrun for consume_1_or_both_2_and_3_with_dataset_expressions to None, run_after=None
[2025-07-04T06:16:08.653+0000] {logging_mixin.py:188} INFO - [2025-07-04T06:16:08.652+0000] {dag.py:3954} INFO - Setting next_dagrun for dataset_consumes_1 to None, run_after=None
[2025-07-04T06:16:08.654+0000] {logging_mixin.py:188} INFO - [2025-07-04T06:16:08.654+0000] {dag.py:3954} INFO - Setting next_dagrun for dataset_consumes_1_and_2 to None, run_after=None
[2025-07-04T06:16:08.655+0000] {logging_mixin.py:188} INFO - [2025-07-04T06:16:08.655+0000] {dag.py:3954} INFO - Setting next_dagrun for dataset_consumes_1_never_scheduled to None, run_after=None
[2025-07-04T06:16:08.656+0000] {logging_mixin.py:188} INFO - [2025-07-04T06:16:08.656+0000] {dag.py:3954} INFO - Setting next_dagrun for dataset_consumes_unknown_never_scheduled to None, run_after=None
[2025-07-04T06:16:08.659+0000] {logging_mixin.py:188} INFO - [2025-07-04T06:16:08.659+0000] {dag.py:3954} INFO - Setting next_dagrun for dataset_produces_1 to 2025-07-03 00:00:00+00:00, run_after=2025-07-04 00:00:00+00:00
[2025-07-04T06:16:08.660+0000] {logging_mixin.py:188} INFO - [2025-07-04T06:16:08.660+0000] {dag.py:3954} INFO - Setting next_dagrun for dataset_produces_2 to None, run_after=None
[2025-07-04T06:16:08.693+0000] {processor.py:183} INFO - Processing /home/airflow/.local/lib/python3.12/site-packages/airflow/example_dags/example_datasets.py took 0.140 seconds
[2025-07-04T06:16:38.806+0000] {processor.py:161} INFO - Started process (PID=361) to work on /home/airflow/.local/lib/python3.12/site-packages/airflow/example_dags/example_datasets.py
[2025-07-04T06:16:38.807+0000] {processor.py:830} INFO - Processing file /home/airflow/.local/lib/python3.12/site-packages/airflow/example_dags/example_datasets.py for tasks to queue
[2025-07-04T06:16:38.809+0000] {logging_mixin.py:188} INFO - [2025-07-04T06:16:38.808+0000] {dagbag.py:545} INFO - Filling up the DagBag from /home/airflow/.local/lib/python3.12/site-packages/airflow/example_dags/example_datasets.py
[2025-07-04T06:16:38.820+0000] {processor.py:840} INFO - DAG(s) 'consume_1_and_2_with_dataset_expressions', 'consume_1_or_2_with_dataset_expressions', 'dataset_produces_1', 'dataset_produces_2', 'dataset_consumes_1_and_2', 'dataset_consumes_1_never_scheduled', 'dataset_consumes_1', 'conditional_dataset_and_time_based_timetable', 'consume_1_or_both_2_and_3_with_dataset_expressions', 'dataset_consumes_unknown_never_scheduled' retrieved from /home/airflow/.local/lib/python3.12/site-packages/airflow/example_dags/example_datasets.py
[2025-07-04T06:16:38.863+0000] {logging_mixin.py:188} INFO - [2025-07-04T06:16:38.863+0000] {dag.py:3096} INFO - Sync 10 DAGs
[2025-07-04T06:16:38.888+0000] {logging_mixin.py:188} INFO - [2025-07-04T06:16:38.888+0000] {dag.py:3954} INFO - Setting next_dagrun for conditional_dataset_and_time_based_timetable to 2025-07-02 01:00:00+00:00, run_after=2025-07-02 01:00:00+00:00
[2025-07-04T06:16:38.892+0000] {logging_mixin.py:188} INFO - [2025-07-04T06:16:38.892+0000] {dag.py:3954} INFO - Setting next_dagrun for consume_1_and_2_with_dataset_expressions to None, run_after=None
[2025-07-04T06:16:38.894+0000] {logging_mixin.py:188} INFO - [2025-07-04T06:16:38.894+0000] {dag.py:3954} INFO - Setting next_dagrun for consume_1_or_2_with_dataset_expressions to None, run_after=None
[2025-07-04T06:16:38.895+0000] {logging_mixin.py:188} INFO - [2025-07-04T06:16:38.895+0000] {dag.py:3954} INFO - Setting next_dagrun for consume_1_or_both_2_and_3_with_dataset_expressions to None, run_after=None
[2025-07-04T06:16:38.897+0000] {logging_mixin.py:188} INFO - [2025-07-04T06:16:38.896+0000] {dag.py:3954} INFO - Setting next_dagrun for dataset_consumes_1 to None, run_after=None
[2025-07-04T06:16:38.898+0000] {logging_mixin.py:188} INFO - [2025-07-04T06:16:38.898+0000] {dag.py:3954} INFO - Setting next_dagrun for dataset_consumes_1_and_2 to None, run_after=None
[2025-07-04T06:16:38.899+0000] {logging_mixin.py:188} INFO - [2025-07-04T06:16:38.899+0000] {dag.py:3954} INFO - Setting next_dagrun for dataset_consumes_1_never_scheduled to None, run_after=None
[2025-07-04T06:16:38.900+0000] {logging_mixin.py:188} INFO - [2025-07-04T06:16:38.900+0000] {dag.py:3954} INFO - Setting next_dagrun for dataset_consumes_unknown_never_scheduled to None, run_after=None
[2025-07-04T06:16:38.903+0000] {logging_mixin.py:188} INFO - [2025-07-04T06:16:38.903+0000] {dag.py:3954} INFO - Setting next_dagrun for dataset_produces_1 to 2025-07-03 00:00:00+00:00, run_after=2025-07-04 00:00:00+00:00
[2025-07-04T06:16:38.905+0000] {logging_mixin.py:188} INFO - [2025-07-04T06:16:38.905+0000] {dag.py:3954} INFO - Setting next_dagrun for dataset_produces_2 to None, run_after=None
[2025-07-04T06:16:38.937+0000] {processor.py:183} INFO - Processing /home/airflow/.local/lib/python3.12/site-packages/airflow/example_dags/example_datasets.py took 0.135 seconds
[2025-07-04T06:17:09.123+0000] {processor.py:161} INFO - Started process (PID=421) to work on /home/airflow/.local/lib/python3.12/site-packages/airflow/example_dags/example_datasets.py
[2025-07-04T06:17:09.124+0000] {processor.py:830} INFO - Processing file /home/airflow/.local/lib/python3.12/site-packages/airflow/example_dags/example_datasets.py for tasks to queue
[2025-07-04T06:17:09.126+0000] {logging_mixin.py:188} INFO - [2025-07-04T06:17:09.125+0000] {dagbag.py:545} INFO - Filling up the DagBag from /home/airflow/.local/lib/python3.12/site-packages/airflow/example_dags/example_datasets.py
[2025-07-04T06:17:09.139+0000] {processor.py:840} INFO - DAG(s) 'dataset_consumes_unknown_never_scheduled', 'consume_1_or_2_with_dataset_expressions', 'consume_1_or_both_2_and_3_with_dataset_expressions', 'dataset_consumes_1_never_scheduled', 'dataset_consumes_1_and_2', 'dataset_consumes_1', 'dataset_produces_2', 'dataset_produces_1', 'conditional_dataset_and_time_based_timetable', 'consume_1_and_2_with_dataset_expressions' retrieved from /home/airflow/.local/lib/python3.12/site-packages/airflow/example_dags/example_datasets.py
[2025-07-04T06:17:09.187+0000] {logging_mixin.py:188} INFO - [2025-07-04T06:17:09.187+0000] {dag.py:3096} INFO - Sync 10 DAGs
[2025-07-04T06:17:09.212+0000] {logging_mixin.py:188} INFO - [2025-07-04T06:17:09.212+0000] {dag.py:3954} INFO - Setting next_dagrun for conditional_dataset_and_time_based_timetable to 2025-07-02 01:00:00+00:00, run_after=2025-07-02 01:00:00+00:00
[2025-07-04T06:17:09.218+0000] {logging_mixin.py:188} INFO - [2025-07-04T06:17:09.218+0000] {dag.py:3954} INFO - Setting next_dagrun for consume_1_and_2_with_dataset_expressions to None, run_after=None
[2025-07-04T06:17:09.220+0000] {logging_mixin.py:188} INFO - [2025-07-04T06:17:09.219+0000] {dag.py:3954} INFO - Setting next_dagrun for consume_1_or_2_with_dataset_expressions to None, run_after=None
[2025-07-04T06:17:09.221+0000] {logging_mixin.py:188} INFO - [2025-07-04T06:17:09.221+0000] {dag.py:3954} INFO - Setting next_dagrun for consume_1_or_both_2_and_3_with_dataset_expressions to None, run_after=None
[2025-07-04T06:17:09.223+0000] {logging_mixin.py:188} INFO - [2025-07-04T06:17:09.223+0000] {dag.py:3954} INFO - Setting next_dagrun for dataset_consumes_1 to None, run_after=None
[2025-07-04T06:17:09.225+0000] {logging_mixin.py:188} INFO - [2025-07-04T06:17:09.224+0000] {dag.py:3954} INFO - Setting next_dagrun for dataset_consumes_1_and_2 to None, run_after=None
[2025-07-04T06:17:09.226+0000] {logging_mixin.py:188} INFO - [2025-07-04T06:17:09.226+0000] {dag.py:3954} INFO - Setting next_dagrun for dataset_consumes_1_never_scheduled to None, run_after=None
[2025-07-04T06:17:09.227+0000] {logging_mixin.py:188} INFO - [2025-07-04T06:17:09.227+0000] {dag.py:3954} INFO - Setting next_dagrun for dataset_consumes_unknown_never_scheduled to None, run_after=None
[2025-07-04T06:17:09.230+0000] {logging_mixin.py:188} INFO - [2025-07-04T06:17:09.230+0000] {dag.py:3954} INFO - Setting next_dagrun for dataset_produces_1 to 2025-07-03 00:00:00+00:00, run_after=2025-07-04 00:00:00+00:00
[2025-07-04T06:17:09.232+0000] {logging_mixin.py:188} INFO - [2025-07-04T06:17:09.232+0000] {dag.py:3954} INFO - Setting next_dagrun for dataset_produces_2 to None, run_after=None
[2025-07-04T06:17:09.266+0000] {processor.py:183} INFO - Processing /home/airflow/.local/lib/python3.12/site-packages/airflow/example_dags/example_datasets.py took 0.147 seconds
[2025-07-04T06:17:39.344+0000] {processor.py:161} INFO - Started process (PID=481) to work on /home/airflow/.local/lib/python3.12/site-packages/airflow/example_dags/example_datasets.py
[2025-07-04T06:17:39.344+0000] {processor.py:830} INFO - Processing file /home/airflow/.local/lib/python3.12/site-packages/airflow/example_dags/example_datasets.py for tasks to queue
[2025-07-04T06:17:39.346+0000] {logging_mixin.py:188} INFO - [2025-07-04T06:17:39.346+0000] {dagbag.py:545} INFO - Filling up the DagBag from /home/airflow/.local/lib/python3.12/site-packages/airflow/example_dags/example_datasets.py
[2025-07-04T06:17:39.360+0000] {processor.py:840} INFO - DAG(s) 'consume_1_or_both_2_and_3_with_dataset_expressions', 'conditional_dataset_and_time_based_timetable', 'dataset_produces_2', 'dataset_consumes_1', 'dataset_consumes_1_never_scheduled', 'dataset_consumes_unknown_never_scheduled', 'dataset_consumes_1_and_2', 'consume_1_and_2_with_dataset_expressions', 'consume_1_or_2_with_dataset_expressions', 'dataset_produces_1' retrieved from /home/airflow/.local/lib/python3.12/site-packages/airflow/example_dags/example_datasets.py
[2025-07-04T06:17:39.413+0000] {logging_mixin.py:188} INFO - [2025-07-04T06:17:39.413+0000] {dag.py:3096} INFO - Sync 10 DAGs
[2025-07-04T06:17:39.439+0000] {logging_mixin.py:188} INFO - [2025-07-04T06:17:39.438+0000] {dag.py:3954} INFO - Setting next_dagrun for conditional_dataset_and_time_based_timetable to 2025-07-02 01:00:00+00:00, run_after=2025-07-02 01:00:00+00:00
[2025-07-04T06:17:39.443+0000] {logging_mixin.py:188} INFO - [2025-07-04T06:17:39.443+0000] {dag.py:3954} INFO - Setting next_dagrun for consume_1_and_2_with_dataset_expressions to None, run_after=None
[2025-07-04T06:17:39.444+0000] {logging_mixin.py:188} INFO - [2025-07-04T06:17:39.444+0000] {dag.py:3954} INFO - Setting next_dagrun for consume_1_or_2_with_dataset_expressions to None, run_after=None
[2025-07-04T06:17:39.446+0000] {logging_mixin.py:188} INFO - [2025-07-04T06:17:39.445+0000] {dag.py:3954} INFO - Setting next_dagrun for consume_1_or_both_2_and_3_with_dataset_expressions to None, run_after=None
[2025-07-04T06:17:39.447+0000] {logging_mixin.py:188} INFO - [2025-07-04T06:17:39.446+0000] {dag.py:3954} INFO - Setting next_dagrun for dataset_consumes_1 to None, run_after=None
[2025-07-04T06:17:39.448+0000] {logging_mixin.py:188} INFO - [2025-07-04T06:17:39.448+0000] {dag.py:3954} INFO - Setting next_dagrun for dataset_consumes_1_and_2 to None, run_after=None
[2025-07-04T06:17:39.449+0000] {logging_mixin.py:188} INFO - [2025-07-04T06:17:39.449+0000] {dag.py:3954} INFO - Setting next_dagrun for dataset_consumes_1_never_scheduled to None, run_after=None
[2025-07-04T06:17:39.450+0000] {logging_mixin.py:188} INFO - [2025-07-04T06:17:39.450+0000] {dag.py:3954} INFO - Setting next_dagrun for dataset_consumes_unknown_never_scheduled to None, run_after=None
[2025-07-04T06:17:39.453+0000] {logging_mixin.py:188} INFO - [2025-07-04T06:17:39.452+0000] {dag.py:3954} INFO - Setting next_dagrun for dataset_produces_1 to 2025-07-03 00:00:00+00:00, run_after=2025-07-04 00:00:00+00:00
[2025-07-04T06:17:39.454+0000] {logging_mixin.py:188} INFO - [2025-07-04T06:17:39.454+0000] {dag.py:3954} INFO - Setting next_dagrun for dataset_produces_2 to None, run_after=None
[2025-07-04T06:17:39.487+0000] {processor.py:183} INFO - Processing /home/airflow/.local/lib/python3.12/site-packages/airflow/example_dags/example_datasets.py took 0.149 seconds
[2025-07-04T06:18:09.601+0000] {processor.py:161} INFO - Started process (PID=541) to work on /home/airflow/.local/lib/python3.12/site-packages/airflow/example_dags/example_datasets.py
[2025-07-04T06:18:09.601+0000] {processor.py:830} INFO - Processing file /home/airflow/.local/lib/python3.12/site-packages/airflow/example_dags/example_datasets.py for tasks to queue
[2025-07-04T06:18:09.603+0000] {logging_mixin.py:188} INFO - [2025-07-04T06:18:09.603+0000] {dagbag.py:545} INFO - Filling up the DagBag from /home/airflow/.local/lib/python3.12/site-packages/airflow/example_dags/example_datasets.py
[2025-07-04T06:18:09.616+0000] {processor.py:840} INFO - DAG(s) 'dataset_consumes_1_never_scheduled', 'consume_1_or_both_2_and_3_with_dataset_expressions', 'dataset_consumes_unknown_never_scheduled', 'dataset_consumes_1', 'consume_1_and_2_with_dataset_expressions', 'consume_1_or_2_with_dataset_expressions', 'dataset_produces_1', 'conditional_dataset_and_time_based_timetable', 'dataset_produces_2', 'dataset_consumes_1_and_2' retrieved from /home/airflow/.local/lib/python3.12/site-packages/airflow/example_dags/example_datasets.py
[2025-07-04T06:18:09.659+0000] {logging_mixin.py:188} INFO - [2025-07-04T06:18:09.658+0000] {dag.py:3096} INFO - Sync 10 DAGs
[2025-07-04T06:18:09.681+0000] {logging_mixin.py:188} INFO - [2025-07-04T06:18:09.681+0000] {dag.py:3954} INFO - Setting next_dagrun for conditional_dataset_and_time_based_timetable to 2025-07-02 01:00:00+00:00, run_after=2025-07-02 01:00:00+00:00
[2025-07-04T06:18:09.685+0000] {logging_mixin.py:188} INFO - [2025-07-04T06:18:09.685+0000] {dag.py:3954} INFO - Setting next_dagrun for consume_1_and_2_with_dataset_expressions to None, run_after=None
[2025-07-04T06:18:09.687+0000] {logging_mixin.py:188} INFO - [2025-07-04T06:18:09.687+0000] {dag.py:3954} INFO - Setting next_dagrun for consume_1_or_2_with_dataset_expressions to None, run_after=None
[2025-07-04T06:18:09.688+0000] {logging_mixin.py:188} INFO - [2025-07-04T06:18:09.688+0000] {dag.py:3954} INFO - Setting next_dagrun for consume_1_or_both_2_and_3_with_dataset_expressions to None, run_after=None
[2025-07-04T06:18:09.690+0000] {logging_mixin.py:188} INFO - [2025-07-04T06:18:09.690+0000] {dag.py:3954} INFO - Setting next_dagrun for dataset_consumes_1 to None, run_after=None
[2025-07-04T06:18:09.691+0000] {logging_mixin.py:188} INFO - [2025-07-04T06:18:09.691+0000] {dag.py:3954} INFO - Setting next_dagrun for dataset_consumes_1_and_2 to None, run_after=None
[2025-07-04T06:18:09.692+0000] {logging_mixin.py:188} INFO - [2025-07-04T06:18:09.692+0000] {dag.py:3954} INFO - Setting next_dagrun for dataset_consumes_1_never_scheduled to None, run_after=None
[2025-07-04T06:18:09.693+0000] {logging_mixin.py:188} INFO - [2025-07-04T06:18:09.693+0000] {dag.py:3954} INFO - Setting next_dagrun for dataset_consumes_unknown_never_scheduled to None, run_after=None
[2025-07-04T06:18:09.696+0000] {logging_mixin.py:188} INFO - [2025-07-04T06:18:09.695+0000] {dag.py:3954} INFO - Setting next_dagrun for dataset_produces_1 to 2025-07-03 00:00:00+00:00, run_after=2025-07-04 00:00:00+00:00
[2025-07-04T06:18:09.697+0000] {logging_mixin.py:188} INFO - [2025-07-04T06:18:09.697+0000] {dag.py:3954} INFO - Setting next_dagrun for dataset_produces_2 to None, run_after=None
[2025-07-04T06:18:09.728+0000] {processor.py:183} INFO - Processing /home/airflow/.local/lib/python3.12/site-packages/airflow/example_dags/example_datasets.py took 0.132 seconds
[2025-07-04T06:18:40.058+0000] {processor.py:161} INFO - Started process (PID=601) to work on /home/airflow/.local/lib/python3.12/site-packages/airflow/example_dags/example_datasets.py
[2025-07-04T06:18:40.059+0000] {processor.py:830} INFO - Processing file /home/airflow/.local/lib/python3.12/site-packages/airflow/example_dags/example_datasets.py for tasks to queue
[2025-07-04T06:18:40.063+0000] {logging_mixin.py:188} INFO - [2025-07-04T06:18:40.062+0000] {dagbag.py:545} INFO - Filling up the DagBag from /home/airflow/.local/lib/python3.12/site-packages/airflow/example_dags/example_datasets.py
[2025-07-04T06:18:40.082+0000] {processor.py:840} INFO - DAG(s) 'dataset_consumes_1_and_2', 'consume_1_or_2_with_dataset_expressions', 'consume_1_and_2_with_dataset_expressions', 'dataset_consumes_1_never_scheduled', 'dataset_consumes_1', 'dataset_produces_2', 'dataset_consumes_unknown_never_scheduled', 'consume_1_or_both_2_and_3_with_dataset_expressions', 'conditional_dataset_and_time_based_timetable', 'dataset_produces_1' retrieved from /home/airflow/.local/lib/python3.12/site-packages/airflow/example_dags/example_datasets.py
[2025-07-04T06:18:40.140+0000] {logging_mixin.py:188} INFO - [2025-07-04T06:18:40.140+0000] {dag.py:3096} INFO - Sync 10 DAGs
[2025-07-04T06:18:40.170+0000] {logging_mixin.py:188} INFO - [2025-07-04T06:18:40.170+0000] {dag.py:3954} INFO - Setting next_dagrun for conditional_dataset_and_time_based_timetable to 2025-07-02 01:00:00+00:00, run_after=2025-07-02 01:00:00+00:00
[2025-07-04T06:18:40.175+0000] {logging_mixin.py:188} INFO - [2025-07-04T06:18:40.175+0000] {dag.py:3954} INFO - Setting next_dagrun for consume_1_and_2_with_dataset_expressions to None, run_after=None
[2025-07-04T06:18:40.178+0000] {logging_mixin.py:188} INFO - [2025-07-04T06:18:40.178+0000] {dag.py:3954} INFO - Setting next_dagrun for consume_1_or_2_with_dataset_expressions to None, run_after=None
[2025-07-04T06:18:40.180+0000] {logging_mixin.py:188} INFO - [2025-07-04T06:18:40.180+0000] {dag.py:3954} INFO - Setting next_dagrun for consume_1_or_both_2_and_3_with_dataset_expressions to None, run_after=None
[2025-07-04T06:18:40.182+0000] {logging_mixin.py:188} INFO - [2025-07-04T06:18:40.182+0000] {dag.py:3954} INFO - Setting next_dagrun for dataset_consumes_1 to None, run_after=None
[2025-07-04T06:18:40.183+0000] {logging_mixin.py:188} INFO - [2025-07-04T06:18:40.183+0000] {dag.py:3954} INFO - Setting next_dagrun for dataset_consumes_1_and_2 to None, run_after=None
[2025-07-04T06:18:40.185+0000] {logging_mixin.py:188} INFO - [2025-07-04T06:18:40.185+0000] {dag.py:3954} INFO - Setting next_dagrun for dataset_consumes_1_never_scheduled to None, run_after=None
[2025-07-04T06:18:40.186+0000] {logging_mixin.py:188} INFO - [2025-07-04T06:18:40.186+0000] {dag.py:3954} INFO - Setting next_dagrun for dataset_consumes_unknown_never_scheduled to None, run_after=None
[2025-07-04T06:18:40.189+0000] {logging_mixin.py:188} INFO - [2025-07-04T06:18:40.189+0000] {dag.py:3954} INFO - Setting next_dagrun for dataset_produces_1 to 2025-07-03 00:00:00+00:00, run_after=2025-07-04 00:00:00+00:00
[2025-07-04T06:18:40.191+0000] {logging_mixin.py:188} INFO - [2025-07-04T06:18:40.191+0000] {dag.py:3954} INFO - Setting next_dagrun for dataset_produces_2 to None, run_after=None
[2025-07-04T06:18:40.235+0000] {processor.py:183} INFO - Processing /home/airflow/.local/lib/python3.12/site-packages/airflow/example_dags/example_datasets.py took 0.184 seconds
[2025-07-04T06:19:10.496+0000] {processor.py:161} INFO - Started process (PID=667) to work on /home/airflow/.local/lib/python3.12/site-packages/airflow/example_dags/example_datasets.py
[2025-07-04T06:19:10.497+0000] {processor.py:830} INFO - Processing file /home/airflow/.local/lib/python3.12/site-packages/airflow/example_dags/example_datasets.py for tasks to queue
[2025-07-04T06:19:10.498+0000] {logging_mixin.py:188} INFO - [2025-07-04T06:19:10.498+0000] {dagbag.py:545} INFO - Filling up the DagBag from /home/airflow/.local/lib/python3.12/site-packages/airflow/example_dags/example_datasets.py
[2025-07-04T06:19:10.511+0000] {processor.py:840} INFO - DAG(s) 'dataset_consumes_1_and_2', 'dataset_produces_2', 'consume_1_and_2_with_dataset_expressions', 'dataset_produces_1', 'dataset_consumes_1', 'consume_1_or_2_with_dataset_expressions', 'consume_1_or_both_2_and_3_with_dataset_expressions', 'dataset_consumes_1_never_scheduled', 'conditional_dataset_and_time_based_timetable', 'dataset_consumes_unknown_never_scheduled' retrieved from /home/airflow/.local/lib/python3.12/site-packages/airflow/example_dags/example_datasets.py
[2025-07-04T06:19:10.559+0000] {logging_mixin.py:188} INFO - [2025-07-04T06:19:10.559+0000] {dag.py:3096} INFO - Sync 10 DAGs
[2025-07-04T06:19:10.584+0000] {logging_mixin.py:188} INFO - [2025-07-04T06:19:10.584+0000] {dag.py:3954} INFO - Setting next_dagrun for conditional_dataset_and_time_based_timetable to 2025-07-02 01:00:00+00:00, run_after=2025-07-02 01:00:00+00:00
[2025-07-04T06:19:10.589+0000] {logging_mixin.py:188} INFO - [2025-07-04T06:19:10.589+0000] {dag.py:3954} INFO - Setting next_dagrun for consume_1_and_2_with_dataset_expressions to None, run_after=None
[2025-07-04T06:19:10.591+0000] {logging_mixin.py:188} INFO - [2025-07-04T06:19:10.591+0000] {dag.py:3954} INFO - Setting next_dagrun for consume_1_or_2_with_dataset_expressions to None, run_after=None
[2025-07-04T06:19:10.593+0000] {logging_mixin.py:188} INFO - [2025-07-04T06:19:10.593+0000] {dag.py:3954} INFO - Setting next_dagrun for consume_1_or_both_2_and_3_with_dataset_expressions to None, run_after=None
[2025-07-04T06:19:10.595+0000] {logging_mixin.py:188} INFO - [2025-07-04T06:19:10.594+0000] {dag.py:3954} INFO - Setting next_dagrun for dataset_consumes_1 to None, run_after=None
[2025-07-04T06:19:10.596+0000] {logging_mixin.py:188} INFO - [2025-07-04T06:19:10.596+0000] {dag.py:3954} INFO - Setting next_dagrun for dataset_consumes_1_and_2 to None, run_after=None
[2025-07-04T06:19:10.598+0000] {logging_mixin.py:188} INFO - [2025-07-04T06:19:10.598+0000] {dag.py:3954} INFO - Setting next_dagrun for dataset_consumes_1_never_scheduled to None, run_after=None
[2025-07-04T06:19:10.600+0000] {logging_mixin.py:188} INFO - [2025-07-04T06:19:10.600+0000] {dag.py:3954} INFO - Setting next_dagrun for dataset_consumes_unknown_never_scheduled to None, run_after=None
[2025-07-04T06:19:10.603+0000] {logging_mixin.py:188} INFO - [2025-07-04T06:19:10.603+0000] {dag.py:3954} INFO - Setting next_dagrun for dataset_produces_1 to 2025-07-03 00:00:00+00:00, run_after=2025-07-04 00:00:00+00:00
[2025-07-04T06:19:10.604+0000] {logging_mixin.py:188} INFO - [2025-07-04T06:19:10.604+0000] {dag.py:3954} INFO - Setting next_dagrun for dataset_produces_2 to None, run_after=None
[2025-07-04T06:19:10.644+0000] {processor.py:183} INFO - Processing /home/airflow/.local/lib/python3.12/site-packages/airflow/example_dags/example_datasets.py took 0.153 seconds
[2025-07-04T06:19:40.800+0000] {processor.py:161} INFO - Started process (PID=727) to work on /home/airflow/.local/lib/python3.12/site-packages/airflow/example_dags/example_datasets.py
[2025-07-04T06:19:40.801+0000] {processor.py:830} INFO - Processing file /home/airflow/.local/lib/python3.12/site-packages/airflow/example_dags/example_datasets.py for tasks to queue
[2025-07-04T06:19:40.803+0000] {logging_mixin.py:188} INFO - [2025-07-04T06:19:40.802+0000] {dagbag.py:545} INFO - Filling up the DagBag from /home/airflow/.local/lib/python3.12/site-packages/airflow/example_dags/example_datasets.py
[2025-07-04T06:19:40.817+0000] {processor.py:840} INFO - DAG(s) 'consume_1_and_2_with_dataset_expressions', 'dataset_consumes_1_and_2', 'dataset_consumes_unknown_never_scheduled', 'dataset_consumes_1_never_scheduled', 'dataset_produces_2', 'conditional_dataset_and_time_based_timetable', 'dataset_consumes_1', 'consume_1_or_both_2_and_3_with_dataset_expressions', 'dataset_produces_1', 'consume_1_or_2_with_dataset_expressions' retrieved from /home/airflow/.local/lib/python3.12/site-packages/airflow/example_dags/example_datasets.py
[2025-07-04T06:19:40.866+0000] {logging_mixin.py:188} INFO - [2025-07-04T06:19:40.865+0000] {dag.py:3096} INFO - Sync 10 DAGs
[2025-07-04T06:19:40.892+0000] {logging_mixin.py:188} INFO - [2025-07-04T06:19:40.891+0000] {dag.py:3954} INFO - Setting next_dagrun for conditional_dataset_and_time_based_timetable to 2025-07-02 01:00:00+00:00, run_after=2025-07-02 01:00:00+00:00
[2025-07-04T06:19:40.896+0000] {logging_mixin.py:188} INFO - [2025-07-04T06:19:40.896+0000] {dag.py:3954} INFO - Setting next_dagrun for consume_1_and_2_with_dataset_expressions to None, run_after=None
[2025-07-04T06:19:40.897+0000] {logging_mixin.py:188} INFO - [2025-07-04T06:19:40.897+0000] {dag.py:3954} INFO - Setting next_dagrun for consume_1_or_2_with_dataset_expressions to None, run_after=None
[2025-07-04T06:19:40.899+0000] {logging_mixin.py:188} INFO - [2025-07-04T06:19:40.898+0000] {dag.py:3954} INFO - Setting next_dagrun for consume_1_or_both_2_and_3_with_dataset_expressions to None, run_after=None
[2025-07-04T06:19:40.900+0000] {logging_mixin.py:188} INFO - [2025-07-04T06:19:40.900+0000] {dag.py:3954} INFO - Setting next_dagrun for dataset_consumes_1 to None, run_after=None
[2025-07-04T06:19:40.901+0000] {logging_mixin.py:188} INFO - [2025-07-04T06:19:40.901+0000] {dag.py:3954} INFO - Setting next_dagrun for dataset_consumes_1_and_2 to None, run_after=None
[2025-07-04T06:19:40.902+0000] {logging_mixin.py:188} INFO - [2025-07-04T06:19:40.902+0000] {dag.py:3954} INFO - Setting next_dagrun for dataset_consumes_1_never_scheduled to None, run_after=None
[2025-07-04T06:19:40.904+0000] {logging_mixin.py:188} INFO - [2025-07-04T06:19:40.903+0000] {dag.py:3954} INFO - Setting next_dagrun for dataset_consumes_unknown_never_scheduled to None, run_after=None
[2025-07-04T06:19:40.906+0000] {logging_mixin.py:188} INFO - [2025-07-04T06:19:40.906+0000] {dag.py:3954} INFO - Setting next_dagrun for dataset_produces_1 to 2025-07-03 00:00:00+00:00, run_after=2025-07-04 00:00:00+00:00
[2025-07-04T06:19:40.907+0000] {logging_mixin.py:188} INFO - [2025-07-04T06:19:40.907+0000] {dag.py:3954} INFO - Setting next_dagrun for dataset_produces_2 to None, run_after=None
[2025-07-04T06:19:40.940+0000] {processor.py:183} INFO - Processing /home/airflow/.local/lib/python3.12/site-packages/airflow/example_dags/example_datasets.py took 0.146 seconds
[2025-07-04T06:20:11.323+0000] {processor.py:161} INFO - Started process (PID=787) to work on /home/airflow/.local/lib/python3.12/site-packages/airflow/example_dags/example_datasets.py
[2025-07-04T06:20:11.323+0000] {processor.py:830} INFO - Processing file /home/airflow/.local/lib/python3.12/site-packages/airflow/example_dags/example_datasets.py for tasks to queue
[2025-07-04T06:20:11.325+0000] {logging_mixin.py:188} INFO - [2025-07-04T06:20:11.324+0000] {dagbag.py:545} INFO - Filling up the DagBag from /home/airflow/.local/lib/python3.12/site-packages/airflow/example_dags/example_datasets.py
[2025-07-04T06:20:11.336+0000] {processor.py:840} INFO - DAG(s) 'conditional_dataset_and_time_based_timetable', 'dataset_consumes_1_never_scheduled', 'dataset_consumes_1', 'consume_1_and_2_with_dataset_expressions', 'dataset_produces_2', 'dataset_consumes_1_and_2', 'dataset_consumes_unknown_never_scheduled', 'dataset_produces_1', 'consume_1_or_both_2_and_3_with_dataset_expressions', 'consume_1_or_2_with_dataset_expressions' retrieved from /home/airflow/.local/lib/python3.12/site-packages/airflow/example_dags/example_datasets.py
[2025-07-04T06:20:11.379+0000] {logging_mixin.py:188} INFO - [2025-07-04T06:20:11.378+0000] {dag.py:3096} INFO - Sync 10 DAGs
[2025-07-04T06:20:11.401+0000] {logging_mixin.py:188} INFO - [2025-07-04T06:20:11.401+0000] {dag.py:3954} INFO - Setting next_dagrun for conditional_dataset_and_time_based_timetable to 2025-07-02 01:00:00+00:00, run_after=2025-07-02 01:00:00+00:00
[2025-07-04T06:20:11.405+0000] {logging_mixin.py:188} INFO - [2025-07-04T06:20:11.405+0000] {dag.py:3954} INFO - Setting next_dagrun for consume_1_and_2_with_dataset_expressions to None, run_after=None
[2025-07-04T06:20:11.407+0000] {logging_mixin.py:188} INFO - [2025-07-04T06:20:11.407+0000] {dag.py:3954} INFO - Setting next_dagrun for consume_1_or_2_with_dataset_expressions to None, run_after=None
[2025-07-04T06:20:11.409+0000] {logging_mixin.py:188} INFO - [2025-07-04T06:20:11.408+0000] {dag.py:3954} INFO - Setting next_dagrun for consume_1_or_both_2_and_3_with_dataset_expressions to None, run_after=None
[2025-07-04T06:20:11.410+0000] {logging_mixin.py:188} INFO - [2025-07-04T06:20:11.410+0000] {dag.py:3954} INFO - Setting next_dagrun for dataset_consumes_1 to None, run_after=None
[2025-07-04T06:20:11.411+0000] {logging_mixin.py:188} INFO - [2025-07-04T06:20:11.411+0000] {dag.py:3954} INFO - Setting next_dagrun for dataset_consumes_1_and_2 to None, run_after=None
[2025-07-04T06:20:11.412+0000] {logging_mixin.py:188} INFO - [2025-07-04T06:20:11.412+0000] {dag.py:3954} INFO - Setting next_dagrun for dataset_consumes_1_never_scheduled to None, run_after=None
[2025-07-04T06:20:11.414+0000] {logging_mixin.py:188} INFO - [2025-07-04T06:20:11.413+0000] {dag.py:3954} INFO - Setting next_dagrun for dataset_consumes_unknown_never_scheduled to None, run_after=None
[2025-07-04T06:20:11.416+0000] {logging_mixin.py:188} INFO - [2025-07-04T06:20:11.416+0000] {dag.py:3954} INFO - Setting next_dagrun for dataset_produces_1 to 2025-07-03 00:00:00+00:00, run_after=2025-07-04 00:00:00+00:00
[2025-07-04T06:20:11.417+0000] {logging_mixin.py:188} INFO - [2025-07-04T06:20:11.417+0000] {dag.py:3954} INFO - Setting next_dagrun for dataset_produces_2 to None, run_after=None
[2025-07-04T06:20:11.448+0000] {processor.py:183} INFO - Processing /home/airflow/.local/lib/python3.12/site-packages/airflow/example_dags/example_datasets.py took 0.130 seconds
[2025-07-04T06:20:41.879+0000] {processor.py:161} INFO - Started process (PID=847) to work on /home/airflow/.local/lib/python3.12/site-packages/airflow/example_dags/example_datasets.py
[2025-07-04T06:20:41.884+0000] {processor.py:830} INFO - Processing file /home/airflow/.local/lib/python3.12/site-packages/airflow/example_dags/example_datasets.py for tasks to queue
[2025-07-04T06:20:41.891+0000] {logging_mixin.py:188} INFO - [2025-07-04T06:20:41.890+0000] {dagbag.py:545} INFO - Filling up the DagBag from /home/airflow/.local/lib/python3.12/site-packages/airflow/example_dags/example_datasets.py
[2025-07-04T06:20:41.943+0000] {processor.py:840} INFO - DAG(s) 'consume_1_or_both_2_and_3_with_dataset_expressions', 'consume_1_and_2_with_dataset_expressions', 'conditional_dataset_and_time_based_timetable', 'dataset_produces_1', 'consume_1_or_2_with_dataset_expressions', 'dataset_produces_2', 'dataset_consumes_1_never_scheduled', 'dataset_consumes_1_and_2', 'dataset_consumes_unknown_never_scheduled', 'dataset_consumes_1' retrieved from /home/airflow/.local/lib/python3.12/site-packages/airflow/example_dags/example_datasets.py
[2025-07-04T06:20:42.078+0000] {logging_mixin.py:188} INFO - [2025-07-04T06:20:42.078+0000] {dag.py:3096} INFO - Sync 10 DAGs
[2025-07-04T06:20:42.151+0000] {logging_mixin.py:188} INFO - [2025-07-04T06:20:42.151+0000] {dag.py:3954} INFO - Setting next_dagrun for conditional_dataset_and_time_based_timetable to 2025-07-02 01:00:00+00:00, run_after=2025-07-02 01:00:00+00:00
[2025-07-04T06:20:42.165+0000] {logging_mixin.py:188} INFO - [2025-07-04T06:20:42.164+0000] {dag.py:3954} INFO - Setting next_dagrun for consume_1_and_2_with_dataset_expressions to None, run_after=None
[2025-07-04T06:20:42.170+0000] {logging_mixin.py:188} INFO - [2025-07-04T06:20:42.169+0000] {dag.py:3954} INFO - Setting next_dagrun for consume_1_or_2_with_dataset_expressions to None, run_after=None
[2025-07-04T06:20:42.174+0000] {logging_mixin.py:188} INFO - [2025-07-04T06:20:42.173+0000] {dag.py:3954} INFO - Setting next_dagrun for consume_1_or_both_2_and_3_with_dataset_expressions to None, run_after=None
[2025-07-04T06:20:42.184+0000] {logging_mixin.py:188} INFO - [2025-07-04T06:20:42.183+0000] {dag.py:3954} INFO - Setting next_dagrun for dataset_consumes_1 to None, run_after=None
[2025-07-04T06:20:42.189+0000] {logging_mixin.py:188} INFO - [2025-07-04T06:20:42.189+0000] {dag.py:3954} INFO - Setting next_dagrun for dataset_consumes_1_and_2 to None, run_after=None
[2025-07-04T06:20:42.193+0000] {logging_mixin.py:188} INFO - [2025-07-04T06:20:42.193+0000] {dag.py:3954} INFO - Setting next_dagrun for dataset_consumes_1_never_scheduled to None, run_after=None
[2025-07-04T06:20:42.205+0000] {logging_mixin.py:188} INFO - [2025-07-04T06:20:42.205+0000] {dag.py:3954} INFO - Setting next_dagrun for dataset_consumes_unknown_never_scheduled to None, run_after=None
[2025-07-04T06:20:42.213+0000] {logging_mixin.py:188} INFO - [2025-07-04T06:20:42.213+0000] {dag.py:3954} INFO - Setting next_dagrun for dataset_produces_1 to 2025-07-03 00:00:00+00:00, run_after=2025-07-04 00:00:00+00:00
[2025-07-04T06:20:42.217+0000] {logging_mixin.py:188} INFO - [2025-07-04T06:20:42.217+0000] {dag.py:3954} INFO - Setting next_dagrun for dataset_produces_2 to None, run_after=None
[2025-07-04T06:20:42.358+0000] {processor.py:183} INFO - Processing /home/airflow/.local/lib/python3.12/site-packages/airflow/example_dags/example_datasets.py took 0.496 seconds
