[2025-07-04T06:14:09.751+0000] {processor.py:161} INFO - Started process (PID=84) to work on /home/airflow/.local/lib/python3.12/site-packages/airflow/example_dags/example_short_circuit_operator.py
[2025-07-04T06:14:09.753+0000] {processor.py:830} INFO - Processing file /home/airflow/.local/lib/python3.12/site-packages/airflow/example_dags/example_short_circuit_operator.py for tasks to queue
[2025-07-04T06:14:09.755+0000] {logging_mixin.py:188} INFO - [2025-07-04T06:14:09.755+0000] {dagbag.py:545} INFO - Filling up the DagBag from /home/airflow/.local/lib/python3.12/site-packages/airflow/example_dags/example_short_circuit_operator.py
[2025-07-04T06:14:09.770+0000] {processor.py:840} INFO - DAG(s) 'example_short_circuit_operator' retrieved from /home/airflow/.local/lib/python3.12/site-packages/airflow/example_dags/example_short_circuit_operator.py
[2025-07-04T06:14:09.948+0000] {logging_mixin.py:188} INFO - [2025-07-04T06:14:09.948+0000] {dag.py:3096} INFO - Sync 1 DAGs
[2025-07-04T06:14:09.975+0000] {logging_mixin.py:188} INFO - [2025-07-04T06:14:09.974+0000] {dag.py:3954} INFO - Setting next_dagrun for example_short_circuit_operator to 2025-07-03 00:00:00+00:00, run_after=2025-07-04 00:00:00+00:00
[2025-07-04T06:14:10.003+0000] {processor.py:183} INFO - Processing /home/airflow/.local/lib/python3.12/site-packages/airflow/example_dags/example_short_circuit_operator.py took 0.259 seconds
[2025-07-04T06:14:40.380+0000] {processor.py:161} INFO - Started process (PID=149) to work on /home/airflow/.local/lib/python3.12/site-packages/airflow/example_dags/example_short_circuit_operator.py
[2025-07-04T06:14:40.381+0000] {processor.py:830} INFO - Processing file /home/airflow/.local/lib/python3.12/site-packages/airflow/example_dags/example_short_circuit_operator.py for tasks to queue
[2025-07-04T06:14:40.383+0000] {logging_mixin.py:188} INFO - [2025-07-04T06:14:40.383+0000] {dagbag.py:545} INFO - Filling up the DagBag from /home/airflow/.local/lib/python3.12/site-packages/airflow/example_dags/example_short_circuit_operator.py
[2025-07-04T06:14:40.391+0000] {processor.py:840} INFO - DAG(s) 'example_short_circuit_operator' retrieved from /home/airflow/.local/lib/python3.12/site-packages/airflow/example_dags/example_short_circuit_operator.py
[2025-07-04T06:14:40.419+0000] {logging_mixin.py:188} INFO - [2025-07-04T06:14:40.419+0000] {dag.py:3096} INFO - Sync 1 DAGs
[2025-07-04T06:14:40.443+0000] {logging_mixin.py:188} INFO - [2025-07-04T06:14:40.443+0000] {dag.py:3954} INFO - Setting next_dagrun for example_short_circuit_operator to 2025-07-03 00:00:00+00:00, run_after=2025-07-04 00:00:00+00:00
[2025-07-04T06:14:40.464+0000] {processor.py:183} INFO - Processing /home/airflow/.local/lib/python3.12/site-packages/airflow/example_dags/example_short_circuit_operator.py took 0.090 seconds
[2025-07-04T06:15:10.506+0000] {processor.py:161} INFO - Started process (PID=209) to work on /home/airflow/.local/lib/python3.12/site-packages/airflow/example_dags/example_short_circuit_operator.py
[2025-07-04T06:15:10.507+0000] {processor.py:830} INFO - Processing file /home/airflow/.local/lib/python3.12/site-packages/airflow/example_dags/example_short_circuit_operator.py for tasks to queue
[2025-07-04T06:15:10.508+0000] {logging_mixin.py:188} INFO - [2025-07-04T06:15:10.508+0000] {dagbag.py:545} INFO - Filling up the DagBag from /home/airflow/.local/lib/python3.12/site-packages/airflow/example_dags/example_short_circuit_operator.py
[2025-07-04T06:15:10.516+0000] {processor.py:840} INFO - DAG(s) 'example_short_circuit_operator' retrieved from /home/airflow/.local/lib/python3.12/site-packages/airflow/example_dags/example_short_circuit_operator.py
[2025-07-04T06:15:10.540+0000] {logging_mixin.py:188} INFO - [2025-07-04T06:15:10.539+0000] {dag.py:3096} INFO - Sync 1 DAGs
[2025-07-04T06:15:10.564+0000] {logging_mixin.py:188} INFO - [2025-07-04T06:15:10.564+0000] {dag.py:3954} INFO - Setting next_dagrun for example_short_circuit_operator to 2025-07-03 00:00:00+00:00, run_after=2025-07-04 00:00:00+00:00
[2025-07-04T06:15:10.584+0000] {processor.py:183} INFO - Processing /home/airflow/.local/lib/python3.12/site-packages/airflow/example_dags/example_short_circuit_operator.py took 0.083 seconds
[2025-07-04T06:15:41.540+0000] {processor.py:161} INFO - Started process (PID=269) to work on /home/airflow/.local/lib/python3.12/site-packages/airflow/example_dags/example_short_circuit_operator.py
[2025-07-04T06:15:41.541+0000] {processor.py:830} INFO - Processing file /home/airflow/.local/lib/python3.12/site-packages/airflow/example_dags/example_short_circuit_operator.py for tasks to queue
[2025-07-04T06:15:41.542+0000] {logging_mixin.py:188} INFO - [2025-07-04T06:15:41.542+0000] {dagbag.py:545} INFO - Filling up the DagBag from /home/airflow/.local/lib/python3.12/site-packages/airflow/example_dags/example_short_circuit_operator.py
[2025-07-04T06:15:41.551+0000] {processor.py:840} INFO - DAG(s) 'example_short_circuit_operator' retrieved from /home/airflow/.local/lib/python3.12/site-packages/airflow/example_dags/example_short_circuit_operator.py
[2025-07-04T06:15:41.575+0000] {logging_mixin.py:188} INFO - [2025-07-04T06:15:41.575+0000] {dag.py:3096} INFO - Sync 1 DAGs
[2025-07-04T06:15:41.599+0000] {logging_mixin.py:188} INFO - [2025-07-04T06:15:41.599+0000] {dag.py:3954} INFO - Setting next_dagrun for example_short_circuit_operator to 2025-07-03 00:00:00+00:00, run_after=2025-07-04 00:00:00+00:00
[2025-07-04T06:15:41.619+0000] {processor.py:183} INFO - Processing /home/airflow/.local/lib/python3.12/site-packages/airflow/example_dags/example_short_circuit_operator.py took 0.085 seconds
[2025-07-04T06:16:11.983+0000] {processor.py:161} INFO - Started process (PID=329) to work on /home/airflow/.local/lib/python3.12/site-packages/airflow/example_dags/example_short_circuit_operator.py
[2025-07-04T06:16:11.984+0000] {processor.py:830} INFO - Processing file /home/airflow/.local/lib/python3.12/site-packages/airflow/example_dags/example_short_circuit_operator.py for tasks to queue
[2025-07-04T06:16:11.986+0000] {logging_mixin.py:188} INFO - [2025-07-04T06:16:11.985+0000] {dagbag.py:545} INFO - Filling up the DagBag from /home/airflow/.local/lib/python3.12/site-packages/airflow/example_dags/example_short_circuit_operator.py
[2025-07-04T06:16:11.993+0000] {processor.py:840} INFO - DAG(s) 'example_short_circuit_operator' retrieved from /home/airflow/.local/lib/python3.12/site-packages/airflow/example_dags/example_short_circuit_operator.py
[2025-07-04T06:16:12.016+0000] {logging_mixin.py:188} INFO - [2025-07-04T06:16:12.015+0000] {dag.py:3096} INFO - Sync 1 DAGs
[2025-07-04T06:16:12.038+0000] {logging_mixin.py:188} INFO - [2025-07-04T06:16:12.038+0000] {dag.py:3954} INFO - Setting next_dagrun for example_short_circuit_operator to 2025-07-03 00:00:00+00:00, run_after=2025-07-04 00:00:00+00:00
[2025-07-04T06:16:12.057+0000] {processor.py:183} INFO - Processing /home/airflow/.local/lib/python3.12/site-packages/airflow/example_dags/example_short_circuit_operator.py took 0.079 seconds
[2025-07-04T06:16:42.135+0000] {processor.py:161} INFO - Started process (PID=389) to work on /home/airflow/.local/lib/python3.12/site-packages/airflow/example_dags/example_short_circuit_operator.py
[2025-07-04T06:16:42.136+0000] {processor.py:830} INFO - Processing file /home/airflow/.local/lib/python3.12/site-packages/airflow/example_dags/example_short_circuit_operator.py for tasks to queue
[2025-07-04T06:16:42.137+0000] {logging_mixin.py:188} INFO - [2025-07-04T06:16:42.137+0000] {dagbag.py:545} INFO - Filling up the DagBag from /home/airflow/.local/lib/python3.12/site-packages/airflow/example_dags/example_short_circuit_operator.py
[2025-07-04T06:16:42.145+0000] {processor.py:840} INFO - DAG(s) 'example_short_circuit_operator' retrieved from /home/airflow/.local/lib/python3.12/site-packages/airflow/example_dags/example_short_circuit_operator.py
[2025-07-04T06:16:42.169+0000] {logging_mixin.py:188} INFO - [2025-07-04T06:16:42.169+0000] {dag.py:3096} INFO - Sync 1 DAGs
[2025-07-04T06:16:42.192+0000] {logging_mixin.py:188} INFO - [2025-07-04T06:16:42.192+0000] {dag.py:3954} INFO - Setting next_dagrun for example_short_circuit_operator to 2025-07-03 00:00:00+00:00, run_after=2025-07-04 00:00:00+00:00
[2025-07-04T06:16:42.214+0000] {processor.py:183} INFO - Processing /home/airflow/.local/lib/python3.12/site-packages/airflow/example_dags/example_short_circuit_operator.py took 0.084 seconds
[2025-07-04T06:17:12.328+0000] {processor.py:161} INFO - Started process (PID=447) to work on /home/airflow/.local/lib/python3.12/site-packages/airflow/example_dags/example_short_circuit_operator.py
[2025-07-04T06:17:12.329+0000] {processor.py:830} INFO - Processing file /home/airflow/.local/lib/python3.12/site-packages/airflow/example_dags/example_short_circuit_operator.py for tasks to queue
[2025-07-04T06:17:12.331+0000] {logging_mixin.py:188} INFO - [2025-07-04T06:17:12.330+0000] {dagbag.py:545} INFO - Filling up the DagBag from /home/airflow/.local/lib/python3.12/site-packages/airflow/example_dags/example_short_circuit_operator.py
[2025-07-04T06:17:12.337+0000] {processor.py:840} INFO - DAG(s) 'example_short_circuit_operator' retrieved from /home/airflow/.local/lib/python3.12/site-packages/airflow/example_dags/example_short_circuit_operator.py
[2025-07-04T06:17:12.361+0000] {logging_mixin.py:188} INFO - [2025-07-04T06:17:12.361+0000] {dag.py:3096} INFO - Sync 1 DAGs
[2025-07-04T06:17:12.387+0000] {logging_mixin.py:188} INFO - [2025-07-04T06:17:12.387+0000] {dag.py:3954} INFO - Setting next_dagrun for example_short_circuit_operator to 2025-07-03 00:00:00+00:00, run_after=2025-07-04 00:00:00+00:00
[2025-07-04T06:17:12.410+0000] {processor.py:183} INFO - Processing /home/airflow/.local/lib/python3.12/site-packages/airflow/example_dags/example_short_circuit_operator.py took 0.088 seconds
[2025-07-04T06:17:42.531+0000] {processor.py:161} INFO - Started process (PID=507) to work on /home/airflow/.local/lib/python3.12/site-packages/airflow/example_dags/example_short_circuit_operator.py
[2025-07-04T06:17:42.532+0000] {processor.py:830} INFO - Processing file /home/airflow/.local/lib/python3.12/site-packages/airflow/example_dags/example_short_circuit_operator.py for tasks to queue
[2025-07-04T06:17:42.534+0000] {logging_mixin.py:188} INFO - [2025-07-04T06:17:42.534+0000] {dagbag.py:545} INFO - Filling up the DagBag from /home/airflow/.local/lib/python3.12/site-packages/airflow/example_dags/example_short_circuit_operator.py
[2025-07-04T06:17:42.542+0000] {processor.py:840} INFO - DAG(s) 'example_short_circuit_operator' retrieved from /home/airflow/.local/lib/python3.12/site-packages/airflow/example_dags/example_short_circuit_operator.py
[2025-07-04T06:17:42.569+0000] {logging_mixin.py:188} INFO - [2025-07-04T06:17:42.569+0000] {dag.py:3096} INFO - Sync 1 DAGs
[2025-07-04T06:17:42.594+0000] {logging_mixin.py:188} INFO - [2025-07-04T06:17:42.594+0000] {dag.py:3954} INFO - Setting next_dagrun for example_short_circuit_operator to 2025-07-03 00:00:00+00:00, run_after=2025-07-04 00:00:00+00:00
[2025-07-04T06:17:42.614+0000] {processor.py:183} INFO - Processing /home/airflow/.local/lib/python3.12/site-packages/airflow/example_dags/example_short_circuit_operator.py took 0.089 seconds
[2025-07-04T06:18:12.660+0000] {processor.py:161} INFO - Started process (PID=567) to work on /home/airflow/.local/lib/python3.12/site-packages/airflow/example_dags/example_short_circuit_operator.py
[2025-07-04T06:18:12.661+0000] {processor.py:830} INFO - Processing file /home/airflow/.local/lib/python3.12/site-packages/airflow/example_dags/example_short_circuit_operator.py for tasks to queue
[2025-07-04T06:18:12.663+0000] {logging_mixin.py:188} INFO - [2025-07-04T06:18:12.663+0000] {dagbag.py:545} INFO - Filling up the DagBag from /home/airflow/.local/lib/python3.12/site-packages/airflow/example_dags/example_short_circuit_operator.py
[2025-07-04T06:18:12.669+0000] {processor.py:840} INFO - DAG(s) 'example_short_circuit_operator' retrieved from /home/airflow/.local/lib/python3.12/site-packages/airflow/example_dags/example_short_circuit_operator.py
[2025-07-04T06:18:12.692+0000] {logging_mixin.py:188} INFO - [2025-07-04T06:18:12.691+0000] {dag.py:3096} INFO - Sync 1 DAGs
[2025-07-04T06:18:12.714+0000] {logging_mixin.py:188} INFO - [2025-07-04T06:18:12.713+0000] {dag.py:3954} INFO - Setting next_dagrun for example_short_circuit_operator to 2025-07-03 00:00:00+00:00, run_after=2025-07-04 00:00:00+00:00
[2025-07-04T06:18:12.731+0000] {processor.py:183} INFO - Processing /home/airflow/.local/lib/python3.12/site-packages/airflow/example_dags/example_short_circuit_operator.py took 0.076 seconds
[2025-07-04T06:18:43.503+0000] {processor.py:161} INFO - Started process (PID=627) to work on /home/airflow/.local/lib/python3.12/site-packages/airflow/example_dags/example_short_circuit_operator.py
[2025-07-04T06:18:43.504+0000] {processor.py:830} INFO - Processing file /home/airflow/.local/lib/python3.12/site-packages/airflow/example_dags/example_short_circuit_operator.py for tasks to queue
[2025-07-04T06:18:43.507+0000] {logging_mixin.py:188} INFO - [2025-07-04T06:18:43.506+0000] {dagbag.py:545} INFO - Filling up the DagBag from /home/airflow/.local/lib/python3.12/site-packages/airflow/example_dags/example_short_circuit_operator.py
[2025-07-04T06:18:43.517+0000] {processor.py:840} INFO - DAG(s) 'example_short_circuit_operator' retrieved from /home/airflow/.local/lib/python3.12/site-packages/airflow/example_dags/example_short_circuit_operator.py
[2025-07-04T06:18:43.549+0000] {logging_mixin.py:188} INFO - [2025-07-04T06:18:43.549+0000] {dag.py:3096} INFO - Sync 1 DAGs
[2025-07-04T06:18:43.581+0000] {logging_mixin.py:188} INFO - [2025-07-04T06:18:43.581+0000] {dag.py:3954} INFO - Setting next_dagrun for example_short_circuit_operator to 2025-07-03 00:00:00+00:00, run_after=2025-07-04 00:00:00+00:00
[2025-07-04T06:18:43.607+0000] {processor.py:183} INFO - Processing /home/airflow/.local/lib/python3.12/site-packages/airflow/example_dags/example_short_circuit_operator.py took 0.112 seconds
[2025-07-04T06:19:13.658+0000] {processor.py:161} INFO - Started process (PID=687) to work on /home/airflow/.local/lib/python3.12/site-packages/airflow/example_dags/example_short_circuit_operator.py
[2025-07-04T06:19:13.660+0000] {processor.py:830} INFO - Processing file /home/airflow/.local/lib/python3.12/site-packages/airflow/example_dags/example_short_circuit_operator.py for tasks to queue
[2025-07-04T06:19:13.662+0000] {logging_mixin.py:188} INFO - [2025-07-04T06:19:13.661+0000] {dagbag.py:545} INFO - Filling up the DagBag from /home/airflow/.local/lib/python3.12/site-packages/airflow/example_dags/example_short_circuit_operator.py
[2025-07-04T06:19:13.668+0000] {processor.py:840} INFO - DAG(s) 'example_short_circuit_operator' retrieved from /home/airflow/.local/lib/python3.12/site-packages/airflow/example_dags/example_short_circuit_operator.py
[2025-07-04T06:19:13.692+0000] {logging_mixin.py:188} INFO - [2025-07-04T06:19:13.691+0000] {dag.py:3096} INFO - Sync 1 DAGs
[2025-07-04T06:19:13.714+0000] {logging_mixin.py:188} INFO - [2025-07-04T06:19:13.713+0000] {dag.py:3954} INFO - Setting next_dagrun for example_short_circuit_operator to 2025-07-03 00:00:00+00:00, run_after=2025-07-04 00:00:00+00:00
[2025-07-04T06:19:13.730+0000] {processor.py:183} INFO - Processing /home/airflow/.local/lib/python3.12/site-packages/airflow/example_dags/example_short_circuit_operator.py took 0.078 seconds
[2025-07-04T06:19:43.885+0000] {processor.py:161} INFO - Started process (PID=747) to work on /home/airflow/.local/lib/python3.12/site-packages/airflow/example_dags/example_short_circuit_operator.py
[2025-07-04T06:19:43.886+0000] {processor.py:830} INFO - Processing file /home/airflow/.local/lib/python3.12/site-packages/airflow/example_dags/example_short_circuit_operator.py for tasks to queue
[2025-07-04T06:19:43.887+0000] {logging_mixin.py:188} INFO - [2025-07-04T06:19:43.887+0000] {dagbag.py:545} INFO - Filling up the DagBag from /home/airflow/.local/lib/python3.12/site-packages/airflow/example_dags/example_short_circuit_operator.py
[2025-07-04T06:19:43.894+0000] {processor.py:840} INFO - DAG(s) 'example_short_circuit_operator' retrieved from /home/airflow/.local/lib/python3.12/site-packages/airflow/example_dags/example_short_circuit_operator.py
[2025-07-04T06:19:43.918+0000] {logging_mixin.py:188} INFO - [2025-07-04T06:19:43.918+0000] {dag.py:3096} INFO - Sync 1 DAGs
[2025-07-04T06:19:43.939+0000] {logging_mixin.py:188} INFO - [2025-07-04T06:19:43.939+0000] {dag.py:3954} INFO - Setting next_dagrun for example_short_circuit_operator to 2025-07-03 00:00:00+00:00, run_after=2025-07-04 00:00:00+00:00
[2025-07-04T06:19:43.956+0000] {processor.py:183} INFO - Processing /home/airflow/.local/lib/python3.12/site-packages/airflow/example_dags/example_short_circuit_operator.py took 0.077 seconds
[2025-07-04T06:20:14.450+0000] {processor.py:161} INFO - Started process (PID=807) to work on /home/airflow/.local/lib/python3.12/site-packages/airflow/example_dags/example_short_circuit_operator.py
[2025-07-04T06:20:14.451+0000] {processor.py:830} INFO - Processing file /home/airflow/.local/lib/python3.12/site-packages/airflow/example_dags/example_short_circuit_operator.py for tasks to queue
[2025-07-04T06:20:14.453+0000] {logging_mixin.py:188} INFO - [2025-07-04T06:20:14.453+0000] {dagbag.py:545} INFO - Filling up the DagBag from /home/airflow/.local/lib/python3.12/site-packages/airflow/example_dags/example_short_circuit_operator.py
[2025-07-04T06:20:14.460+0000] {processor.py:840} INFO - DAG(s) 'example_short_circuit_operator' retrieved from /home/airflow/.local/lib/python3.12/site-packages/airflow/example_dags/example_short_circuit_operator.py
[2025-07-04T06:20:14.485+0000] {logging_mixin.py:188} INFO - [2025-07-04T06:20:14.485+0000] {dag.py:3096} INFO - Sync 1 DAGs
[2025-07-04T06:20:14.510+0000] {logging_mixin.py:188} INFO - [2025-07-04T06:20:14.509+0000] {dag.py:3954} INFO - Setting next_dagrun for example_short_circuit_operator to 2025-07-03 00:00:00+00:00, run_after=2025-07-04 00:00:00+00:00
[2025-07-04T06:20:14.530+0000] {processor.py:183} INFO - Processing /home/airflow/.local/lib/python3.12/site-packages/airflow/example_dags/example_short_circuit_operator.py took 0.086 seconds
[2025-07-04T06:20:45.157+0000] {processor.py:161} INFO - Started process (PID=867) to work on /home/airflow/.local/lib/python3.12/site-packages/airflow/example_dags/example_short_circuit_operator.py
[2025-07-04T06:20:45.158+0000] {processor.py:830} INFO - Processing file /home/airflow/.local/lib/python3.12/site-packages/airflow/example_dags/example_short_circuit_operator.py for tasks to queue
[2025-07-04T06:20:45.160+0000] {logging_mixin.py:188} INFO - [2025-07-04T06:20:45.160+0000] {dagbag.py:545} INFO - Filling up the DagBag from /home/airflow/.local/lib/python3.12/site-packages/airflow/example_dags/example_short_circuit_operator.py
[2025-07-04T06:20:45.168+0000] {processor.py:840} INFO - DAG(s) 'example_short_circuit_operator' retrieved from /home/airflow/.local/lib/python3.12/site-packages/airflow/example_dags/example_short_circuit_operator.py
[2025-07-04T06:20:45.196+0000] {logging_mixin.py:188} INFO - [2025-07-04T06:20:45.195+0000] {dag.py:3096} INFO - Sync 1 DAGs
[2025-07-04T06:20:45.227+0000] {logging_mixin.py:188} INFO - [2025-07-04T06:20:45.227+0000] {dag.py:3954} INFO - Setting next_dagrun for example_short_circuit_operator to 2025-07-03 00:00:00+00:00, run_after=2025-07-04 00:00:00+00:00
[2025-07-04T06:20:45.260+0000] {processor.py:183} INFO - Processing /home/airflow/.local/lib/python3.12/site-packages/airflow/example_dags/example_short_circuit_operator.py took 0.112 seconds
