[2025-07-04T06:13:45.986+0000] {processor.py:161} INFO - Started process (PID=83) to work on /home/airflow/.local/lib/python3.12/site-packages/airflow/example_dags/example_nested_branch_dag.py
[2025-07-04T06:13:45.987+0000] {processor.py:830} INFO - Processing file /home/airflow/.local/lib/python3.12/site-packages/airflow/example_dags/example_nested_branch_dag.py for tasks to queue
[2025-07-04T06:13:45.990+0000] {logging_mixin.py:188} INFO - [2025-07-04T06:13:45.990+0000] {dagbag.py:545} INFO - Filling up the DagBag from /home/airflow/.local/lib/python3.12/site-packages/airflow/example_dags/example_nested_branch_dag.py
[2025-07-04T06:13:46.009+0000] {processor.py:840} INFO - DAG(s) 'example_nested_branch_dag' retrieved from /home/airflow/.local/lib/python3.12/site-packages/airflow/example_dags/example_nested_branch_dag.py
[2025-07-04T06:13:46.194+0000] {logging_mixin.py:188} INFO - [2025-07-04T06:13:46.194+0000] {dag.py:3096} INFO - Sync 1 DAGs
[2025-07-04T06:13:46.228+0000] {logging_mixin.py:188} INFO - [2025-07-04T06:13:46.227+0000] {dag.py:3954} INFO - Setting next_dagrun for example_nested_branch_dag to 2025-07-03 00:00:00+00:00, run_after=2025-07-04 00:00:00+00:00
[2025-07-04T06:13:46.258+0000] {processor.py:183} INFO - Processing /home/airflow/.local/lib/python3.12/site-packages/airflow/example_dags/example_nested_branch_dag.py took 0.280 seconds
[2025-07-04T06:14:06.981+0000] {processor.py:161} INFO - Started process (PID=66) to work on /home/airflow/.local/lib/python3.12/site-packages/airflow/example_dags/example_nested_branch_dag.py
[2025-07-04T06:14:06.982+0000] {processor.py:830} INFO - Processing file /home/airflow/.local/lib/python3.12/site-packages/airflow/example_dags/example_nested_branch_dag.py for tasks to queue
[2025-07-04T06:14:06.985+0000] {logging_mixin.py:188} INFO - [2025-07-04T06:14:06.984+0000] {dagbag.py:545} INFO - Filling up the DagBag from /home/airflow/.local/lib/python3.12/site-packages/airflow/example_dags/example_nested_branch_dag.py
[2025-07-04T06:14:07.001+0000] {processor.py:840} INFO - DAG(s) 'example_nested_branch_dag' retrieved from /home/airflow/.local/lib/python3.12/site-packages/airflow/example_dags/example_nested_branch_dag.py
[2025-07-04T06:14:07.016+0000] {logging_mixin.py:188} INFO - [2025-07-04T06:14:07.016+0000] {dag.py:3096} INFO - Sync 1 DAGs
[2025-07-04T06:14:07.050+0000] {logging_mixin.py:188} INFO - [2025-07-04T06:14:07.050+0000] {dag.py:3954} INFO - Setting next_dagrun for example_nested_branch_dag to 2025-07-03 00:00:00+00:00, run_after=2025-07-04 00:00:00+00:00
[2025-07-04T06:14:07.076+0000] {processor.py:183} INFO - Processing /home/airflow/.local/lib/python3.12/site-packages/airflow/example_dags/example_nested_branch_dag.py took 0.103 seconds
[2025-07-04T06:14:37.297+0000] {processor.py:161} INFO - Started process (PID=124) to work on /home/airflow/.local/lib/python3.12/site-packages/airflow/example_dags/example_nested_branch_dag.py
[2025-07-04T06:14:37.298+0000] {processor.py:830} INFO - Processing file /home/airflow/.local/lib/python3.12/site-packages/airflow/example_dags/example_nested_branch_dag.py for tasks to queue
[2025-07-04T06:14:37.301+0000] {logging_mixin.py:188} INFO - [2025-07-04T06:14:37.300+0000] {dagbag.py:545} INFO - Filling up the DagBag from /home/airflow/.local/lib/python3.12/site-packages/airflow/example_dags/example_nested_branch_dag.py
[2025-07-04T06:14:37.314+0000] {processor.py:840} INFO - DAG(s) 'example_nested_branch_dag' retrieved from /home/airflow/.local/lib/python3.12/site-packages/airflow/example_dags/example_nested_branch_dag.py
[2025-07-04T06:14:37.341+0000] {logging_mixin.py:188} INFO - [2025-07-04T06:14:37.341+0000] {dag.py:3096} INFO - Sync 1 DAGs
[2025-07-04T06:14:37.372+0000] {logging_mixin.py:188} INFO - [2025-07-04T06:14:37.372+0000] {dag.py:3954} INFO - Setting next_dagrun for example_nested_branch_dag to 2025-07-03 00:00:00+00:00, run_after=2025-07-04 00:00:00+00:00
[2025-07-04T06:14:37.395+0000] {processor.py:183} INFO - Processing /home/airflow/.local/lib/python3.12/site-packages/airflow/example_dags/example_nested_branch_dag.py took 0.104 seconds
[2025-07-04T06:15:07.830+0000] {processor.py:161} INFO - Started process (PID=184) to work on /home/airflow/.local/lib/python3.12/site-packages/airflow/example_dags/example_nested_branch_dag.py
[2025-07-04T06:15:07.831+0000] {processor.py:830} INFO - Processing file /home/airflow/.local/lib/python3.12/site-packages/airflow/example_dags/example_nested_branch_dag.py for tasks to queue
[2025-07-04T06:15:07.833+0000] {logging_mixin.py:188} INFO - [2025-07-04T06:15:07.833+0000] {dagbag.py:545} INFO - Filling up the DagBag from /home/airflow/.local/lib/python3.12/site-packages/airflow/example_dags/example_nested_branch_dag.py
[2025-07-04T06:15:07.846+0000] {processor.py:840} INFO - DAG(s) 'example_nested_branch_dag' retrieved from /home/airflow/.local/lib/python3.12/site-packages/airflow/example_dags/example_nested_branch_dag.py
[2025-07-04T06:15:07.876+0000] {logging_mixin.py:188} INFO - [2025-07-04T06:15:07.876+0000] {dag.py:3096} INFO - Sync 1 DAGs
[2025-07-04T06:15:07.912+0000] {logging_mixin.py:188} INFO - [2025-07-04T06:15:07.911+0000] {dag.py:3954} INFO - Setting next_dagrun for example_nested_branch_dag to 2025-07-03 00:00:00+00:00, run_after=2025-07-04 00:00:00+00:00
[2025-07-04T06:15:07.942+0000] {processor.py:183} INFO - Processing /home/airflow/.local/lib/python3.12/site-packages/airflow/example_dags/example_nested_branch_dag.py took 0.119 seconds
[2025-07-04T06:15:38.258+0000] {processor.py:161} INFO - Started process (PID=244) to work on /home/airflow/.local/lib/python3.12/site-packages/airflow/example_dags/example_nested_branch_dag.py
[2025-07-04T06:15:38.259+0000] {processor.py:830} INFO - Processing file /home/airflow/.local/lib/python3.12/site-packages/airflow/example_dags/example_nested_branch_dag.py for tasks to queue
[2025-07-04T06:15:38.261+0000] {logging_mixin.py:188} INFO - [2025-07-04T06:15:38.261+0000] {dagbag.py:545} INFO - Filling up the DagBag from /home/airflow/.local/lib/python3.12/site-packages/airflow/example_dags/example_nested_branch_dag.py
[2025-07-04T06:15:38.272+0000] {processor.py:840} INFO - DAG(s) 'example_nested_branch_dag' retrieved from /home/airflow/.local/lib/python3.12/site-packages/airflow/example_dags/example_nested_branch_dag.py
[2025-07-04T06:15:38.296+0000] {logging_mixin.py:188} INFO - [2025-07-04T06:15:38.296+0000] {dag.py:3096} INFO - Sync 1 DAGs
[2025-07-04T06:15:38.323+0000] {logging_mixin.py:188} INFO - [2025-07-04T06:15:38.323+0000] {dag.py:3954} INFO - Setting next_dagrun for example_nested_branch_dag to 2025-07-03 00:00:00+00:00, run_after=2025-07-04 00:00:00+00:00
[2025-07-04T06:15:38.347+0000] {processor.py:183} INFO - Processing /home/airflow/.local/lib/python3.12/site-packages/airflow/example_dags/example_nested_branch_dag.py took 0.095 seconds
[2025-07-04T06:16:08.769+0000] {processor.py:161} INFO - Started process (PID=304) to work on /home/airflow/.local/lib/python3.12/site-packages/airflow/example_dags/example_nested_branch_dag.py
[2025-07-04T06:16:08.770+0000] {processor.py:830} INFO - Processing file /home/airflow/.local/lib/python3.12/site-packages/airflow/example_dags/example_nested_branch_dag.py for tasks to queue
[2025-07-04T06:16:08.772+0000] {logging_mixin.py:188} INFO - [2025-07-04T06:16:08.771+0000] {dagbag.py:545} INFO - Filling up the DagBag from /home/airflow/.local/lib/python3.12/site-packages/airflow/example_dags/example_nested_branch_dag.py
[2025-07-04T06:16:08.781+0000] {processor.py:840} INFO - DAG(s) 'example_nested_branch_dag' retrieved from /home/airflow/.local/lib/python3.12/site-packages/airflow/example_dags/example_nested_branch_dag.py
[2025-07-04T06:16:08.803+0000] {logging_mixin.py:188} INFO - [2025-07-04T06:16:08.803+0000] {dag.py:3096} INFO - Sync 1 DAGs
[2025-07-04T06:16:08.825+0000] {logging_mixin.py:188} INFO - [2025-07-04T06:16:08.825+0000] {dag.py:3954} INFO - Setting next_dagrun for example_nested_branch_dag to 2025-07-03 00:00:00+00:00, run_after=2025-07-04 00:00:00+00:00
[2025-07-04T06:16:08.844+0000] {processor.py:183} INFO - Processing /home/airflow/.local/lib/python3.12/site-packages/airflow/example_dags/example_nested_branch_dag.py took 0.080 seconds
[2025-07-04T06:16:39.020+0000] {processor.py:161} INFO - Started process (PID=364) to work on /home/airflow/.local/lib/python3.12/site-packages/airflow/example_dags/example_nested_branch_dag.py
[2025-07-04T06:16:39.021+0000] {processor.py:830} INFO - Processing file /home/airflow/.local/lib/python3.12/site-packages/airflow/example_dags/example_nested_branch_dag.py for tasks to queue
[2025-07-04T06:16:39.023+0000] {logging_mixin.py:188} INFO - [2025-07-04T06:16:39.023+0000] {dagbag.py:545} INFO - Filling up the DagBag from /home/airflow/.local/lib/python3.12/site-packages/airflow/example_dags/example_nested_branch_dag.py
[2025-07-04T06:16:39.032+0000] {processor.py:840} INFO - DAG(s) 'example_nested_branch_dag' retrieved from /home/airflow/.local/lib/python3.12/site-packages/airflow/example_dags/example_nested_branch_dag.py
[2025-07-04T06:16:39.053+0000] {logging_mixin.py:188} INFO - [2025-07-04T06:16:39.053+0000] {dag.py:3096} INFO - Sync 1 DAGs
[2025-07-04T06:16:39.075+0000] {logging_mixin.py:188} INFO - [2025-07-04T06:16:39.075+0000] {dag.py:3954} INFO - Setting next_dagrun for example_nested_branch_dag to 2025-07-03 00:00:00+00:00, run_after=2025-07-04 00:00:00+00:00
[2025-07-04T06:16:39.093+0000] {processor.py:183} INFO - Processing /home/airflow/.local/lib/python3.12/site-packages/airflow/example_dags/example_nested_branch_dag.py took 0.078 seconds
[2025-07-04T06:17:09.343+0000] {processor.py:161} INFO - Started process (PID=424) to work on /home/airflow/.local/lib/python3.12/site-packages/airflow/example_dags/example_nested_branch_dag.py
[2025-07-04T06:17:09.344+0000] {processor.py:830} INFO - Processing file /home/airflow/.local/lib/python3.12/site-packages/airflow/example_dags/example_nested_branch_dag.py for tasks to queue
[2025-07-04T06:17:09.347+0000] {logging_mixin.py:188} INFO - [2025-07-04T06:17:09.346+0000] {dagbag.py:545} INFO - Filling up the DagBag from /home/airflow/.local/lib/python3.12/site-packages/airflow/example_dags/example_nested_branch_dag.py
[2025-07-04T06:17:09.360+0000] {processor.py:840} INFO - DAG(s) 'example_nested_branch_dag' retrieved from /home/airflow/.local/lib/python3.12/site-packages/airflow/example_dags/example_nested_branch_dag.py
[2025-07-04T06:17:09.385+0000] {logging_mixin.py:188} INFO - [2025-07-04T06:17:09.385+0000] {dag.py:3096} INFO - Sync 1 DAGs
[2025-07-04T06:17:09.424+0000] {logging_mixin.py:188} INFO - [2025-07-04T06:17:09.423+0000] {dag.py:3954} INFO - Setting next_dagrun for example_nested_branch_dag to 2025-07-03 00:00:00+00:00, run_after=2025-07-04 00:00:00+00:00
[2025-07-04T06:17:09.448+0000] {processor.py:183} INFO - Processing /home/airflow/.local/lib/python3.12/site-packages/airflow/example_dags/example_nested_branch_dag.py took 0.110 seconds
[2025-07-04T06:17:39.567+0000] {processor.py:161} INFO - Started process (PID=484) to work on /home/airflow/.local/lib/python3.12/site-packages/airflow/example_dags/example_nested_branch_dag.py
[2025-07-04T06:17:39.568+0000] {processor.py:830} INFO - Processing file /home/airflow/.local/lib/python3.12/site-packages/airflow/example_dags/example_nested_branch_dag.py for tasks to queue
[2025-07-04T06:17:39.570+0000] {logging_mixin.py:188} INFO - [2025-07-04T06:17:39.570+0000] {dagbag.py:545} INFO - Filling up the DagBag from /home/airflow/.local/lib/python3.12/site-packages/airflow/example_dags/example_nested_branch_dag.py
[2025-07-04T06:17:39.579+0000] {processor.py:840} INFO - DAG(s) 'example_nested_branch_dag' retrieved from /home/airflow/.local/lib/python3.12/site-packages/airflow/example_dags/example_nested_branch_dag.py
[2025-07-04T06:17:39.599+0000] {logging_mixin.py:188} INFO - [2025-07-04T06:17:39.599+0000] {dag.py:3096} INFO - Sync 1 DAGs
[2025-07-04T06:17:39.621+0000] {logging_mixin.py:188} INFO - [2025-07-04T06:17:39.621+0000] {dag.py:3954} INFO - Setting next_dagrun for example_nested_branch_dag to 2025-07-03 00:00:00+00:00, run_after=2025-07-04 00:00:00+00:00
[2025-07-04T06:17:39.637+0000] {processor.py:183} INFO - Processing /home/airflow/.local/lib/python3.12/site-packages/airflow/example_dags/example_nested_branch_dag.py took 0.075 seconds
[2025-07-04T06:18:09.804+0000] {processor.py:161} INFO - Started process (PID=544) to work on /home/airflow/.local/lib/python3.12/site-packages/airflow/example_dags/example_nested_branch_dag.py
[2025-07-04T06:18:09.805+0000] {processor.py:830} INFO - Processing file /home/airflow/.local/lib/python3.12/site-packages/airflow/example_dags/example_nested_branch_dag.py for tasks to queue
[2025-07-04T06:18:09.807+0000] {logging_mixin.py:188} INFO - [2025-07-04T06:18:09.806+0000] {dagbag.py:545} INFO - Filling up the DagBag from /home/airflow/.local/lib/python3.12/site-packages/airflow/example_dags/example_nested_branch_dag.py
[2025-07-04T06:18:09.816+0000] {processor.py:840} INFO - DAG(s) 'example_nested_branch_dag' retrieved from /home/airflow/.local/lib/python3.12/site-packages/airflow/example_dags/example_nested_branch_dag.py
[2025-07-04T06:18:09.836+0000] {logging_mixin.py:188} INFO - [2025-07-04T06:18:09.836+0000] {dag.py:3096} INFO - Sync 1 DAGs
[2025-07-04T06:18:09.858+0000] {logging_mixin.py:188} INFO - [2025-07-04T06:18:09.858+0000] {dag.py:3954} INFO - Setting next_dagrun for example_nested_branch_dag to 2025-07-03 00:00:00+00:00, run_after=2025-07-04 00:00:00+00:00
[2025-07-04T06:18:09.875+0000] {processor.py:183} INFO - Processing /home/airflow/.local/lib/python3.12/site-packages/airflow/example_dags/example_nested_branch_dag.py took 0.076 seconds
[2025-07-04T06:18:40.319+0000] {processor.py:161} INFO - Started process (PID=610) to work on /home/airflow/.local/lib/python3.12/site-packages/airflow/example_dags/example_nested_branch_dag.py
[2025-07-04T06:18:40.324+0000] {processor.py:830} INFO - Processing file /home/airflow/.local/lib/python3.12/site-packages/airflow/example_dags/example_nested_branch_dag.py for tasks to queue
[2025-07-04T06:18:40.329+0000] {logging_mixin.py:188} INFO - [2025-07-04T06:18:40.328+0000] {dagbag.py:545} INFO - Filling up the DagBag from /home/airflow/.local/lib/python3.12/site-packages/airflow/example_dags/example_nested_branch_dag.py
[2025-07-04T06:18:40.346+0000] {processor.py:840} INFO - DAG(s) 'example_nested_branch_dag' retrieved from /home/airflow/.local/lib/python3.12/site-packages/airflow/example_dags/example_nested_branch_dag.py
[2025-07-04T06:18:40.386+0000] {logging_mixin.py:188} INFO - [2025-07-04T06:18:40.386+0000] {dag.py:3096} INFO - Sync 1 DAGs
[2025-07-04T06:18:40.433+0000] {logging_mixin.py:188} INFO - [2025-07-04T06:18:40.432+0000] {dag.py:3954} INFO - Setting next_dagrun for example_nested_branch_dag to 2025-07-03 00:00:00+00:00, run_after=2025-07-04 00:00:00+00:00
[2025-07-04T06:18:40.467+0000] {processor.py:183} INFO - Processing /home/airflow/.local/lib/python3.12/site-packages/airflow/example_dags/example_nested_branch_dag.py took 0.159 seconds
[2025-07-04T06:19:10.730+0000] {processor.py:161} INFO - Started process (PID=670) to work on /home/airflow/.local/lib/python3.12/site-packages/airflow/example_dags/example_nested_branch_dag.py
[2025-07-04T06:19:10.731+0000] {processor.py:830} INFO - Processing file /home/airflow/.local/lib/python3.12/site-packages/airflow/example_dags/example_nested_branch_dag.py for tasks to queue
[2025-07-04T06:19:10.733+0000] {logging_mixin.py:188} INFO - [2025-07-04T06:19:10.733+0000] {dagbag.py:545} INFO - Filling up the DagBag from /home/airflow/.local/lib/python3.12/site-packages/airflow/example_dags/example_nested_branch_dag.py
[2025-07-04T06:19:10.744+0000] {processor.py:840} INFO - DAG(s) 'example_nested_branch_dag' retrieved from /home/airflow/.local/lib/python3.12/site-packages/airflow/example_dags/example_nested_branch_dag.py
[2025-07-04T06:19:10.768+0000] {logging_mixin.py:188} INFO - [2025-07-04T06:19:10.768+0000] {dag.py:3096} INFO - Sync 1 DAGs
[2025-07-04T06:19:10.792+0000] {logging_mixin.py:188} INFO - [2025-07-04T06:19:10.792+0000] {dag.py:3954} INFO - Setting next_dagrun for example_nested_branch_dag to 2025-07-03 00:00:00+00:00, run_after=2025-07-04 00:00:00+00:00
[2025-07-04T06:19:10.812+0000] {processor.py:183} INFO - Processing /home/airflow/.local/lib/python3.12/site-packages/airflow/example_dags/example_nested_branch_dag.py took 0.089 seconds
[2025-07-04T06:19:41.024+0000] {processor.py:161} INFO - Started process (PID=730) to work on /home/airflow/.local/lib/python3.12/site-packages/airflow/example_dags/example_nested_branch_dag.py
[2025-07-04T06:19:41.025+0000] {processor.py:830} INFO - Processing file /home/airflow/.local/lib/python3.12/site-packages/airflow/example_dags/example_nested_branch_dag.py for tasks to queue
[2025-07-04T06:19:41.026+0000] {logging_mixin.py:188} INFO - [2025-07-04T06:19:41.026+0000] {dagbag.py:545} INFO - Filling up the DagBag from /home/airflow/.local/lib/python3.12/site-packages/airflow/example_dags/example_nested_branch_dag.py
[2025-07-04T06:19:41.035+0000] {processor.py:840} INFO - DAG(s) 'example_nested_branch_dag' retrieved from /home/airflow/.local/lib/python3.12/site-packages/airflow/example_dags/example_nested_branch_dag.py
[2025-07-04T06:19:41.056+0000] {logging_mixin.py:188} INFO - [2025-07-04T06:19:41.056+0000] {dag.py:3096} INFO - Sync 1 DAGs
[2025-07-04T06:19:41.080+0000] {logging_mixin.py:188} INFO - [2025-07-04T06:19:41.080+0000] {dag.py:3954} INFO - Setting next_dagrun for example_nested_branch_dag to 2025-07-03 00:00:00+00:00, run_after=2025-07-04 00:00:00+00:00
[2025-07-04T06:19:41.098+0000] {processor.py:183} INFO - Processing /home/airflow/.local/lib/python3.12/site-packages/airflow/example_dags/example_nested_branch_dag.py took 0.079 seconds
[2025-07-04T06:20:11.525+0000] {processor.py:161} INFO - Started process (PID=790) to work on /home/airflow/.local/lib/python3.12/site-packages/airflow/example_dags/example_nested_branch_dag.py
[2025-07-04T06:20:11.526+0000] {processor.py:830} INFO - Processing file /home/airflow/.local/lib/python3.12/site-packages/airflow/example_dags/example_nested_branch_dag.py for tasks to queue
[2025-07-04T06:20:11.528+0000] {logging_mixin.py:188} INFO - [2025-07-04T06:20:11.527+0000] {dagbag.py:545} INFO - Filling up the DagBag from /home/airflow/.local/lib/python3.12/site-packages/airflow/example_dags/example_nested_branch_dag.py
[2025-07-04T06:20:11.537+0000] {processor.py:840} INFO - DAG(s) 'example_nested_branch_dag' retrieved from /home/airflow/.local/lib/python3.12/site-packages/airflow/example_dags/example_nested_branch_dag.py
[2025-07-04T06:20:11.558+0000] {logging_mixin.py:188} INFO - [2025-07-04T06:20:11.558+0000] {dag.py:3096} INFO - Sync 1 DAGs
[2025-07-04T06:20:11.580+0000] {logging_mixin.py:188} INFO - [2025-07-04T06:20:11.579+0000] {dag.py:3954} INFO - Setting next_dagrun for example_nested_branch_dag to 2025-07-03 00:00:00+00:00, run_after=2025-07-04 00:00:00+00:00
[2025-07-04T06:20:11.597+0000] {processor.py:183} INFO - Processing /home/airflow/.local/lib/python3.12/site-packages/airflow/example_dags/example_nested_branch_dag.py took 0.077 seconds
[2025-07-04T06:20:42.539+0000] {processor.py:161} INFO - Started process (PID=850) to work on /home/airflow/.local/lib/python3.12/site-packages/airflow/example_dags/example_nested_branch_dag.py
[2025-07-04T06:20:42.541+0000] {processor.py:830} INFO - Processing file /home/airflow/.local/lib/python3.12/site-packages/airflow/example_dags/example_nested_branch_dag.py for tasks to queue
[2025-07-04T06:20:42.547+0000] {logging_mixin.py:188} INFO - [2025-07-04T06:20:42.545+0000] {dagbag.py:545} INFO - Filling up the DagBag from /home/airflow/.local/lib/python3.12/site-packages/airflow/example_dags/example_nested_branch_dag.py
[2025-07-04T06:20:42.589+0000] {processor.py:840} INFO - DAG(s) 'example_nested_branch_dag' retrieved from /home/airflow/.local/lib/python3.12/site-packages/airflow/example_dags/example_nested_branch_dag.py
[2025-07-04T06:20:42.651+0000] {logging_mixin.py:188} INFO - [2025-07-04T06:20:42.650+0000] {dag.py:3096} INFO - Sync 1 DAGs
[2025-07-04T06:20:42.728+0000] {logging_mixin.py:188} INFO - [2025-07-04T06:20:42.727+0000] {dag.py:3954} INFO - Setting next_dagrun for example_nested_branch_dag to 2025-07-03 00:00:00+00:00, run_after=2025-07-04 00:00:00+00:00
[2025-07-04T06:20:42.799+0000] {processor.py:183} INFO - Processing /home/airflow/.local/lib/python3.12/site-packages/airflow/example_dags/example_nested_branch_dag.py took 0.279 seconds
