[2025-07-04T06:14:11.584+0000] {processor.py:161} INFO - Started process (PID=99) to work on /home/airflow/.local/lib/python3.12/site-packages/airflow/example_dags/example_branch_operator_decorator.py
[2025-07-04T06:14:11.586+0000] {processor.py:830} INFO - Processing file /home/airflow/.local/lib/python3.12/site-packages/airflow/example_dags/example_branch_operator_decorator.py for tasks to queue
[2025-07-04T06:14:11.588+0000] {logging_mixin.py:188} INFO - [2025-07-04T06:14:11.588+0000] {dagbag.py:545} INFO - Filling up the DagBag from /home/airflow/.local/lib/python3.12/site-packages/airflow/example_dags/example_branch_operator_decorator.py
[2025-07-04T06:14:11.620+0000] {processor.py:840} INFO - DAG(s) 'example_branch_python_operator_decorator' retrieved from /home/airflow/.local/lib/python3.12/site-packages/airflow/example_dags/example_branch_operator_decorator.py
[2025-07-04T06:14:11.793+0000] {logging_mixin.py:188} INFO - [2025-07-04T06:14:11.793+0000] {dag.py:3096} INFO - Sync 1 DAGs
[2025-07-04T06:14:11.828+0000] {logging_mixin.py:188} INFO - [2025-07-04T06:14:11.828+0000] {dag.py:3954} INFO - Setting next_dagrun for example_branch_python_operator_decorator to 2025-07-03 00:00:00+00:00, run_after=2025-07-04 00:00:00+00:00
[2025-07-04T06:14:11.860+0000] {processor.py:183} INFO - Processing /home/airflow/.local/lib/python3.12/site-packages/airflow/example_dags/example_branch_operator_decorator.py took 0.284 seconds
[2025-07-04T06:14:42.000+0000] {processor.py:161} INFO - Started process (PID=158) to work on /home/airflow/.local/lib/python3.12/site-packages/airflow/example_dags/example_branch_operator_decorator.py
[2025-07-04T06:14:42.001+0000] {processor.py:830} INFO - Processing file /home/airflow/.local/lib/python3.12/site-packages/airflow/example_dags/example_branch_operator_decorator.py for tasks to queue
[2025-07-04T06:14:42.004+0000] {logging_mixin.py:188} INFO - [2025-07-04T06:14:42.004+0000] {dagbag.py:545} INFO - Filling up the DagBag from /home/airflow/.local/lib/python3.12/site-packages/airflow/example_dags/example_branch_operator_decorator.py
[2025-07-04T06:14:42.036+0000] {processor.py:840} INFO - DAG(s) 'example_branch_python_operator_decorator' retrieved from /home/airflow/.local/lib/python3.12/site-packages/airflow/example_dags/example_branch_operator_decorator.py
[2025-07-04T06:14:42.088+0000] {logging_mixin.py:188} INFO - [2025-07-04T06:14:42.088+0000] {dag.py:3096} INFO - Sync 1 DAGs
[2025-07-04T06:14:42.138+0000] {logging_mixin.py:188} INFO - [2025-07-04T06:14:42.138+0000] {dag.py:3954} INFO - Setting next_dagrun for example_branch_python_operator_decorator to 2025-07-03 00:00:00+00:00, run_after=2025-07-04 00:00:00+00:00
[2025-07-04T06:14:42.175+0000] {processor.py:183} INFO - Processing /home/airflow/.local/lib/python3.12/site-packages/airflow/example_dags/example_branch_operator_decorator.py took 0.186 seconds
[2025-07-04T06:15:13.084+0000] {processor.py:161} INFO - Started process (PID=219) to work on /home/airflow/.local/lib/python3.12/site-packages/airflow/example_dags/example_branch_operator_decorator.py
[2025-07-04T06:15:13.085+0000] {processor.py:830} INFO - Processing file /home/airflow/.local/lib/python3.12/site-packages/airflow/example_dags/example_branch_operator_decorator.py for tasks to queue
[2025-07-04T06:15:13.087+0000] {logging_mixin.py:188} INFO - [2025-07-04T06:15:13.086+0000] {dagbag.py:545} INFO - Filling up the DagBag from /home/airflow/.local/lib/python3.12/site-packages/airflow/example_dags/example_branch_operator_decorator.py
[2025-07-04T06:15:13.111+0000] {processor.py:840} INFO - DAG(s) 'example_branch_python_operator_decorator' retrieved from /home/airflow/.local/lib/python3.12/site-packages/airflow/example_dags/example_branch_operator_decorator.py
[2025-07-04T06:15:13.145+0000] {logging_mixin.py:188} INFO - [2025-07-04T06:15:13.144+0000] {dag.py:3096} INFO - Sync 1 DAGs
[2025-07-04T06:15:13.173+0000] {logging_mixin.py:188} INFO - [2025-07-04T06:15:13.172+0000] {dag.py:3954} INFO - Setting next_dagrun for example_branch_python_operator_decorator to 2025-07-03 00:00:00+00:00, run_after=2025-07-04 00:00:00+00:00
[2025-07-04T06:15:13.194+0000] {processor.py:183} INFO - Processing /home/airflow/.local/lib/python3.12/site-packages/airflow/example_dags/example_branch_operator_decorator.py took 0.116 seconds
[2025-07-04T06:15:44.070+0000] {processor.py:161} INFO - Started process (PID=279) to work on /home/airflow/.local/lib/python3.12/site-packages/airflow/example_dags/example_branch_operator_decorator.py
[2025-07-04T06:15:44.071+0000] {processor.py:830} INFO - Processing file /home/airflow/.local/lib/python3.12/site-packages/airflow/example_dags/example_branch_operator_decorator.py for tasks to queue
[2025-07-04T06:15:44.073+0000] {logging_mixin.py:188} INFO - [2025-07-04T06:15:44.073+0000] {dagbag.py:545} INFO - Filling up the DagBag from /home/airflow/.local/lib/python3.12/site-packages/airflow/example_dags/example_branch_operator_decorator.py
[2025-07-04T06:15:44.097+0000] {processor.py:840} INFO - DAG(s) 'example_branch_python_operator_decorator' retrieved from /home/airflow/.local/lib/python3.12/site-packages/airflow/example_dags/example_branch_operator_decorator.py
[2025-07-04T06:15:44.130+0000] {logging_mixin.py:188} INFO - [2025-07-04T06:15:44.130+0000] {dag.py:3096} INFO - Sync 1 DAGs
[2025-07-04T06:15:44.154+0000] {logging_mixin.py:188} INFO - [2025-07-04T06:15:44.154+0000] {dag.py:3954} INFO - Setting next_dagrun for example_branch_python_operator_decorator to 2025-07-03 00:00:00+00:00, run_after=2025-07-04 00:00:00+00:00
[2025-07-04T06:15:44.174+0000] {processor.py:183} INFO - Processing /home/airflow/.local/lib/python3.12/site-packages/airflow/example_dags/example_branch_operator_decorator.py took 0.109 seconds
[2025-07-04T06:16:14.498+0000] {processor.py:161} INFO - Started process (PID=338) to work on /home/airflow/.local/lib/python3.12/site-packages/airflow/example_dags/example_branch_operator_decorator.py
[2025-07-04T06:16:14.499+0000] {processor.py:830} INFO - Processing file /home/airflow/.local/lib/python3.12/site-packages/airflow/example_dags/example_branch_operator_decorator.py for tasks to queue
[2025-07-04T06:16:14.500+0000] {logging_mixin.py:188} INFO - [2025-07-04T06:16:14.500+0000] {dagbag.py:545} INFO - Filling up the DagBag from /home/airflow/.local/lib/python3.12/site-packages/airflow/example_dags/example_branch_operator_decorator.py
[2025-07-04T06:16:14.520+0000] {processor.py:840} INFO - DAG(s) 'example_branch_python_operator_decorator' retrieved from /home/airflow/.local/lib/python3.12/site-packages/airflow/example_dags/example_branch_operator_decorator.py
[2025-07-04T06:16:14.548+0000] {logging_mixin.py:188} INFO - [2025-07-04T06:16:14.547+0000] {dag.py:3096} INFO - Sync 1 DAGs
[2025-07-04T06:16:14.571+0000] {logging_mixin.py:188} INFO - [2025-07-04T06:16:14.571+0000] {dag.py:3954} INFO - Setting next_dagrun for example_branch_python_operator_decorator to 2025-07-03 00:00:00+00:00, run_after=2025-07-04 00:00:00+00:00
[2025-07-04T06:16:14.589+0000] {processor.py:183} INFO - Processing /home/airflow/.local/lib/python3.12/site-packages/airflow/example_dags/example_branch_operator_decorator.py took 0.096 seconds
[2025-07-04T06:16:44.732+0000] {processor.py:161} INFO - Started process (PID=398) to work on /home/airflow/.local/lib/python3.12/site-packages/airflow/example_dags/example_branch_operator_decorator.py
[2025-07-04T06:16:44.733+0000] {processor.py:830} INFO - Processing file /home/airflow/.local/lib/python3.12/site-packages/airflow/example_dags/example_branch_operator_decorator.py for tasks to queue
[2025-07-04T06:16:44.734+0000] {logging_mixin.py:188} INFO - [2025-07-04T06:16:44.734+0000] {dagbag.py:545} INFO - Filling up the DagBag from /home/airflow/.local/lib/python3.12/site-packages/airflow/example_dags/example_branch_operator_decorator.py
[2025-07-04T06:16:44.752+0000] {processor.py:840} INFO - DAG(s) 'example_branch_python_operator_decorator' retrieved from /home/airflow/.local/lib/python3.12/site-packages/airflow/example_dags/example_branch_operator_decorator.py
[2025-07-04T06:16:44.780+0000] {logging_mixin.py:188} INFO - [2025-07-04T06:16:44.780+0000] {dag.py:3096} INFO - Sync 1 DAGs
[2025-07-04T06:16:44.804+0000] {logging_mixin.py:188} INFO - [2025-07-04T06:16:44.803+0000] {dag.py:3954} INFO - Setting next_dagrun for example_branch_python_operator_decorator to 2025-07-03 00:00:00+00:00, run_after=2025-07-04 00:00:00+00:00
[2025-07-04T06:16:44.820+0000] {processor.py:183} INFO - Processing /home/airflow/.local/lib/python3.12/site-packages/airflow/example_dags/example_branch_operator_decorator.py took 0.094 seconds
[2025-07-04T06:17:15.057+0000] {processor.py:161} INFO - Started process (PID=458) to work on /home/airflow/.local/lib/python3.12/site-packages/airflow/example_dags/example_branch_operator_decorator.py
[2025-07-04T06:17:15.058+0000] {processor.py:830} INFO - Processing file /home/airflow/.local/lib/python3.12/site-packages/airflow/example_dags/example_branch_operator_decorator.py for tasks to queue
[2025-07-04T06:17:15.060+0000] {logging_mixin.py:188} INFO - [2025-07-04T06:17:15.060+0000] {dagbag.py:545} INFO - Filling up the DagBag from /home/airflow/.local/lib/python3.12/site-packages/airflow/example_dags/example_branch_operator_decorator.py
[2025-07-04T06:17:15.080+0000] {processor.py:840} INFO - DAG(s) 'example_branch_python_operator_decorator' retrieved from /home/airflow/.local/lib/python3.12/site-packages/airflow/example_dags/example_branch_operator_decorator.py
[2025-07-04T06:17:15.106+0000] {logging_mixin.py:188} INFO - [2025-07-04T06:17:15.106+0000] {dag.py:3096} INFO - Sync 1 DAGs
[2025-07-04T06:17:15.129+0000] {logging_mixin.py:188} INFO - [2025-07-04T06:17:15.129+0000] {dag.py:3954} INFO - Setting next_dagrun for example_branch_python_operator_decorator to 2025-07-03 00:00:00+00:00, run_after=2025-07-04 00:00:00+00:00
[2025-07-04T06:17:15.148+0000] {processor.py:183} INFO - Processing /home/airflow/.local/lib/python3.12/site-packages/airflow/example_dags/example_branch_operator_decorator.py took 0.096 seconds
[2025-07-04T06:17:45.338+0000] {processor.py:161} INFO - Started process (PID=518) to work on /home/airflow/.local/lib/python3.12/site-packages/airflow/example_dags/example_branch_operator_decorator.py
[2025-07-04T06:17:45.339+0000] {processor.py:830} INFO - Processing file /home/airflow/.local/lib/python3.12/site-packages/airflow/example_dags/example_branch_operator_decorator.py for tasks to queue
[2025-07-04T06:17:45.342+0000] {logging_mixin.py:188} INFO - [2025-07-04T06:17:45.341+0000] {dagbag.py:545} INFO - Filling up the DagBag from /home/airflow/.local/lib/python3.12/site-packages/airflow/example_dags/example_branch_operator_decorator.py
[2025-07-04T06:17:45.371+0000] {processor.py:840} INFO - DAG(s) 'example_branch_python_operator_decorator' retrieved from /home/airflow/.local/lib/python3.12/site-packages/airflow/example_dags/example_branch_operator_decorator.py
[2025-07-04T06:17:45.412+0000] {logging_mixin.py:188} INFO - [2025-07-04T06:17:45.411+0000] {dag.py:3096} INFO - Sync 1 DAGs
[2025-07-04T06:17:45.447+0000] {logging_mixin.py:188} INFO - [2025-07-04T06:17:45.447+0000] {dag.py:3954} INFO - Setting next_dagrun for example_branch_python_operator_decorator to 2025-07-03 00:00:00+00:00, run_after=2025-07-04 00:00:00+00:00
[2025-07-04T06:17:45.477+0000] {processor.py:183} INFO - Processing /home/airflow/.local/lib/python3.12/site-packages/airflow/example_dags/example_branch_operator_decorator.py took 0.147 seconds
[2025-07-04T06:18:15.749+0000] {processor.py:161} INFO - Started process (PID=578) to work on /home/airflow/.local/lib/python3.12/site-packages/airflow/example_dags/example_branch_operator_decorator.py
[2025-07-04T06:18:15.750+0000] {processor.py:830} INFO - Processing file /home/airflow/.local/lib/python3.12/site-packages/airflow/example_dags/example_branch_operator_decorator.py for tasks to queue
[2025-07-04T06:18:15.751+0000] {logging_mixin.py:188} INFO - [2025-07-04T06:18:15.751+0000] {dagbag.py:545} INFO - Filling up the DagBag from /home/airflow/.local/lib/python3.12/site-packages/airflow/example_dags/example_branch_operator_decorator.py
[2025-07-04T06:18:15.769+0000] {processor.py:840} INFO - DAG(s) 'example_branch_python_operator_decorator' retrieved from /home/airflow/.local/lib/python3.12/site-packages/airflow/example_dags/example_branch_operator_decorator.py
[2025-07-04T06:18:15.796+0000] {logging_mixin.py:188} INFO - [2025-07-04T06:18:15.796+0000] {dag.py:3096} INFO - Sync 1 DAGs
[2025-07-04T06:18:15.818+0000] {logging_mixin.py:188} INFO - [2025-07-04T06:18:15.818+0000] {dag.py:3954} INFO - Setting next_dagrun for example_branch_python_operator_decorator to 2025-07-03 00:00:00+00:00, run_after=2025-07-04 00:00:00+00:00
[2025-07-04T06:18:15.835+0000] {processor.py:183} INFO - Processing /home/airflow/.local/lib/python3.12/site-packages/airflow/example_dags/example_branch_operator_decorator.py took 0.091 seconds
[2025-07-04T06:18:46.594+0000] {processor.py:161} INFO - Started process (PID=638) to work on /home/airflow/.local/lib/python3.12/site-packages/airflow/example_dags/example_branch_operator_decorator.py
[2025-07-04T06:18:46.595+0000] {processor.py:830} INFO - Processing file /home/airflow/.local/lib/python3.12/site-packages/airflow/example_dags/example_branch_operator_decorator.py for tasks to queue
[2025-07-04T06:18:46.597+0000] {logging_mixin.py:188} INFO - [2025-07-04T06:18:46.597+0000] {dagbag.py:545} INFO - Filling up the DagBag from /home/airflow/.local/lib/python3.12/site-packages/airflow/example_dags/example_branch_operator_decorator.py
[2025-07-04T06:18:46.621+0000] {processor.py:840} INFO - DAG(s) 'example_branch_python_operator_decorator' retrieved from /home/airflow/.local/lib/python3.12/site-packages/airflow/example_dags/example_branch_operator_decorator.py
[2025-07-04T06:18:46.654+0000] {logging_mixin.py:188} INFO - [2025-07-04T06:18:46.653+0000] {dag.py:3096} INFO - Sync 1 DAGs
[2025-07-04T06:18:46.679+0000] {logging_mixin.py:188} INFO - [2025-07-04T06:18:46.679+0000] {dag.py:3954} INFO - Setting next_dagrun for example_branch_python_operator_decorator to 2025-07-03 00:00:00+00:00, run_after=2025-07-04 00:00:00+00:00
[2025-07-04T06:18:46.703+0000] {processor.py:183} INFO - Processing /home/airflow/.local/lib/python3.12/site-packages/airflow/example_dags/example_branch_operator_decorator.py took 0.117 seconds
[2025-07-04T06:19:17.540+0000] {processor.py:161} INFO - Started process (PID=698) to work on /home/airflow/.local/lib/python3.12/site-packages/airflow/example_dags/example_branch_operator_decorator.py
[2025-07-04T06:19:17.541+0000] {processor.py:830} INFO - Processing file /home/airflow/.local/lib/python3.12/site-packages/airflow/example_dags/example_branch_operator_decorator.py for tasks to queue
[2025-07-04T06:19:17.543+0000] {logging_mixin.py:188} INFO - [2025-07-04T06:19:17.542+0000] {dagbag.py:545} INFO - Filling up the DagBag from /home/airflow/.local/lib/python3.12/site-packages/airflow/example_dags/example_branch_operator_decorator.py
[2025-07-04T06:19:17.563+0000] {processor.py:840} INFO - DAG(s) 'example_branch_python_operator_decorator' retrieved from /home/airflow/.local/lib/python3.12/site-packages/airflow/example_dags/example_branch_operator_decorator.py
[2025-07-04T06:19:17.594+0000] {logging_mixin.py:188} INFO - [2025-07-04T06:19:17.594+0000] {dag.py:3096} INFO - Sync 1 DAGs
[2025-07-04T06:19:17.617+0000] {logging_mixin.py:188} INFO - [2025-07-04T06:19:17.617+0000] {dag.py:3954} INFO - Setting next_dagrun for example_branch_python_operator_decorator to 2025-07-03 00:00:00+00:00, run_after=2025-07-04 00:00:00+00:00
[2025-07-04T06:19:17.640+0000] {processor.py:183} INFO - Processing /home/airflow/.local/lib/python3.12/site-packages/airflow/example_dags/example_branch_operator_decorator.py took 0.106 seconds
[2025-07-04T06:19:47.711+0000] {processor.py:161} INFO - Started process (PID=758) to work on /home/airflow/.local/lib/python3.12/site-packages/airflow/example_dags/example_branch_operator_decorator.py
[2025-07-04T06:19:47.712+0000] {processor.py:830} INFO - Processing file /home/airflow/.local/lib/python3.12/site-packages/airflow/example_dags/example_branch_operator_decorator.py for tasks to queue
[2025-07-04T06:19:47.714+0000] {logging_mixin.py:188} INFO - [2025-07-04T06:19:47.713+0000] {dagbag.py:545} INFO - Filling up the DagBag from /home/airflow/.local/lib/python3.12/site-packages/airflow/example_dags/example_branch_operator_decorator.py
[2025-07-04T06:19:47.735+0000] {processor.py:840} INFO - DAG(s) 'example_branch_python_operator_decorator' retrieved from /home/airflow/.local/lib/python3.12/site-packages/airflow/example_dags/example_branch_operator_decorator.py
[2025-07-04T06:19:47.765+0000] {logging_mixin.py:188} INFO - [2025-07-04T06:19:47.765+0000] {dag.py:3096} INFO - Sync 1 DAGs
[2025-07-04T06:19:47.790+0000] {logging_mixin.py:188} INFO - [2025-07-04T06:19:47.790+0000] {dag.py:3954} INFO - Setting next_dagrun for example_branch_python_operator_decorator to 2025-07-03 00:00:00+00:00, run_after=2025-07-04 00:00:00+00:00
[2025-07-04T06:19:47.810+0000] {processor.py:183} INFO - Processing /home/airflow/.local/lib/python3.12/site-packages/airflow/example_dags/example_branch_operator_decorator.py took 0.104 seconds
[2025-07-04T06:20:18.006+0000] {processor.py:161} INFO - Started process (PID=816) to work on /home/airflow/.local/lib/python3.12/site-packages/airflow/example_dags/example_branch_operator_decorator.py
[2025-07-04T06:20:18.007+0000] {processor.py:830} INFO - Processing file /home/airflow/.local/lib/python3.12/site-packages/airflow/example_dags/example_branch_operator_decorator.py for tasks to queue
[2025-07-04T06:20:18.008+0000] {logging_mixin.py:188} INFO - [2025-07-04T06:20:18.008+0000] {dagbag.py:545} INFO - Filling up the DagBag from /home/airflow/.local/lib/python3.12/site-packages/airflow/example_dags/example_branch_operator_decorator.py
[2025-07-04T06:20:18.030+0000] {processor.py:840} INFO - DAG(s) 'example_branch_python_operator_decorator' retrieved from /home/airflow/.local/lib/python3.12/site-packages/airflow/example_dags/example_branch_operator_decorator.py
[2025-07-04T06:20:18.061+0000] {logging_mixin.py:188} INFO - [2025-07-04T06:20:18.060+0000] {dag.py:3096} INFO - Sync 1 DAGs
[2025-07-04T06:20:18.088+0000] {logging_mixin.py:188} INFO - [2025-07-04T06:20:18.088+0000] {dag.py:3954} INFO - Setting next_dagrun for example_branch_python_operator_decorator to 2025-07-03 00:00:00+00:00, run_after=2025-07-04 00:00:00+00:00
[2025-07-04T06:20:18.110+0000] {processor.py:183} INFO - Processing /home/airflow/.local/lib/python3.12/site-packages/airflow/example_dags/example_branch_operator_decorator.py took 0.110 seconds
[2025-07-04T06:20:48.760+0000] {processor.py:161} INFO - Started process (PID=876) to work on /home/airflow/.local/lib/python3.12/site-packages/airflow/example_dags/example_branch_operator_decorator.py
[2025-07-04T06:20:48.761+0000] {processor.py:830} INFO - Processing file /home/airflow/.local/lib/python3.12/site-packages/airflow/example_dags/example_branch_operator_decorator.py for tasks to queue
[2025-07-04T06:20:48.763+0000] {logging_mixin.py:188} INFO - [2025-07-04T06:20:48.763+0000] {dagbag.py:545} INFO - Filling up the DagBag from /home/airflow/.local/lib/python3.12/site-packages/airflow/example_dags/example_branch_operator_decorator.py
[2025-07-04T06:20:48.786+0000] {processor.py:840} INFO - DAG(s) 'example_branch_python_operator_decorator' retrieved from /home/airflow/.local/lib/python3.12/site-packages/airflow/example_dags/example_branch_operator_decorator.py
[2025-07-04T06:20:48.820+0000] {logging_mixin.py:188} INFO - [2025-07-04T06:20:48.819+0000] {dag.py:3096} INFO - Sync 1 DAGs
[2025-07-04T06:20:48.848+0000] {logging_mixin.py:188} INFO - [2025-07-04T06:20:48.847+0000] {dag.py:3954} INFO - Setting next_dagrun for example_branch_python_operator_decorator to 2025-07-03 00:00:00+00:00, run_after=2025-07-04 00:00:00+00:00
[2025-07-04T06:20:48.870+0000] {processor.py:183} INFO - Processing /home/airflow/.local/lib/python3.12/site-packages/airflow/example_dags/example_branch_operator_decorator.py took 0.116 seconds
