[2025-07-04T06:14:12.047+0000] {processor.py:161} INFO - Started process (PID=101) to work on /home/airflow/.local/lib/python3.12/site-packages/airflow/example_dags/example_params_trigger_ui.py
[2025-07-04T06:14:12.048+0000] {processor.py:830} INFO - Processing file /home/airflow/.local/lib/python3.12/site-packages/airflow/example_dags/example_params_trigger_ui.py for tasks to queue
[2025-07-04T06:14:12.050+0000] {logging_mixin.py:188} INFO - [2025-07-04T06:14:12.050+0000] {dagbag.py:545} INFO - Filling up the DagBag from /home/airflow/.local/lib/python3.12/site-packages/airflow/example_dags/example_params_trigger_ui.py
[2025-07-04T06:14:12.069+0000] {processor.py:840} INFO - DAG(s) 'example_params_trigger_ui' retrieved from /home/airflow/.local/lib/python3.12/site-packages/airflow/example_dags/example_params_trigger_ui.py
[2025-07-04T06:14:12.238+0000] {logging_mixin.py:188} INFO - [2025-07-04T06:14:12.238+0000] {dag.py:3096} INFO - Sync 1 DAGs
[2025-07-04T06:14:12.251+0000] {logging_mixin.py:188} INFO - [2025-07-04T06:14:12.250+0000] {dag.py:3954} INFO - Setting next_dagrun for example_params_trigger_ui to None, run_after=None
[2025-07-04T06:14:12.272+0000] {processor.py:183} INFO - Processing /home/airflow/.local/lib/python3.12/site-packages/airflow/example_dags/example_params_trigger_ui.py took 0.234 seconds
[2025-07-04T06:14:42.445+0000] {processor.py:161} INFO - Started process (PID=161) to work on /home/airflow/.local/lib/python3.12/site-packages/airflow/example_dags/example_params_trigger_ui.py
[2025-07-04T06:14:42.446+0000] {processor.py:830} INFO - Processing file /home/airflow/.local/lib/python3.12/site-packages/airflow/example_dags/example_params_trigger_ui.py for tasks to queue
[2025-07-04T06:14:42.448+0000] {logging_mixin.py:188} INFO - [2025-07-04T06:14:42.448+0000] {dagbag.py:545} INFO - Filling up the DagBag from /home/airflow/.local/lib/python3.12/site-packages/airflow/example_dags/example_params_trigger_ui.py
[2025-07-04T06:14:42.466+0000] {processor.py:840} INFO - DAG(s) 'example_params_trigger_ui' retrieved from /home/airflow/.local/lib/python3.12/site-packages/airflow/example_dags/example_params_trigger_ui.py
[2025-07-04T06:14:42.527+0000] {logging_mixin.py:188} INFO - [2025-07-04T06:14:42.527+0000] {dag.py:3096} INFO - Sync 1 DAGs
[2025-07-04T06:14:42.544+0000] {logging_mixin.py:188} INFO - [2025-07-04T06:14:42.544+0000] {dag.py:3954} INFO - Setting next_dagrun for example_params_trigger_ui to None, run_after=None
[2025-07-04T06:14:42.569+0000] {processor.py:183} INFO - Processing /home/airflow/.local/lib/python3.12/site-packages/airflow/example_dags/example_params_trigger_ui.py took 0.131 seconds
[2025-07-04T06:15:13.381+0000] {processor.py:161} INFO - Started process (PID=221) to work on /home/airflow/.local/lib/python3.12/site-packages/airflow/example_dags/example_params_trigger_ui.py
[2025-07-04T06:15:13.382+0000] {processor.py:830} INFO - Processing file /home/airflow/.local/lib/python3.12/site-packages/airflow/example_dags/example_params_trigger_ui.py for tasks to queue
[2025-07-04T06:15:13.384+0000] {logging_mixin.py:188} INFO - [2025-07-04T06:15:13.383+0000] {dagbag.py:545} INFO - Filling up the DagBag from /home/airflow/.local/lib/python3.12/site-packages/airflow/example_dags/example_params_trigger_ui.py
[2025-07-04T06:15:13.399+0000] {processor.py:840} INFO - DAG(s) 'example_params_trigger_ui' retrieved from /home/airflow/.local/lib/python3.12/site-packages/airflow/example_dags/example_params_trigger_ui.py
[2025-07-04T06:15:13.449+0000] {logging_mixin.py:188} INFO - [2025-07-04T06:15:13.449+0000] {dag.py:3096} INFO - Sync 1 DAGs
[2025-07-04T06:15:13.464+0000] {logging_mixin.py:188} INFO - [2025-07-04T06:15:13.464+0000] {dag.py:3954} INFO - Setting next_dagrun for example_params_trigger_ui to None, run_after=None
[2025-07-04T06:15:13.484+0000] {processor.py:183} INFO - Processing /home/airflow/.local/lib/python3.12/site-packages/airflow/example_dags/example_params_trigger_ui.py took 0.110 seconds
[2025-07-04T06:15:44.353+0000] {processor.py:161} INFO - Started process (PID=281) to work on /home/airflow/.local/lib/python3.12/site-packages/airflow/example_dags/example_params_trigger_ui.py
[2025-07-04T06:15:44.354+0000] {processor.py:830} INFO - Processing file /home/airflow/.local/lib/python3.12/site-packages/airflow/example_dags/example_params_trigger_ui.py for tasks to queue
[2025-07-04T06:15:44.356+0000] {logging_mixin.py:188} INFO - [2025-07-04T06:15:44.356+0000] {dagbag.py:545} INFO - Filling up the DagBag from /home/airflow/.local/lib/python3.12/site-packages/airflow/example_dags/example_params_trigger_ui.py
[2025-07-04T06:15:44.369+0000] {processor.py:840} INFO - DAG(s) 'example_params_trigger_ui' retrieved from /home/airflow/.local/lib/python3.12/site-packages/airflow/example_dags/example_params_trigger_ui.py
[2025-07-04T06:15:44.419+0000] {logging_mixin.py:188} INFO - [2025-07-04T06:15:44.419+0000] {dag.py:3096} INFO - Sync 1 DAGs
[2025-07-04T06:15:44.432+0000] {logging_mixin.py:188} INFO - [2025-07-04T06:15:44.432+0000] {dag.py:3954} INFO - Setting next_dagrun for example_params_trigger_ui to None, run_after=None
[2025-07-04T06:15:44.451+0000] {processor.py:183} INFO - Processing /home/airflow/.local/lib/python3.12/site-packages/airflow/example_dags/example_params_trigger_ui.py took 0.103 seconds
[2025-07-04T06:16:14.655+0000] {processor.py:161} INFO - Started process (PID=341) to work on /home/airflow/.local/lib/python3.12/site-packages/airflow/example_dags/example_params_trigger_ui.py
[2025-07-04T06:16:14.656+0000] {processor.py:830} INFO - Processing file /home/airflow/.local/lib/python3.12/site-packages/airflow/example_dags/example_params_trigger_ui.py for tasks to queue
[2025-07-04T06:16:14.658+0000] {logging_mixin.py:188} INFO - [2025-07-04T06:16:14.657+0000] {dagbag.py:545} INFO - Filling up the DagBag from /home/airflow/.local/lib/python3.12/site-packages/airflow/example_dags/example_params_trigger_ui.py
[2025-07-04T06:16:14.672+0000] {processor.py:840} INFO - DAG(s) 'example_params_trigger_ui' retrieved from /home/airflow/.local/lib/python3.12/site-packages/airflow/example_dags/example_params_trigger_ui.py
[2025-07-04T06:16:14.720+0000] {logging_mixin.py:188} INFO - [2025-07-04T06:16:14.720+0000] {dag.py:3096} INFO - Sync 1 DAGs
[2025-07-04T06:16:14.735+0000] {logging_mixin.py:188} INFO - [2025-07-04T06:16:14.735+0000] {dag.py:3954} INFO - Setting next_dagrun for example_params_trigger_ui to None, run_after=None
[2025-07-04T06:16:14.754+0000] {processor.py:183} INFO - Processing /home/airflow/.local/lib/python3.12/site-packages/airflow/example_dags/example_params_trigger_ui.py took 0.105 seconds
[2025-07-04T06:16:44.854+0000] {processor.py:161} INFO - Started process (PID=400) to work on /home/airflow/.local/lib/python3.12/site-packages/airflow/example_dags/example_params_trigger_ui.py
[2025-07-04T06:16:44.855+0000] {processor.py:830} INFO - Processing file /home/airflow/.local/lib/python3.12/site-packages/airflow/example_dags/example_params_trigger_ui.py for tasks to queue
[2025-07-04T06:16:44.856+0000] {logging_mixin.py:188} INFO - [2025-07-04T06:16:44.856+0000] {dagbag.py:545} INFO - Filling up the DagBag from /home/airflow/.local/lib/python3.12/site-packages/airflow/example_dags/example_params_trigger_ui.py
[2025-07-04T06:16:44.868+0000] {processor.py:840} INFO - DAG(s) 'example_params_trigger_ui' retrieved from /home/airflow/.local/lib/python3.12/site-packages/airflow/example_dags/example_params_trigger_ui.py
[2025-07-04T06:16:44.910+0000] {logging_mixin.py:188} INFO - [2025-07-04T06:16:44.910+0000] {dag.py:3096} INFO - Sync 1 DAGs
[2025-07-04T06:16:44.923+0000] {logging_mixin.py:188} INFO - [2025-07-04T06:16:44.922+0000] {dag.py:3954} INFO - Setting next_dagrun for example_params_trigger_ui to None, run_after=None
[2025-07-04T06:16:44.940+0000] {processor.py:183} INFO - Processing /home/airflow/.local/lib/python3.12/site-packages/airflow/example_dags/example_params_trigger_ui.py took 0.091 seconds
[2025-07-04T06:17:15.181+0000] {processor.py:161} INFO - Started process (PID=460) to work on /home/airflow/.local/lib/python3.12/site-packages/airflow/example_dags/example_params_trigger_ui.py
[2025-07-04T06:17:15.181+0000] {processor.py:830} INFO - Processing file /home/airflow/.local/lib/python3.12/site-packages/airflow/example_dags/example_params_trigger_ui.py for tasks to queue
[2025-07-04T06:17:15.183+0000] {logging_mixin.py:188} INFO - [2025-07-04T06:17:15.183+0000] {dagbag.py:545} INFO - Filling up the DagBag from /home/airflow/.local/lib/python3.12/site-packages/airflow/example_dags/example_params_trigger_ui.py
[2025-07-04T06:17:15.196+0000] {processor.py:840} INFO - DAG(s) 'example_params_trigger_ui' retrieved from /home/airflow/.local/lib/python3.12/site-packages/airflow/example_dags/example_params_trigger_ui.py
[2025-07-04T06:17:15.238+0000] {logging_mixin.py:188} INFO - [2025-07-04T06:17:15.237+0000] {dag.py:3096} INFO - Sync 1 DAGs
[2025-07-04T06:17:15.249+0000] {logging_mixin.py:188} INFO - [2025-07-04T06:17:15.249+0000] {dag.py:3954} INFO - Setting next_dagrun for example_params_trigger_ui to None, run_after=None
[2025-07-04T06:17:15.266+0000] {processor.py:183} INFO - Processing /home/airflow/.local/lib/python3.12/site-packages/airflow/example_dags/example_params_trigger_ui.py took 0.090 seconds
[2025-07-04T06:17:45.524+0000] {processor.py:161} INFO - Started process (PID=520) to work on /home/airflow/.local/lib/python3.12/site-packages/airflow/example_dags/example_params_trigger_ui.py
[2025-07-04T06:17:45.525+0000] {processor.py:830} INFO - Processing file /home/airflow/.local/lib/python3.12/site-packages/airflow/example_dags/example_params_trigger_ui.py for tasks to queue
[2025-07-04T06:17:45.528+0000] {logging_mixin.py:188} INFO - [2025-07-04T06:17:45.528+0000] {dagbag.py:545} INFO - Filling up the DagBag from /home/airflow/.local/lib/python3.12/site-packages/airflow/example_dags/example_params_trigger_ui.py
[2025-07-04T06:17:45.550+0000] {processor.py:840} INFO - DAG(s) 'example_params_trigger_ui' retrieved from /home/airflow/.local/lib/python3.12/site-packages/airflow/example_dags/example_params_trigger_ui.py
[2025-07-04T06:17:45.632+0000] {logging_mixin.py:188} INFO - [2025-07-04T06:17:45.631+0000] {dag.py:3096} INFO - Sync 1 DAGs
[2025-07-04T06:17:45.650+0000] {logging_mixin.py:188} INFO - [2025-07-04T06:17:45.650+0000] {dag.py:3954} INFO - Setting next_dagrun for example_params_trigger_ui to None, run_after=None
[2025-07-04T06:17:45.680+0000] {processor.py:183} INFO - Processing /home/airflow/.local/lib/python3.12/site-packages/airflow/example_dags/example_params_trigger_ui.py took 0.164 seconds
[2025-07-04T06:18:15.867+0000] {processor.py:161} INFO - Started process (PID=580) to work on /home/airflow/.local/lib/python3.12/site-packages/airflow/example_dags/example_params_trigger_ui.py
[2025-07-04T06:18:15.868+0000] {processor.py:830} INFO - Processing file /home/airflow/.local/lib/python3.12/site-packages/airflow/example_dags/example_params_trigger_ui.py for tasks to queue
[2025-07-04T06:18:15.870+0000] {logging_mixin.py:188} INFO - [2025-07-04T06:18:15.869+0000] {dagbag.py:545} INFO - Filling up the DagBag from /home/airflow/.local/lib/python3.12/site-packages/airflow/example_dags/example_params_trigger_ui.py
[2025-07-04T06:18:15.882+0000] {processor.py:840} INFO - DAG(s) 'example_params_trigger_ui' retrieved from /home/airflow/.local/lib/python3.12/site-packages/airflow/example_dags/example_params_trigger_ui.py
[2025-07-04T06:18:15.925+0000] {logging_mixin.py:188} INFO - [2025-07-04T06:18:15.925+0000] {dag.py:3096} INFO - Sync 1 DAGs
[2025-07-04T06:18:15.938+0000] {logging_mixin.py:188} INFO - [2025-07-04T06:18:15.937+0000] {dag.py:3954} INFO - Setting next_dagrun for example_params_trigger_ui to None, run_after=None
[2025-07-04T06:18:15.955+0000] {processor.py:183} INFO - Processing /home/airflow/.local/lib/python3.12/site-packages/airflow/example_dags/example_params_trigger_ui.py took 0.093 seconds
[2025-07-04T06:18:46.740+0000] {processor.py:161} INFO - Started process (PID=640) to work on /home/airflow/.local/lib/python3.12/site-packages/airflow/example_dags/example_params_trigger_ui.py
[2025-07-04T06:18:46.741+0000] {processor.py:830} INFO - Processing file /home/airflow/.local/lib/python3.12/site-packages/airflow/example_dags/example_params_trigger_ui.py for tasks to queue
[2025-07-04T06:18:46.744+0000] {logging_mixin.py:188} INFO - [2025-07-04T06:18:46.743+0000] {dagbag.py:545} INFO - Filling up the DagBag from /home/airflow/.local/lib/python3.12/site-packages/airflow/example_dags/example_params_trigger_ui.py
[2025-07-04T06:18:46.758+0000] {processor.py:840} INFO - DAG(s) 'example_params_trigger_ui' retrieved from /home/airflow/.local/lib/python3.12/site-packages/airflow/example_dags/example_params_trigger_ui.py
[2025-07-04T06:18:46.809+0000] {logging_mixin.py:188} INFO - [2025-07-04T06:18:46.808+0000] {dag.py:3096} INFO - Sync 1 DAGs
[2025-07-04T06:18:46.823+0000] {logging_mixin.py:188} INFO - [2025-07-04T06:18:46.822+0000] {dag.py:3954} INFO - Setting next_dagrun for example_params_trigger_ui to None, run_after=None
[2025-07-04T06:18:46.843+0000] {processor.py:183} INFO - Processing /home/airflow/.local/lib/python3.12/site-packages/airflow/example_dags/example_params_trigger_ui.py took 0.109 seconds
[2025-07-04T06:19:17.680+0000] {processor.py:161} INFO - Started process (PID=700) to work on /home/airflow/.local/lib/python3.12/site-packages/airflow/example_dags/example_params_trigger_ui.py
[2025-07-04T06:19:17.682+0000] {processor.py:830} INFO - Processing file /home/airflow/.local/lib/python3.12/site-packages/airflow/example_dags/example_params_trigger_ui.py for tasks to queue
[2025-07-04T06:19:17.685+0000] {logging_mixin.py:188} INFO - [2025-07-04T06:19:17.684+0000] {dagbag.py:545} INFO - Filling up the DagBag from /home/airflow/.local/lib/python3.12/site-packages/airflow/example_dags/example_params_trigger_ui.py
[2025-07-04T06:19:17.711+0000] {processor.py:840} INFO - DAG(s) 'example_params_trigger_ui' retrieved from /home/airflow/.local/lib/python3.12/site-packages/airflow/example_dags/example_params_trigger_ui.py
[2025-07-04T06:19:17.793+0000] {logging_mixin.py:188} INFO - [2025-07-04T06:19:17.792+0000] {dag.py:3096} INFO - Sync 1 DAGs
[2025-07-04T06:19:17.836+0000] {logging_mixin.py:188} INFO - [2025-07-04T06:19:17.835+0000] {dag.py:3954} INFO - Setting next_dagrun for example_params_trigger_ui to None, run_after=None
[2025-07-04T06:19:17.877+0000] {processor.py:183} INFO - Processing /home/airflow/.local/lib/python3.12/site-packages/airflow/example_dags/example_params_trigger_ui.py took 0.206 seconds
[2025-07-04T06:19:47.994+0000] {processor.py:161} INFO - Started process (PID=760) to work on /home/airflow/.local/lib/python3.12/site-packages/airflow/example_dags/example_params_trigger_ui.py
[2025-07-04T06:19:47.995+0000] {processor.py:830} INFO - Processing file /home/airflow/.local/lib/python3.12/site-packages/airflow/example_dags/example_params_trigger_ui.py for tasks to queue
[2025-07-04T06:19:47.997+0000] {logging_mixin.py:188} INFO - [2025-07-04T06:19:47.997+0000] {dagbag.py:545} INFO - Filling up the DagBag from /home/airflow/.local/lib/python3.12/site-packages/airflow/example_dags/example_params_trigger_ui.py
[2025-07-04T06:19:48.010+0000] {processor.py:840} INFO - DAG(s) 'example_params_trigger_ui' retrieved from /home/airflow/.local/lib/python3.12/site-packages/airflow/example_dags/example_params_trigger_ui.py
[2025-07-04T06:19:48.059+0000] {logging_mixin.py:188} INFO - [2025-07-04T06:19:48.058+0000] {dag.py:3096} INFO - Sync 1 DAGs
[2025-07-04T06:19:48.073+0000] {logging_mixin.py:188} INFO - [2025-07-04T06:19:48.073+0000] {dag.py:3954} INFO - Setting next_dagrun for example_params_trigger_ui to None, run_after=None
[2025-07-04T06:19:48.093+0000] {processor.py:183} INFO - Processing /home/airflow/.local/lib/python3.12/site-packages/airflow/example_dags/example_params_trigger_ui.py took 0.104 seconds
[2025-07-04T06:20:18.153+0000] {processor.py:161} INFO - Started process (PID=818) to work on /home/airflow/.local/lib/python3.12/site-packages/airflow/example_dags/example_params_trigger_ui.py
[2025-07-04T06:20:18.154+0000] {processor.py:830} INFO - Processing file /home/airflow/.local/lib/python3.12/site-packages/airflow/example_dags/example_params_trigger_ui.py for tasks to queue
[2025-07-04T06:20:18.157+0000] {logging_mixin.py:188} INFO - [2025-07-04T06:20:18.156+0000] {dagbag.py:545} INFO - Filling up the DagBag from /home/airflow/.local/lib/python3.12/site-packages/airflow/example_dags/example_params_trigger_ui.py
[2025-07-04T06:20:18.170+0000] {processor.py:840} INFO - DAG(s) 'example_params_trigger_ui' retrieved from /home/airflow/.local/lib/python3.12/site-packages/airflow/example_dags/example_params_trigger_ui.py
[2025-07-04T06:20:18.219+0000] {logging_mixin.py:188} INFO - [2025-07-04T06:20:18.218+0000] {dag.py:3096} INFO - Sync 1 DAGs
[2025-07-04T06:20:18.233+0000] {logging_mixin.py:188} INFO - [2025-07-04T06:20:18.233+0000] {dag.py:3954} INFO - Setting next_dagrun for example_params_trigger_ui to None, run_after=None
[2025-07-04T06:20:18.253+0000] {processor.py:183} INFO - Processing /home/airflow/.local/lib/python3.12/site-packages/airflow/example_dags/example_params_trigger_ui.py took 0.105 seconds
[2025-07-04T06:20:48.910+0000] {processor.py:161} INFO - Started process (PID=878) to work on /home/airflow/.local/lib/python3.12/site-packages/airflow/example_dags/example_params_trigger_ui.py
[2025-07-04T06:20:48.911+0000] {processor.py:830} INFO - Processing file /home/airflow/.local/lib/python3.12/site-packages/airflow/example_dags/example_params_trigger_ui.py for tasks to queue
[2025-07-04T06:20:48.914+0000] {logging_mixin.py:188} INFO - [2025-07-04T06:20:48.913+0000] {dagbag.py:545} INFO - Filling up the DagBag from /home/airflow/.local/lib/python3.12/site-packages/airflow/example_dags/example_params_trigger_ui.py
[2025-07-04T06:20:48.929+0000] {processor.py:840} INFO - DAG(s) 'example_params_trigger_ui' retrieved from /home/airflow/.local/lib/python3.12/site-packages/airflow/example_dags/example_params_trigger_ui.py
[2025-07-04T06:20:48.984+0000] {logging_mixin.py:188} INFO - [2025-07-04T06:20:48.983+0000] {dag.py:3096} INFO - Sync 1 DAGs
[2025-07-04T06:20:48.998+0000] {logging_mixin.py:188} INFO - [2025-07-04T06:20:48.998+0000] {dag.py:3954} INFO - Setting next_dagrun for example_params_trigger_ui to None, run_after=None
[2025-07-04T06:20:49.020+0000] {processor.py:183} INFO - Processing /home/airflow/.local/lib/python3.12/site-packages/airflow/example_dags/example_params_trigger_ui.py took 0.117 seconds
