[2025-07-04T06:13:46.619+0000] {processor.py:161} INFO - Started process (PID=85) to work on /home/airflow/.local/lib/python3.12/site-packages/airflow/example_dags/example_task_group_decorator.py
[2025-07-04T06:13:46.621+0000] {processor.py:830} INFO - Processing file /home/airflow/.local/lib/python3.12/site-packages/airflow/example_dags/example_task_group_decorator.py for tasks to queue
[2025-07-04T06:13:46.624+0000] {logging_mixin.py:188} INFO - [2025-07-04T06:13:46.623+0000] {dagbag.py:545} INFO - Filling up the DagBag from /home/airflow/.local/lib/python3.12/site-packages/airflow/example_dags/example_task_group_decorator.py
[2025-07-04T06:13:47.481+0000] {logging_mixin.py:188} INFO - [2025-07-04T06:13:47.480+0000] {process_utils.py:263} INFO - Waiting up to 5 seconds for processes to exit...
[2025-07-04T06:14:07.257+0000] {processor.py:161} INFO - Started process (PID=68) to work on /home/airflow/.local/lib/python3.12/site-packages/airflow/example_dags/example_task_group_decorator.py
[2025-07-04T06:14:07.258+0000] {processor.py:830} INFO - Processing file /home/airflow/.local/lib/python3.12/site-packages/airflow/example_dags/example_task_group_decorator.py for tasks to queue
[2025-07-04T06:14:07.260+0000] {logging_mixin.py:188} INFO - [2025-07-04T06:14:07.260+0000] {dagbag.py:545} INFO - Filling up the DagBag from /home/airflow/.local/lib/python3.12/site-packages/airflow/example_dags/example_task_group_decorator.py
[2025-07-04T06:14:07.283+0000] {processor.py:840} INFO - DAG(s) 'example_task_group_decorator' retrieved from /home/airflow/.local/lib/python3.12/site-packages/airflow/example_dags/example_task_group_decorator.py
[2025-07-04T06:14:07.454+0000] {logging_mixin.py:188} INFO - [2025-07-04T06:14:07.454+0000] {dag.py:3096} INFO - Sync 1 DAGs
[2025-07-04T06:14:07.484+0000] {logging_mixin.py:188} INFO - [2025-07-04T06:14:07.483+0000] {dag.py:3954} INFO - Setting next_dagrun for example_task_group_decorator to 2025-07-03 00:00:00+00:00, run_after=2025-07-04 00:00:00+00:00
[2025-07-04T06:14:07.522+0000] {processor.py:183} INFO - Processing /home/airflow/.local/lib/python3.12/site-packages/airflow/example_dags/example_task_group_decorator.py took 0.272 seconds
[2025-07-04T06:14:38.188+0000] {processor.py:161} INFO - Started process (PID=128) to work on /home/airflow/.local/lib/python3.12/site-packages/airflow/example_dags/example_task_group_decorator.py
[2025-07-04T06:14:38.190+0000] {processor.py:830} INFO - Processing file /home/airflow/.local/lib/python3.12/site-packages/airflow/example_dags/example_task_group_decorator.py for tasks to queue
[2025-07-04T06:14:38.192+0000] {logging_mixin.py:188} INFO - [2025-07-04T06:14:38.191+0000] {dagbag.py:545} INFO - Filling up the DagBag from /home/airflow/.local/lib/python3.12/site-packages/airflow/example_dags/example_task_group_decorator.py
[2025-07-04T06:14:38.208+0000] {processor.py:840} INFO - DAG(s) 'example_task_group_decorator' retrieved from /home/airflow/.local/lib/python3.12/site-packages/airflow/example_dags/example_task_group_decorator.py
[2025-07-04T06:14:38.238+0000] {logging_mixin.py:188} INFO - [2025-07-04T06:14:38.237+0000] {dag.py:3096} INFO - Sync 1 DAGs
[2025-07-04T06:14:38.274+0000] {logging_mixin.py:188} INFO - [2025-07-04T06:14:38.273+0000] {dag.py:3954} INFO - Setting next_dagrun for example_task_group_decorator to 2025-07-03 00:00:00+00:00, run_after=2025-07-04 00:00:00+00:00
[2025-07-04T06:14:38.306+0000] {processor.py:183} INFO - Processing /home/airflow/.local/lib/python3.12/site-packages/airflow/example_dags/example_task_group_decorator.py took 0.124 seconds
[2025-07-04T06:15:09.012+0000] {processor.py:161} INFO - Started process (PID=187) to work on /home/airflow/.local/lib/python3.12/site-packages/airflow/example_dags/example_task_group_decorator.py
[2025-07-04T06:15:09.013+0000] {processor.py:830} INFO - Processing file /home/airflow/.local/lib/python3.12/site-packages/airflow/example_dags/example_task_group_decorator.py for tasks to queue
[2025-07-04T06:15:09.015+0000] {logging_mixin.py:188} INFO - [2025-07-04T06:15:09.014+0000] {dagbag.py:545} INFO - Filling up the DagBag from /home/airflow/.local/lib/python3.12/site-packages/airflow/example_dags/example_task_group_decorator.py
[2025-07-04T06:15:09.032+0000] {processor.py:840} INFO - DAG(s) 'example_task_group_decorator' retrieved from /home/airflow/.local/lib/python3.12/site-packages/airflow/example_dags/example_task_group_decorator.py
[2025-07-04T06:15:09.067+0000] {logging_mixin.py:188} INFO - [2025-07-04T06:15:09.066+0000] {dag.py:3096} INFO - Sync 1 DAGs
[2025-07-04T06:15:09.100+0000] {logging_mixin.py:188} INFO - [2025-07-04T06:15:09.100+0000] {dag.py:3954} INFO - Setting next_dagrun for example_task_group_decorator to 2025-07-03 00:00:00+00:00, run_after=2025-07-04 00:00:00+00:00
[2025-07-04T06:15:09.129+0000] {processor.py:183} INFO - Processing /home/airflow/.local/lib/python3.12/site-packages/airflow/example_dags/example_task_group_decorator.py took 0.124 seconds
[2025-07-04T06:15:39.389+0000] {processor.py:161} INFO - Started process (PID=246) to work on /home/airflow/.local/lib/python3.12/site-packages/airflow/example_dags/example_task_group_decorator.py
[2025-07-04T06:15:39.390+0000] {processor.py:830} INFO - Processing file /home/airflow/.local/lib/python3.12/site-packages/airflow/example_dags/example_task_group_decorator.py for tasks to queue
[2025-07-04T06:15:39.392+0000] {logging_mixin.py:188} INFO - [2025-07-04T06:15:39.392+0000] {dagbag.py:545} INFO - Filling up the DagBag from /home/airflow/.local/lib/python3.12/site-packages/airflow/example_dags/example_task_group_decorator.py
[2025-07-04T06:15:39.405+0000] {processor.py:840} INFO - DAG(s) 'example_task_group_decorator' retrieved from /home/airflow/.local/lib/python3.12/site-packages/airflow/example_dags/example_task_group_decorator.py
[2025-07-04T06:15:39.429+0000] {logging_mixin.py:188} INFO - [2025-07-04T06:15:39.429+0000] {dag.py:3096} INFO - Sync 1 DAGs
[2025-07-04T06:15:39.453+0000] {logging_mixin.py:188} INFO - [2025-07-04T06:15:39.453+0000] {dag.py:3954} INFO - Setting next_dagrun for example_task_group_decorator to 2025-07-03 00:00:00+00:00, run_after=2025-07-04 00:00:00+00:00
[2025-07-04T06:15:39.475+0000] {processor.py:183} INFO - Processing /home/airflow/.local/lib/python3.12/site-packages/airflow/example_dags/example_task_group_decorator.py took 0.091 seconds
[2025-07-04T06:16:09.884+0000] {processor.py:161} INFO - Started process (PID=306) to work on /home/airflow/.local/lib/python3.12/site-packages/airflow/example_dags/example_task_group_decorator.py
[2025-07-04T06:16:09.885+0000] {processor.py:830} INFO - Processing file /home/airflow/.local/lib/python3.12/site-packages/airflow/example_dags/example_task_group_decorator.py for tasks to queue
[2025-07-04T06:16:09.887+0000] {logging_mixin.py:188} INFO - [2025-07-04T06:16:09.887+0000] {dagbag.py:545} INFO - Filling up the DagBag from /home/airflow/.local/lib/python3.12/site-packages/airflow/example_dags/example_task_group_decorator.py
[2025-07-04T06:16:09.900+0000] {processor.py:840} INFO - DAG(s) 'example_task_group_decorator' retrieved from /home/airflow/.local/lib/python3.12/site-packages/airflow/example_dags/example_task_group_decorator.py
[2025-07-04T06:16:09.925+0000] {logging_mixin.py:188} INFO - [2025-07-04T06:16:09.925+0000] {dag.py:3096} INFO - Sync 1 DAGs
[2025-07-04T06:16:09.945+0000] {logging_mixin.py:188} INFO - [2025-07-04T06:16:09.945+0000] {dag.py:3954} INFO - Setting next_dagrun for example_task_group_decorator to 2025-07-03 00:00:00+00:00, run_after=2025-07-04 00:00:00+00:00
[2025-07-04T06:16:09.963+0000] {processor.py:183} INFO - Processing /home/airflow/.local/lib/python3.12/site-packages/airflow/example_dags/example_task_group_decorator.py took 0.084 seconds
[2025-07-04T06:16:40.136+0000] {processor.py:161} INFO - Started process (PID=372) to work on /home/airflow/.local/lib/python3.12/site-packages/airflow/example_dags/example_task_group_decorator.py
[2025-07-04T06:16:40.136+0000] {processor.py:830} INFO - Processing file /home/airflow/.local/lib/python3.12/site-packages/airflow/example_dags/example_task_group_decorator.py for tasks to queue
[2025-07-04T06:16:40.138+0000] {logging_mixin.py:188} INFO - [2025-07-04T06:16:40.138+0000] {dagbag.py:545} INFO - Filling up the DagBag from /home/airflow/.local/lib/python3.12/site-packages/airflow/example_dags/example_task_group_decorator.py
[2025-07-04T06:16:40.151+0000] {processor.py:840} INFO - DAG(s) 'example_task_group_decorator' retrieved from /home/airflow/.local/lib/python3.12/site-packages/airflow/example_dags/example_task_group_decorator.py
[2025-07-04T06:16:40.174+0000] {logging_mixin.py:188} INFO - [2025-07-04T06:16:40.174+0000] {dag.py:3096} INFO - Sync 1 DAGs
[2025-07-04T06:16:40.195+0000] {logging_mixin.py:188} INFO - [2025-07-04T06:16:40.195+0000] {dag.py:3954} INFO - Setting next_dagrun for example_task_group_decorator to 2025-07-03 00:00:00+00:00, run_after=2025-07-04 00:00:00+00:00
[2025-07-04T06:16:40.215+0000] {processor.py:183} INFO - Processing /home/airflow/.local/lib/python3.12/site-packages/airflow/example_dags/example_task_group_decorator.py took 0.085 seconds
[2025-07-04T06:17:10.492+0000] {processor.py:161} INFO - Started process (PID=432) to work on /home/airflow/.local/lib/python3.12/site-packages/airflow/example_dags/example_task_group_decorator.py
[2025-07-04T06:17:10.493+0000] {processor.py:830} INFO - Processing file /home/airflow/.local/lib/python3.12/site-packages/airflow/example_dags/example_task_group_decorator.py for tasks to queue
[2025-07-04T06:17:10.495+0000] {logging_mixin.py:188} INFO - [2025-07-04T06:17:10.494+0000] {dagbag.py:545} INFO - Filling up the DagBag from /home/airflow/.local/lib/python3.12/site-packages/airflow/example_dags/example_task_group_decorator.py
[2025-07-04T06:17:10.507+0000] {processor.py:840} INFO - DAG(s) 'example_task_group_decorator' retrieved from /home/airflow/.local/lib/python3.12/site-packages/airflow/example_dags/example_task_group_decorator.py
[2025-07-04T06:17:10.532+0000] {logging_mixin.py:188} INFO - [2025-07-04T06:17:10.532+0000] {dag.py:3096} INFO - Sync 1 DAGs
[2025-07-04T06:17:10.558+0000] {logging_mixin.py:188} INFO - [2025-07-04T06:17:10.558+0000] {dag.py:3954} INFO - Setting next_dagrun for example_task_group_decorator to 2025-07-03 00:00:00+00:00, run_after=2025-07-04 00:00:00+00:00
[2025-07-04T06:17:10.578+0000] {processor.py:183} INFO - Processing /home/airflow/.local/lib/python3.12/site-packages/airflow/example_dags/example_task_group_decorator.py took 0.091 seconds
[2025-07-04T06:17:40.684+0000] {processor.py:161} INFO - Started process (PID=492) to work on /home/airflow/.local/lib/python3.12/site-packages/airflow/example_dags/example_task_group_decorator.py
[2025-07-04T06:17:40.685+0000] {processor.py:830} INFO - Processing file /home/airflow/.local/lib/python3.12/site-packages/airflow/example_dags/example_task_group_decorator.py for tasks to queue
[2025-07-04T06:17:40.687+0000] {logging_mixin.py:188} INFO - [2025-07-04T06:17:40.687+0000] {dagbag.py:545} INFO - Filling up the DagBag from /home/airflow/.local/lib/python3.12/site-packages/airflow/example_dags/example_task_group_decorator.py
[2025-07-04T06:17:40.699+0000] {processor.py:840} INFO - DAG(s) 'example_task_group_decorator' retrieved from /home/airflow/.local/lib/python3.12/site-packages/airflow/example_dags/example_task_group_decorator.py
[2025-07-04T06:17:40.722+0000] {logging_mixin.py:188} INFO - [2025-07-04T06:17:40.722+0000] {dag.py:3096} INFO - Sync 1 DAGs
[2025-07-04T06:17:40.742+0000] {logging_mixin.py:188} INFO - [2025-07-04T06:17:40.742+0000] {dag.py:3954} INFO - Setting next_dagrun for example_task_group_decorator to 2025-07-03 00:00:00+00:00, run_after=2025-07-04 00:00:00+00:00
[2025-07-04T06:17:40.760+0000] {processor.py:183} INFO - Processing /home/airflow/.local/lib/python3.12/site-packages/airflow/example_dags/example_task_group_decorator.py took 0.081 seconds
[2025-07-04T06:18:10.919+0000] {processor.py:161} INFO - Started process (PID=552) to work on /home/airflow/.local/lib/python3.12/site-packages/airflow/example_dags/example_task_group_decorator.py
[2025-07-04T06:18:10.920+0000] {processor.py:830} INFO - Processing file /home/airflow/.local/lib/python3.12/site-packages/airflow/example_dags/example_task_group_decorator.py for tasks to queue
[2025-07-04T06:18:10.922+0000] {logging_mixin.py:188} INFO - [2025-07-04T06:18:10.921+0000] {dagbag.py:545} INFO - Filling up the DagBag from /home/airflow/.local/lib/python3.12/site-packages/airflow/example_dags/example_task_group_decorator.py
[2025-07-04T06:18:10.934+0000] {processor.py:840} INFO - DAG(s) 'example_task_group_decorator' retrieved from /home/airflow/.local/lib/python3.12/site-packages/airflow/example_dags/example_task_group_decorator.py
[2025-07-04T06:18:10.957+0000] {logging_mixin.py:188} INFO - [2025-07-04T06:18:10.957+0000] {dag.py:3096} INFO - Sync 1 DAGs
[2025-07-04T06:18:10.976+0000] {logging_mixin.py:188} INFO - [2025-07-04T06:18:10.976+0000] {dag.py:3954} INFO - Setting next_dagrun for example_task_group_decorator to 2025-07-03 00:00:00+00:00, run_after=2025-07-04 00:00:00+00:00
[2025-07-04T06:18:10.994+0000] {processor.py:183} INFO - Processing /home/airflow/.local/lib/python3.12/site-packages/airflow/example_dags/example_task_group_decorator.py took 0.080 seconds
[2025-07-04T06:18:41.516+0000] {processor.py:161} INFO - Started process (PID=612) to work on /home/airflow/.local/lib/python3.12/site-packages/airflow/example_dags/example_task_group_decorator.py
[2025-07-04T06:18:41.517+0000] {processor.py:830} INFO - Processing file /home/airflow/.local/lib/python3.12/site-packages/airflow/example_dags/example_task_group_decorator.py for tasks to queue
[2025-07-04T06:18:41.519+0000] {logging_mixin.py:188} INFO - [2025-07-04T06:18:41.519+0000] {dagbag.py:545} INFO - Filling up the DagBag from /home/airflow/.local/lib/python3.12/site-packages/airflow/example_dags/example_task_group_decorator.py
[2025-07-04T06:18:41.534+0000] {processor.py:840} INFO - DAG(s) 'example_task_group_decorator' retrieved from /home/airflow/.local/lib/python3.12/site-packages/airflow/example_dags/example_task_group_decorator.py
[2025-07-04T06:18:41.567+0000] {logging_mixin.py:188} INFO - [2025-07-04T06:18:41.567+0000] {dag.py:3096} INFO - Sync 1 DAGs
[2025-07-04T06:18:41.592+0000] {logging_mixin.py:188} INFO - [2025-07-04T06:18:41.592+0000] {dag.py:3954} INFO - Setting next_dagrun for example_task_group_decorator to 2025-07-03 00:00:00+00:00, run_after=2025-07-04 00:00:00+00:00
[2025-07-04T06:18:41.620+0000] {processor.py:183} INFO - Processing /home/airflow/.local/lib/python3.12/site-packages/airflow/example_dags/example_task_group_decorator.py took 0.110 seconds
[2025-07-04T06:19:11.861+0000] {processor.py:161} INFO - Started process (PID=672) to work on /home/airflow/.local/lib/python3.12/site-packages/airflow/example_dags/example_task_group_decorator.py
[2025-07-04T06:19:11.862+0000] {processor.py:830} INFO - Processing file /home/airflow/.local/lib/python3.12/site-packages/airflow/example_dags/example_task_group_decorator.py for tasks to queue
[2025-07-04T06:19:11.864+0000] {logging_mixin.py:188} INFO - [2025-07-04T06:19:11.864+0000] {dagbag.py:545} INFO - Filling up the DagBag from /home/airflow/.local/lib/python3.12/site-packages/airflow/example_dags/example_task_group_decorator.py
[2025-07-04T06:19:11.879+0000] {processor.py:840} INFO - DAG(s) 'example_task_group_decorator' retrieved from /home/airflow/.local/lib/python3.12/site-packages/airflow/example_dags/example_task_group_decorator.py
[2025-07-04T06:19:11.907+0000] {logging_mixin.py:188} INFO - [2025-07-04T06:19:11.906+0000] {dag.py:3096} INFO - Sync 1 DAGs
[2025-07-04T06:19:11.933+0000] {logging_mixin.py:188} INFO - [2025-07-04T06:19:11.933+0000] {dag.py:3954} INFO - Setting next_dagrun for example_task_group_decorator to 2025-07-03 00:00:00+00:00, run_after=2025-07-04 00:00:00+00:00
[2025-07-04T06:19:11.958+0000] {processor.py:183} INFO - Processing /home/airflow/.local/lib/python3.12/site-packages/airflow/example_dags/example_task_group_decorator.py took 0.102 seconds
[2025-07-04T06:19:42.143+0000] {processor.py:161} INFO - Started process (PID=732) to work on /home/airflow/.local/lib/python3.12/site-packages/airflow/example_dags/example_task_group_decorator.py
[2025-07-04T06:19:42.144+0000] {processor.py:830} INFO - Processing file /home/airflow/.local/lib/python3.12/site-packages/airflow/example_dags/example_task_group_decorator.py for tasks to queue
[2025-07-04T06:19:42.146+0000] {logging_mixin.py:188} INFO - [2025-07-04T06:19:42.146+0000] {dagbag.py:545} INFO - Filling up the DagBag from /home/airflow/.local/lib/python3.12/site-packages/airflow/example_dags/example_task_group_decorator.py
[2025-07-04T06:19:42.162+0000] {processor.py:840} INFO - DAG(s) 'example_task_group_decorator' retrieved from /home/airflow/.local/lib/python3.12/site-packages/airflow/example_dags/example_task_group_decorator.py
[2025-07-04T06:19:42.188+0000] {logging_mixin.py:188} INFO - [2025-07-04T06:19:42.188+0000] {dag.py:3096} INFO - Sync 1 DAGs
[2025-07-04T06:19:42.210+0000] {logging_mixin.py:188} INFO - [2025-07-04T06:19:42.210+0000] {dag.py:3954} INFO - Setting next_dagrun for example_task_group_decorator to 2025-07-03 00:00:00+00:00, run_after=2025-07-04 00:00:00+00:00
[2025-07-04T06:19:42.230+0000] {processor.py:183} INFO - Processing /home/airflow/.local/lib/python3.12/site-packages/airflow/example_dags/example_task_group_decorator.py took 0.093 seconds
[2025-07-04T06:20:12.639+0000] {processor.py:161} INFO - Started process (PID=792) to work on /home/airflow/.local/lib/python3.12/site-packages/airflow/example_dags/example_task_group_decorator.py
[2025-07-04T06:20:12.640+0000] {processor.py:830} INFO - Processing file /home/airflow/.local/lib/python3.12/site-packages/airflow/example_dags/example_task_group_decorator.py for tasks to queue
[2025-07-04T06:20:12.642+0000] {logging_mixin.py:188} INFO - [2025-07-04T06:20:12.641+0000] {dagbag.py:545} INFO - Filling up the DagBag from /home/airflow/.local/lib/python3.12/site-packages/airflow/example_dags/example_task_group_decorator.py
[2025-07-04T06:20:12.654+0000] {processor.py:840} INFO - DAG(s) 'example_task_group_decorator' retrieved from /home/airflow/.local/lib/python3.12/site-packages/airflow/example_dags/example_task_group_decorator.py
[2025-07-04T06:20:12.678+0000] {logging_mixin.py:188} INFO - [2025-07-04T06:20:12.678+0000] {dag.py:3096} INFO - Sync 1 DAGs
[2025-07-04T06:20:12.699+0000] {logging_mixin.py:188} INFO - [2025-07-04T06:20:12.698+0000] {dag.py:3954} INFO - Setting next_dagrun for example_task_group_decorator to 2025-07-03 00:00:00+00:00, run_after=2025-07-04 00:00:00+00:00
[2025-07-04T06:20:12.719+0000] {processor.py:183} INFO - Processing /home/airflow/.local/lib/python3.12/site-packages/airflow/example_dags/example_task_group_decorator.py took 0.086 seconds
[2025-07-04T06:20:42.902+0000] {processor.py:161} INFO - Started process (PID=852) to work on /home/airflow/.local/lib/python3.12/site-packages/airflow/example_dags/example_task_group_decorator.py
[2025-07-04T06:20:42.904+0000] {processor.py:830} INFO - Processing file /home/airflow/.local/lib/python3.12/site-packages/airflow/example_dags/example_task_group_decorator.py for tasks to queue
[2025-07-04T06:20:42.908+0000] {logging_mixin.py:188} INFO - [2025-07-04T06:20:42.907+0000] {dagbag.py:545} INFO - Filling up the DagBag from /home/airflow/.local/lib/python3.12/site-packages/airflow/example_dags/example_task_group_decorator.py
[2025-07-04T06:20:42.968+0000] {processor.py:840} INFO - DAG(s) 'example_task_group_decorator' retrieved from /home/airflow/.local/lib/python3.12/site-packages/airflow/example_dags/example_task_group_decorator.py
[2025-07-04T06:20:43.042+0000] {logging_mixin.py:188} INFO - [2025-07-04T06:20:43.041+0000] {dag.py:3096} INFO - Sync 1 DAGs
[2025-07-04T06:20:43.118+0000] {logging_mixin.py:188} INFO - [2025-07-04T06:20:43.117+0000] {dag.py:3954} INFO - Setting next_dagrun for example_task_group_decorator to 2025-07-03 00:00:00+00:00, run_after=2025-07-04 00:00:00+00:00
[2025-07-04T06:20:43.164+0000] {processor.py:183} INFO - Processing /home/airflow/.local/lib/python3.12/site-packages/airflow/example_dags/example_task_group_decorator.py took 0.278 seconds
