[2025-07-04T06:14:12.309+0000] {processor.py:161} INFO - Started process (PID=103) to work on /home/airflow/.local/lib/python3.12/site-packages/airflow/example_dags/example_latest_only.py
[2025-07-04T06:14:12.310+0000] {processor.py:830} INFO - Processing file /home/airflow/.local/lib/python3.12/site-packages/airflow/example_dags/example_latest_only.py for tasks to queue
[2025-07-04T06:14:12.312+0000] {logging_mixin.py:188} INFO - [2025-07-04T06:14:12.312+0000] {dagbag.py:545} INFO - Filling up the DagBag from /home/airflow/.local/lib/python3.12/site-packages/airflow/example_dags/example_latest_only.py
[2025-07-04T06:14:12.317+0000] {processor.py:840} INFO - DAG(s) 'latest_only' retrieved from /home/airflow/.local/lib/python3.12/site-packages/airflow/example_dags/example_latest_only.py
[2025-07-04T06:14:12.493+0000] {logging_mixin.py:188} INFO - [2025-07-04T06:14:12.493+0000] {dag.py:3096} INFO - Sync 1 DAGs
[2025-07-04T06:14:12.521+0000] {logging_mixin.py:188} INFO - [2025-07-04T06:14:12.521+0000] {dag.py:3954} INFO - Setting next_dagrun for latest_only to 2025-07-04 00:00:00+00:00, run_after=2025-07-04 04:00:00+00:00
[2025-07-04T06:14:12.544+0000] {processor.py:183} INFO - Processing /home/airflow/.local/lib/python3.12/site-packages/airflow/example_dags/example_latest_only.py took 0.241 seconds
[2025-07-04T06:14:42.801+0000] {processor.py:161} INFO - Started process (PID=163) to work on /home/airflow/.local/lib/python3.12/site-packages/airflow/example_dags/example_latest_only.py
[2025-07-04T06:14:42.802+0000] {processor.py:830} INFO - Processing file /home/airflow/.local/lib/python3.12/site-packages/airflow/example_dags/example_latest_only.py for tasks to queue
[2025-07-04T06:14:42.805+0000] {logging_mixin.py:188} INFO - [2025-07-04T06:14:42.805+0000] {dagbag.py:545} INFO - Filling up the DagBag from /home/airflow/.local/lib/python3.12/site-packages/airflow/example_dags/example_latest_only.py
[2025-07-04T06:14:42.814+0000] {processor.py:840} INFO - DAG(s) 'latest_only' retrieved from /home/airflow/.local/lib/python3.12/site-packages/airflow/example_dags/example_latest_only.py
[2025-07-04T06:14:42.842+0000] {logging_mixin.py:188} INFO - [2025-07-04T06:14:42.842+0000] {dag.py:3096} INFO - Sync 1 DAGs
[2025-07-04T06:14:42.873+0000] {logging_mixin.py:188} INFO - [2025-07-04T06:14:42.873+0000] {dag.py:3954} INFO - Setting next_dagrun for latest_only to 2025-07-04 00:00:00+00:00, run_after=2025-07-04 04:00:00+00:00
[2025-07-04T06:14:42.898+0000] {processor.py:183} INFO - Processing /home/airflow/.local/lib/python3.12/site-packages/airflow/example_dags/example_latest_only.py took 0.106 seconds
[2025-07-04T06:15:13.527+0000] {processor.py:161} INFO - Started process (PID=223) to work on /home/airflow/.local/lib/python3.12/site-packages/airflow/example_dags/example_latest_only.py
[2025-07-04T06:15:13.527+0000] {processor.py:830} INFO - Processing file /home/airflow/.local/lib/python3.12/site-packages/airflow/example_dags/example_latest_only.py for tasks to queue
[2025-07-04T06:15:13.530+0000] {logging_mixin.py:188} INFO - [2025-07-04T06:15:13.529+0000] {dagbag.py:545} INFO - Filling up the DagBag from /home/airflow/.local/lib/python3.12/site-packages/airflow/example_dags/example_latest_only.py
[2025-07-04T06:15:13.534+0000] {processor.py:840} INFO - DAG(s) 'latest_only' retrieved from /home/airflow/.local/lib/python3.12/site-packages/airflow/example_dags/example_latest_only.py
[2025-07-04T06:15:13.556+0000] {logging_mixin.py:188} INFO - [2025-07-04T06:15:13.556+0000] {dag.py:3096} INFO - Sync 1 DAGs
[2025-07-04T06:15:13.579+0000] {logging_mixin.py:188} INFO - [2025-07-04T06:15:13.579+0000] {dag.py:3954} INFO - Setting next_dagrun for latest_only to 2025-07-04 00:00:00+00:00, run_after=2025-07-04 04:00:00+00:00
[2025-07-04T06:15:13.600+0000] {processor.py:183} INFO - Processing /home/airflow/.local/lib/python3.12/site-packages/airflow/example_dags/example_latest_only.py took 0.079 seconds
[2025-07-04T06:15:44.510+0000] {processor.py:161} INFO - Started process (PID=283) to work on /home/airflow/.local/lib/python3.12/site-packages/airflow/example_dags/example_latest_only.py
[2025-07-04T06:15:44.511+0000] {processor.py:830} INFO - Processing file /home/airflow/.local/lib/python3.12/site-packages/airflow/example_dags/example_latest_only.py for tasks to queue
[2025-07-04T06:15:44.513+0000] {logging_mixin.py:188} INFO - [2025-07-04T06:15:44.513+0000] {dagbag.py:545} INFO - Filling up the DagBag from /home/airflow/.local/lib/python3.12/site-packages/airflow/example_dags/example_latest_only.py
[2025-07-04T06:15:44.518+0000] {processor.py:840} INFO - DAG(s) 'latest_only' retrieved from /home/airflow/.local/lib/python3.12/site-packages/airflow/example_dags/example_latest_only.py
[2025-07-04T06:15:44.539+0000] {logging_mixin.py:188} INFO - [2025-07-04T06:15:44.539+0000] {dag.py:3096} INFO - Sync 1 DAGs
[2025-07-04T06:15:44.563+0000] {logging_mixin.py:188} INFO - [2025-07-04T06:15:44.563+0000] {dag.py:3954} INFO - Setting next_dagrun for latest_only to 2025-07-04 00:00:00+00:00, run_after=2025-07-04 04:00:00+00:00
[2025-07-04T06:15:44.584+0000] {processor.py:183} INFO - Processing /home/airflow/.local/lib/python3.12/site-packages/airflow/example_dags/example_latest_only.py took 0.080 seconds
[2025-07-04T06:16:14.897+0000] {processor.py:161} INFO - Started process (PID=343) to work on /home/airflow/.local/lib/python3.12/site-packages/airflow/example_dags/example_latest_only.py
[2025-07-04T06:16:14.898+0000] {processor.py:830} INFO - Processing file /home/airflow/.local/lib/python3.12/site-packages/airflow/example_dags/example_latest_only.py for tasks to queue
[2025-07-04T06:16:14.900+0000] {logging_mixin.py:188} INFO - [2025-07-04T06:16:14.900+0000] {dagbag.py:545} INFO - Filling up the DagBag from /home/airflow/.local/lib/python3.12/site-packages/airflow/example_dags/example_latest_only.py
[2025-07-04T06:16:14.905+0000] {processor.py:840} INFO - DAG(s) 'latest_only' retrieved from /home/airflow/.local/lib/python3.12/site-packages/airflow/example_dags/example_latest_only.py
[2025-07-04T06:16:14.926+0000] {logging_mixin.py:188} INFO - [2025-07-04T06:16:14.925+0000] {dag.py:3096} INFO - Sync 1 DAGs
[2025-07-04T06:16:14.948+0000] {logging_mixin.py:188} INFO - [2025-07-04T06:16:14.947+0000] {dag.py:3954} INFO - Setting next_dagrun for latest_only to 2025-07-04 00:00:00+00:00, run_after=2025-07-04 04:00:00+00:00
[2025-07-04T06:16:14.967+0000] {processor.py:183} INFO - Processing /home/airflow/.local/lib/python3.12/site-packages/airflow/example_dags/example_latest_only.py took 0.075 seconds
[2025-07-04T06:16:45.071+0000] {processor.py:161} INFO - Started process (PID=403) to work on /home/airflow/.local/lib/python3.12/site-packages/airflow/example_dags/example_latest_only.py
[2025-07-04T06:16:45.072+0000] {processor.py:830} INFO - Processing file /home/airflow/.local/lib/python3.12/site-packages/airflow/example_dags/example_latest_only.py for tasks to queue
[2025-07-04T06:16:45.074+0000] {logging_mixin.py:188} INFO - [2025-07-04T06:16:45.074+0000] {dagbag.py:545} INFO - Filling up the DagBag from /home/airflow/.local/lib/python3.12/site-packages/airflow/example_dags/example_latest_only.py
[2025-07-04T06:16:45.078+0000] {processor.py:840} INFO - DAG(s) 'latest_only' retrieved from /home/airflow/.local/lib/python3.12/site-packages/airflow/example_dags/example_latest_only.py
[2025-07-04T06:16:45.096+0000] {logging_mixin.py:188} INFO - [2025-07-04T06:16:45.096+0000] {dag.py:3096} INFO - Sync 1 DAGs
[2025-07-04T06:16:45.116+0000] {logging_mixin.py:188} INFO - [2025-07-04T06:16:45.116+0000] {dag.py:3954} INFO - Setting next_dagrun for latest_only to 2025-07-04 00:00:00+00:00, run_after=2025-07-04 04:00:00+00:00
[2025-07-04T06:16:45.134+0000] {processor.py:183} INFO - Processing /home/airflow/.local/lib/python3.12/site-packages/airflow/example_dags/example_latest_only.py took 0.068 seconds
[2025-07-04T06:17:15.301+0000] {processor.py:161} INFO - Started process (PID=462) to work on /home/airflow/.local/lib/python3.12/site-packages/airflow/example_dags/example_latest_only.py
[2025-07-04T06:17:15.302+0000] {processor.py:830} INFO - Processing file /home/airflow/.local/lib/python3.12/site-packages/airflow/example_dags/example_latest_only.py for tasks to queue
[2025-07-04T06:17:15.304+0000] {logging_mixin.py:188} INFO - [2025-07-04T06:17:15.304+0000] {dagbag.py:545} INFO - Filling up the DagBag from /home/airflow/.local/lib/python3.12/site-packages/airflow/example_dags/example_latest_only.py
[2025-07-04T06:17:15.308+0000] {processor.py:840} INFO - DAG(s) 'latest_only' retrieved from /home/airflow/.local/lib/python3.12/site-packages/airflow/example_dags/example_latest_only.py
[2025-07-04T06:17:15.328+0000] {logging_mixin.py:188} INFO - [2025-07-04T06:17:15.327+0000] {dag.py:3096} INFO - Sync 1 DAGs
[2025-07-04T06:17:15.348+0000] {logging_mixin.py:188} INFO - [2025-07-04T06:17:15.348+0000] {dag.py:3954} INFO - Setting next_dagrun for latest_only to 2025-07-04 00:00:00+00:00, run_after=2025-07-04 04:00:00+00:00
[2025-07-04T06:17:15.366+0000] {processor.py:183} INFO - Processing /home/airflow/.local/lib/python3.12/site-packages/airflow/example_dags/example_latest_only.py took 0.069 seconds
[2025-07-04T06:17:45.736+0000] {processor.py:161} INFO - Started process (PID=522) to work on /home/airflow/.local/lib/python3.12/site-packages/airflow/example_dags/example_latest_only.py
[2025-07-04T06:17:45.737+0000] {processor.py:830} INFO - Processing file /home/airflow/.local/lib/python3.12/site-packages/airflow/example_dags/example_latest_only.py for tasks to queue
[2025-07-04T06:17:45.739+0000] {logging_mixin.py:188} INFO - [2025-07-04T06:17:45.739+0000] {dagbag.py:545} INFO - Filling up the DagBag from /home/airflow/.local/lib/python3.12/site-packages/airflow/example_dags/example_latest_only.py
[2025-07-04T06:17:45.745+0000] {processor.py:840} INFO - DAG(s) 'latest_only' retrieved from /home/airflow/.local/lib/python3.12/site-packages/airflow/example_dags/example_latest_only.py
[2025-07-04T06:17:45.769+0000] {logging_mixin.py:188} INFO - [2025-07-04T06:17:45.769+0000] {dag.py:3096} INFO - Sync 1 DAGs
[2025-07-04T06:17:45.797+0000] {logging_mixin.py:188} INFO - [2025-07-04T06:17:45.797+0000] {dag.py:3954} INFO - Setting next_dagrun for latest_only to 2025-07-04 00:00:00+00:00, run_after=2025-07-04 04:00:00+00:00
[2025-07-04T06:17:45.822+0000] {processor.py:183} INFO - Processing /home/airflow/.local/lib/python3.12/site-packages/airflow/example_dags/example_latest_only.py took 0.093 seconds
[2025-07-04T06:18:15.989+0000] {processor.py:161} INFO - Started process (PID=582) to work on /home/airflow/.local/lib/python3.12/site-packages/airflow/example_dags/example_latest_only.py
[2025-07-04T06:18:15.990+0000] {processor.py:830} INFO - Processing file /home/airflow/.local/lib/python3.12/site-packages/airflow/example_dags/example_latest_only.py for tasks to queue
[2025-07-04T06:18:15.991+0000] {logging_mixin.py:188} INFO - [2025-07-04T06:18:15.991+0000] {dagbag.py:545} INFO - Filling up the DagBag from /home/airflow/.local/lib/python3.12/site-packages/airflow/example_dags/example_latest_only.py
[2025-07-04T06:18:15.995+0000] {processor.py:840} INFO - DAG(s) 'latest_only' retrieved from /home/airflow/.local/lib/python3.12/site-packages/airflow/example_dags/example_latest_only.py
[2025-07-04T06:18:16.014+0000] {logging_mixin.py:188} INFO - [2025-07-04T06:18:16.013+0000] {dag.py:3096} INFO - Sync 1 DAGs
[2025-07-04T06:18:16.034+0000] {logging_mixin.py:188} INFO - [2025-07-04T06:18:16.034+0000] {dag.py:3954} INFO - Setting next_dagrun for latest_only to 2025-07-04 00:00:00+00:00, run_after=2025-07-04 04:00:00+00:00
[2025-07-04T06:18:16.052+0000] {processor.py:183} INFO - Processing /home/airflow/.local/lib/python3.12/site-packages/airflow/example_dags/example_latest_only.py took 0.068 seconds
[2025-07-04T06:18:46.883+0000] {processor.py:161} INFO - Started process (PID=642) to work on /home/airflow/.local/lib/python3.12/site-packages/airflow/example_dags/example_latest_only.py
[2025-07-04T06:18:46.884+0000] {processor.py:830} INFO - Processing file /home/airflow/.local/lib/python3.12/site-packages/airflow/example_dags/example_latest_only.py for tasks to queue
[2025-07-04T06:18:46.886+0000] {logging_mixin.py:188} INFO - [2025-07-04T06:18:46.886+0000] {dagbag.py:545} INFO - Filling up the DagBag from /home/airflow/.local/lib/python3.12/site-packages/airflow/example_dags/example_latest_only.py
[2025-07-04T06:18:46.892+0000] {processor.py:840} INFO - DAG(s) 'latest_only' retrieved from /home/airflow/.local/lib/python3.12/site-packages/airflow/example_dags/example_latest_only.py
[2025-07-04T06:18:46.918+0000] {logging_mixin.py:188} INFO - [2025-07-04T06:18:46.918+0000] {dag.py:3096} INFO - Sync 1 DAGs
[2025-07-04T06:18:46.943+0000] {logging_mixin.py:188} INFO - [2025-07-04T06:18:46.943+0000] {dag.py:3954} INFO - Setting next_dagrun for latest_only to 2025-07-04 00:00:00+00:00, run_after=2025-07-04 04:00:00+00:00
[2025-07-04T06:18:46.964+0000] {processor.py:183} INFO - Processing /home/airflow/.local/lib/python3.12/site-packages/airflow/example_dags/example_latest_only.py took 0.087 seconds
[2025-07-04T06:19:17.936+0000] {processor.py:161} INFO - Started process (PID=702) to work on /home/airflow/.local/lib/python3.12/site-packages/airflow/example_dags/example_latest_only.py
[2025-07-04T06:19:17.938+0000] {processor.py:830} INFO - Processing file /home/airflow/.local/lib/python3.12/site-packages/airflow/example_dags/example_latest_only.py for tasks to queue
[2025-07-04T06:19:17.940+0000] {logging_mixin.py:188} INFO - [2025-07-04T06:19:17.940+0000] {dagbag.py:545} INFO - Filling up the DagBag from /home/airflow/.local/lib/python3.12/site-packages/airflow/example_dags/example_latest_only.py
[2025-07-04T06:19:17.948+0000] {processor.py:840} INFO - DAG(s) 'latest_only' retrieved from /home/airflow/.local/lib/python3.12/site-packages/airflow/example_dags/example_latest_only.py
[2025-07-04T06:19:17.988+0000] {logging_mixin.py:188} INFO - [2025-07-04T06:19:17.987+0000] {dag.py:3096} INFO - Sync 1 DAGs
[2025-07-04T06:19:18.034+0000] {logging_mixin.py:188} INFO - [2025-07-04T06:19:18.034+0000] {dag.py:3954} INFO - Setting next_dagrun for latest_only to 2025-07-04 00:00:00+00:00, run_after=2025-07-04 04:00:00+00:00
[2025-07-04T06:19:18.071+0000] {processor.py:183} INFO - Processing /home/airflow/.local/lib/python3.12/site-packages/airflow/example_dags/example_latest_only.py took 0.145 seconds
[2025-07-04T06:19:48.234+0000] {processor.py:161} INFO - Started process (PID=762) to work on /home/airflow/.local/lib/python3.12/site-packages/airflow/example_dags/example_latest_only.py
[2025-07-04T06:19:48.235+0000] {processor.py:830} INFO - Processing file /home/airflow/.local/lib/python3.12/site-packages/airflow/example_dags/example_latest_only.py for tasks to queue
[2025-07-04T06:19:48.237+0000] {logging_mixin.py:188} INFO - [2025-07-04T06:19:48.237+0000] {dagbag.py:545} INFO - Filling up the DagBag from /home/airflow/.local/lib/python3.12/site-packages/airflow/example_dags/example_latest_only.py
[2025-07-04T06:19:48.241+0000] {processor.py:840} INFO - DAG(s) 'latest_only' retrieved from /home/airflow/.local/lib/python3.12/site-packages/airflow/example_dags/example_latest_only.py
[2025-07-04T06:19:48.260+0000] {logging_mixin.py:188} INFO - [2025-07-04T06:19:48.260+0000] {dag.py:3096} INFO - Sync 1 DAGs
[2025-07-04T06:19:48.280+0000] {logging_mixin.py:188} INFO - [2025-07-04T06:19:48.279+0000] {dag.py:3954} INFO - Setting next_dagrun for latest_only to 2025-07-04 00:00:00+00:00, run_after=2025-07-04 04:00:00+00:00
[2025-07-04T06:19:48.297+0000] {processor.py:183} INFO - Processing /home/airflow/.local/lib/python3.12/site-packages/airflow/example_dags/example_latest_only.py took 0.069 seconds
[2025-07-04T06:20:18.435+0000] {processor.py:161} INFO - Started process (PID=822) to work on /home/airflow/.local/lib/python3.12/site-packages/airflow/example_dags/example_latest_only.py
[2025-07-04T06:20:18.436+0000] {processor.py:830} INFO - Processing file /home/airflow/.local/lib/python3.12/site-packages/airflow/example_dags/example_latest_only.py for tasks to queue
[2025-07-04T06:20:18.438+0000] {logging_mixin.py:188} INFO - [2025-07-04T06:20:18.438+0000] {dagbag.py:545} INFO - Filling up the DagBag from /home/airflow/.local/lib/python3.12/site-packages/airflow/example_dags/example_latest_only.py
[2025-07-04T06:20:18.443+0000] {processor.py:840} INFO - DAG(s) 'latest_only' retrieved from /home/airflow/.local/lib/python3.12/site-packages/airflow/example_dags/example_latest_only.py
[2025-07-04T06:20:18.465+0000] {logging_mixin.py:188} INFO - [2025-07-04T06:20:18.465+0000] {dag.py:3096} INFO - Sync 1 DAGs
[2025-07-04T06:20:18.489+0000] {logging_mixin.py:188} INFO - [2025-07-04T06:20:18.489+0000] {dag.py:3954} INFO - Setting next_dagrun for latest_only to 2025-07-04 00:00:00+00:00, run_after=2025-07-04 04:00:00+00:00
[2025-07-04T06:20:18.512+0000] {processor.py:183} INFO - Processing /home/airflow/.local/lib/python3.12/site-packages/airflow/example_dags/example_latest_only.py took 0.083 seconds
[2025-07-04T06:20:49.063+0000] {processor.py:161} INFO - Started process (PID=880) to work on /home/airflow/.local/lib/python3.12/site-packages/airflow/example_dags/example_latest_only.py
[2025-07-04T06:20:49.064+0000] {processor.py:830} INFO - Processing file /home/airflow/.local/lib/python3.12/site-packages/airflow/example_dags/example_latest_only.py for tasks to queue
[2025-07-04T06:20:49.066+0000] {logging_mixin.py:188} INFO - [2025-07-04T06:20:49.066+0000] {dagbag.py:545} INFO - Filling up the DagBag from /home/airflow/.local/lib/python3.12/site-packages/airflow/example_dags/example_latest_only.py
[2025-07-04T06:20:49.071+0000] {processor.py:840} INFO - DAG(s) 'latest_only' retrieved from /home/airflow/.local/lib/python3.12/site-packages/airflow/example_dags/example_latest_only.py
[2025-07-04T06:20:49.094+0000] {logging_mixin.py:188} INFO - [2025-07-04T06:20:49.093+0000] {dag.py:3096} INFO - Sync 1 DAGs
[2025-07-04T06:20:49.119+0000] {logging_mixin.py:188} INFO - [2025-07-04T06:20:49.119+0000] {dag.py:3954} INFO - Setting next_dagrun for latest_only to 2025-07-04 00:00:00+00:00, run_after=2025-07-04 04:00:00+00:00
[2025-07-04T06:20:49.141+0000] {processor.py:183} INFO - Processing /home/airflow/.local/lib/python3.12/site-packages/airflow/example_dags/example_latest_only.py took 0.084 seconds
