[2025-07-04T06:14:09.444+0000] {processor.py:161} INFO - Started process (PID=81) to work on /home/airflow/.local/lib/python3.12/site-packages/airflow/example_dags/tutorial.py
[2025-07-04T06:14:09.445+0000] {processor.py:830} INFO - Processing file /home/airflow/.local/lib/python3.12/site-packages/airflow/example_dags/tutorial.py for tasks to queue
[2025-07-04T06:14:09.448+0000] {logging_mixin.py:188} INFO - [2025-07-04T06:14:09.447+0000] {dagbag.py:545} INFO - Filling up the DagBag from /home/airflow/.local/lib/python3.12/site-packages/airflow/example_dags/tutorial.py
[2025-07-04T06:14:09.456+0000] {processor.py:840} INFO - DAG(s) 'tutorial' retrieved from /home/airflow/.local/lib/python3.12/site-packages/airflow/example_dags/tutorial.py
[2025-07-04T06:14:09.638+0000] {logging_mixin.py:188} INFO - [2025-07-04T06:14:09.638+0000] {dag.py:3096} INFO - Sync 1 DAGs
[2025-07-04T06:14:09.671+0000] {logging_mixin.py:188} INFO - [2025-07-04T06:14:09.670+0000] {dag.py:3954} INFO - Setting next_dagrun for tutorial to 2025-07-03 00:00:00+00:00, run_after=2025-07-04 00:00:00+00:00
[2025-07-04T06:14:09.702+0000] {processor.py:183} INFO - Processing /home/airflow/.local/lib/python3.12/site-packages/airflow/example_dags/tutorial.py took 0.265 seconds
[2025-07-04T06:14:40.250+0000] {processor.py:161} INFO - Started process (PID=147) to work on /home/airflow/.local/lib/python3.12/site-packages/airflow/example_dags/tutorial.py
[2025-07-04T06:14:40.251+0000] {processor.py:830} INFO - Processing file /home/airflow/.local/lib/python3.12/site-packages/airflow/example_dags/tutorial.py for tasks to queue
[2025-07-04T06:14:40.253+0000] {logging_mixin.py:188} INFO - [2025-07-04T06:14:40.253+0000] {dagbag.py:545} INFO - Filling up the DagBag from /home/airflow/.local/lib/python3.12/site-packages/airflow/example_dags/tutorial.py
[2025-07-04T06:14:40.259+0000] {processor.py:840} INFO - DAG(s) 'tutorial' retrieved from /home/airflow/.local/lib/python3.12/site-packages/airflow/example_dags/tutorial.py
[2025-07-04T06:14:40.283+0000] {logging_mixin.py:188} INFO - [2025-07-04T06:14:40.283+0000] {dag.py:3096} INFO - Sync 1 DAGs
[2025-07-04T06:14:40.313+0000] {logging_mixin.py:188} INFO - [2025-07-04T06:14:40.313+0000] {dag.py:3954} INFO - Setting next_dagrun for tutorial to 2025-07-03 00:00:00+00:00, run_after=2025-07-04 00:00:00+00:00
[2025-07-04T06:14:40.336+0000] {processor.py:183} INFO - Processing /home/airflow/.local/lib/python3.12/site-packages/airflow/example_dags/tutorial.py took 0.092 seconds
[2025-07-04T06:15:10.395+0000] {processor.py:161} INFO - Started process (PID=207) to work on /home/airflow/.local/lib/python3.12/site-packages/airflow/example_dags/tutorial.py
[2025-07-04T06:15:10.396+0000] {processor.py:830} INFO - Processing file /home/airflow/.local/lib/python3.12/site-packages/airflow/example_dags/tutorial.py for tasks to queue
[2025-07-04T06:15:10.397+0000] {logging_mixin.py:188} INFO - [2025-07-04T06:15:10.397+0000] {dagbag.py:545} INFO - Filling up the DagBag from /home/airflow/.local/lib/python3.12/site-packages/airflow/example_dags/tutorial.py
[2025-07-04T06:15:10.403+0000] {processor.py:840} INFO - DAG(s) 'tutorial' retrieved from /home/airflow/.local/lib/python3.12/site-packages/airflow/example_dags/tutorial.py
[2025-07-04T06:15:10.424+0000] {logging_mixin.py:188} INFO - [2025-07-04T06:15:10.424+0000] {dag.py:3096} INFO - Sync 1 DAGs
[2025-07-04T06:15:10.447+0000] {logging_mixin.py:188} INFO - [2025-07-04T06:15:10.447+0000] {dag.py:3954} INFO - Setting next_dagrun for tutorial to 2025-07-03 00:00:00+00:00, run_after=2025-07-04 00:00:00+00:00
[2025-07-04T06:15:10.466+0000] {processor.py:183} INFO - Processing /home/airflow/.local/lib/python3.12/site-packages/airflow/example_dags/tutorial.py took 0.077 seconds
[2025-07-04T06:15:41.430+0000] {processor.py:161} INFO - Started process (PID=267) to work on /home/airflow/.local/lib/python3.12/site-packages/airflow/example_dags/tutorial.py
[2025-07-04T06:15:41.431+0000] {processor.py:830} INFO - Processing file /home/airflow/.local/lib/python3.12/site-packages/airflow/example_dags/tutorial.py for tasks to queue
[2025-07-04T06:15:41.433+0000] {logging_mixin.py:188} INFO - [2025-07-04T06:15:41.433+0000] {dagbag.py:545} INFO - Filling up the DagBag from /home/airflow/.local/lib/python3.12/site-packages/airflow/example_dags/tutorial.py
[2025-07-04T06:15:41.439+0000] {processor.py:840} INFO - DAG(s) 'tutorial' retrieved from /home/airflow/.local/lib/python3.12/site-packages/airflow/example_dags/tutorial.py
[2025-07-04T06:15:41.460+0000] {logging_mixin.py:188} INFO - [2025-07-04T06:15:41.460+0000] {dag.py:3096} INFO - Sync 1 DAGs
[2025-07-04T06:15:41.483+0000] {logging_mixin.py:188} INFO - [2025-07-04T06:15:41.483+0000] {dag.py:3954} INFO - Setting next_dagrun for tutorial to 2025-07-03 00:00:00+00:00, run_after=2025-07-04 00:00:00+00:00
[2025-07-04T06:15:41.505+0000] {processor.py:183} INFO - Processing /home/airflow/.local/lib/python3.12/site-packages/airflow/example_dags/tutorial.py took 0.080 seconds
[2025-07-04T06:16:11.790+0000] {processor.py:161} INFO - Started process (PID=327) to work on /home/airflow/.local/lib/python3.12/site-packages/airflow/example_dags/tutorial.py
[2025-07-04T06:16:11.790+0000] {processor.py:830} INFO - Processing file /home/airflow/.local/lib/python3.12/site-packages/airflow/example_dags/tutorial.py for tasks to queue
[2025-07-04T06:16:11.792+0000] {logging_mixin.py:188} INFO - [2025-07-04T06:16:11.792+0000] {dagbag.py:545} INFO - Filling up the DagBag from /home/airflow/.local/lib/python3.12/site-packages/airflow/example_dags/tutorial.py
[2025-07-04T06:16:11.797+0000] {processor.py:840} INFO - DAG(s) 'tutorial' retrieved from /home/airflow/.local/lib/python3.12/site-packages/airflow/example_dags/tutorial.py
[2025-07-04T06:16:11.816+0000] {logging_mixin.py:188} INFO - [2025-07-04T06:16:11.815+0000] {dag.py:3096} INFO - Sync 1 DAGs
[2025-07-04T06:16:11.837+0000] {logging_mixin.py:188} INFO - [2025-07-04T06:16:11.837+0000] {dag.py:3954} INFO - Setting next_dagrun for tutorial to 2025-07-03 00:00:00+00:00, run_after=2025-07-04 00:00:00+00:00
[2025-07-04T06:16:11.854+0000] {processor.py:183} INFO - Processing /home/airflow/.local/lib/python3.12/site-packages/airflow/example_dags/tutorial.py took 0.069 seconds
[2025-07-04T06:16:41.936+0000] {processor.py:161} INFO - Started process (PID=385) to work on /home/airflow/.local/lib/python3.12/site-packages/airflow/example_dags/tutorial.py
[2025-07-04T06:16:41.937+0000] {processor.py:830} INFO - Processing file /home/airflow/.local/lib/python3.12/site-packages/airflow/example_dags/tutorial.py for tasks to queue
[2025-07-04T06:16:41.938+0000] {logging_mixin.py:188} INFO - [2025-07-04T06:16:41.938+0000] {dagbag.py:545} INFO - Filling up the DagBag from /home/airflow/.local/lib/python3.12/site-packages/airflow/example_dags/tutorial.py
[2025-07-04T06:16:41.944+0000] {processor.py:840} INFO - DAG(s) 'tutorial' retrieved from /home/airflow/.local/lib/python3.12/site-packages/airflow/example_dags/tutorial.py
[2025-07-04T06:16:41.962+0000] {logging_mixin.py:188} INFO - [2025-07-04T06:16:41.962+0000] {dag.py:3096} INFO - Sync 1 DAGs
[2025-07-04T06:16:41.983+0000] {logging_mixin.py:188} INFO - [2025-07-04T06:16:41.983+0000] {dag.py:3954} INFO - Setting next_dagrun for tutorial to 2025-07-03 00:00:00+00:00, run_after=2025-07-04 00:00:00+00:00
[2025-07-04T06:16:42.000+0000] {processor.py:183} INFO - Processing /home/airflow/.local/lib/python3.12/site-packages/airflow/example_dags/tutorial.py took 0.069 seconds
[2025-07-04T06:17:12.184+0000] {processor.py:161} INFO - Started process (PID=445) to work on /home/airflow/.local/lib/python3.12/site-packages/airflow/example_dags/tutorial.py
[2025-07-04T06:17:12.185+0000] {processor.py:830} INFO - Processing file /home/airflow/.local/lib/python3.12/site-packages/airflow/example_dags/tutorial.py for tasks to queue
[2025-07-04T06:17:12.187+0000] {logging_mixin.py:188} INFO - [2025-07-04T06:17:12.187+0000] {dagbag.py:545} INFO - Filling up the DagBag from /home/airflow/.local/lib/python3.12/site-packages/airflow/example_dags/tutorial.py
[2025-07-04T06:17:12.195+0000] {processor.py:840} INFO - DAG(s) 'tutorial' retrieved from /home/airflow/.local/lib/python3.12/site-packages/airflow/example_dags/tutorial.py
[2025-07-04T06:17:12.225+0000] {logging_mixin.py:188} INFO - [2025-07-04T06:17:12.225+0000] {dag.py:3096} INFO - Sync 1 DAGs
[2025-07-04T06:17:12.260+0000] {logging_mixin.py:188} INFO - [2025-07-04T06:17:12.259+0000] {dag.py:3954} INFO - Setting next_dagrun for tutorial to 2025-07-03 00:00:00+00:00, run_after=2025-07-04 00:00:00+00:00
[2025-07-04T06:17:12.289+0000] {processor.py:183} INFO - Processing /home/airflow/.local/lib/python3.12/site-packages/airflow/example_dags/tutorial.py took 0.112 seconds
[2025-07-04T06:17:42.423+0000] {processor.py:161} INFO - Started process (PID=505) to work on /home/airflow/.local/lib/python3.12/site-packages/airflow/example_dags/tutorial.py
[2025-07-04T06:17:42.424+0000] {processor.py:830} INFO - Processing file /home/airflow/.local/lib/python3.12/site-packages/airflow/example_dags/tutorial.py for tasks to queue
[2025-07-04T06:17:42.426+0000] {logging_mixin.py:188} INFO - [2025-07-04T06:17:42.425+0000] {dagbag.py:545} INFO - Filling up the DagBag from /home/airflow/.local/lib/python3.12/site-packages/airflow/example_dags/tutorial.py
[2025-07-04T06:17:42.432+0000] {processor.py:840} INFO - DAG(s) 'tutorial' retrieved from /home/airflow/.local/lib/python3.12/site-packages/airflow/example_dags/tutorial.py
[2025-07-04T06:17:42.453+0000] {logging_mixin.py:188} INFO - [2025-07-04T06:17:42.453+0000] {dag.py:3096} INFO - Sync 1 DAGs
[2025-07-04T06:17:42.476+0000] {logging_mixin.py:188} INFO - [2025-07-04T06:17:42.476+0000] {dag.py:3954} INFO - Setting next_dagrun for tutorial to 2025-07-03 00:00:00+00:00, run_after=2025-07-04 00:00:00+00:00
[2025-07-04T06:17:42.496+0000] {processor.py:183} INFO - Processing /home/airflow/.local/lib/python3.12/site-packages/airflow/example_dags/tutorial.py took 0.080 seconds
[2025-07-04T06:18:12.559+0000] {processor.py:161} INFO - Started process (PID=565) to work on /home/airflow/.local/lib/python3.12/site-packages/airflow/example_dags/tutorial.py
[2025-07-04T06:18:12.560+0000] {processor.py:830} INFO - Processing file /home/airflow/.local/lib/python3.12/site-packages/airflow/example_dags/tutorial.py for tasks to queue
[2025-07-04T06:18:12.562+0000] {logging_mixin.py:188} INFO - [2025-07-04T06:18:12.561+0000] {dagbag.py:545} INFO - Filling up the DagBag from /home/airflow/.local/lib/python3.12/site-packages/airflow/example_dags/tutorial.py
[2025-07-04T06:18:12.567+0000] {processor.py:840} INFO - DAG(s) 'tutorial' retrieved from /home/airflow/.local/lib/python3.12/site-packages/airflow/example_dags/tutorial.py
[2025-07-04T06:18:12.586+0000] {logging_mixin.py:188} INFO - [2025-07-04T06:18:12.586+0000] {dag.py:3096} INFO - Sync 1 DAGs
[2025-07-04T06:18:12.607+0000] {logging_mixin.py:188} INFO - [2025-07-04T06:18:12.606+0000] {dag.py:3954} INFO - Setting next_dagrun for tutorial to 2025-07-03 00:00:00+00:00, run_after=2025-07-04 00:00:00+00:00
[2025-07-04T06:18:12.627+0000] {processor.py:183} INFO - Processing /home/airflow/.local/lib/python3.12/site-packages/airflow/example_dags/tutorial.py took 0.073 seconds
[2025-07-04T06:18:43.347+0000] {processor.py:161} INFO - Started process (PID=625) to work on /home/airflow/.local/lib/python3.12/site-packages/airflow/example_dags/tutorial.py
[2025-07-04T06:18:43.349+0000] {processor.py:830} INFO - Processing file /home/airflow/.local/lib/python3.12/site-packages/airflow/example_dags/tutorial.py for tasks to queue
[2025-07-04T06:18:43.352+0000] {logging_mixin.py:188} INFO - [2025-07-04T06:18:43.351+0000] {dagbag.py:545} INFO - Filling up the DagBag from /home/airflow/.local/lib/python3.12/site-packages/airflow/example_dags/tutorial.py
[2025-07-04T06:18:43.363+0000] {processor.py:840} INFO - DAG(s) 'tutorial' retrieved from /home/airflow/.local/lib/python3.12/site-packages/airflow/example_dags/tutorial.py
[2025-07-04T06:18:43.393+0000] {logging_mixin.py:188} INFO - [2025-07-04T06:18:43.393+0000] {dag.py:3096} INFO - Sync 1 DAGs
[2025-07-04T06:18:43.429+0000] {logging_mixin.py:188} INFO - [2025-07-04T06:18:43.428+0000] {dag.py:3954} INFO - Setting next_dagrun for tutorial to 2025-07-03 00:00:00+00:00, run_after=2025-07-04 00:00:00+00:00
[2025-07-04T06:18:43.457+0000] {processor.py:183} INFO - Processing /home/airflow/.local/lib/python3.12/site-packages/airflow/example_dags/tutorial.py took 0.119 seconds
[2025-07-04T06:19:13.554+0000] {processor.py:161} INFO - Started process (PID=685) to work on /home/airflow/.local/lib/python3.12/site-packages/airflow/example_dags/tutorial.py
[2025-07-04T06:19:13.554+0000] {processor.py:830} INFO - Processing file /home/airflow/.local/lib/python3.12/site-packages/airflow/example_dags/tutorial.py for tasks to queue
[2025-07-04T06:19:13.556+0000] {logging_mixin.py:188} INFO - [2025-07-04T06:19:13.556+0000] {dagbag.py:545} INFO - Filling up the DagBag from /home/airflow/.local/lib/python3.12/site-packages/airflow/example_dags/tutorial.py
[2025-07-04T06:19:13.563+0000] {processor.py:840} INFO - DAG(s) 'tutorial' retrieved from /home/airflow/.local/lib/python3.12/site-packages/airflow/example_dags/tutorial.py
[2025-07-04T06:19:13.583+0000] {logging_mixin.py:188} INFO - [2025-07-04T06:19:13.583+0000] {dag.py:3096} INFO - Sync 1 DAGs
[2025-07-04T06:19:13.605+0000] {logging_mixin.py:188} INFO - [2025-07-04T06:19:13.605+0000] {dag.py:3954} INFO - Setting next_dagrun for tutorial to 2025-07-03 00:00:00+00:00, run_after=2025-07-04 00:00:00+00:00
[2025-07-04T06:19:13.625+0000] {processor.py:183} INFO - Processing /home/airflow/.local/lib/python3.12/site-packages/airflow/example_dags/tutorial.py took 0.076 seconds
[2025-07-04T06:19:43.790+0000] {processor.py:161} INFO - Started process (PID=745) to work on /home/airflow/.local/lib/python3.12/site-packages/airflow/example_dags/tutorial.py
[2025-07-04T06:19:43.791+0000] {processor.py:830} INFO - Processing file /home/airflow/.local/lib/python3.12/site-packages/airflow/example_dags/tutorial.py for tasks to queue
[2025-07-04T06:19:43.793+0000] {logging_mixin.py:188} INFO - [2025-07-04T06:19:43.793+0000] {dagbag.py:545} INFO - Filling up the DagBag from /home/airflow/.local/lib/python3.12/site-packages/airflow/example_dags/tutorial.py
[2025-07-04T06:19:43.798+0000] {processor.py:840} INFO - DAG(s) 'tutorial' retrieved from /home/airflow/.local/lib/python3.12/site-packages/airflow/example_dags/tutorial.py
[2025-07-04T06:19:43.818+0000] {logging_mixin.py:188} INFO - [2025-07-04T06:19:43.817+0000] {dag.py:3096} INFO - Sync 1 DAGs
[2025-07-04T06:19:43.838+0000] {logging_mixin.py:188} INFO - [2025-07-04T06:19:43.838+0000] {dag.py:3954} INFO - Setting next_dagrun for tutorial to 2025-07-03 00:00:00+00:00, run_after=2025-07-04 00:00:00+00:00
[2025-07-04T06:19:43.856+0000] {processor.py:183} INFO - Processing /home/airflow/.local/lib/python3.12/site-packages/airflow/example_dags/tutorial.py took 0.071 seconds
[2025-07-04T06:20:14.330+0000] {processor.py:161} INFO - Started process (PID=805) to work on /home/airflow/.local/lib/python3.12/site-packages/airflow/example_dags/tutorial.py
[2025-07-04T06:20:14.332+0000] {processor.py:830} INFO - Processing file /home/airflow/.local/lib/python3.12/site-packages/airflow/example_dags/tutorial.py for tasks to queue
[2025-07-04T06:20:14.335+0000] {logging_mixin.py:188} INFO - [2025-07-04T06:20:14.334+0000] {dagbag.py:545} INFO - Filling up the DagBag from /home/airflow/.local/lib/python3.12/site-packages/airflow/example_dags/tutorial.py
[2025-07-04T06:20:14.341+0000] {processor.py:840} INFO - DAG(s) 'tutorial' retrieved from /home/airflow/.local/lib/python3.12/site-packages/airflow/example_dags/tutorial.py
[2025-07-04T06:20:14.364+0000] {logging_mixin.py:188} INFO - [2025-07-04T06:20:14.364+0000] {dag.py:3096} INFO - Sync 1 DAGs
[2025-07-04T06:20:14.395+0000] {logging_mixin.py:188} INFO - [2025-07-04T06:20:14.395+0000] {dag.py:3954} INFO - Setting next_dagrun for tutorial to 2025-07-03 00:00:00+00:00, run_after=2025-07-04 00:00:00+00:00
[2025-07-04T06:20:14.416+0000] {processor.py:183} INFO - Processing /home/airflow/.local/lib/python3.12/site-packages/airflow/example_dags/tutorial.py took 0.092 seconds
[2025-07-04T06:20:45.021+0000] {processor.py:161} INFO - Started process (PID=865) to work on /home/airflow/.local/lib/python3.12/site-packages/airflow/example_dags/tutorial.py
[2025-07-04T06:20:45.022+0000] {processor.py:830} INFO - Processing file /home/airflow/.local/lib/python3.12/site-packages/airflow/example_dags/tutorial.py for tasks to queue
[2025-07-04T06:20:45.024+0000] {logging_mixin.py:188} INFO - [2025-07-04T06:20:45.024+0000] {dagbag.py:545} INFO - Filling up the DagBag from /home/airflow/.local/lib/python3.12/site-packages/airflow/example_dags/tutorial.py
[2025-07-04T06:20:45.031+0000] {processor.py:840} INFO - DAG(s) 'tutorial' retrieved from /home/airflow/.local/lib/python3.12/site-packages/airflow/example_dags/tutorial.py
[2025-07-04T06:20:45.056+0000] {logging_mixin.py:188} INFO - [2025-07-04T06:20:45.055+0000] {dag.py:3096} INFO - Sync 1 DAGs
[2025-07-04T06:20:45.083+0000] {logging_mixin.py:188} INFO - [2025-07-04T06:20:45.083+0000] {dag.py:3954} INFO - Setting next_dagrun for tutorial to 2025-07-03 00:00:00+00:00, run_after=2025-07-04 00:00:00+00:00
[2025-07-04T06:20:45.110+0000] {processor.py:183} INFO - Processing /home/airflow/.local/lib/python3.12/site-packages/airflow/example_dags/tutorial.py took 0.095 seconds
