[2025-07-04T06:14:07.369+0000] {processor.py:161} INFO - Started process (PID=69) to work on /home/airflow/.local/lib/python3.12/site-packages/airflow/example_dags/tutorial_taskflow_api.py
[2025-07-04T06:14:07.371+0000] {processor.py:830} INFO - Processing file /home/airflow/.local/lib/python3.12/site-packages/airflow/example_dags/tutorial_taskflow_api.py for tasks to queue
[2025-07-04T06:14:07.377+0000] {logging_mixin.py:188} INFO - [2025-07-04T06:14:07.377+0000] {dagbag.py:545} INFO - Filling up the DagBag from /home/airflow/.local/lib/python3.12/site-packages/airflow/example_dags/tutorial_taskflow_api.py
[2025-07-04T06:14:07.388+0000] {processor.py:840} INFO - DAG(s) 'tutorial_taskflow_api' retrieved from /home/airflow/.local/lib/python3.12/site-packages/airflow/example_dags/tutorial_taskflow_api.py
[2025-07-04T06:14:07.567+0000] {logging_mixin.py:188} INFO - [2025-07-04T06:14:07.567+0000] {dag.py:3096} INFO - Sync 1 DAGs
[2025-07-04T06:14:07.584+0000] {logging_mixin.py:188} INFO - [2025-07-04T06:14:07.584+0000] {dag.py:3954} INFO - Setting next_dagrun for tutorial_taskflow_api to None, run_after=None
[2025-07-04T06:14:07.614+0000] {processor.py:183} INFO - Processing /home/airflow/.local/lib/python3.12/site-packages/airflow/example_dags/tutorial_taskflow_api.py took 0.252 seconds
[2025-07-04T06:14:38.191+0000] {processor.py:161} INFO - Started process (PID=129) to work on /home/airflow/.local/lib/python3.12/site-packages/airflow/example_dags/tutorial_taskflow_api.py
[2025-07-04T06:14:38.191+0000] {processor.py:830} INFO - Processing file /home/airflow/.local/lib/python3.12/site-packages/airflow/example_dags/tutorial_taskflow_api.py for tasks to queue
[2025-07-04T06:14:38.193+0000] {logging_mixin.py:188} INFO - [2025-07-04T06:14:38.193+0000] {dagbag.py:545} INFO - Filling up the DagBag from /home/airflow/.local/lib/python3.12/site-packages/airflow/example_dags/tutorial_taskflow_api.py
[2025-07-04T06:14:38.199+0000] {processor.py:840} INFO - DAG(s) 'tutorial_taskflow_api' retrieved from /home/airflow/.local/lib/python3.12/site-packages/airflow/example_dags/tutorial_taskflow_api.py
[2025-07-04T06:14:38.222+0000] {logging_mixin.py:188} INFO - [2025-07-04T06:14:38.221+0000] {dag.py:3096} INFO - Sync 1 DAGs
[2025-07-04T06:14:38.238+0000] {logging_mixin.py:188} INFO - [2025-07-04T06:14:38.237+0000] {dag.py:3954} INFO - Setting next_dagrun for tutorial_taskflow_api to None, run_after=None
[2025-07-04T06:14:38.268+0000] {processor.py:183} INFO - Processing /home/airflow/.local/lib/python3.12/site-packages/airflow/example_dags/tutorial_taskflow_api.py took 0.083 seconds
[2025-07-04T06:15:09.181+0000] {processor.py:161} INFO - Started process (PID=189) to work on /home/airflow/.local/lib/python3.12/site-packages/airflow/example_dags/tutorial_taskflow_api.py
[2025-07-04T06:15:09.182+0000] {processor.py:830} INFO - Processing file /home/airflow/.local/lib/python3.12/site-packages/airflow/example_dags/tutorial_taskflow_api.py for tasks to queue
[2025-07-04T06:15:09.185+0000] {logging_mixin.py:188} INFO - [2025-07-04T06:15:09.184+0000] {dagbag.py:545} INFO - Filling up the DagBag from /home/airflow/.local/lib/python3.12/site-packages/airflow/example_dags/tutorial_taskflow_api.py
[2025-07-04T06:15:09.193+0000] {processor.py:840} INFO - DAG(s) 'tutorial_taskflow_api' retrieved from /home/airflow/.local/lib/python3.12/site-packages/airflow/example_dags/tutorial_taskflow_api.py
[2025-07-04T06:15:09.225+0000] {logging_mixin.py:188} INFO - [2025-07-04T06:15:09.224+0000] {dag.py:3096} INFO - Sync 1 DAGs
[2025-07-04T06:15:09.242+0000] {logging_mixin.py:188} INFO - [2025-07-04T06:15:09.242+0000] {dag.py:3954} INFO - Setting next_dagrun for tutorial_taskflow_api to None, run_after=None
[2025-07-04T06:15:09.271+0000] {processor.py:183} INFO - Processing /home/airflow/.local/lib/python3.12/site-packages/airflow/example_dags/tutorial_taskflow_api.py took 0.099 seconds
[2025-07-04T06:15:39.391+0000] {processor.py:161} INFO - Started process (PID=247) to work on /home/airflow/.local/lib/python3.12/site-packages/airflow/example_dags/tutorial_taskflow_api.py
[2025-07-04T06:15:39.392+0000] {processor.py:830} INFO - Processing file /home/airflow/.local/lib/python3.12/site-packages/airflow/example_dags/tutorial_taskflow_api.py for tasks to queue
[2025-07-04T06:15:39.393+0000] {logging_mixin.py:188} INFO - [2025-07-04T06:15:39.393+0000] {dagbag.py:545} INFO - Filling up the DagBag from /home/airflow/.local/lib/python3.12/site-packages/airflow/example_dags/tutorial_taskflow_api.py
[2025-07-04T06:15:39.398+0000] {processor.py:840} INFO - DAG(s) 'tutorial_taskflow_api' retrieved from /home/airflow/.local/lib/python3.12/site-packages/airflow/example_dags/tutorial_taskflow_api.py
[2025-07-04T06:15:39.417+0000] {logging_mixin.py:188} INFO - [2025-07-04T06:15:39.417+0000] {dag.py:3096} INFO - Sync 1 DAGs
[2025-07-04T06:15:39.430+0000] {logging_mixin.py:188} INFO - [2025-07-04T06:15:39.429+0000] {dag.py:3954} INFO - Setting next_dagrun for tutorial_taskflow_api to None, run_after=None
[2025-07-04T06:15:39.451+0000] {processor.py:183} INFO - Processing /home/airflow/.local/lib/python3.12/site-packages/airflow/example_dags/tutorial_taskflow_api.py took 0.065 seconds
[2025-07-04T06:16:09.889+0000] {processor.py:161} INFO - Started process (PID=307) to work on /home/airflow/.local/lib/python3.12/site-packages/airflow/example_dags/tutorial_taskflow_api.py
[2025-07-04T06:16:09.890+0000] {processor.py:830} INFO - Processing file /home/airflow/.local/lib/python3.12/site-packages/airflow/example_dags/tutorial_taskflow_api.py for tasks to queue
[2025-07-04T06:16:09.892+0000] {logging_mixin.py:188} INFO - [2025-07-04T06:16:09.891+0000] {dagbag.py:545} INFO - Filling up the DagBag from /home/airflow/.local/lib/python3.12/site-packages/airflow/example_dags/tutorial_taskflow_api.py
[2025-07-04T06:16:09.898+0000] {processor.py:840} INFO - DAG(s) 'tutorial_taskflow_api' retrieved from /home/airflow/.local/lib/python3.12/site-packages/airflow/example_dags/tutorial_taskflow_api.py
[2025-07-04T06:16:09.916+0000] {logging_mixin.py:188} INFO - [2025-07-04T06:16:09.916+0000] {dag.py:3096} INFO - Sync 1 DAGs
[2025-07-04T06:16:09.929+0000] {logging_mixin.py:188} INFO - [2025-07-04T06:16:09.929+0000] {dag.py:3954} INFO - Setting next_dagrun for tutorial_taskflow_api to None, run_after=None
[2025-07-04T06:16:09.948+0000] {processor.py:183} INFO - Processing /home/airflow/.local/lib/python3.12/site-packages/airflow/example_dags/tutorial_taskflow_api.py took 0.065 seconds
[2025-07-04T06:16:40.136+0000] {processor.py:161} INFO - Started process (PID=373) to work on /home/airflow/.local/lib/python3.12/site-packages/airflow/example_dags/tutorial_taskflow_api.py
[2025-07-04T06:16:40.137+0000] {processor.py:830} INFO - Processing file /home/airflow/.local/lib/python3.12/site-packages/airflow/example_dags/tutorial_taskflow_api.py for tasks to queue
[2025-07-04T06:16:40.138+0000] {logging_mixin.py:188} INFO - [2025-07-04T06:16:40.138+0000] {dagbag.py:545} INFO - Filling up the DagBag from /home/airflow/.local/lib/python3.12/site-packages/airflow/example_dags/tutorial_taskflow_api.py
[2025-07-04T06:16:40.144+0000] {processor.py:840} INFO - DAG(s) 'tutorial_taskflow_api' retrieved from /home/airflow/.local/lib/python3.12/site-packages/airflow/example_dags/tutorial_taskflow_api.py
[2025-07-04T06:16:40.162+0000] {logging_mixin.py:188} INFO - [2025-07-04T06:16:40.162+0000] {dag.py:3096} INFO - Sync 1 DAGs
[2025-07-04T06:16:40.175+0000] {logging_mixin.py:188} INFO - [2025-07-04T06:16:40.175+0000] {dag.py:3954} INFO - Setting next_dagrun for tutorial_taskflow_api to None, run_after=None
[2025-07-04T06:16:40.194+0000] {processor.py:183} INFO - Processing /home/airflow/.local/lib/python3.12/site-packages/airflow/example_dags/tutorial_taskflow_api.py took 0.063 seconds
[2025-07-04T06:17:10.493+0000] {processor.py:161} INFO - Started process (PID=433) to work on /home/airflow/.local/lib/python3.12/site-packages/airflow/example_dags/tutorial_taskflow_api.py
[2025-07-04T06:17:10.493+0000] {processor.py:830} INFO - Processing file /home/airflow/.local/lib/python3.12/site-packages/airflow/example_dags/tutorial_taskflow_api.py for tasks to queue
[2025-07-04T06:17:10.495+0000] {logging_mixin.py:188} INFO - [2025-07-04T06:17:10.495+0000] {dagbag.py:545} INFO - Filling up the DagBag from /home/airflow/.local/lib/python3.12/site-packages/airflow/example_dags/tutorial_taskflow_api.py
[2025-07-04T06:17:10.500+0000] {processor.py:840} INFO - DAG(s) 'tutorial_taskflow_api' retrieved from /home/airflow/.local/lib/python3.12/site-packages/airflow/example_dags/tutorial_taskflow_api.py
[2025-07-04T06:17:10.521+0000] {logging_mixin.py:188} INFO - [2025-07-04T06:17:10.520+0000] {dag.py:3096} INFO - Sync 1 DAGs
[2025-07-04T06:17:10.534+0000] {logging_mixin.py:188} INFO - [2025-07-04T06:17:10.534+0000] {dag.py:3954} INFO - Setting next_dagrun for tutorial_taskflow_api to None, run_after=None
[2025-07-04T06:17:10.557+0000] {processor.py:183} INFO - Processing /home/airflow/.local/lib/python3.12/site-packages/airflow/example_dags/tutorial_taskflow_api.py took 0.069 seconds
[2025-07-04T06:17:40.685+0000] {processor.py:161} INFO - Started process (PID=493) to work on /home/airflow/.local/lib/python3.12/site-packages/airflow/example_dags/tutorial_taskflow_api.py
[2025-07-04T06:17:40.686+0000] {processor.py:830} INFO - Processing file /home/airflow/.local/lib/python3.12/site-packages/airflow/example_dags/tutorial_taskflow_api.py for tasks to queue
[2025-07-04T06:17:40.687+0000] {logging_mixin.py:188} INFO - [2025-07-04T06:17:40.687+0000] {dagbag.py:545} INFO - Filling up the DagBag from /home/airflow/.local/lib/python3.12/site-packages/airflow/example_dags/tutorial_taskflow_api.py
[2025-07-04T06:17:40.692+0000] {processor.py:840} INFO - DAG(s) 'tutorial_taskflow_api' retrieved from /home/airflow/.local/lib/python3.12/site-packages/airflow/example_dags/tutorial_taskflow_api.py
[2025-07-04T06:17:40.711+0000] {logging_mixin.py:188} INFO - [2025-07-04T06:17:40.711+0000] {dag.py:3096} INFO - Sync 1 DAGs
[2025-07-04T06:17:40.723+0000] {logging_mixin.py:188} INFO - [2025-07-04T06:17:40.722+0000] {dag.py:3954} INFO - Setting next_dagrun for tutorial_taskflow_api to None, run_after=None
[2025-07-04T06:17:40.742+0000] {processor.py:183} INFO - Processing /home/airflow/.local/lib/python3.12/site-packages/airflow/example_dags/tutorial_taskflow_api.py took 0.062 seconds
[2025-07-04T06:18:10.920+0000] {processor.py:161} INFO - Started process (PID=553) to work on /home/airflow/.local/lib/python3.12/site-packages/airflow/example_dags/tutorial_taskflow_api.py
[2025-07-04T06:18:10.920+0000] {processor.py:830} INFO - Processing file /home/airflow/.local/lib/python3.12/site-packages/airflow/example_dags/tutorial_taskflow_api.py for tasks to queue
[2025-07-04T06:18:10.922+0000] {logging_mixin.py:188} INFO - [2025-07-04T06:18:10.922+0000] {dagbag.py:545} INFO - Filling up the DagBag from /home/airflow/.local/lib/python3.12/site-packages/airflow/example_dags/tutorial_taskflow_api.py
[2025-07-04T06:18:10.928+0000] {processor.py:840} INFO - DAG(s) 'tutorial_taskflow_api' retrieved from /home/airflow/.local/lib/python3.12/site-packages/airflow/example_dags/tutorial_taskflow_api.py
[2025-07-04T06:18:10.946+0000] {logging_mixin.py:188} INFO - [2025-07-04T06:18:10.946+0000] {dag.py:3096} INFO - Sync 1 DAGs
[2025-07-04T06:18:10.958+0000] {logging_mixin.py:188} INFO - [2025-07-04T06:18:10.957+0000] {dag.py:3954} INFO - Setting next_dagrun for tutorial_taskflow_api to None, run_after=None
[2025-07-04T06:18:10.975+0000] {processor.py:183} INFO - Processing /home/airflow/.local/lib/python3.12/site-packages/airflow/example_dags/tutorial_taskflow_api.py took 0.059 seconds
[2025-07-04T06:18:41.517+0000] {processor.py:161} INFO - Started process (PID=613) to work on /home/airflow/.local/lib/python3.12/site-packages/airflow/example_dags/tutorial_taskflow_api.py
[2025-07-04T06:18:41.518+0000] {processor.py:830} INFO - Processing file /home/airflow/.local/lib/python3.12/site-packages/airflow/example_dags/tutorial_taskflow_api.py for tasks to queue
[2025-07-04T06:18:41.520+0000] {logging_mixin.py:188} INFO - [2025-07-04T06:18:41.519+0000] {dagbag.py:545} INFO - Filling up the DagBag from /home/airflow/.local/lib/python3.12/site-packages/airflow/example_dags/tutorial_taskflow_api.py
[2025-07-04T06:18:41.526+0000] {processor.py:840} INFO - DAG(s) 'tutorial_taskflow_api' retrieved from /home/airflow/.local/lib/python3.12/site-packages/airflow/example_dags/tutorial_taskflow_api.py
[2025-07-04T06:18:41.551+0000] {logging_mixin.py:188} INFO - [2025-07-04T06:18:41.550+0000] {dag.py:3096} INFO - Sync 1 DAGs
[2025-07-04T06:18:41.565+0000] {logging_mixin.py:188} INFO - [2025-07-04T06:18:41.565+0000] {dag.py:3954} INFO - Setting next_dagrun for tutorial_taskflow_api to None, run_after=None
[2025-07-04T06:18:41.589+0000] {processor.py:183} INFO - Processing /home/airflow/.local/lib/python3.12/site-packages/airflow/example_dags/tutorial_taskflow_api.py took 0.078 seconds
[2025-07-04T06:19:11.861+0000] {processor.py:161} INFO - Started process (PID=673) to work on /home/airflow/.local/lib/python3.12/site-packages/airflow/example_dags/tutorial_taskflow_api.py
[2025-07-04T06:19:11.862+0000] {processor.py:830} INFO - Processing file /home/airflow/.local/lib/python3.12/site-packages/airflow/example_dags/tutorial_taskflow_api.py for tasks to queue
[2025-07-04T06:19:11.864+0000] {logging_mixin.py:188} INFO - [2025-07-04T06:19:11.864+0000] {dagbag.py:545} INFO - Filling up the DagBag from /home/airflow/.local/lib/python3.12/site-packages/airflow/example_dags/tutorial_taskflow_api.py
[2025-07-04T06:19:11.870+0000] {processor.py:840} INFO - DAG(s) 'tutorial_taskflow_api' retrieved from /home/airflow/.local/lib/python3.12/site-packages/airflow/example_dags/tutorial_taskflow_api.py
[2025-07-04T06:19:11.893+0000] {logging_mixin.py:188} INFO - [2025-07-04T06:19:11.893+0000] {dag.py:3096} INFO - Sync 1 DAGs
[2025-07-04T06:19:11.908+0000] {logging_mixin.py:188} INFO - [2025-07-04T06:19:11.908+0000] {dag.py:3954} INFO - Setting next_dagrun for tutorial_taskflow_api to None, run_after=None
[2025-07-04T06:19:11.933+0000] {processor.py:183} INFO - Processing /home/airflow/.local/lib/python3.12/site-packages/airflow/example_dags/tutorial_taskflow_api.py took 0.077 seconds
[2025-07-04T06:19:42.144+0000] {processor.py:161} INFO - Started process (PID=733) to work on /home/airflow/.local/lib/python3.12/site-packages/airflow/example_dags/tutorial_taskflow_api.py
[2025-07-04T06:19:42.145+0000] {processor.py:830} INFO - Processing file /home/airflow/.local/lib/python3.12/site-packages/airflow/example_dags/tutorial_taskflow_api.py for tasks to queue
[2025-07-04T06:19:42.148+0000] {logging_mixin.py:188} INFO - [2025-07-04T06:19:42.148+0000] {dagbag.py:545} INFO - Filling up the DagBag from /home/airflow/.local/lib/python3.12/site-packages/airflow/example_dags/tutorial_taskflow_api.py
[2025-07-04T06:19:42.155+0000] {processor.py:840} INFO - DAG(s) 'tutorial_taskflow_api' retrieved from /home/airflow/.local/lib/python3.12/site-packages/airflow/example_dags/tutorial_taskflow_api.py
[2025-07-04T06:19:42.178+0000] {logging_mixin.py:188} INFO - [2025-07-04T06:19:42.177+0000] {dag.py:3096} INFO - Sync 1 DAGs
[2025-07-04T06:19:42.191+0000] {logging_mixin.py:188} INFO - [2025-07-04T06:19:42.191+0000] {dag.py:3954} INFO - Setting next_dagrun for tutorial_taskflow_api to None, run_after=None
[2025-07-04T06:19:42.210+0000] {processor.py:183} INFO - Processing /home/airflow/.local/lib/python3.12/site-packages/airflow/example_dags/tutorial_taskflow_api.py took 0.073 seconds
[2025-07-04T06:20:12.640+0000] {processor.py:161} INFO - Started process (PID=793) to work on /home/airflow/.local/lib/python3.12/site-packages/airflow/example_dags/tutorial_taskflow_api.py
[2025-07-04T06:20:12.641+0000] {processor.py:830} INFO - Processing file /home/airflow/.local/lib/python3.12/site-packages/airflow/example_dags/tutorial_taskflow_api.py for tasks to queue
[2025-07-04T06:20:12.642+0000] {logging_mixin.py:188} INFO - [2025-07-04T06:20:12.642+0000] {dagbag.py:545} INFO - Filling up the DagBag from /home/airflow/.local/lib/python3.12/site-packages/airflow/example_dags/tutorial_taskflow_api.py
[2025-07-04T06:20:12.648+0000] {processor.py:840} INFO - DAG(s) 'tutorial_taskflow_api' retrieved from /home/airflow/.local/lib/python3.12/site-packages/airflow/example_dags/tutorial_taskflow_api.py
[2025-07-04T06:20:12.667+0000] {logging_mixin.py:188} INFO - [2025-07-04T06:20:12.667+0000] {dag.py:3096} INFO - Sync 1 DAGs
[2025-07-04T06:20:12.679+0000] {logging_mixin.py:188} INFO - [2025-07-04T06:20:12.679+0000] {dag.py:3954} INFO - Setting next_dagrun for tutorial_taskflow_api to None, run_after=None
[2025-07-04T06:20:12.696+0000] {processor.py:183} INFO - Processing /home/airflow/.local/lib/python3.12/site-packages/airflow/example_dags/tutorial_taskflow_api.py took 0.061 seconds
[2025-07-04T06:20:43.065+0000] {processor.py:161} INFO - Started process (PID=853) to work on /home/airflow/.local/lib/python3.12/site-packages/airflow/example_dags/tutorial_taskflow_api.py
[2025-07-04T06:20:43.067+0000] {processor.py:830} INFO - Processing file /home/airflow/.local/lib/python3.12/site-packages/airflow/example_dags/tutorial_taskflow_api.py for tasks to queue
[2025-07-04T06:20:43.075+0000] {logging_mixin.py:188} INFO - [2025-07-04T06:20:43.072+0000] {dagbag.py:545} INFO - Filling up the DagBag from /home/airflow/.local/lib/python3.12/site-packages/airflow/example_dags/tutorial_taskflow_api.py
[2025-07-04T06:20:43.096+0000] {processor.py:840} INFO - DAG(s) 'tutorial_taskflow_api' retrieved from /home/airflow/.local/lib/python3.12/site-packages/airflow/example_dags/tutorial_taskflow_api.py
[2025-07-04T06:20:43.144+0000] {logging_mixin.py:188} INFO - [2025-07-04T06:20:43.144+0000] {dag.py:3096} INFO - Sync 1 DAGs
[2025-07-04T06:20:43.175+0000] {logging_mixin.py:188} INFO - [2025-07-04T06:20:43.175+0000] {dag.py:3954} INFO - Setting next_dagrun for tutorial_taskflow_api to None, run_after=None
[2025-07-04T06:20:43.226+0000] {processor.py:183} INFO - Processing /home/airflow/.local/lib/python3.12/site-packages/airflow/example_dags/tutorial_taskflow_api.py took 0.184 seconds
