[2025-05-30T07:13:07.039+0000] {processor.py:161} INFO - Started process (PID=63) to work on /opt/airflow/dags/dags.py
[2025-05-30T07:13:07.040+0000] {processor.py:830} INFO - Processing file /opt/airflow/dags/dags.py for tasks to queue
[2025-05-30T07:13:07.043+0000] {logging_mixin.py:188} INFO - [2025-05-30T07:13:07.042+0000] {dagbag.py:545} INFO - Filling up the DagBag from /opt/airflow/dags/dags.py
[2025-05-30T07:13:31.898+0000] {processor.py:161} INFO - Started process (PID=63) to work on /opt/airflow/dags/dags.py
[2025-05-30T07:13:31.900+0000] {processor.py:830} INFO - Processing file /opt/airflow/dags/dags.py for tasks to queue
[2025-05-30T07:13:31.903+0000] {logging_mixin.py:188} INFO - [2025-05-30T07:13:31.903+0000] {dagbag.py:545} INFO - Filling up the DagBag from /opt/airflow/dags/dags.py
[2025-05-30T07:13:33.186+0000] {processor.py:840} INFO - DAG(s) 'fetch_and_store_amazon_books' retrieved from /opt/airflow/dags/dags.py
[2025-05-30T07:13:33.351+0000] {logging_mixin.py:188} INFO - [2025-05-30T07:13:33.350+0000] {dag.py:3096} INFO - Sync 1 DAGs
[2025-05-30T07:13:33.373+0000] {logging_mixin.py:188} INFO - [2025-05-30T07:13:33.373+0000] {dag.py:3954} INFO - Setting next_dagrun for fetch_and_store_amazon_books to 2025-05-30 00:00:00+00:00, run_after=2025-05-31 00:00:00+00:00
[2025-05-30T07:13:33.400+0000] {processor.py:183} INFO - Processing /opt/airflow/dags/dags.py took 1.510 seconds
[2025-05-30T07:14:03.937+0000] {processor.py:161} INFO - Started process (PID=132) to work on /opt/airflow/dags/dags.py
[2025-05-30T07:14:03.938+0000] {processor.py:830} INFO - Processing file /opt/airflow/dags/dags.py for tasks to queue
[2025-05-30T07:14:03.940+0000] {logging_mixin.py:188} INFO - [2025-05-30T07:14:03.940+0000] {dagbag.py:545} INFO - Filling up the DagBag from /opt/airflow/dags/dags.py
[2025-05-30T07:14:04.609+0000] {processor.py:840} INFO - DAG(s) 'fetch_and_store_amazon_books' retrieved from /opt/airflow/dags/dags.py
[2025-05-30T07:14:04.631+0000] {logging_mixin.py:188} INFO - [2025-05-30T07:14:04.630+0000] {dag.py:3096} INFO - Sync 1 DAGs
[2025-05-30T07:14:04.656+0000] {logging_mixin.py:188} INFO - [2025-05-30T07:14:04.656+0000] {dag.py:3954} INFO - Setting next_dagrun for fetch_and_store_amazon_books to 2025-05-30 00:00:00+00:00, run_after=2025-05-31 00:00:00+00:00
[2025-05-30T07:14:04.678+0000] {processor.py:183} INFO - Processing /opt/airflow/dags/dags.py took 0.749 seconds
[2025-05-30T07:16:36.490+0000] {processor.py:161} INFO - Started process (PID=56) to work on /opt/airflow/dags/dags.py
[2025-05-30T07:16:36.491+0000] {processor.py:830} INFO - Processing file /opt/airflow/dags/dags.py for tasks to queue
[2025-05-30T07:16:36.493+0000] {logging_mixin.py:188} INFO - [2025-05-30T07:16:36.493+0000] {dagbag.py:545} INFO - Filling up the DagBag from /opt/airflow/dags/dags.py
[2025-05-30T07:16:37.375+0000] {processor.py:840} INFO - DAG(s) 'fetch_and_store_amazon_books' retrieved from /opt/airflow/dags/dags.py
[2025-05-30T07:16:37.422+0000] {logging_mixin.py:188} INFO - [2025-05-30T07:16:37.421+0000] {dag.py:3096} INFO - Sync 1 DAGs
[2025-05-30T07:16:37.454+0000] {logging_mixin.py:188} INFO - [2025-05-30T07:16:37.453+0000] {dag.py:3954} INFO - Setting next_dagrun for fetch_and_store_amazon_books to 2025-05-30 00:00:00+00:00, run_after=2025-05-31 00:00:00+00:00
[2025-05-30T07:16:37.491+0000] {processor.py:183} INFO - Processing /opt/airflow/dags/dags.py took 1.007 seconds
[2025-05-30T07:17:07.807+0000] {processor.py:161} INFO - Started process (PID=119) to work on /opt/airflow/dags/dags.py
[2025-05-30T07:17:07.809+0000] {processor.py:830} INFO - Processing file /opt/airflow/dags/dags.py for tasks to queue
[2025-05-30T07:17:07.813+0000] {logging_mixin.py:188} INFO - [2025-05-30T07:17:07.812+0000] {dagbag.py:545} INFO - Filling up the DagBag from /opt/airflow/dags/dags.py
[2025-05-30T07:17:08.768+0000] {processor.py:840} INFO - DAG(s) 'fetch_and_store_amazon_books' retrieved from /opt/airflow/dags/dags.py
[2025-05-30T07:17:08.907+0000] {logging_mixin.py:188} INFO - [2025-05-30T07:17:08.906+0000] {dag.py:3096} INFO - Sync 1 DAGs
[2025-05-30T07:17:08.934+0000] {logging_mixin.py:188} INFO - [2025-05-30T07:17:08.934+0000] {dag.py:3954} INFO - Setting next_dagrun for fetch_and_store_amazon_books to 2025-05-30 00:00:00+00:00, run_after=2025-05-31 00:00:00+00:00
[2025-05-30T07:17:08.962+0000] {processor.py:183} INFO - Processing /opt/airflow/dags/dags.py took 1.165 seconds
[2025-05-30T07:17:39.306+0000] {processor.py:161} INFO - Started process (PID=186) to work on /opt/airflow/dags/dags.py
[2025-05-30T07:17:39.307+0000] {processor.py:830} INFO - Processing file /opt/airflow/dags/dags.py for tasks to queue
[2025-05-30T07:17:39.309+0000] {logging_mixin.py:188} INFO - [2025-05-30T07:17:39.309+0000] {dagbag.py:545} INFO - Filling up the DagBag from /opt/airflow/dags/dags.py
[2025-05-30T07:17:40.145+0000] {processor.py:840} INFO - DAG(s) 'fetch_and_store_amazon_books' retrieved from /opt/airflow/dags/dags.py
[2025-05-30T07:17:40.169+0000] {logging_mixin.py:188} INFO - [2025-05-30T07:17:40.168+0000] {dag.py:3096} INFO - Sync 1 DAGs
[2025-05-30T07:17:40.197+0000] {logging_mixin.py:188} INFO - [2025-05-30T07:17:40.196+0000] {dag.py:3954} INFO - Setting next_dagrun for fetch_and_store_amazon_books to 2025-05-30 00:00:00+00:00, run_after=2025-05-31 00:00:00+00:00
[2025-05-30T07:17:40.223+0000] {processor.py:183} INFO - Processing /opt/airflow/dags/dags.py took 0.925 seconds
[2025-05-30T07:18:10.322+0000] {processor.py:161} INFO - Started process (PID=251) to work on /opt/airflow/dags/dags.py
[2025-05-30T07:18:10.323+0000] {processor.py:830} INFO - Processing file /opt/airflow/dags/dags.py for tasks to queue
[2025-05-30T07:18:10.325+0000] {logging_mixin.py:188} INFO - [2025-05-30T07:18:10.325+0000] {dagbag.py:545} INFO - Filling up the DagBag from /opt/airflow/dags/dags.py
[2025-05-30T07:18:11.042+0000] {processor.py:840} INFO - DAG(s) 'fetch_and_store_amazon_books' retrieved from /opt/airflow/dags/dags.py
[2025-05-30T07:18:11.060+0000] {logging_mixin.py:188} INFO - [2025-05-30T07:18:11.060+0000] {dag.py:3096} INFO - Sync 1 DAGs
[2025-05-30T07:18:11.081+0000] {logging_mixin.py:188} INFO - [2025-05-30T07:18:11.081+0000] {dag.py:3954} INFO - Setting next_dagrun for fetch_and_store_amazon_books to 2025-05-30 00:00:00+00:00, run_after=2025-05-31 00:00:00+00:00
[2025-05-30T07:18:11.102+0000] {processor.py:183} INFO - Processing /opt/airflow/dags/dags.py took 0.787 seconds
[2025-05-30T07:18:41.224+0000] {processor.py:161} INFO - Started process (PID=317) to work on /opt/airflow/dags/dags.py
[2025-05-30T07:18:41.225+0000] {processor.py:830} INFO - Processing file /opt/airflow/dags/dags.py for tasks to queue
[2025-05-30T07:18:41.227+0000] {logging_mixin.py:188} INFO - [2025-05-30T07:18:41.227+0000] {dagbag.py:545} INFO - Filling up the DagBag from /opt/airflow/dags/dags.py
[2025-05-30T07:18:42.000+0000] {processor.py:840} INFO - DAG(s) 'fetch_and_store_amazon_books' retrieved from /opt/airflow/dags/dags.py
[2025-05-30T07:18:42.023+0000] {logging_mixin.py:188} INFO - [2025-05-30T07:18:42.022+0000] {dag.py:3096} INFO - Sync 1 DAGs
[2025-05-30T07:18:42.053+0000] {logging_mixin.py:188} INFO - [2025-05-30T07:18:42.053+0000] {dag.py:3954} INFO - Setting next_dagrun for fetch_and_store_amazon_books to 2025-05-30 00:00:00+00:00, run_after=2025-05-31 00:00:00+00:00
[2025-05-30T07:18:42.076+0000] {processor.py:183} INFO - Processing /opt/airflow/dags/dags.py took 0.859 seconds
[2025-05-30T07:19:12.291+0000] {processor.py:161} INFO - Started process (PID=382) to work on /opt/airflow/dags/dags.py
[2025-05-30T07:19:12.292+0000] {processor.py:830} INFO - Processing file /opt/airflow/dags/dags.py for tasks to queue
[2025-05-30T07:19:12.297+0000] {logging_mixin.py:188} INFO - [2025-05-30T07:19:12.296+0000] {dagbag.py:545} INFO - Filling up the DagBag from /opt/airflow/dags/dags.py
[2025-05-30T07:19:13.094+0000] {processor.py:840} INFO - DAG(s) 'fetch_and_store_amazon_books' retrieved from /opt/airflow/dags/dags.py
[2025-05-30T07:19:13.121+0000] {logging_mixin.py:188} INFO - [2025-05-30T07:19:13.120+0000] {dag.py:3096} INFO - Sync 1 DAGs
[2025-05-30T07:19:13.149+0000] {logging_mixin.py:188} INFO - [2025-05-30T07:19:13.148+0000] {dag.py:3954} INFO - Setting next_dagrun for fetch_and_store_amazon_books to 2025-05-30 00:00:00+00:00, run_after=2025-05-31 00:00:00+00:00
[2025-05-30T07:19:13.179+0000] {processor.py:183} INFO - Processing /opt/airflow/dags/dags.py took 0.896 seconds
[2025-05-30T07:19:43.348+0000] {processor.py:161} INFO - Started process (PID=447) to work on /opt/airflow/dags/dags.py
[2025-05-30T07:19:43.349+0000] {processor.py:830} INFO - Processing file /opt/airflow/dags/dags.py for tasks to queue
[2025-05-30T07:19:43.352+0000] {logging_mixin.py:188} INFO - [2025-05-30T07:19:43.351+0000] {dagbag.py:545} INFO - Filling up the DagBag from /opt/airflow/dags/dags.py
[2025-05-30T07:19:44.181+0000] {processor.py:840} INFO - DAG(s) 'fetch_and_store_amazon_books' retrieved from /opt/airflow/dags/dags.py
[2025-05-30T07:19:44.206+0000] {logging_mixin.py:188} INFO - [2025-05-30T07:19:44.205+0000] {dag.py:3096} INFO - Sync 1 DAGs
[2025-05-30T07:19:44.233+0000] {logging_mixin.py:188} INFO - [2025-05-30T07:19:44.233+0000] {dag.py:3954} INFO - Setting next_dagrun for fetch_and_store_amazon_books to 2025-05-30 00:00:00+00:00, run_after=2025-05-31 00:00:00+00:00
[2025-05-30T07:19:44.259+0000] {processor.py:183} INFO - Processing /opt/airflow/dags/dags.py took 0.919 seconds
[2025-05-30T07:28:33.398+0000] {processor.py:161} INFO - Started process (PID=63) to work on /opt/airflow/dags/dags.py
[2025-05-30T07:28:33.399+0000] {processor.py:830} INFO - Processing file /opt/airflow/dags/dags.py for tasks to queue
[2025-05-30T07:28:33.401+0000] {logging_mixin.py:188} INFO - [2025-05-30T07:28:33.401+0000] {dagbag.py:545} INFO - Filling up the DagBag from /opt/airflow/dags/dags.py
[2025-05-30T07:28:35.755+0000] {processor.py:840} INFO - DAG(s) 'fetch_and_store_amazon_books' retrieved from /opt/airflow/dags/dags.py
[2025-05-30T07:28:35.894+0000] {logging_mixin.py:188} INFO - [2025-05-30T07:28:35.894+0000] {dag.py:3096} INFO - Sync 1 DAGs
[2025-05-30T07:28:35.917+0000] {logging_mixin.py:188} INFO - [2025-05-30T07:28:35.917+0000] {dag.py:3954} INFO - Setting next_dagrun for fetch_and_store_amazon_books to 2025-05-30 00:00:00+00:00, run_after=2025-05-31 00:00:00+00:00
[2025-05-30T07:28:35.940+0000] {processor.py:183} INFO - Processing /opt/airflow/dags/dags.py took 2.550 seconds
[2025-05-30T07:30:49.967+0000] {processor.py:161} INFO - Started process (PID=57) to work on /opt/airflow/dags/dags.py
[2025-05-30T07:30:49.968+0000] {processor.py:830} INFO - Processing file /opt/airflow/dags/dags.py for tasks to queue
[2025-05-30T07:30:49.970+0000] {logging_mixin.py:188} INFO - [2025-05-30T07:30:49.970+0000] {dagbag.py:545} INFO - Filling up the DagBag from /opt/airflow/dags/dags.py
[2025-05-30T07:30:50.734+0000] {processor.py:840} INFO - DAG(s) 'fetch_and_store_amazon_books' retrieved from /opt/airflow/dags/dags.py
[2025-05-30T07:30:50.762+0000] {logging_mixin.py:188} INFO - [2025-05-30T07:30:50.761+0000] {dag.py:3096} INFO - Sync 1 DAGs
[2025-05-30T07:30:50.783+0000] {logging_mixin.py:188} INFO - [2025-05-30T07:30:50.783+0000] {dag.py:3954} INFO - Setting next_dagrun for fetch_and_store_amazon_books to 2025-05-30 00:00:00+00:00, run_after=2025-05-31 00:00:00+00:00
[2025-05-30T07:30:50.806+0000] {processor.py:183} INFO - Processing /opt/airflow/dags/dags.py took 0.847 seconds
[2025-05-30T07:31:21.260+0000] {processor.py:161} INFO - Started process (PID=122) to work on /opt/airflow/dags/dags.py
[2025-05-30T07:31:21.261+0000] {processor.py:830} INFO - Processing file /opt/airflow/dags/dags.py for tasks to queue
[2025-05-30T07:31:21.264+0000] {logging_mixin.py:188} INFO - [2025-05-30T07:31:21.263+0000] {dagbag.py:545} INFO - Filling up the DagBag from /opt/airflow/dags/dags.py
[2025-05-30T07:31:22.051+0000] {processor.py:840} INFO - DAG(s) 'fetch_and_store_amazon_books' retrieved from /opt/airflow/dags/dags.py
[2025-05-30T07:31:22.158+0000] {logging_mixin.py:188} INFO - [2025-05-30T07:31:22.157+0000] {dag.py:3096} INFO - Sync 1 DAGs
[2025-05-30T07:31:22.184+0000] {logging_mixin.py:188} INFO - [2025-05-30T07:31:22.183+0000] {dag.py:3954} INFO - Setting next_dagrun for fetch_and_store_amazon_books to 2025-05-30 00:00:00+00:00, run_after=2025-05-31 00:00:00+00:00
[2025-05-30T07:31:22.208+0000] {processor.py:183} INFO - Processing /opt/airflow/dags/dags.py took 0.957 seconds
[2025-05-30T07:32:40.219+0000] {processor.py:161} INFO - Started process (PID=56) to work on /opt/airflow/dags/dags.py
[2025-05-30T07:32:40.220+0000] {processor.py:830} INFO - Processing file /opt/airflow/dags/dags.py for tasks to queue
[2025-05-30T07:32:40.223+0000] {logging_mixin.py:188} INFO - [2025-05-30T07:32:40.223+0000] {dagbag.py:545} INFO - Filling up the DagBag from /opt/airflow/dags/dags.py
[2025-05-30T07:32:40.969+0000] {processor.py:840} INFO - DAG(s) 'fetch_and_store_amazon_books' retrieved from /opt/airflow/dags/dags.py
[2025-05-30T07:32:41.002+0000] {logging_mixin.py:188} INFO - [2025-05-30T07:32:41.001+0000] {dag.py:3096} INFO - Sync 1 DAGs
[2025-05-30T07:32:41.031+0000] {logging_mixin.py:188} INFO - [2025-05-30T07:32:41.031+0000] {dag.py:3954} INFO - Setting next_dagrun for fetch_and_store_amazon_books to 2025-05-30 00:00:00+00:00, run_after=2025-05-31 00:00:00+00:00
[2025-05-30T07:32:41.056+0000] {processor.py:183} INFO - Processing /opt/airflow/dags/dags.py took 0.844 seconds
[2025-05-30T07:33:11.528+0000] {processor.py:161} INFO - Started process (PID=120) to work on /opt/airflow/dags/dags.py
[2025-05-30T07:33:11.529+0000] {processor.py:830} INFO - Processing file /opt/airflow/dags/dags.py for tasks to queue
[2025-05-30T07:33:11.532+0000] {logging_mixin.py:188} INFO - [2025-05-30T07:33:11.532+0000] {dagbag.py:545} INFO - Filling up the DagBag from /opt/airflow/dags/dags.py
[2025-05-30T07:33:12.295+0000] {processor.py:840} INFO - DAG(s) 'fetch_and_store_amazon_books' retrieved from /opt/airflow/dags/dags.py
[2025-05-30T07:33:12.422+0000] {logging_mixin.py:188} INFO - [2025-05-30T07:33:12.421+0000] {dag.py:3096} INFO - Sync 1 DAGs
[2025-05-30T07:33:12.449+0000] {logging_mixin.py:188} INFO - [2025-05-30T07:33:12.449+0000] {dag.py:3954} INFO - Setting next_dagrun for fetch_and_store_amazon_books to 2025-05-30 00:00:00+00:00, run_after=2025-05-31 00:00:00+00:00
[2025-05-30T07:33:12.474+0000] {processor.py:183} INFO - Processing /opt/airflow/dags/dags.py took 0.957 seconds
[2025-05-30T07:33:42.956+0000] {processor.py:161} INFO - Started process (PID=181) to work on /opt/airflow/dags/dags.py
[2025-05-30T07:33:42.957+0000] {processor.py:830} INFO - Processing file /opt/airflow/dags/dags.py for tasks to queue
[2025-05-30T07:33:42.959+0000] {logging_mixin.py:188} INFO - [2025-05-30T07:33:42.959+0000] {dagbag.py:545} INFO - Filling up the DagBag from /opt/airflow/dags/dags.py
[2025-05-30T07:33:43.605+0000] {processor.py:840} INFO - DAG(s) 'fetch_and_store_amazon_books' retrieved from /opt/airflow/dags/dags.py
[2025-05-30T07:33:43.628+0000] {logging_mixin.py:188} INFO - [2025-05-30T07:33:43.627+0000] {dag.py:3096} INFO - Sync 1 DAGs
[2025-05-30T07:33:43.651+0000] {logging_mixin.py:188} INFO - [2025-05-30T07:33:43.651+0000] {dag.py:3954} INFO - Setting next_dagrun for fetch_and_store_amazon_books to 2025-05-30 00:00:00+00:00, run_after=2025-05-31 00:00:00+00:00
[2025-05-30T07:33:43.672+0000] {processor.py:183} INFO - Processing /opt/airflow/dags/dags.py took 0.723 seconds
[2025-05-30T07:34:13.772+0000] {processor.py:161} INFO - Started process (PID=252) to work on /opt/airflow/dags/dags.py
[2025-05-30T07:34:13.774+0000] {processor.py:830} INFO - Processing file /opt/airflow/dags/dags.py for tasks to queue
[2025-05-30T07:34:13.776+0000] {logging_mixin.py:188} INFO - [2025-05-30T07:34:13.776+0000] {dagbag.py:545} INFO - Filling up the DagBag from /opt/airflow/dags/dags.py
[2025-05-30T07:34:14.620+0000] {processor.py:840} INFO - DAG(s) 'fetch_and_store_amazon_books' retrieved from /opt/airflow/dags/dags.py
[2025-05-30T07:34:14.646+0000] {logging_mixin.py:188} INFO - [2025-05-30T07:34:14.645+0000] {dag.py:3096} INFO - Sync 1 DAGs
[2025-05-30T07:34:14.676+0000] {logging_mixin.py:188} INFO - [2025-05-30T07:34:14.675+0000] {dag.py:3954} INFO - Setting next_dagrun for fetch_and_store_amazon_books to 2025-05-30 00:00:00+00:00, run_after=2025-05-31 00:00:00+00:00
[2025-05-30T07:34:14.704+0000] {processor.py:183} INFO - Processing /opt/airflow/dags/dags.py took 0.939 seconds
[2025-05-30T07:34:44.822+0000] {processor.py:161} INFO - Started process (PID=316) to work on /opt/airflow/dags/dags.py
[2025-05-30T07:34:44.824+0000] {processor.py:830} INFO - Processing file /opt/airflow/dags/dags.py for tasks to queue
[2025-05-30T07:34:44.827+0000] {logging_mixin.py:188} INFO - [2025-05-30T07:34:44.827+0000] {dagbag.py:545} INFO - Filling up the DagBag from /opt/airflow/dags/dags.py
[2025-05-30T07:34:45.655+0000] {processor.py:840} INFO - DAG(s) 'fetch_and_store_amazon_books' retrieved from /opt/airflow/dags/dags.py
[2025-05-30T07:34:45.679+0000] {logging_mixin.py:188} INFO - [2025-05-30T07:34:45.679+0000] {dag.py:3096} INFO - Sync 1 DAGs
[2025-05-30T07:34:45.711+0000] {logging_mixin.py:188} INFO - [2025-05-30T07:34:45.711+0000] {dag.py:3954} INFO - Setting next_dagrun for fetch_and_store_amazon_books to 2025-05-30 00:00:00+00:00, run_after=2025-05-31 00:00:00+00:00
[2025-05-30T07:34:45.739+0000] {processor.py:183} INFO - Processing /opt/airflow/dags/dags.py took 0.926 seconds
[2025-05-30T07:35:16.092+0000] {processor.py:161} INFO - Started process (PID=380) to work on /opt/airflow/dags/dags.py
[2025-05-30T07:35:16.094+0000] {processor.py:830} INFO - Processing file /opt/airflow/dags/dags.py for tasks to queue
[2025-05-30T07:35:16.097+0000] {logging_mixin.py:188} INFO - [2025-05-30T07:35:16.096+0000] {dagbag.py:545} INFO - Filling up the DagBag from /opt/airflow/dags/dags.py
[2025-05-30T07:35:16.912+0000] {processor.py:840} INFO - DAG(s) 'fetch_and_store_amazon_books' retrieved from /opt/airflow/dags/dags.py
[2025-05-30T07:35:16.943+0000] {logging_mixin.py:188} INFO - [2025-05-30T07:35:16.942+0000] {dag.py:3096} INFO - Sync 1 DAGs
[2025-05-30T07:35:16.973+0000] {logging_mixin.py:188} INFO - [2025-05-30T07:35:16.973+0000] {dag.py:3954} INFO - Setting next_dagrun for fetch_and_store_amazon_books to 2025-05-30 00:00:00+00:00, run_after=2025-05-31 00:00:00+00:00
[2025-05-30T07:35:17.002+0000] {processor.py:183} INFO - Processing /opt/airflow/dags/dags.py took 0.920 seconds
[2025-05-30T07:35:47.406+0000] {processor.py:161} INFO - Started process (PID=444) to work on /opt/airflow/dags/dags.py
[2025-05-30T07:35:47.407+0000] {processor.py:830} INFO - Processing file /opt/airflow/dags/dags.py for tasks to queue
[2025-05-30T07:35:47.409+0000] {logging_mixin.py:188} INFO - [2025-05-30T07:35:47.409+0000] {dagbag.py:545} INFO - Filling up the DagBag from /opt/airflow/dags/dags.py
[2025-05-30T07:35:48.167+0000] {processor.py:840} INFO - DAG(s) 'fetch_and_store_amazon_books' retrieved from /opt/airflow/dags/dags.py
[2025-05-30T07:35:48.192+0000] {logging_mixin.py:188} INFO - [2025-05-30T07:35:48.191+0000] {dag.py:3096} INFO - Sync 1 DAGs
[2025-05-30T07:35:48.218+0000] {logging_mixin.py:188} INFO - [2025-05-30T07:35:48.218+0000] {dag.py:3954} INFO - Setting next_dagrun for fetch_and_store_amazon_books to 2025-05-30 00:00:00+00:00, run_after=2025-05-31 00:00:00+00:00
[2025-05-30T07:35:48.244+0000] {processor.py:183} INFO - Processing /opt/airflow/dags/dags.py took 0.848 seconds
[2025-05-30T07:36:19.039+0000] {processor.py:161} INFO - Started process (PID=506) to work on /opt/airflow/dags/dags.py
[2025-05-30T07:36:19.041+0000] {processor.py:830} INFO - Processing file /opt/airflow/dags/dags.py for tasks to queue
[2025-05-30T07:36:19.044+0000] {logging_mixin.py:188} INFO - [2025-05-30T07:36:19.044+0000] {dagbag.py:545} INFO - Filling up the DagBag from /opt/airflow/dags/dags.py
[2025-05-30T07:36:19.924+0000] {processor.py:840} INFO - DAG(s) 'fetch_and_store_amazon_books' retrieved from /opt/airflow/dags/dags.py
[2025-05-30T07:36:19.951+0000] {logging_mixin.py:188} INFO - [2025-05-30T07:36:19.950+0000] {dag.py:3096} INFO - Sync 1 DAGs
[2025-05-30T07:36:19.982+0000] {logging_mixin.py:188} INFO - [2025-05-30T07:36:19.982+0000] {dag.py:3954} INFO - Setting next_dagrun for fetch_and_store_amazon_books to 2025-05-30 00:00:00+00:00, run_after=2025-05-31 00:00:00+00:00
[2025-05-30T07:36:20.009+0000] {processor.py:183} INFO - Processing /opt/airflow/dags/dags.py took 0.979 seconds
[2025-05-30T07:36:50.174+0000] {processor.py:161} INFO - Started process (PID=566) to work on /opt/airflow/dags/dags.py
[2025-05-30T07:36:50.176+0000] {processor.py:830} INFO - Processing file /opt/airflow/dags/dags.py for tasks to queue
[2025-05-30T07:36:50.179+0000] {logging_mixin.py:188} INFO - [2025-05-30T07:36:50.179+0000] {dagbag.py:545} INFO - Filling up the DagBag from /opt/airflow/dags/dags.py
[2025-05-30T07:36:51.165+0000] {processor.py:840} INFO - DAG(s) 'fetch_and_store_amazon_books' retrieved from /opt/airflow/dags/dags.py
[2025-05-30T07:36:51.195+0000] {logging_mixin.py:188} INFO - [2025-05-30T07:36:51.194+0000] {dag.py:3096} INFO - Sync 1 DAGs
[2025-05-30T07:36:51.223+0000] {logging_mixin.py:188} INFO - [2025-05-30T07:36:51.223+0000] {dag.py:3954} INFO - Setting next_dagrun for fetch_and_store_amazon_books to 2025-05-30 00:00:00+00:00, run_after=2025-05-31 00:00:00+00:00
[2025-05-30T07:36:51.251+0000] {processor.py:183} INFO - Processing /opt/airflow/dags/dags.py took 1.086 seconds
[2025-05-30T07:37:21.403+0000] {processor.py:161} INFO - Started process (PID=631) to work on /opt/airflow/dags/dags.py
[2025-05-30T07:37:21.405+0000] {processor.py:830} INFO - Processing file /opt/airflow/dags/dags.py for tasks to queue
[2025-05-30T07:37:21.407+0000] {logging_mixin.py:188} INFO - [2025-05-30T07:37:21.406+0000] {dagbag.py:545} INFO - Filling up the DagBag from /opt/airflow/dags/dags.py
[2025-05-30T07:37:22.195+0000] {processor.py:840} INFO - DAG(s) 'fetch_and_store_amazon_books' retrieved from /opt/airflow/dags/dags.py
[2025-05-30T07:37:22.221+0000] {logging_mixin.py:188} INFO - [2025-05-30T07:37:22.220+0000] {dag.py:3096} INFO - Sync 1 DAGs
[2025-05-30T07:37:22.248+0000] {logging_mixin.py:188} INFO - [2025-05-30T07:37:22.248+0000] {dag.py:3954} INFO - Setting next_dagrun for fetch_and_store_amazon_books to 2025-05-30 00:00:00+00:00, run_after=2025-05-31 00:00:00+00:00
[2025-05-30T07:37:22.276+0000] {processor.py:183} INFO - Processing /opt/airflow/dags/dags.py took 0.881 seconds
[2025-05-30T07:37:52.341+0000] {processor.py:161} INFO - Started process (PID=694) to work on /opt/airflow/dags/dags.py
[2025-05-30T07:37:52.342+0000] {processor.py:830} INFO - Processing file /opt/airflow/dags/dags.py for tasks to queue
[2025-05-30T07:37:52.344+0000] {logging_mixin.py:188} INFO - [2025-05-30T07:37:52.344+0000] {dagbag.py:545} INFO - Filling up the DagBag from /opt/airflow/dags/dags.py
[2025-05-30T07:37:53.012+0000] {processor.py:840} INFO - DAG(s) 'fetch_and_store_amazon_books' retrieved from /opt/airflow/dags/dags.py
[2025-05-30T07:37:53.025+0000] {logging_mixin.py:188} INFO - [2025-05-30T07:37:53.024+0000] {dag.py:3096} INFO - Sync 1 DAGs
[2025-05-30T07:37:53.049+0000] {logging_mixin.py:188} INFO - [2025-05-30T07:37:53.049+0000] {dag.py:3954} INFO - Setting next_dagrun for fetch_and_store_amazon_books to 2025-05-30 00:00:00+00:00, run_after=2025-05-31 00:00:00+00:00
[2025-05-30T07:37:53.073+0000] {processor.py:183} INFO - Processing /opt/airflow/dags/dags.py took 0.737 seconds
[2025-05-30T07:38:24.872+0000] {processor.py:161} INFO - Started process (PID=754) to work on /opt/airflow/dags/dags.py
[2025-05-30T07:38:24.873+0000] {processor.py:830} INFO - Processing file /opt/airflow/dags/dags.py for tasks to queue
[2025-05-30T07:38:24.875+0000] {logging_mixin.py:188} INFO - [2025-05-30T07:38:24.875+0000] {dagbag.py:545} INFO - Filling up the DagBag from /opt/airflow/dags/dags.py
[2025-05-30T07:38:25.645+0000] {processor.py:840} INFO - DAG(s) 'fetch_and_store_amazon_books' retrieved from /opt/airflow/dags/dags.py
[2025-05-30T07:38:25.763+0000] {logging_mixin.py:188} INFO - [2025-05-30T07:38:25.762+0000] {dag.py:3096} INFO - Sync 1 DAGs
[2025-05-30T07:38:25.783+0000] {logging_mixin.py:188} INFO - [2025-05-30T07:38:25.782+0000] {dag.py:3954} INFO - Setting next_dagrun for fetch_and_store_amazon_books to 2025-05-30 00:00:00+00:00, run_after=2025-05-31 00:00:00+00:00
[2025-05-30T07:38:25.804+0000] {processor.py:183} INFO - Processing /opt/airflow/dags/dags.py took 0.941 seconds
[2025-05-30T07:38:56.384+0000] {processor.py:161} INFO - Started process (PID=814) to work on /opt/airflow/dags/dags.py
[2025-05-30T07:38:56.385+0000] {processor.py:830} INFO - Processing file /opt/airflow/dags/dags.py for tasks to queue
[2025-05-30T07:38:56.388+0000] {logging_mixin.py:188} INFO - [2025-05-30T07:38:56.388+0000] {dagbag.py:545} INFO - Filling up the DagBag from /opt/airflow/dags/dags.py
[2025-05-30T07:38:57.202+0000] {processor.py:840} INFO - DAG(s) 'fetch_and_store_amazon_books' retrieved from /opt/airflow/dags/dags.py
[2025-05-30T07:38:57.230+0000] {logging_mixin.py:188} INFO - [2025-05-30T07:38:57.230+0000] {dag.py:3096} INFO - Sync 1 DAGs
[2025-05-30T07:38:57.261+0000] {logging_mixin.py:188} INFO - [2025-05-30T07:38:57.261+0000] {dag.py:3954} INFO - Setting next_dagrun for fetch_and_store_amazon_books to 2025-05-30 00:00:00+00:00, run_after=2025-05-31 00:00:00+00:00
[2025-05-30T07:38:57.289+0000] {processor.py:183} INFO - Processing /opt/airflow/dags/dags.py took 0.915 seconds
[2025-05-30T07:39:27.585+0000] {processor.py:161} INFO - Started process (PID=875) to work on /opt/airflow/dags/dags.py
[2025-05-30T07:39:27.586+0000] {processor.py:830} INFO - Processing file /opt/airflow/dags/dags.py for tasks to queue
[2025-05-30T07:39:27.589+0000] {logging_mixin.py:188} INFO - [2025-05-30T07:39:27.589+0000] {dagbag.py:545} INFO - Filling up the DagBag from /opt/airflow/dags/dags.py
[2025-05-30T07:39:28.388+0000] {processor.py:840} INFO - DAG(s) 'fetch_and_store_amazon_books' retrieved from /opt/airflow/dags/dags.py
[2025-05-30T07:39:28.413+0000] {logging_mixin.py:188} INFO - [2025-05-30T07:39:28.412+0000] {dag.py:3096} INFO - Sync 1 DAGs
[2025-05-30T07:39:28.442+0000] {logging_mixin.py:188} INFO - [2025-05-30T07:39:28.441+0000] {dag.py:3954} INFO - Setting next_dagrun for fetch_and_store_amazon_books to 2025-05-30 00:00:00+00:00, run_after=2025-05-31 00:00:00+00:00
[2025-05-30T07:39:28.468+0000] {processor.py:183} INFO - Processing /opt/airflow/dags/dags.py took 0.892 seconds
[2025-05-30T07:39:58.943+0000] {processor.py:161} INFO - Started process (PID=947) to work on /opt/airflow/dags/dags.py
[2025-05-30T07:39:58.945+0000] {processor.py:830} INFO - Processing file /opt/airflow/dags/dags.py for tasks to queue
[2025-05-30T07:39:58.947+0000] {logging_mixin.py:188} INFO - [2025-05-30T07:39:58.947+0000] {dagbag.py:545} INFO - Filling up the DagBag from /opt/airflow/dags/dags.py
[2025-05-30T07:39:59.727+0000] {processor.py:840} INFO - DAG(s) 'fetch_and_store_amazon_books' retrieved from /opt/airflow/dags/dags.py
[2025-05-30T07:39:59.752+0000] {logging_mixin.py:188} INFO - [2025-05-30T07:39:59.751+0000] {dag.py:3096} INFO - Sync 1 DAGs
[2025-05-30T07:39:59.788+0000] {logging_mixin.py:188} INFO - [2025-05-30T07:39:59.788+0000] {dag.py:3954} INFO - Setting next_dagrun for fetch_and_store_amazon_books to 2025-05-30 00:00:00+00:00, run_after=2025-05-31 00:00:00+00:00
[2025-05-30T07:39:59.817+0000] {processor.py:183} INFO - Processing /opt/airflow/dags/dags.py took 0.881 seconds
[2025-05-30T07:40:29.938+0000] {processor.py:161} INFO - Started process (PID=1011) to work on /opt/airflow/dags/dags.py
[2025-05-30T07:40:29.940+0000] {processor.py:830} INFO - Processing file /opt/airflow/dags/dags.py for tasks to queue
[2025-05-30T07:40:29.943+0000] {logging_mixin.py:188} INFO - [2025-05-30T07:40:29.942+0000] {dagbag.py:545} INFO - Filling up the DagBag from /opt/airflow/dags/dags.py
[2025-05-30T07:40:30.783+0000] {processor.py:840} INFO - DAG(s) 'fetch_and_store_amazon_books' retrieved from /opt/airflow/dags/dags.py
[2025-05-30T07:40:30.808+0000] {logging_mixin.py:188} INFO - [2025-05-30T07:40:30.807+0000] {dag.py:3096} INFO - Sync 1 DAGs
[2025-05-30T07:40:30.835+0000] {logging_mixin.py:188} INFO - [2025-05-30T07:40:30.835+0000] {dag.py:3954} INFO - Setting next_dagrun for fetch_and_store_amazon_books to 2025-05-30 00:00:00+00:00, run_after=2025-05-31 00:00:00+00:00
[2025-05-30T07:40:30.862+0000] {processor.py:183} INFO - Processing /opt/airflow/dags/dags.py took 0.931 seconds
[2025-05-30T07:41:01.762+0000] {processor.py:161} INFO - Started process (PID=1071) to work on /opt/airflow/dags/dags.py
[2025-05-30T07:41:01.764+0000] {processor.py:830} INFO - Processing file /opt/airflow/dags/dags.py for tasks to queue
[2025-05-30T07:41:01.767+0000] {logging_mixin.py:188} INFO - [2025-05-30T07:41:01.766+0000] {dagbag.py:545} INFO - Filling up the DagBag from /opt/airflow/dags/dags.py
[2025-05-30T07:41:02.586+0000] {processor.py:840} INFO - DAG(s) 'fetch_and_store_amazon_books' retrieved from /opt/airflow/dags/dags.py
[2025-05-30T07:41:02.612+0000] {logging_mixin.py:188} INFO - [2025-05-30T07:41:02.611+0000] {dag.py:3096} INFO - Sync 1 DAGs
[2025-05-30T07:41:02.645+0000] {logging_mixin.py:188} INFO - [2025-05-30T07:41:02.645+0000] {dag.py:3954} INFO - Setting next_dagrun for fetch_and_store_amazon_books to 2025-05-30 00:00:00+00:00, run_after=2025-05-31 00:00:00+00:00
[2025-05-30T07:41:02.676+0000] {processor.py:183} INFO - Processing /opt/airflow/dags/dags.py took 0.924 seconds
[2025-05-30T07:41:33.437+0000] {processor.py:161} INFO - Started process (PID=1134) to work on /opt/airflow/dags/dags.py
[2025-05-30T07:41:33.438+0000] {processor.py:830} INFO - Processing file /opt/airflow/dags/dags.py for tasks to queue
[2025-05-30T07:41:33.442+0000] {logging_mixin.py:188} INFO - [2025-05-30T07:41:33.442+0000] {dagbag.py:545} INFO - Filling up the DagBag from /opt/airflow/dags/dags.py
[2025-05-30T07:41:34.425+0000] {processor.py:840} INFO - DAG(s) 'fetch_and_store_amazon_books' retrieved from /opt/airflow/dags/dags.py
[2025-05-30T07:41:34.454+0000] {logging_mixin.py:188} INFO - [2025-05-30T07:41:34.453+0000] {dag.py:3096} INFO - Sync 1 DAGs
[2025-05-30T07:41:34.487+0000] {logging_mixin.py:188} INFO - [2025-05-30T07:41:34.486+0000] {dag.py:3954} INFO - Setting next_dagrun for fetch_and_store_amazon_books to 2025-05-30 00:00:00+00:00, run_after=2025-05-31 00:00:00+00:00
[2025-05-30T07:41:34.517+0000] {processor.py:183} INFO - Processing /opt/airflow/dags/dags.py took 1.088 seconds
[2025-05-30T07:42:05.182+0000] {processor.py:161} INFO - Started process (PID=1199) to work on /opt/airflow/dags/dags.py
[2025-05-30T07:42:05.184+0000] {processor.py:830} INFO - Processing file /opt/airflow/dags/dags.py for tasks to queue
[2025-05-30T07:42:05.188+0000] {logging_mixin.py:188} INFO - [2025-05-30T07:42:05.187+0000] {dagbag.py:545} INFO - Filling up the DagBag from /opt/airflow/dags/dags.py
[2025-05-30T07:42:06.023+0000] {processor.py:840} INFO - DAG(s) 'fetch_and_store_amazon_books' retrieved from /opt/airflow/dags/dags.py
[2025-05-30T07:42:06.051+0000] {logging_mixin.py:188} INFO - [2025-05-30T07:42:06.050+0000] {dag.py:3096} INFO - Sync 1 DAGs
[2025-05-30T07:42:06.081+0000] {logging_mixin.py:188} INFO - [2025-05-30T07:42:06.081+0000] {dag.py:3954} INFO - Setting next_dagrun for fetch_and_store_amazon_books to 2025-05-30 00:00:00+00:00, run_after=2025-05-31 00:00:00+00:00
[2025-05-30T07:42:06.109+0000] {processor.py:183} INFO - Processing /opt/airflow/dags/dags.py took 0.935 seconds
[2025-05-30T07:42:36.815+0000] {processor.py:161} INFO - Started process (PID=1259) to work on /opt/airflow/dags/dags.py
[2025-05-30T07:42:36.817+0000] {processor.py:830} INFO - Processing file /opt/airflow/dags/dags.py for tasks to queue
[2025-05-30T07:42:36.820+0000] {logging_mixin.py:188} INFO - [2025-05-30T07:42:36.819+0000] {dagbag.py:545} INFO - Filling up the DagBag from /opt/airflow/dags/dags.py
[2025-05-30T07:42:37.647+0000] {processor.py:840} INFO - DAG(s) 'fetch_and_store_amazon_books' retrieved from /opt/airflow/dags/dags.py
[2025-05-30T07:42:37.674+0000] {logging_mixin.py:188} INFO - [2025-05-30T07:42:37.673+0000] {dag.py:3096} INFO - Sync 1 DAGs
[2025-05-30T07:42:37.700+0000] {logging_mixin.py:188} INFO - [2025-05-30T07:42:37.700+0000] {dag.py:3954} INFO - Setting next_dagrun for fetch_and_store_amazon_books to 2025-05-30 00:00:00+00:00, run_after=2025-05-31 00:00:00+00:00
[2025-05-30T07:42:37.731+0000] {processor.py:183} INFO - Processing /opt/airflow/dags/dags.py took 0.924 seconds
[2025-05-30T07:43:08.427+0000] {processor.py:161} INFO - Started process (PID=1322) to work on /opt/airflow/dags/dags.py
[2025-05-30T07:43:08.428+0000] {processor.py:830} INFO - Processing file /opt/airflow/dags/dags.py for tasks to queue
[2025-05-30T07:43:08.431+0000] {logging_mixin.py:188} INFO - [2025-05-30T07:43:08.430+0000] {dagbag.py:545} INFO - Filling up the DagBag from /opt/airflow/dags/dags.py
[2025-05-30T07:43:09.165+0000] {processor.py:840} INFO - DAG(s) 'fetch_and_store_amazon_books' retrieved from /opt/airflow/dags/dags.py
[2025-05-30T07:43:09.191+0000] {logging_mixin.py:188} INFO - [2025-05-30T07:43:09.189+0000] {dag.py:3096} INFO - Sync 1 DAGs
[2025-05-30T07:43:09.220+0000] {logging_mixin.py:188} INFO - [2025-05-30T07:43:09.219+0000] {dag.py:3954} INFO - Setting next_dagrun for fetch_and_store_amazon_books to 2025-05-30 00:00:00+00:00, run_after=2025-05-31 00:00:00+00:00
[2025-05-30T07:43:09.249+0000] {processor.py:183} INFO - Processing /opt/airflow/dags/dags.py took 0.830 seconds
[2025-05-30T07:43:39.731+0000] {processor.py:161} INFO - Started process (PID=1382) to work on /opt/airflow/dags/dags.py
[2025-05-30T07:43:39.733+0000] {processor.py:830} INFO - Processing file /opt/airflow/dags/dags.py for tasks to queue
[2025-05-30T07:43:39.735+0000] {logging_mixin.py:188} INFO - [2025-05-30T07:43:39.734+0000] {dagbag.py:545} INFO - Filling up the DagBag from /opt/airflow/dags/dags.py
[2025-05-30T07:43:40.387+0000] {processor.py:840} INFO - DAG(s) 'fetch_and_store_amazon_books' retrieved from /opt/airflow/dags/dags.py
[2025-05-30T07:43:40.406+0000] {logging_mixin.py:188} INFO - [2025-05-30T07:43:40.406+0000] {dag.py:3096} INFO - Sync 1 DAGs
[2025-05-30T07:43:40.428+0000] {logging_mixin.py:188} INFO - [2025-05-30T07:43:40.427+0000] {dag.py:3954} INFO - Setting next_dagrun for fetch_and_store_amazon_books to 2025-05-23 00:00:00+00:00, run_after=2025-05-24 00:00:00+00:00
[2025-05-30T07:43:40.453+0000] {processor.py:183} INFO - Processing /opt/airflow/dags/dags.py took 0.729 seconds
[2025-05-30T07:44:10.529+0000] {processor.py:161} INFO - Started process (PID=1442) to work on /opt/airflow/dags/dags.py
[2025-05-30T07:44:10.530+0000] {processor.py:830} INFO - Processing file /opt/airflow/dags/dags.py for tasks to queue
[2025-05-30T07:44:10.533+0000] {logging_mixin.py:188} INFO - [2025-05-30T07:44:10.533+0000] {dagbag.py:545} INFO - Filling up the DagBag from /opt/airflow/dags/dags.py
[2025-05-30T07:44:11.307+0000] {processor.py:840} INFO - DAG(s) 'fetch_and_store_amazon_books' retrieved from /opt/airflow/dags/dags.py
[2025-05-30T07:44:11.330+0000] {logging_mixin.py:188} INFO - [2025-05-30T07:44:11.329+0000] {dag.py:3096} INFO - Sync 1 DAGs
[2025-05-30T07:44:11.355+0000] {logging_mixin.py:188} INFO - [2025-05-30T07:44:11.355+0000] {dag.py:3954} INFO - Setting next_dagrun for fetch_and_store_amazon_books to 2025-05-30 00:00:00+00:00, run_after=2025-05-31 00:00:00+00:00
[2025-05-30T07:44:11.381+0000] {processor.py:183} INFO - Processing /opt/airflow/dags/dags.py took 0.859 seconds
[2025-05-30T07:44:41.834+0000] {processor.py:161} INFO - Started process (PID=1502) to work on /opt/airflow/dags/dags.py
[2025-05-30T07:44:41.836+0000] {processor.py:830} INFO - Processing file /opt/airflow/dags/dags.py for tasks to queue
[2025-05-30T07:44:41.838+0000] {logging_mixin.py:188} INFO - [2025-05-30T07:44:41.838+0000] {dagbag.py:545} INFO - Filling up the DagBag from /opt/airflow/dags/dags.py
[2025-05-30T07:44:42.742+0000] {processor.py:840} INFO - DAG(s) 'fetch_and_store_amazon_books' retrieved from /opt/airflow/dags/dags.py
[2025-05-30T07:44:42.766+0000] {logging_mixin.py:188} INFO - [2025-05-30T07:44:42.765+0000] {dag.py:3096} INFO - Sync 1 DAGs
[2025-05-30T07:44:42.793+0000] {logging_mixin.py:188} INFO - [2025-05-30T07:44:42.792+0000] {dag.py:3954} INFO - Setting next_dagrun for fetch_and_store_amazon_books to 2025-05-30 00:00:00+00:00, run_after=2025-05-31 00:00:00+00:00
[2025-05-30T07:44:42.819+0000] {processor.py:183} INFO - Processing /opt/airflow/dags/dags.py took 0.992 seconds
[2025-05-30T07:45:12.916+0000] {processor.py:161} INFO - Started process (PID=1562) to work on /opt/airflow/dags/dags.py
[2025-05-30T07:45:12.918+0000] {processor.py:830} INFO - Processing file /opt/airflow/dags/dags.py for tasks to queue
[2025-05-30T07:45:12.921+0000] {logging_mixin.py:188} INFO - [2025-05-30T07:45:12.920+0000] {dagbag.py:545} INFO - Filling up the DagBag from /opt/airflow/dags/dags.py
[2025-05-30T07:45:13.529+0000] {processor.py:840} INFO - DAG(s) 'fetch_and_store_amazon_books' retrieved from /opt/airflow/dags/dags.py
[2025-05-30T07:45:13.561+0000] {logging_mixin.py:188} INFO - [2025-05-30T07:45:13.560+0000] {dag.py:3096} INFO - Sync 1 DAGs
[2025-05-30T07:45:13.593+0000] {logging_mixin.py:188} INFO - [2025-05-30T07:45:13.593+0000] {dag.py:3954} INFO - Setting next_dagrun for fetch_and_store_amazon_books to 2025-05-30 00:00:00+00:00, run_after=2025-05-31 00:00:00+00:00
[2025-05-30T07:45:13.624+0000] {processor.py:183} INFO - Processing /opt/airflow/dags/dags.py took 0.717 seconds
[2025-05-30T07:45:43.768+0000] {processor.py:161} INFO - Started process (PID=1622) to work on /opt/airflow/dags/dags.py
[2025-05-30T07:45:43.770+0000] {processor.py:830} INFO - Processing file /opt/airflow/dags/dags.py for tasks to queue
[2025-05-30T07:45:43.773+0000] {logging_mixin.py:188} INFO - [2025-05-30T07:45:43.772+0000] {dagbag.py:545} INFO - Filling up the DagBag from /opt/airflow/dags/dags.py
[2025-05-30T07:45:44.469+0000] {processor.py:840} INFO - DAG(s) 'fetch_and_store_amazon_books' retrieved from /opt/airflow/dags/dags.py
[2025-05-30T07:45:44.501+0000] {logging_mixin.py:188} INFO - [2025-05-30T07:45:44.500+0000] {dag.py:3096} INFO - Sync 1 DAGs
[2025-05-30T07:45:44.534+0000] {logging_mixin.py:188} INFO - [2025-05-30T07:45:44.534+0000] {dag.py:3954} INFO - Setting next_dagrun for fetch_and_store_amazon_books to 2025-05-30 00:00:00+00:00, run_after=2025-05-31 00:00:00+00:00
[2025-05-30T07:45:44.568+0000] {processor.py:183} INFO - Processing /opt/airflow/dags/dags.py took 0.810 seconds
[2025-05-30T07:46:15.065+0000] {processor.py:161} INFO - Started process (PID=1686) to work on /opt/airflow/dags/dags.py
[2025-05-30T07:46:15.067+0000] {processor.py:830} INFO - Processing file /opt/airflow/dags/dags.py for tasks to queue
[2025-05-30T07:46:15.070+0000] {logging_mixin.py:188} INFO - [2025-05-30T07:46:15.070+0000] {dagbag.py:545} INFO - Filling up the DagBag from /opt/airflow/dags/dags.py
[2025-05-30T07:46:15.701+0000] {processor.py:840} INFO - DAG(s) 'fetch_and_store_amazon_books' retrieved from /opt/airflow/dags/dags.py
[2025-05-30T07:46:15.731+0000] {logging_mixin.py:188} INFO - [2025-05-30T07:46:15.730+0000] {dag.py:3096} INFO - Sync 1 DAGs
[2025-05-30T07:46:15.765+0000] {logging_mixin.py:188} INFO - [2025-05-30T07:46:15.765+0000] {dag.py:3954} INFO - Setting next_dagrun for fetch_and_store_amazon_books to 2025-05-30 00:00:00+00:00, run_after=2025-05-31 00:00:00+00:00
[2025-05-30T07:46:15.799+0000] {processor.py:183} INFO - Processing /opt/airflow/dags/dags.py took 0.743 seconds
[2025-05-30T07:48:13.761+0000] {processor.py:161} INFO - Started process (PID=56) to work on /opt/airflow/dags/dags.py
[2025-05-30T07:48:13.762+0000] {processor.py:830} INFO - Processing file /opt/airflow/dags/dags.py for tasks to queue
[2025-05-30T07:48:13.765+0000] {logging_mixin.py:188} INFO - [2025-05-30T07:48:13.765+0000] {dagbag.py:545} INFO - Filling up the DagBag from /opt/airflow/dags/dags.py
[2025-05-30T07:48:14.491+0000] {processor.py:840} INFO - DAG(s) 'fetch_and_store_amazon_books' retrieved from /opt/airflow/dags/dags.py
[2025-05-30T07:48:14.517+0000] {logging_mixin.py:188} INFO - [2025-05-30T07:48:14.516+0000] {dag.py:3096} INFO - Sync 1 DAGs
[2025-05-30T07:48:14.542+0000] {logging_mixin.py:188} INFO - [2025-05-30T07:48:14.542+0000] {dag.py:3954} INFO - Setting next_dagrun for fetch_and_store_amazon_books to 2025-05-30 00:00:00+00:00, run_after=2025-05-31 00:00:00+00:00
[2025-05-30T07:48:14.564+0000] {processor.py:183} INFO - Processing /opt/airflow/dags/dags.py took 0.809 seconds
[2025-05-30T07:48:45.050+0000] {processor.py:161} INFO - Started process (PID=121) to work on /opt/airflow/dags/dags.py
[2025-05-30T07:48:45.052+0000] {processor.py:830} INFO - Processing file /opt/airflow/dags/dags.py for tasks to queue
[2025-05-30T07:48:45.054+0000] {logging_mixin.py:188} INFO - [2025-05-30T07:48:45.054+0000] {dagbag.py:545} INFO - Filling up the DagBag from /opt/airflow/dags/dags.py
[2025-05-30T07:48:45.846+0000] {processor.py:840} INFO - DAG(s) 'fetch_and_store_amazon_books' retrieved from /opt/airflow/dags/dags.py
[2025-05-30T07:48:46.034+0000] {logging_mixin.py:188} INFO - [2025-05-30T07:48:46.033+0000] {dag.py:3096} INFO - Sync 1 DAGs
[2025-05-30T07:48:46.070+0000] {logging_mixin.py:188} INFO - [2025-05-30T07:48:46.069+0000] {dag.py:3954} INFO - Setting next_dagrun for fetch_and_store_amazon_books to 2025-05-30 00:00:00+00:00, run_after=2025-05-31 00:00:00+00:00
[2025-05-30T07:48:46.098+0000] {processor.py:183} INFO - Processing /opt/airflow/dags/dags.py took 1.055 seconds
[2025-05-30T07:49:16.202+0000] {processor.py:161} INFO - Started process (PID=181) to work on /opt/airflow/dags/dags.py
[2025-05-30T07:49:16.204+0000] {processor.py:830} INFO - Processing file /opt/airflow/dags/dags.py for tasks to queue
[2025-05-30T07:49:16.207+0000] {logging_mixin.py:188} INFO - [2025-05-30T07:49:16.206+0000] {dagbag.py:545} INFO - Filling up the DagBag from /opt/airflow/dags/dags.py
[2025-05-30T07:49:17.008+0000] {processor.py:840} INFO - DAG(s) 'fetch_and_store_amazon_books' retrieved from /opt/airflow/dags/dags.py
[2025-05-30T07:49:17.033+0000] {logging_mixin.py:188} INFO - [2025-05-30T07:49:17.033+0000] {dag.py:3096} INFO - Sync 1 DAGs
[2025-05-30T07:49:17.061+0000] {logging_mixin.py:188} INFO - [2025-05-30T07:49:17.060+0000] {dag.py:3954} INFO - Setting next_dagrun for fetch_and_store_amazon_books to 2025-05-30 00:00:00+00:00, run_after=2025-05-31 00:00:00+00:00
[2025-05-30T07:49:17.088+0000] {processor.py:183} INFO - Processing /opt/airflow/dags/dags.py took 0.896 seconds
[2025-05-30T07:49:47.978+0000] {processor.py:161} INFO - Started process (PID=248) to work on /opt/airflow/dags/dags.py
[2025-05-30T07:49:47.979+0000] {processor.py:830} INFO - Processing file /opt/airflow/dags/dags.py for tasks to queue
[2025-05-30T07:49:47.981+0000] {logging_mixin.py:188} INFO - [2025-05-30T07:49:47.981+0000] {dagbag.py:545} INFO - Filling up the DagBag from /opt/airflow/dags/dags.py
[2025-05-30T07:49:48.837+0000] {processor.py:840} INFO - DAG(s) 'fetch_and_store_amazon_books' retrieved from /opt/airflow/dags/dags.py
[2025-05-30T07:49:48.863+0000] {logging_mixin.py:188} INFO - [2025-05-30T07:49:48.863+0000] {dag.py:3096} INFO - Sync 1 DAGs
[2025-05-30T07:49:48.889+0000] {logging_mixin.py:188} INFO - [2025-05-30T07:49:48.889+0000] {dag.py:3954} INFO - Setting next_dagrun for fetch_and_store_amazon_books to 2025-05-30 00:00:00+00:00, run_after=2025-05-31 00:00:00+00:00
[2025-05-30T07:49:48.916+0000] {processor.py:183} INFO - Processing /opt/airflow/dags/dags.py took 0.945 seconds
[2025-05-30T07:50:18.995+0000] {processor.py:161} INFO - Started process (PID=313) to work on /opt/airflow/dags/dags.py
[2025-05-30T07:50:18.997+0000] {processor.py:830} INFO - Processing file /opt/airflow/dags/dags.py for tasks to queue
[2025-05-30T07:50:19.000+0000] {logging_mixin.py:188} INFO - [2025-05-30T07:50:18.999+0000] {dagbag.py:545} INFO - Filling up the DagBag from /opt/airflow/dags/dags.py
[2025-05-30T07:50:19.805+0000] {processor.py:840} INFO - DAG(s) 'fetch_and_store_amazon_books' retrieved from /opt/airflow/dags/dags.py
[2025-05-30T07:50:19.831+0000] {logging_mixin.py:188} INFO - [2025-05-30T07:50:19.830+0000] {dag.py:3096} INFO - Sync 1 DAGs
[2025-05-30T07:50:19.865+0000] {logging_mixin.py:188} INFO - [2025-05-30T07:50:19.865+0000] {dag.py:3954} INFO - Setting next_dagrun for fetch_and_store_amazon_books to 2025-05-30 00:00:00+00:00, run_after=2025-05-31 00:00:00+00:00
[2025-05-30T07:50:19.892+0000] {processor.py:183} INFO - Processing /opt/airflow/dags/dags.py took 0.904 seconds
[2025-05-30T07:50:50.058+0000] {processor.py:161} INFO - Started process (PID=377) to work on /opt/airflow/dags/dags.py
[2025-05-30T07:50:50.060+0000] {processor.py:830} INFO - Processing file /opt/airflow/dags/dags.py for tasks to queue
[2025-05-30T07:50:50.062+0000] {logging_mixin.py:188} INFO - [2025-05-30T07:50:50.062+0000] {dagbag.py:545} INFO - Filling up the DagBag from /opt/airflow/dags/dags.py
[2025-05-30T07:50:50.838+0000] {processor.py:840} INFO - DAG(s) 'fetch_and_store_amazon_books' retrieved from /opt/airflow/dags/dags.py
[2025-05-30T07:50:50.862+0000] {logging_mixin.py:188} INFO - [2025-05-30T07:50:50.861+0000] {dag.py:3096} INFO - Sync 1 DAGs
[2025-05-30T07:50:50.893+0000] {logging_mixin.py:188} INFO - [2025-05-30T07:50:50.892+0000] {dag.py:3954} INFO - Setting next_dagrun for fetch_and_store_amazon_books to 2025-05-30 00:00:00+00:00, run_after=2025-05-31 00:00:00+00:00
[2025-05-30T07:50:50.920+0000] {processor.py:183} INFO - Processing /opt/airflow/dags/dags.py took 0.871 seconds
[2025-05-30T07:51:21.208+0000] {processor.py:161} INFO - Started process (PID=440) to work on /opt/airflow/dags/dags.py
[2025-05-30T07:51:21.210+0000] {processor.py:830} INFO - Processing file /opt/airflow/dags/dags.py for tasks to queue
[2025-05-30T07:51:21.212+0000] {logging_mixin.py:188} INFO - [2025-05-30T07:51:21.212+0000] {dagbag.py:545} INFO - Filling up the DagBag from /opt/airflow/dags/dags.py
[2025-05-30T07:51:22.017+0000] {processor.py:840} INFO - DAG(s) 'fetch_and_store_amazon_books' retrieved from /opt/airflow/dags/dags.py
[2025-05-30T07:51:22.043+0000] {logging_mixin.py:188} INFO - [2025-05-30T07:51:22.042+0000] {dag.py:3096} INFO - Sync 1 DAGs
[2025-05-30T07:51:22.071+0000] {logging_mixin.py:188} INFO - [2025-05-30T07:51:22.071+0000] {dag.py:3954} INFO - Setting next_dagrun for fetch_and_store_amazon_books to 2025-05-30 00:00:00+00:00, run_after=2025-05-31 00:00:00+00:00
[2025-05-30T07:51:22.097+0000] {processor.py:183} INFO - Processing /opt/airflow/dags/dags.py took 0.897 seconds
[2025-05-30T07:51:52.999+0000] {processor.py:161} INFO - Started process (PID=504) to work on /opt/airflow/dags/dags.py
[2025-05-30T07:51:53.007+0000] {processor.py:830} INFO - Processing file /opt/airflow/dags/dags.py for tasks to queue
[2025-05-30T07:51:53.014+0000] {logging_mixin.py:188} INFO - [2025-05-30T07:51:53.013+0000] {dagbag.py:545} INFO - Filling up the DagBag from /opt/airflow/dags/dags.py
[2025-05-30T07:51:53.890+0000] {processor.py:840} INFO - DAG(s) 'fetch_and_store_amazon_books' retrieved from /opt/airflow/dags/dags.py
[2025-05-30T07:51:53.920+0000] {logging_mixin.py:188} INFO - [2025-05-30T07:51:53.919+0000] {dag.py:3096} INFO - Sync 1 DAGs
[2025-05-30T07:51:53.949+0000] {logging_mixin.py:188} INFO - [2025-05-30T07:51:53.949+0000] {dag.py:3954} INFO - Setting next_dagrun for fetch_and_store_amazon_books to 2025-05-30 00:00:00+00:00, run_after=2025-05-31 00:00:00+00:00
[2025-05-30T07:51:53.978+0000] {processor.py:183} INFO - Processing /opt/airflow/dags/dags.py took 0.997 seconds
[2025-05-30T07:52:24.074+0000] {processor.py:161} INFO - Started process (PID=568) to work on /opt/airflow/dags/dags.py
[2025-05-30T07:52:24.075+0000] {processor.py:830} INFO - Processing file /opt/airflow/dags/dags.py for tasks to queue
[2025-05-30T07:52:24.078+0000] {logging_mixin.py:188} INFO - [2025-05-30T07:52:24.077+0000] {dagbag.py:545} INFO - Filling up the DagBag from /opt/airflow/dags/dags.py
[2025-05-30T07:52:24.861+0000] {processor.py:840} INFO - DAG(s) 'fetch_and_store_amazon_books' retrieved from /opt/airflow/dags/dags.py
[2025-05-30T07:52:24.885+0000] {logging_mixin.py:188} INFO - [2025-05-30T07:52:24.885+0000] {dag.py:3096} INFO - Sync 1 DAGs
[2025-05-30T07:52:24.911+0000] {logging_mixin.py:188} INFO - [2025-05-30T07:52:24.910+0000] {dag.py:3954} INFO - Setting next_dagrun for fetch_and_store_amazon_books to 2025-05-30 00:00:00+00:00, run_after=2025-05-31 00:00:00+00:00
[2025-05-30T07:52:24.938+0000] {processor.py:183} INFO - Processing /opt/airflow/dags/dags.py took 0.871 seconds
[2025-05-30T07:52:55.025+0000] {processor.py:161} INFO - Started process (PID=632) to work on /opt/airflow/dags/dags.py
[2025-05-30T07:52:55.026+0000] {processor.py:830} INFO - Processing file /opt/airflow/dags/dags.py for tasks to queue
[2025-05-30T07:52:55.029+0000] {logging_mixin.py:188} INFO - [2025-05-30T07:52:55.029+0000] {dagbag.py:545} INFO - Filling up the DagBag from /opt/airflow/dags/dags.py
[2025-05-30T07:52:55.833+0000] {processor.py:840} INFO - DAG(s) 'fetch_and_store_amazon_books' retrieved from /opt/airflow/dags/dags.py
[2025-05-30T07:52:55.858+0000] {logging_mixin.py:188} INFO - [2025-05-30T07:52:55.857+0000] {dag.py:3096} INFO - Sync 1 DAGs
[2025-05-30T07:52:55.888+0000] {logging_mixin.py:188} INFO - [2025-05-30T07:52:55.888+0000] {dag.py:3954} INFO - Setting next_dagrun for fetch_and_store_amazon_books to 2025-05-30 00:00:00+00:00, run_after=2025-05-31 00:00:00+00:00
[2025-05-30T07:52:55.917+0000] {processor.py:183} INFO - Processing /opt/airflow/dags/dags.py took 0.900 seconds
[2025-05-30T07:53:26.934+0000] {processor.py:161} INFO - Started process (PID=693) to work on /opt/airflow/dags/dags.py
[2025-05-30T07:53:26.935+0000] {processor.py:830} INFO - Processing file /opt/airflow/dags/dags.py for tasks to queue
[2025-05-30T07:53:26.938+0000] {logging_mixin.py:188} INFO - [2025-05-30T07:53:26.938+0000] {dagbag.py:545} INFO - Filling up the DagBag from /opt/airflow/dags/dags.py
[2025-05-30T07:53:27.806+0000] {processor.py:840} INFO - DAG(s) 'fetch_and_store_amazon_books' retrieved from /opt/airflow/dags/dags.py
[2025-05-30T07:53:27.834+0000] {logging_mixin.py:188} INFO - [2025-05-30T07:53:27.833+0000] {dag.py:3096} INFO - Sync 1 DAGs
[2025-05-30T07:53:27.866+0000] {logging_mixin.py:188} INFO - [2025-05-30T07:53:27.865+0000] {dag.py:3954} INFO - Setting next_dagrun for fetch_and_store_amazon_books to 2025-05-30 00:00:00+00:00, run_after=2025-05-31 00:00:00+00:00
[2025-05-30T07:53:27.896+0000] {processor.py:183} INFO - Processing /opt/airflow/dags/dags.py took 0.972 seconds
[2025-05-30T07:53:58.082+0000] {processor.py:161} INFO - Started process (PID=753) to work on /opt/airflow/dags/dags.py
[2025-05-30T07:53:58.083+0000] {processor.py:830} INFO - Processing file /opt/airflow/dags/dags.py for tasks to queue
[2025-05-30T07:53:58.086+0000] {logging_mixin.py:188} INFO - [2025-05-30T07:53:58.085+0000] {dagbag.py:545} INFO - Filling up the DagBag from /opt/airflow/dags/dags.py
[2025-05-30T07:53:58.746+0000] {processor.py:840} INFO - DAG(s) 'fetch_and_store_amazon_books' retrieved from /opt/airflow/dags/dags.py
[2025-05-30T07:53:58.765+0000] {logging_mixin.py:188} INFO - [2025-05-30T07:53:58.765+0000] {dag.py:3096} INFO - Sync 1 DAGs
[2025-05-30T07:53:58.790+0000] {logging_mixin.py:188} INFO - [2025-05-30T07:53:58.790+0000] {dag.py:3954} INFO - Setting next_dagrun for fetch_and_store_amazon_books to 2025-05-30 00:00:00+00:00, run_after=2025-05-31 00:00:00+00:00
[2025-05-30T07:53:58.812+0000] {processor.py:183} INFO - Processing /opt/airflow/dags/dags.py took 0.735 seconds
[2025-05-30T07:54:29.059+0000] {processor.py:161} INFO - Started process (PID=816) to work on /opt/airflow/dags/dags.py
[2025-05-30T07:54:29.060+0000] {processor.py:830} INFO - Processing file /opt/airflow/dags/dags.py for tasks to queue
[2025-05-30T07:54:29.062+0000] {logging_mixin.py:188} INFO - [2025-05-30T07:54:29.062+0000] {dagbag.py:545} INFO - Filling up the DagBag from /opt/airflow/dags/dags.py
[2025-05-30T07:54:29.711+0000] {processor.py:840} INFO - DAG(s) 'fetch_and_store_amazon_books' retrieved from /opt/airflow/dags/dags.py
[2025-05-30T07:54:29.734+0000] {logging_mixin.py:188} INFO - [2025-05-30T07:54:29.733+0000] {dag.py:3096} INFO - Sync 1 DAGs
[2025-05-30T07:54:29.754+0000] {logging_mixin.py:188} INFO - [2025-05-30T07:54:29.754+0000] {dag.py:3954} INFO - Setting next_dagrun for fetch_and_store_amazon_books to 2025-05-30 00:00:00+00:00, run_after=2025-05-31 00:00:00+00:00
[2025-05-30T07:54:29.775+0000] {processor.py:183} INFO - Processing /opt/airflow/dags/dags.py took 0.722 seconds
[2025-05-30T07:54:59.879+0000] {processor.py:161} INFO - Started process (PID=879) to work on /opt/airflow/dags/dags.py
[2025-05-30T07:54:59.880+0000] {processor.py:830} INFO - Processing file /opt/airflow/dags/dags.py for tasks to queue
[2025-05-30T07:54:59.882+0000] {logging_mixin.py:188} INFO - [2025-05-30T07:54:59.882+0000] {dagbag.py:545} INFO - Filling up the DagBag from /opt/airflow/dags/dags.py
[2025-05-30T07:55:00.605+0000] {processor.py:840} INFO - DAG(s) 'fetch_and_store_amazon_books' retrieved from /opt/airflow/dags/dags.py
[2025-05-30T07:55:00.622+0000] {logging_mixin.py:188} INFO - [2025-05-30T07:55:00.622+0000] {dag.py:3096} INFO - Sync 1 DAGs
[2025-05-30T07:55:00.653+0000] {logging_mixin.py:188} INFO - [2025-05-30T07:55:00.653+0000] {dag.py:3954} INFO - Setting next_dagrun for fetch_and_store_amazon_books to 2025-05-30 00:00:00+00:00, run_after=2025-05-31 00:00:00+00:00
[2025-05-30T07:55:00.680+0000] {processor.py:183} INFO - Processing /opt/airflow/dags/dags.py took 0.808 seconds
[2025-05-30T07:55:32.364+0000] {processor.py:161} INFO - Started process (PID=943) to work on /opt/airflow/dags/dags.py
[2025-05-30T07:55:32.366+0000] {processor.py:830} INFO - Processing file /opt/airflow/dags/dags.py for tasks to queue
[2025-05-30T07:55:32.369+0000] {logging_mixin.py:188} INFO - [2025-05-30T07:55:32.368+0000] {dagbag.py:545} INFO - Filling up the DagBag from /opt/airflow/dags/dags.py
[2025-05-30T07:55:33.166+0000] {processor.py:840} INFO - DAG(s) 'fetch_and_store_amazon_books' retrieved from /opt/airflow/dags/dags.py
[2025-05-30T07:55:33.313+0000] {logging_mixin.py:188} INFO - [2025-05-30T07:55:33.312+0000] {dag.py:3096} INFO - Sync 1 DAGs
[2025-05-30T07:55:33.337+0000] {logging_mixin.py:188} INFO - [2025-05-30T07:55:33.337+0000] {dag.py:3954} INFO - Setting next_dagrun for fetch_and_store_amazon_books to 2025-05-30 00:00:00+00:00, run_after=2025-05-31 00:00:00+00:00
[2025-05-30T07:55:33.365+0000] {processor.py:183} INFO - Processing /opt/airflow/dags/dags.py took 1.008 seconds
[2025-05-30T07:56:04.022+0000] {processor.py:161} INFO - Started process (PID=1003) to work on /opt/airflow/dags/dags.py
[2025-05-30T07:56:04.024+0000] {processor.py:830} INFO - Processing file /opt/airflow/dags/dags.py for tasks to queue
[2025-05-30T07:56:04.027+0000] {logging_mixin.py:188} INFO - [2025-05-30T07:56:04.027+0000] {dagbag.py:545} INFO - Filling up the DagBag from /opt/airflow/dags/dags.py
[2025-05-30T07:56:04.856+0000] {processor.py:840} INFO - DAG(s) 'fetch_and_store_amazon_books' retrieved from /opt/airflow/dags/dags.py
[2025-05-30T07:56:04.885+0000] {logging_mixin.py:188} INFO - [2025-05-30T07:56:04.884+0000] {dag.py:3096} INFO - Sync 1 DAGs
[2025-05-30T07:56:04.916+0000] {logging_mixin.py:188} INFO - [2025-05-30T07:56:04.915+0000] {dag.py:3954} INFO - Setting next_dagrun for fetch_and_store_amazon_books to 2025-05-30 00:00:00+00:00, run_after=2025-05-31 00:00:00+00:00
[2025-05-30T07:56:04.939+0000] {processor.py:183} INFO - Processing /opt/airflow/dags/dags.py took 0.927 seconds
[2025-05-30T07:56:35.585+0000] {processor.py:161} INFO - Started process (PID=1063) to work on /opt/airflow/dags/dags.py
[2025-05-30T07:56:35.587+0000] {processor.py:830} INFO - Processing file /opt/airflow/dags/dags.py for tasks to queue
[2025-05-30T07:56:35.590+0000] {logging_mixin.py:188} INFO - [2025-05-30T07:56:35.589+0000] {dagbag.py:545} INFO - Filling up the DagBag from /opt/airflow/dags/dags.py
[2025-05-30T07:56:36.541+0000] {processor.py:840} INFO - DAG(s) 'fetch_and_store_amazon_books' retrieved from /opt/airflow/dags/dags.py
[2025-05-30T07:56:36.566+0000] {logging_mixin.py:188} INFO - [2025-05-30T07:56:36.565+0000] {dag.py:3096} INFO - Sync 1 DAGs
[2025-05-30T07:56:36.591+0000] {logging_mixin.py:188} INFO - [2025-05-30T07:56:36.591+0000] {dag.py:3954} INFO - Setting next_dagrun for fetch_and_store_amazon_books to 2025-05-30 00:00:00+00:00, run_after=2025-05-31 00:00:00+00:00
[2025-05-30T07:56:36.618+0000] {processor.py:183} INFO - Processing /opt/airflow/dags/dags.py took 1.041 seconds
[2025-05-30T07:57:06.961+0000] {processor.py:161} INFO - Started process (PID=1123) to work on /opt/airflow/dags/dags.py
[2025-05-30T07:57:06.962+0000] {processor.py:830} INFO - Processing file /opt/airflow/dags/dags.py for tasks to queue
[2025-05-30T07:57:06.965+0000] {logging_mixin.py:188} INFO - [2025-05-30T07:57:06.964+0000] {dagbag.py:545} INFO - Filling up the DagBag from /opt/airflow/dags/dags.py
[2025-05-30T07:57:07.869+0000] {processor.py:840} INFO - DAG(s) 'fetch_and_store_amazon_books' retrieved from /opt/airflow/dags/dags.py
[2025-05-30T07:57:07.893+0000] {logging_mixin.py:188} INFO - [2025-05-30T07:57:07.891+0000] {dag.py:3096} INFO - Sync 1 DAGs
[2025-05-30T07:57:07.917+0000] {logging_mixin.py:188} INFO - [2025-05-30T07:57:07.917+0000] {dag.py:3954} INFO - Setting next_dagrun for fetch_and_store_amazon_books to 2025-05-30 00:00:00+00:00, run_after=2025-05-31 00:00:00+00:00
[2025-05-30T07:57:07.941+0000] {processor.py:183} INFO - Processing /opt/airflow/dags/dags.py took 0.989 seconds
[2025-05-30T07:57:38.131+0000] {processor.py:161} INFO - Started process (PID=1183) to work on /opt/airflow/dags/dags.py
[2025-05-30T07:57:38.134+0000] {processor.py:830} INFO - Processing file /opt/airflow/dags/dags.py for tasks to queue
[2025-05-30T07:57:38.140+0000] {logging_mixin.py:188} INFO - [2025-05-30T07:57:38.139+0000] {dagbag.py:545} INFO - Filling up the DagBag from /opt/airflow/dags/dags.py
[2025-05-30T07:57:39.105+0000] {processor.py:840} INFO - DAG(s) 'fetch_and_store_amazon_books' retrieved from /opt/airflow/dags/dags.py
[2025-05-30T07:57:39.134+0000] {logging_mixin.py:188} INFO - [2025-05-30T07:57:39.133+0000] {dag.py:3096} INFO - Sync 1 DAGs
[2025-05-30T07:57:39.165+0000] {logging_mixin.py:188} INFO - [2025-05-30T07:57:39.165+0000] {dag.py:3954} INFO - Setting next_dagrun for fetch_and_store_amazon_books to 2025-05-30 00:00:00+00:00, run_after=2025-05-31 00:00:00+00:00
[2025-05-30T07:57:39.191+0000] {processor.py:183} INFO - Processing /opt/airflow/dags/dags.py took 1.071 seconds
[2025-05-30T07:58:09.720+0000] {processor.py:161} INFO - Started process (PID=1243) to work on /opt/airflow/dags/dags.py
[2025-05-30T07:58:09.722+0000] {processor.py:830} INFO - Processing file /opt/airflow/dags/dags.py for tasks to queue
[2025-05-30T07:58:09.725+0000] {logging_mixin.py:188} INFO - [2025-05-30T07:58:09.725+0000] {dagbag.py:545} INFO - Filling up the DagBag from /opt/airflow/dags/dags.py
[2025-05-30T07:58:10.646+0000] {processor.py:840} INFO - DAG(s) 'fetch_and_store_amazon_books' retrieved from /opt/airflow/dags/dags.py
[2025-05-30T07:58:10.669+0000] {logging_mixin.py:188} INFO - [2025-05-30T07:58:10.668+0000] {dag.py:3096} INFO - Sync 1 DAGs
[2025-05-30T07:58:10.697+0000] {logging_mixin.py:188} INFO - [2025-05-30T07:58:10.697+0000] {dag.py:3954} INFO - Setting next_dagrun for fetch_and_store_amazon_books to 2025-05-30 00:00:00+00:00, run_after=2025-05-31 00:00:00+00:00
[2025-05-30T07:58:10.722+0000] {processor.py:183} INFO - Processing /opt/airflow/dags/dags.py took 1.015 seconds
[2025-05-30T07:58:40.821+0000] {processor.py:161} INFO - Started process (PID=1305) to work on /opt/airflow/dags/dags.py
[2025-05-30T07:58:40.823+0000] {processor.py:830} INFO - Processing file /opt/airflow/dags/dags.py for tasks to queue
[2025-05-30T07:58:40.825+0000] {logging_mixin.py:188} INFO - [2025-05-30T07:58:40.825+0000] {dagbag.py:545} INFO - Filling up the DagBag from /opt/airflow/dags/dags.py
[2025-05-30T07:58:41.642+0000] {processor.py:840} INFO - DAG(s) 'fetch_and_store_amazon_books' retrieved from /opt/airflow/dags/dags.py
[2025-05-30T07:58:41.669+0000] {logging_mixin.py:188} INFO - [2025-05-30T07:58:41.668+0000] {dag.py:3096} INFO - Sync 1 DAGs
[2025-05-30T07:58:41.700+0000] {logging_mixin.py:188} INFO - [2025-05-30T07:58:41.700+0000] {dag.py:3954} INFO - Setting next_dagrun for fetch_and_store_amazon_books to 2025-05-30 00:00:00+00:00, run_after=2025-05-31 00:00:00+00:00
[2025-05-30T07:58:41.727+0000] {processor.py:183} INFO - Processing /opt/airflow/dags/dags.py took 0.914 seconds
[2025-05-30T07:59:11.911+0000] {processor.py:161} INFO - Started process (PID=1365) to work on /opt/airflow/dags/dags.py
[2025-05-30T07:59:11.913+0000] {processor.py:830} INFO - Processing file /opt/airflow/dags/dags.py for tasks to queue
[2025-05-30T07:59:11.915+0000] {logging_mixin.py:188} INFO - [2025-05-30T07:59:11.914+0000] {dagbag.py:545} INFO - Filling up the DagBag from /opt/airflow/dags/dags.py
[2025-05-30T07:59:12.688+0000] {processor.py:840} INFO - DAG(s) 'fetch_and_store_amazon_books' retrieved from /opt/airflow/dags/dags.py
[2025-05-30T07:59:12.714+0000] {logging_mixin.py:188} INFO - [2025-05-30T07:59:12.713+0000] {dag.py:3096} INFO - Sync 1 DAGs
[2025-05-30T07:59:12.743+0000] {logging_mixin.py:188} INFO - [2025-05-30T07:59:12.742+0000] {dag.py:3954} INFO - Setting next_dagrun for fetch_and_store_amazon_books to 2025-05-30 00:00:00+00:00, run_after=2025-05-31 00:00:00+00:00
[2025-05-30T07:59:12.769+0000] {processor.py:183} INFO - Processing /opt/airflow/dags/dags.py took 0.867 seconds
[2025-05-30T07:59:43.215+0000] {processor.py:161} INFO - Started process (PID=1439) to work on /opt/airflow/dags/dags.py
[2025-05-30T07:59:43.223+0000] {processor.py:830} INFO - Processing file /opt/airflow/dags/dags.py for tasks to queue
[2025-05-30T07:59:43.226+0000] {logging_mixin.py:188} INFO - [2025-05-30T07:59:43.226+0000] {dagbag.py:545} INFO - Filling up the DagBag from /opt/airflow/dags/dags.py
[2025-05-30T07:59:43.887+0000] {processor.py:840} INFO - DAG(s) 'fetch_and_store_amazon_books' retrieved from /opt/airflow/dags/dags.py
[2025-05-30T07:59:43.907+0000] {logging_mixin.py:188} INFO - [2025-05-30T07:59:43.906+0000] {dag.py:3096} INFO - Sync 1 DAGs
[2025-05-30T07:59:43.925+0000] {logging_mixin.py:188} INFO - [2025-05-30T07:59:43.925+0000] {dag.py:3954} INFO - Setting next_dagrun for fetch_and_store_amazon_books to 2025-05-30 00:00:00+00:00, run_after=2025-05-31 00:00:00+00:00
[2025-05-30T07:59:43.957+0000] {processor.py:183} INFO - Processing /opt/airflow/dags/dags.py took 0.750 seconds
[2025-05-30T08:00:14.087+0000] {processor.py:161} INFO - Started process (PID=1500) to work on /opt/airflow/dags/dags.py
[2025-05-30T08:00:14.088+0000] {processor.py:830} INFO - Processing file /opt/airflow/dags/dags.py for tasks to queue
[2025-05-30T08:00:14.092+0000] {logging_mixin.py:188} INFO - [2025-05-30T08:00:14.091+0000] {dagbag.py:545} INFO - Filling up the DagBag from /opt/airflow/dags/dags.py
[2025-05-30T08:00:14.850+0000] {processor.py:840} INFO - DAG(s) 'fetch_and_store_amazon_books' retrieved from /opt/airflow/dags/dags.py
[2025-05-30T08:00:14.876+0000] {logging_mixin.py:188} INFO - [2025-05-30T08:00:14.875+0000] {dag.py:3096} INFO - Sync 1 DAGs
[2025-05-30T08:00:14.903+0000] {logging_mixin.py:188} INFO - [2025-05-30T08:00:14.903+0000] {dag.py:3954} INFO - Setting next_dagrun for fetch_and_store_amazon_books to 2025-05-30 00:00:00+00:00, run_after=2025-05-31 00:00:00+00:00
[2025-05-30T08:00:14.929+0000] {processor.py:183} INFO - Processing /opt/airflow/dags/dags.py took 0.851 seconds
[2025-05-30T08:00:45.949+0000] {processor.py:161} INFO - Started process (PID=1562) to work on /opt/airflow/dags/dags.py
[2025-05-30T08:00:45.950+0000] {processor.py:830} INFO - Processing file /opt/airflow/dags/dags.py for tasks to queue
[2025-05-30T08:00:45.953+0000] {logging_mixin.py:188} INFO - [2025-05-30T08:00:45.953+0000] {dagbag.py:545} INFO - Filling up the DagBag from /opt/airflow/dags/dags.py
[2025-05-30T08:00:46.859+0000] {processor.py:840} INFO - DAG(s) 'fetch_and_store_amazon_books' retrieved from /opt/airflow/dags/dags.py
[2025-05-30T08:00:46.885+0000] {logging_mixin.py:188} INFO - [2025-05-30T08:00:46.884+0000] {dag.py:3096} INFO - Sync 1 DAGs
[2025-05-30T08:00:46.915+0000] {logging_mixin.py:188} INFO - [2025-05-30T08:00:46.915+0000] {dag.py:3954} INFO - Setting next_dagrun for fetch_and_store_amazon_books to 2025-05-30 00:00:00+00:00, run_after=2025-05-31 00:00:00+00:00
[2025-05-30T08:00:46.946+0000] {processor.py:183} INFO - Processing /opt/airflow/dags/dags.py took 1.005 seconds
[2025-05-30T08:01:17.508+0000] {processor.py:161} INFO - Started process (PID=1622) to work on /opt/airflow/dags/dags.py
[2025-05-30T08:01:17.510+0000] {processor.py:830} INFO - Processing file /opt/airflow/dags/dags.py for tasks to queue
[2025-05-30T08:01:17.512+0000] {logging_mixin.py:188} INFO - [2025-05-30T08:01:17.512+0000] {dagbag.py:545} INFO - Filling up the DagBag from /opt/airflow/dags/dags.py
[2025-05-30T08:01:18.145+0000] {processor.py:840} INFO - DAG(s) 'fetch_and_store_amazon_books' retrieved from /opt/airflow/dags/dags.py
[2025-05-30T08:01:18.172+0000] {logging_mixin.py:188} INFO - [2025-05-30T08:01:18.171+0000] {dag.py:3096} INFO - Sync 1 DAGs
[2025-05-30T08:01:18.199+0000] {logging_mixin.py:188} INFO - [2025-05-30T08:01:18.199+0000] {dag.py:3954} INFO - Setting next_dagrun for fetch_and_store_amazon_books to 2025-05-30 00:00:00+00:00, run_after=2025-05-31 00:00:00+00:00
[2025-05-30T08:01:18.228+0000] {processor.py:183} INFO - Processing /opt/airflow/dags/dags.py took 0.728 seconds
[2025-05-30T08:01:48.384+0000] {processor.py:161} INFO - Started process (PID=1682) to work on /opt/airflow/dags/dags.py
[2025-05-30T08:01:48.386+0000] {processor.py:830} INFO - Processing file /opt/airflow/dags/dags.py for tasks to queue
[2025-05-30T08:01:48.388+0000] {logging_mixin.py:188} INFO - [2025-05-30T08:01:48.388+0000] {dagbag.py:545} INFO - Filling up the DagBag from /opt/airflow/dags/dags.py
[2025-05-30T08:01:48.986+0000] {processor.py:840} INFO - DAG(s) 'fetch_and_store_amazon_books' retrieved from /opt/airflow/dags/dags.py
[2025-05-30T08:01:49.018+0000] {logging_mixin.py:188} INFO - [2025-05-30T08:01:49.016+0000] {dag.py:3096} INFO - Sync 1 DAGs
[2025-05-30T08:01:49.050+0000] {logging_mixin.py:188} INFO - [2025-05-30T08:01:49.050+0000] {dag.py:3954} INFO - Setting next_dagrun for fetch_and_store_amazon_books to 2025-05-30 00:00:00+00:00, run_after=2025-05-31 00:00:00+00:00
[2025-05-30T08:01:49.081+0000] {processor.py:183} INFO - Processing /opt/airflow/dags/dags.py took 0.705 seconds
[2025-05-30T08:02:19.935+0000] {processor.py:161} INFO - Started process (PID=1742) to work on /opt/airflow/dags/dags.py
[2025-05-30T08:02:19.936+0000] {processor.py:830} INFO - Processing file /opt/airflow/dags/dags.py for tasks to queue
[2025-05-30T08:02:19.939+0000] {logging_mixin.py:188} INFO - [2025-05-30T08:02:19.938+0000] {dagbag.py:545} INFO - Filling up the DagBag from /opt/airflow/dags/dags.py
[2025-05-30T08:02:20.545+0000] {processor.py:840} INFO - DAG(s) 'fetch_and_store_amazon_books' retrieved from /opt/airflow/dags/dags.py
[2025-05-30T08:02:20.576+0000] {logging_mixin.py:188} INFO - [2025-05-30T08:02:20.575+0000] {dag.py:3096} INFO - Sync 1 DAGs
[2025-05-30T08:02:20.609+0000] {logging_mixin.py:188} INFO - [2025-05-30T08:02:20.609+0000] {dag.py:3954} INFO - Setting next_dagrun for fetch_and_store_amazon_books to 2025-05-30 00:00:00+00:00, run_after=2025-05-31 00:00:00+00:00
[2025-05-30T08:02:20.640+0000] {processor.py:183} INFO - Processing /opt/airflow/dags/dags.py took 0.714 seconds
[2025-05-30T08:02:50.724+0000] {processor.py:161} INFO - Started process (PID=1802) to work on /opt/airflow/dags/dags.py
[2025-05-30T08:02:50.725+0000] {processor.py:830} INFO - Processing file /opt/airflow/dags/dags.py for tasks to queue
[2025-05-30T08:02:50.728+0000] {logging_mixin.py:188} INFO - [2025-05-30T08:02:50.727+0000] {dagbag.py:545} INFO - Filling up the DagBag from /opt/airflow/dags/dags.py
[2025-05-30T08:02:51.356+0000] {processor.py:840} INFO - DAG(s) 'fetch_and_store_amazon_books' retrieved from /opt/airflow/dags/dags.py
[2025-05-30T08:02:51.384+0000] {logging_mixin.py:188} INFO - [2025-05-30T08:02:51.383+0000] {dag.py:3096} INFO - Sync 1 DAGs
[2025-05-30T08:02:51.413+0000] {logging_mixin.py:188} INFO - [2025-05-30T08:02:51.412+0000] {dag.py:3954} INFO - Setting next_dagrun for fetch_and_store_amazon_books to 2025-05-30 00:00:00+00:00, run_after=2025-05-31 00:00:00+00:00
[2025-05-30T08:02:51.439+0000] {processor.py:183} INFO - Processing /opt/airflow/dags/dags.py took 0.725 seconds
[2025-05-30T08:03:22.054+0000] {processor.py:161} INFO - Started process (PID=1862) to work on /opt/airflow/dags/dags.py
[2025-05-30T08:03:22.056+0000] {processor.py:830} INFO - Processing file /opt/airflow/dags/dags.py for tasks to queue
[2025-05-30T08:03:22.059+0000] {logging_mixin.py:188} INFO - [2025-05-30T08:03:22.058+0000] {dagbag.py:545} INFO - Filling up the DagBag from /opt/airflow/dags/dags.py
[2025-05-30T08:03:22.653+0000] {processor.py:840} INFO - DAG(s) 'fetch_and_store_amazon_books' retrieved from /opt/airflow/dags/dags.py
[2025-05-30T08:03:22.684+0000] {logging_mixin.py:188} INFO - [2025-05-30T08:03:22.683+0000] {dag.py:3096} INFO - Sync 1 DAGs
[2025-05-30T08:03:22.714+0000] {logging_mixin.py:188} INFO - [2025-05-30T08:03:22.714+0000] {dag.py:3954} INFO - Setting next_dagrun for fetch_and_store_amazon_books to 2025-05-30 00:00:00+00:00, run_after=2025-05-31 00:00:00+00:00
[2025-05-30T08:03:22.747+0000] {processor.py:183} INFO - Processing /opt/airflow/dags/dags.py took 0.701 seconds
[2025-05-30T08:03:53.707+0000] {processor.py:161} INFO - Started process (PID=1922) to work on /opt/airflow/dags/dags.py
[2025-05-30T08:03:53.708+0000] {processor.py:830} INFO - Processing file /opt/airflow/dags/dags.py for tasks to queue
[2025-05-30T08:03:53.711+0000] {logging_mixin.py:188} INFO - [2025-05-30T08:03:53.710+0000] {dagbag.py:545} INFO - Filling up the DagBag from /opt/airflow/dags/dags.py
[2025-05-30T08:03:54.346+0000] {processor.py:840} INFO - DAG(s) 'fetch_and_store_amazon_books' retrieved from /opt/airflow/dags/dags.py
[2025-05-30T08:03:54.379+0000] {logging_mixin.py:188} INFO - [2025-05-30T08:03:54.377+0000] {dag.py:3096} INFO - Sync 1 DAGs
[2025-05-30T08:03:54.409+0000] {logging_mixin.py:188} INFO - [2025-05-30T08:03:54.409+0000] {dag.py:3954} INFO - Setting next_dagrun for fetch_and_store_amazon_books to 2025-05-30 00:00:00+00:00, run_after=2025-05-31 00:00:00+00:00
[2025-05-30T08:03:54.438+0000] {processor.py:183} INFO - Processing /opt/airflow/dags/dags.py took 0.739 seconds
[2025-05-30T08:04:25.383+0000] {processor.py:161} INFO - Started process (PID=1988) to work on /opt/airflow/dags/dags.py
[2025-05-30T08:04:25.385+0000] {processor.py:830} INFO - Processing file /opt/airflow/dags/dags.py for tasks to queue
[2025-05-30T08:04:25.388+0000] {logging_mixin.py:188} INFO - [2025-05-30T08:04:25.387+0000] {dagbag.py:545} INFO - Filling up the DagBag from /opt/airflow/dags/dags.py
[2025-05-30T08:04:25.975+0000] {processor.py:840} INFO - DAG(s) 'fetch_and_store_amazon_books' retrieved from /opt/airflow/dags/dags.py
[2025-05-30T08:04:26.006+0000] {logging_mixin.py:188} INFO - [2025-05-30T08:04:26.004+0000] {dag.py:3096} INFO - Sync 1 DAGs
[2025-05-30T08:04:26.036+0000] {logging_mixin.py:188} INFO - [2025-05-30T08:04:26.036+0000] {dag.py:3954} INFO - Setting next_dagrun for fetch_and_store_amazon_books to 2025-05-30 00:00:00+00:00, run_after=2025-05-31 00:00:00+00:00
[2025-05-30T08:04:26.067+0000] {processor.py:183} INFO - Processing /opt/airflow/dags/dags.py took 0.692 seconds
[2025-05-30T08:04:56.820+0000] {processor.py:161} INFO - Started process (PID=2048) to work on /opt/airflow/dags/dags.py
[2025-05-30T08:04:56.822+0000] {processor.py:830} INFO - Processing file /opt/airflow/dags/dags.py for tasks to queue
[2025-05-30T08:04:56.824+0000] {logging_mixin.py:188} INFO - [2025-05-30T08:04:56.824+0000] {dagbag.py:545} INFO - Filling up the DagBag from /opt/airflow/dags/dags.py
[2025-05-30T08:04:57.430+0000] {processor.py:840} INFO - DAG(s) 'fetch_and_store_amazon_books' retrieved from /opt/airflow/dags/dags.py
[2025-05-30T08:04:57.461+0000] {logging_mixin.py:188} INFO - [2025-05-30T08:04:57.460+0000] {dag.py:3096} INFO - Sync 1 DAGs
[2025-05-30T08:04:57.494+0000] {logging_mixin.py:188} INFO - [2025-05-30T08:04:57.493+0000] {dag.py:3954} INFO - Setting next_dagrun for fetch_and_store_amazon_books to 2025-05-30 00:00:00+00:00, run_after=2025-05-31 00:00:00+00:00
[2025-05-30T08:04:57.521+0000] {processor.py:183} INFO - Processing /opt/airflow/dags/dags.py took 0.708 seconds
[2025-05-30T08:05:28.406+0000] {processor.py:161} INFO - Started process (PID=2108) to work on /opt/airflow/dags/dags.py
[2025-05-30T08:05:28.407+0000] {processor.py:830} INFO - Processing file /opt/airflow/dags/dags.py for tasks to queue
[2025-05-30T08:05:28.410+0000] {logging_mixin.py:188} INFO - [2025-05-30T08:05:28.409+0000] {dagbag.py:545} INFO - Filling up the DagBag from /opt/airflow/dags/dags.py
[2025-05-30T08:05:28.906+0000] {processor.py:840} INFO - DAG(s) 'fetch_and_store_amazon_books' retrieved from /opt/airflow/dags/dags.py
[2025-05-30T08:05:28.927+0000] {logging_mixin.py:188} INFO - [2025-05-30T08:05:28.927+0000] {dag.py:3096} INFO - Sync 1 DAGs
[2025-05-30T08:05:28.952+0000] {logging_mixin.py:188} INFO - [2025-05-30T08:05:28.952+0000] {dag.py:3954} INFO - Setting next_dagrun for fetch_and_store_amazon_books to 2025-05-30 00:00:00+00:00, run_after=2025-05-31 00:00:00+00:00
[2025-05-30T08:05:28.974+0000] {processor.py:183} INFO - Processing /opt/airflow/dags/dags.py took 0.576 seconds
[2025-05-30T08:05:59.116+0000] {processor.py:161} INFO - Started process (PID=2168) to work on /opt/airflow/dags/dags.py
[2025-05-30T08:05:59.117+0000] {processor.py:830} INFO - Processing file /opt/airflow/dags/dags.py for tasks to queue
[2025-05-30T08:05:59.120+0000] {logging_mixin.py:188} INFO - [2025-05-30T08:05:59.119+0000] {dagbag.py:545} INFO - Filling up the DagBag from /opt/airflow/dags/dags.py
[2025-05-30T08:05:59.728+0000] {processor.py:840} INFO - DAG(s) 'fetch_and_store_amazon_books' retrieved from /opt/airflow/dags/dags.py
[2025-05-30T08:05:59.758+0000] {logging_mixin.py:188} INFO - [2025-05-30T08:05:59.757+0000] {dag.py:3096} INFO - Sync 1 DAGs
[2025-05-30T08:05:59.790+0000] {logging_mixin.py:188} INFO - [2025-05-30T08:05:59.790+0000] {dag.py:3954} INFO - Setting next_dagrun for fetch_and_store_amazon_books to 2025-05-30 00:00:00+00:00, run_after=2025-05-31 00:00:00+00:00
[2025-05-30T08:05:59.820+0000] {processor.py:183} INFO - Processing /opt/airflow/dags/dags.py took 0.712 seconds
[2025-05-30T08:06:29.933+0000] {processor.py:161} INFO - Started process (PID=2228) to work on /opt/airflow/dags/dags.py
[2025-05-30T08:06:29.935+0000] {processor.py:830} INFO - Processing file /opt/airflow/dags/dags.py for tasks to queue
[2025-05-30T08:06:29.938+0000] {logging_mixin.py:188} INFO - [2025-05-30T08:06:29.937+0000] {dagbag.py:545} INFO - Filling up the DagBag from /opt/airflow/dags/dags.py
[2025-05-30T08:06:30.632+0000] {processor.py:840} INFO - DAG(s) 'fetch_and_store_amazon_books' retrieved from /opt/airflow/dags/dags.py
[2025-05-30T08:06:30.660+0000] {logging_mixin.py:188} INFO - [2025-05-30T08:06:30.659+0000] {dag.py:3096} INFO - Sync 1 DAGs
[2025-05-30T08:06:30.689+0000] {logging_mixin.py:188} INFO - [2025-05-30T08:06:30.689+0000] {dag.py:3954} INFO - Setting next_dagrun for fetch_and_store_amazon_books to 2025-05-30 00:00:00+00:00, run_after=2025-05-31 00:00:00+00:00
[2025-05-30T08:06:30.715+0000] {processor.py:183} INFO - Processing /opt/airflow/dags/dags.py took 0.792 seconds
[2025-05-30T08:07:01.648+0000] {processor.py:161} INFO - Started process (PID=2288) to work on /opt/airflow/dags/dags.py
[2025-05-30T08:07:01.649+0000] {processor.py:830} INFO - Processing file /opt/airflow/dags/dags.py for tasks to queue
[2025-05-30T08:07:01.653+0000] {logging_mixin.py:188} INFO - [2025-05-30T08:07:01.652+0000] {dagbag.py:545} INFO - Filling up the DagBag from /opt/airflow/dags/dags.py
[2025-05-30T08:07:02.369+0000] {processor.py:840} INFO - DAG(s) 'fetch_and_store_amazon_books' retrieved from /opt/airflow/dags/dags.py
[2025-05-30T08:07:02.397+0000] {logging_mixin.py:188} INFO - [2025-05-30T08:07:02.396+0000] {dag.py:3096} INFO - Sync 1 DAGs
[2025-05-30T08:07:02.427+0000] {logging_mixin.py:188} INFO - [2025-05-30T08:07:02.427+0000] {dag.py:3954} INFO - Setting next_dagrun for fetch_and_store_amazon_books to 2025-05-30 00:00:00+00:00, run_after=2025-05-31 00:00:00+00:00
[2025-05-30T08:07:02.460+0000] {processor.py:183} INFO - Processing /opt/airflow/dags/dags.py took 0.823 seconds
[2025-05-30T08:07:33.198+0000] {processor.py:161} INFO - Started process (PID=2348) to work on /opt/airflow/dags/dags.py
[2025-05-30T08:07:33.199+0000] {processor.py:830} INFO - Processing file /opt/airflow/dags/dags.py for tasks to queue
[2025-05-30T08:07:33.202+0000] {logging_mixin.py:188} INFO - [2025-05-30T08:07:33.201+0000] {dagbag.py:545} INFO - Filling up the DagBag from /opt/airflow/dags/dags.py
[2025-05-30T08:07:33.904+0000] {processor.py:840} INFO - DAG(s) 'fetch_and_store_amazon_books' retrieved from /opt/airflow/dags/dags.py
[2025-05-30T08:07:33.945+0000] {logging_mixin.py:188} INFO - [2025-05-30T08:07:33.944+0000] {dag.py:3096} INFO - Sync 1 DAGs
[2025-05-30T08:07:33.979+0000] {logging_mixin.py:188} INFO - [2025-05-30T08:07:33.978+0000] {dag.py:3954} INFO - Setting next_dagrun for fetch_and_store_amazon_books to 2025-05-30 00:00:00+00:00, run_after=2025-05-31 00:00:00+00:00
[2025-05-30T08:07:34.013+0000] {processor.py:183} INFO - Processing /opt/airflow/dags/dags.py took 0.825 seconds
[2025-05-30T08:08:04.926+0000] {processor.py:161} INFO - Started process (PID=2411) to work on /opt/airflow/dags/dags.py
[2025-05-30T08:08:04.928+0000] {processor.py:830} INFO - Processing file /opt/airflow/dags/dags.py for tasks to queue
[2025-05-30T08:08:04.932+0000] {logging_mixin.py:188} INFO - [2025-05-30T08:08:04.932+0000] {dagbag.py:545} INFO - Filling up the DagBag from /opt/airflow/dags/dags.py
[2025-05-30T08:08:05.539+0000] {processor.py:840} INFO - DAG(s) 'fetch_and_store_amazon_books' retrieved from /opt/airflow/dags/dags.py
[2025-05-30T08:08:05.570+0000] {logging_mixin.py:188} INFO - [2025-05-30T08:08:05.569+0000] {dag.py:3096} INFO - Sync 1 DAGs
[2025-05-30T08:08:05.600+0000] {logging_mixin.py:188} INFO - [2025-05-30T08:08:05.600+0000] {dag.py:3954} INFO - Setting next_dagrun for fetch_and_store_amazon_books to 2025-05-30 00:00:00+00:00, run_after=2025-05-31 00:00:00+00:00
[2025-05-30T08:08:05.634+0000] {processor.py:183} INFO - Processing /opt/airflow/dags/dags.py took 0.717 seconds
[2025-05-30T08:08:36.305+0000] {processor.py:161} INFO - Started process (PID=2472) to work on /opt/airflow/dags/dags.py
[2025-05-30T08:08:36.307+0000] {processor.py:830} INFO - Processing file /opt/airflow/dags/dags.py for tasks to queue
[2025-05-30T08:08:36.311+0000] {logging_mixin.py:188} INFO - [2025-05-30T08:08:36.311+0000] {dagbag.py:545} INFO - Filling up the DagBag from /opt/airflow/dags/dags.py
[2025-05-30T08:08:36.981+0000] {processor.py:840} INFO - DAG(s) 'fetch_and_store_amazon_books' retrieved from /opt/airflow/dags/dags.py
[2025-05-30T08:08:37.011+0000] {logging_mixin.py:188} INFO - [2025-05-30T08:08:37.010+0000] {dag.py:3096} INFO - Sync 1 DAGs
[2025-05-30T08:08:37.054+0000] {logging_mixin.py:188} INFO - [2025-05-30T08:08:37.053+0000] {dag.py:3954} INFO - Setting next_dagrun for fetch_and_store_amazon_books to 2025-05-30 00:00:00+00:00, run_after=2025-05-31 00:00:00+00:00
[2025-05-30T08:08:37.082+0000] {processor.py:183} INFO - Processing /opt/airflow/dags/dags.py took 0.789 seconds
[2025-05-30T08:10:14.183+0000] {processor.py:161} INFO - Started process (PID=63) to work on /opt/airflow/dags/dags.py
[2025-05-30T08:10:14.184+0000] {processor.py:830} INFO - Processing file /opt/airflow/dags/dags.py for tasks to queue
[2025-05-30T08:10:14.186+0000] {logging_mixin.py:188} INFO - [2025-05-30T08:10:14.185+0000] {dagbag.py:545} INFO - Filling up the DagBag from /opt/airflow/dags/dags.py
[2025-05-30T08:10:16.271+0000] {processor.py:840} INFO - DAG(s) 'fetch_and_store_amazon_books' retrieved from /opt/airflow/dags/dags.py
[2025-05-30T08:10:16.434+0000] {logging_mixin.py:188} INFO - [2025-05-30T08:10:16.434+0000] {dag.py:3096} INFO - Sync 1 DAGs
[2025-05-30T08:10:16.459+0000] {logging_mixin.py:188} INFO - [2025-05-30T08:10:16.458+0000] {dag.py:3954} INFO - Setting next_dagrun for fetch_and_store_amazon_books to 2025-05-30 00:00:00+00:00, run_after=2025-05-31 00:00:00+00:00
[2025-05-30T08:10:16.483+0000] {processor.py:183} INFO - Processing /opt/airflow/dags/dags.py took 2.306 seconds
[2025-05-30T08:10:46.575+0000] {processor.py:161} INFO - Started process (PID=135) to work on /opt/airflow/dags/dags.py
[2025-05-30T08:10:46.576+0000] {processor.py:830} INFO - Processing file /opt/airflow/dags/dags.py for tasks to queue
[2025-05-30T08:10:46.578+0000] {logging_mixin.py:188} INFO - [2025-05-30T08:10:46.578+0000] {dagbag.py:545} INFO - Filling up the DagBag from /opt/airflow/dags/dags.py
[2025-05-30T08:10:47.249+0000] {processor.py:840} INFO - DAG(s) 'fetch_and_store_amazon_books' retrieved from /opt/airflow/dags/dags.py
[2025-05-30T08:10:47.270+0000] {logging_mixin.py:188} INFO - [2025-05-30T08:10:47.269+0000] {dag.py:3096} INFO - Sync 1 DAGs
[2025-05-30T08:10:47.292+0000] {logging_mixin.py:188} INFO - [2025-05-30T08:10:47.292+0000] {dag.py:3954} INFO - Setting next_dagrun for fetch_and_store_amazon_books to 2025-05-30 00:00:00+00:00, run_after=2025-05-31 00:00:00+00:00
[2025-05-30T08:10:47.318+0000] {processor.py:183} INFO - Processing /opt/airflow/dags/dags.py took 0.749 seconds
[2025-05-30T08:11:17.715+0000] {processor.py:161} INFO - Started process (PID=195) to work on /opt/airflow/dags/dags.py
[2025-05-30T08:11:17.716+0000] {processor.py:830} INFO - Processing file /opt/airflow/dags/dags.py for tasks to queue
[2025-05-30T08:11:17.719+0000] {logging_mixin.py:188} INFO - [2025-05-30T08:11:17.719+0000] {dagbag.py:545} INFO - Filling up the DagBag from /opt/airflow/dags/dags.py
[2025-05-30T08:11:18.539+0000] {processor.py:840} INFO - DAG(s) 'fetch_and_store_amazon_books' retrieved from /opt/airflow/dags/dags.py
[2025-05-30T08:11:18.563+0000] {logging_mixin.py:188} INFO - [2025-05-30T08:11:18.562+0000] {dag.py:3096} INFO - Sync 1 DAGs
[2025-05-30T08:11:18.589+0000] {logging_mixin.py:188} INFO - [2025-05-30T08:11:18.588+0000] {dag.py:3954} INFO - Setting next_dagrun for fetch_and_store_amazon_books to 2025-05-30 00:00:00+00:00, run_after=2025-05-31 00:00:00+00:00
[2025-05-30T08:11:18.614+0000] {processor.py:183} INFO - Processing /opt/airflow/dags/dags.py took 0.910 seconds
[2025-05-30T08:11:48.949+0000] {processor.py:161} INFO - Started process (PID=261) to work on /opt/airflow/dags/dags.py
[2025-05-30T08:11:48.950+0000] {processor.py:830} INFO - Processing file /opt/airflow/dags/dags.py for tasks to queue
[2025-05-30T08:11:48.953+0000] {logging_mixin.py:188} INFO - [2025-05-30T08:11:48.952+0000] {dagbag.py:545} INFO - Filling up the DagBag from /opt/airflow/dags/dags.py
[2025-05-30T08:11:49.762+0000] {processor.py:840} INFO - DAG(s) 'fetch_and_store_amazon_books' retrieved from /opt/airflow/dags/dags.py
[2025-05-30T08:11:49.789+0000] {logging_mixin.py:188} INFO - [2025-05-30T08:11:49.788+0000] {dag.py:3096} INFO - Sync 1 DAGs
[2025-05-30T08:11:49.833+0000] {logging_mixin.py:188} INFO - [2025-05-30T08:11:49.833+0000] {dag.py:3954} INFO - Setting next_dagrun for fetch_and_store_amazon_books to 2025-05-30 00:00:00+00:00, run_after=2025-05-31 00:00:00+00:00
[2025-05-30T08:11:49.864+0000] {processor.py:183} INFO - Processing /opt/airflow/dags/dags.py took 0.922 seconds
[2025-05-30T08:12:20.032+0000] {processor.py:161} INFO - Started process (PID=326) to work on /opt/airflow/dags/dags.py
[2025-05-30T08:12:20.033+0000] {processor.py:830} INFO - Processing file /opt/airflow/dags/dags.py for tasks to queue
[2025-05-30T08:12:20.035+0000] {logging_mixin.py:188} INFO - [2025-05-30T08:12:20.035+0000] {dagbag.py:545} INFO - Filling up the DagBag from /opt/airflow/dags/dags.py
[2025-05-30T08:12:20.832+0000] {processor.py:840} INFO - DAG(s) 'fetch_and_store_amazon_books' retrieved from /opt/airflow/dags/dags.py
[2025-05-30T08:12:20.856+0000] {logging_mixin.py:188} INFO - [2025-05-30T08:12:20.855+0000] {dag.py:3096} INFO - Sync 1 DAGs
[2025-05-30T08:12:20.881+0000] {logging_mixin.py:188} INFO - [2025-05-30T08:12:20.880+0000] {dag.py:3954} INFO - Setting next_dagrun for fetch_and_store_amazon_books to 2025-05-30 00:00:00+00:00, run_after=2025-05-31 00:00:00+00:00
[2025-05-30T08:12:20.907+0000] {processor.py:183} INFO - Processing /opt/airflow/dags/dags.py took 0.885 seconds
[2025-05-30T08:12:51.013+0000] {processor.py:161} INFO - Started process (PID=390) to work on /opt/airflow/dags/dags.py
[2025-05-30T08:12:51.015+0000] {processor.py:830} INFO - Processing file /opt/airflow/dags/dags.py for tasks to queue
[2025-05-30T08:12:51.018+0000] {logging_mixin.py:188} INFO - [2025-05-30T08:12:51.017+0000] {dagbag.py:545} INFO - Filling up the DagBag from /opt/airflow/dags/dags.py
[2025-05-30T08:12:51.740+0000] {processor.py:840} INFO - DAG(s) 'fetch_and_store_amazon_books' retrieved from /opt/airflow/dags/dags.py
[2025-05-30T08:12:51.763+0000] {logging_mixin.py:188} INFO - [2025-05-30T08:12:51.763+0000] {dag.py:3096} INFO - Sync 1 DAGs
[2025-05-30T08:12:51.789+0000] {logging_mixin.py:188} INFO - [2025-05-30T08:12:51.788+0000] {dag.py:3954} INFO - Setting next_dagrun for fetch_and_store_amazon_books to 2025-05-30 00:00:00+00:00, run_after=2025-05-31 00:00:00+00:00
[2025-05-30T08:12:51.826+0000] {processor.py:183} INFO - Processing /opt/airflow/dags/dags.py took 0.820 seconds
[2025-05-30T08:13:22.373+0000] {processor.py:161} INFO - Started process (PID=450) to work on /opt/airflow/dags/dags.py
[2025-05-30T08:13:22.375+0000] {processor.py:830} INFO - Processing file /opt/airflow/dags/dags.py for tasks to queue
[2025-05-30T08:13:22.377+0000] {logging_mixin.py:188} INFO - [2025-05-30T08:13:22.377+0000] {dagbag.py:545} INFO - Filling up the DagBag from /opt/airflow/dags/dags.py
[2025-05-30T08:13:23.214+0000] {processor.py:840} INFO - DAG(s) 'fetch_and_store_amazon_books' retrieved from /opt/airflow/dags/dags.py
[2025-05-30T08:13:23.239+0000] {logging_mixin.py:188} INFO - [2025-05-30T08:13:23.238+0000] {dag.py:3096} INFO - Sync 1 DAGs
[2025-05-30T08:13:23.265+0000] {logging_mixin.py:188} INFO - [2025-05-30T08:13:23.265+0000] {dag.py:3954} INFO - Setting next_dagrun for fetch_and_store_amazon_books to 2025-05-30 00:00:00+00:00, run_after=2025-05-31 00:00:00+00:00
[2025-05-30T08:13:23.293+0000] {processor.py:183} INFO - Processing /opt/airflow/dags/dags.py took 0.928 seconds
[2025-05-30T08:13:53.459+0000] {processor.py:161} INFO - Started process (PID=515) to work on /opt/airflow/dags/dags.py
[2025-05-30T08:13:53.461+0000] {processor.py:830} INFO - Processing file /opt/airflow/dags/dags.py for tasks to queue
[2025-05-30T08:13:53.463+0000] {logging_mixin.py:188} INFO - [2025-05-30T08:13:53.463+0000] {dagbag.py:545} INFO - Filling up the DagBag from /opt/airflow/dags/dags.py
[2025-05-30T08:13:54.233+0000] {processor.py:840} INFO - DAG(s) 'fetch_and_store_amazon_books' retrieved from /opt/airflow/dags/dags.py
[2025-05-30T08:13:54.257+0000] {logging_mixin.py:188} INFO - [2025-05-30T08:13:54.257+0000] {dag.py:3096} INFO - Sync 1 DAGs
[2025-05-30T08:13:54.286+0000] {logging_mixin.py:188} INFO - [2025-05-30T08:13:54.285+0000] {dag.py:3954} INFO - Setting next_dagrun for fetch_and_store_amazon_books to 2025-05-30 00:00:00+00:00, run_after=2025-05-31 00:00:00+00:00
[2025-05-30T08:13:54.311+0000] {processor.py:183} INFO - Processing /opt/airflow/dags/dags.py took 0.860 seconds
[2025-05-30T08:16:52.588+0000] {processor.py:161} INFO - Started process (PID=544) to work on /opt/airflow/dags/dags.py
[2025-05-30T08:16:52.589+0000] {processor.py:830} INFO - Processing file /opt/airflow/dags/dags.py for tasks to queue
[2025-05-30T08:16:52.591+0000] {logging_mixin.py:188} INFO - [2025-05-30T08:16:52.591+0000] {dagbag.py:545} INFO - Filling up the DagBag from /opt/airflow/dags/dags.py
[2025-05-30T08:16:53.164+0000] {processor.py:840} INFO - DAG(s) 'fetch_and_store_amazon_books' retrieved from /opt/airflow/dags/dags.py
[2025-05-30T08:16:53.183+0000] {logging_mixin.py:188} INFO - [2025-05-30T08:16:53.182+0000] {dag.py:3096} INFO - Sync 1 DAGs
[2025-05-30T08:16:53.201+0000] {logging_mixin.py:188} INFO - [2025-05-30T08:16:53.201+0000] {dag.py:3954} INFO - Setting next_dagrun for fetch_and_store_amazon_books to 2025-05-30 00:00:00+00:00, run_after=2025-05-31 00:00:00+00:00
[2025-05-30T08:16:53.220+0000] {processor.py:183} INFO - Processing /opt/airflow/dags/dags.py took 0.637 seconds
[2025-05-30T08:17:23.293+0000] {processor.py:161} INFO - Started process (PID=608) to work on /opt/airflow/dags/dags.py
[2025-05-30T08:17:23.295+0000] {processor.py:830} INFO - Processing file /opt/airflow/dags/dags.py for tasks to queue
[2025-05-30T08:17:23.299+0000] {logging_mixin.py:188} INFO - [2025-05-30T08:17:23.298+0000] {dagbag.py:545} INFO - Filling up the DagBag from /opt/airflow/dags/dags.py
[2025-05-30T08:17:24.263+0000] {processor.py:840} INFO - DAG(s) 'fetch_and_store_amazon_books' retrieved from /opt/airflow/dags/dags.py
[2025-05-30T08:17:24.293+0000] {logging_mixin.py:188} INFO - [2025-05-30T08:17:24.292+0000] {dag.py:3096} INFO - Sync 1 DAGs
[2025-05-30T08:17:24.321+0000] {logging_mixin.py:188} INFO - [2025-05-30T08:17:24.321+0000] {dag.py:3954} INFO - Setting next_dagrun for fetch_and_store_amazon_books to 2025-05-30 00:00:00+00:00, run_after=2025-05-31 00:00:00+00:00
[2025-05-30T08:17:24.349+0000] {processor.py:183} INFO - Processing /opt/airflow/dags/dags.py took 1.065 seconds
[2025-05-30T08:17:54.486+0000] {processor.py:161} INFO - Started process (PID=672) to work on /opt/airflow/dags/dags.py
[2025-05-30T08:17:54.488+0000] {processor.py:830} INFO - Processing file /opt/airflow/dags/dags.py for tasks to queue
[2025-05-30T08:17:54.492+0000] {logging_mixin.py:188} INFO - [2025-05-30T08:17:54.491+0000] {dagbag.py:545} INFO - Filling up the DagBag from /opt/airflow/dags/dags.py
[2025-05-30T08:17:55.365+0000] {processor.py:840} INFO - DAG(s) 'fetch_and_store_amazon_books' retrieved from /opt/airflow/dags/dags.py
[2025-05-30T08:17:55.397+0000] {logging_mixin.py:188} INFO - [2025-05-30T08:17:55.396+0000] {dag.py:3096} INFO - Sync 1 DAGs
[2025-05-30T08:17:55.425+0000] {logging_mixin.py:188} INFO - [2025-05-30T08:17:55.425+0000] {dag.py:3954} INFO - Setting next_dagrun for fetch_and_store_amazon_books to 2025-05-30 00:00:00+00:00, run_after=2025-05-31 00:00:00+00:00
[2025-05-30T08:17:55.452+0000] {processor.py:183} INFO - Processing /opt/airflow/dags/dags.py took 0.977 seconds
[2025-05-30T08:18:25.645+0000] {processor.py:161} INFO - Started process (PID=737) to work on /opt/airflow/dags/dags.py
[2025-05-30T08:18:25.646+0000] {processor.py:830} INFO - Processing file /opt/airflow/dags/dags.py for tasks to queue
[2025-05-30T08:18:25.650+0000] {logging_mixin.py:188} INFO - [2025-05-30T08:18:25.649+0000] {dagbag.py:545} INFO - Filling up the DagBag from /opt/airflow/dags/dags.py
[2025-05-30T08:18:26.765+0000] {processor.py:840} INFO - DAG(s) 'fetch_and_store_amazon_books' retrieved from /opt/airflow/dags/dags.py
[2025-05-30T08:18:26.796+0000] {logging_mixin.py:188} INFO - [2025-05-30T08:18:26.794+0000] {dag.py:3096} INFO - Sync 1 DAGs
[2025-05-30T08:18:26.829+0000] {logging_mixin.py:188} INFO - [2025-05-30T08:18:26.828+0000] {dag.py:3954} INFO - Setting next_dagrun for fetch_and_store_amazon_books to 2025-05-30 00:00:00+00:00, run_after=2025-05-31 00:00:00+00:00
[2025-05-30T08:18:26.865+0000] {processor.py:183} INFO - Processing /opt/airflow/dags/dags.py took 1.231 seconds
[2025-05-30T08:18:57.233+0000] {processor.py:161} INFO - Started process (PID=801) to work on /opt/airflow/dags/dags.py
[2025-05-30T08:18:57.234+0000] {processor.py:830} INFO - Processing file /opt/airflow/dags/dags.py for tasks to queue
[2025-05-30T08:18:57.237+0000] {logging_mixin.py:188} INFO - [2025-05-30T08:18:57.236+0000] {dagbag.py:545} INFO - Filling up the DagBag from /opt/airflow/dags/dags.py
[2025-05-30T08:18:58.030+0000] {processor.py:840} INFO - DAG(s) 'fetch_and_store_amazon_books' retrieved from /opt/airflow/dags/dags.py
[2025-05-30T08:18:58.052+0000] {logging_mixin.py:188} INFO - [2025-05-30T08:18:58.051+0000] {dag.py:3096} INFO - Sync 1 DAGs
[2025-05-30T08:18:58.077+0000] {logging_mixin.py:188} INFO - [2025-05-30T08:18:58.077+0000] {dag.py:3954} INFO - Setting next_dagrun for fetch_and_store_amazon_books to 2025-05-30 00:00:00+00:00, run_after=2025-05-31 00:00:00+00:00
[2025-05-30T08:18:58.099+0000] {processor.py:183} INFO - Processing /opt/airflow/dags/dags.py took 0.874 seconds
[2025-05-30T08:19:28.163+0000] {processor.py:161} INFO - Started process (PID=863) to work on /opt/airflow/dags/dags.py
[2025-05-30T08:19:28.165+0000] {processor.py:830} INFO - Processing file /opt/airflow/dags/dags.py for tasks to queue
[2025-05-30T08:19:28.167+0000] {logging_mixin.py:188} INFO - [2025-05-30T08:19:28.167+0000] {dagbag.py:545} INFO - Filling up the DagBag from /opt/airflow/dags/dags.py
[2025-05-30T08:19:28.900+0000] {processor.py:840} INFO - DAG(s) 'fetch_and_store_amazon_books' retrieved from /opt/airflow/dags/dags.py
[2025-05-30T08:19:28.921+0000] {logging_mixin.py:188} INFO - [2025-05-30T08:19:28.920+0000] {dag.py:3096} INFO - Sync 1 DAGs
[2025-05-30T08:19:28.944+0000] {logging_mixin.py:188} INFO - [2025-05-30T08:19:28.944+0000] {dag.py:3954} INFO - Setting next_dagrun for fetch_and_store_amazon_books to 2025-05-30 00:00:00+00:00, run_after=2025-05-31 00:00:00+00:00
[2025-05-30T08:19:28.967+0000] {processor.py:183} INFO - Processing /opt/airflow/dags/dags.py took 0.810 seconds
[2025-05-30T08:19:59.202+0000] {processor.py:161} INFO - Started process (PID=928) to work on /opt/airflow/dags/dags.py
[2025-05-30T08:19:59.203+0000] {processor.py:830} INFO - Processing file /opt/airflow/dags/dags.py for tasks to queue
[2025-05-30T08:19:59.206+0000] {logging_mixin.py:188} INFO - [2025-05-30T08:19:59.205+0000] {dagbag.py:545} INFO - Filling up the DagBag from /opt/airflow/dags/dags.py
[2025-05-30T08:20:00.148+0000] {processor.py:840} INFO - DAG(s) 'fetch_and_store_amazon_books' retrieved from /opt/airflow/dags/dags.py
[2025-05-30T08:20:00.173+0000] {logging_mixin.py:188} INFO - [2025-05-30T08:20:00.172+0000] {dag.py:3096} INFO - Sync 1 DAGs
[2025-05-30T08:20:00.201+0000] {logging_mixin.py:188} INFO - [2025-05-30T08:20:00.201+0000] {dag.py:3954} INFO - Setting next_dagrun for fetch_and_store_amazon_books to 2025-05-30 00:00:00+00:00, run_after=2025-05-31 00:00:00+00:00
[2025-05-30T08:20:00.229+0000] {processor.py:183} INFO - Processing /opt/airflow/dags/dags.py took 1.037 seconds
[2025-05-30T08:20:30.511+0000] {processor.py:161} INFO - Started process (PID=993) to work on /opt/airflow/dags/dags.py
[2025-05-30T08:20:30.513+0000] {processor.py:830} INFO - Processing file /opt/airflow/dags/dags.py for tasks to queue
[2025-05-30T08:20:30.516+0000] {logging_mixin.py:188} INFO - [2025-05-30T08:20:30.515+0000] {dagbag.py:545} INFO - Filling up the DagBag from /opt/airflow/dags/dags.py
[2025-05-30T08:20:31.354+0000] {processor.py:840} INFO - DAG(s) 'fetch_and_store_amazon_books' retrieved from /opt/airflow/dags/dags.py
[2025-05-30T08:20:31.381+0000] {logging_mixin.py:188} INFO - [2025-05-30T08:20:31.380+0000] {dag.py:3096} INFO - Sync 1 DAGs
[2025-05-30T08:20:31.415+0000] {logging_mixin.py:188} INFO - [2025-05-30T08:20:31.415+0000] {dag.py:3954} INFO - Setting next_dagrun for fetch_and_store_amazon_books to 2025-05-30 00:00:00+00:00, run_after=2025-05-31 00:00:00+00:00
[2025-05-30T08:20:31.444+0000] {processor.py:183} INFO - Processing /opt/airflow/dags/dags.py took 0.941 seconds
